SF:/app/crates/nes-desktop/src/actions.rs
FN:16,_RNvNtCsdQCvmgkOpcB_11nes_desktop7actions18menu_id_for_action
FN:31,_RNvNtCsdQCvmgkOpcB_11nes_desktop7actions19action_from_menu_id
FN:16,_RNvNtCsiQ4eCUzZa9e_11nes_desktop7actions18menu_id_for_action
FN:31,_RNvNtCsiQ4eCUzZa9e_11nes_desktop7actions19action_from_menu_id
FN:56,_RNvNtNtCsiQ4eCUzZa9e_11nes_desktop7actions5testss_43menu_ids_roundtrip_common_actions_and_slots
FNDA:0,_RNvNtCsdQCvmgkOpcB_11nes_desktop7actions18menu_id_for_action
FNDA:0,_RNvNtCsdQCvmgkOpcB_11nes_desktop7actions19action_from_menu_id
FNDA:30,_RNvNtCsiQ4eCUzZa9e_11nes_desktop7actions18menu_id_for_action
FNDA:15,_RNvNtCsiQ4eCUzZa9e_11nes_desktop7actions19action_from_menu_id
FNDA:1,_RNvNtNtCsiQ4eCUzZa9e_11nes_desktop7actions5testss_43menu_ids_roundtrip_common_actions_and_slots
FNF:3
FNH:3
DA:16,30
DA:17,30
DA:18,1
DA:19,3
DA:20,3
DA:21,3
DA:22,7
DA:23,7
DA:24,3
DA:25,3
DA:27,30
DA:31,15
DA:32,15
DA:33,15
DA:34,14
DA:35,13
DA:36,11
DA:37,9
DA:38,8
DA:40,6
DA:41,3
DA:42,3
DA:43,3
DA:44,3
DA:45,0
DA:46,0
DA:49,15
DA:56,1
DA:57,1
DA:58,1
DA:59,1
DA:60,1
DA:61,1
DA:62,1
DA:63,1
DA:64,1
DA:65,1
DA:66,1
DA:67,1
DA:68,1
DA:70,10
DA:71,10
DA:72,10
DA:74,1
BRF:0
BRH:0
LF:44
LH:42
end_of_record
SF:/app/crates/nes-desktop/src/app.rs
FN:10,_RNvMNtCsdQCvmgkOpcB_11nes_desktop3appNtB2_13BridgeCommand9tool_name
FN:33,_RNvNtCsdQCvmgkOpcB_11nes_desktop3app23map_key_event_to_button
FN:20,_RNvNtCsdQCvmgkOpcB_11nes_desktop3app24map_key_event_to_command
FN:48,_RNvNtCsdQCvmgkOpcB_11nes_desktop3app27map_key_event_to_button_bit
FN:64,_RNvNtNtCsiQ4eCUzZa9e_11nes_desktop3app5testss_37key_bit_mapping_returns_expected_mask
FN:58,_RNvNtNtCsiQ4eCUzZa9e_11nes_desktop3app5testss_47key_mapping_supports_both_shift_keys_for_select
FN:10,_RNvMNtCsiQ4eCUzZa9e_11nes_desktop3appNtB2_13BridgeCommand9tool_name
FN:20,_RNvNtCsiQ4eCUzZa9e_11nes_desktop3app24map_key_event_to_command
FN:33,_RNvNtCsiQ4eCUzZa9e_11nes_desktop3app23map_key_event_to_button
FN:48,_RNvNtCsiQ4eCUzZa9e_11nes_desktop3app27map_key_event_to_button_bit
FNDA:2,_RNvMNtCsdQCvmgkOpcB_11nes_desktop3appNtB2_13BridgeCommand9tool_name
FNDA:13,_RNvNtCsdQCvmgkOpcB_11nes_desktop3app23map_key_event_to_button
FNDA:10,_RNvNtCsdQCvmgkOpcB_11nes_desktop3app24map_key_event_to_command
FNDA:3,_RNvNtCsdQCvmgkOpcB_11nes_desktop3app27map_key_event_to_button_bit
FNDA:1,_RNvNtNtCsiQ4eCUzZa9e_11nes_desktop3app5testss_37key_bit_mapping_returns_expected_mask
FNDA:1,_RNvNtNtCsiQ4eCUzZa9e_11nes_desktop3app5testss_47key_mapping_supports_both_shift_keys_for_select
FNDA:0,_RNvMNtCsiQ4eCUzZa9e_11nes_desktop3appNtB2_13BridgeCommand9tool_name
FNDA:0,_RNvNtCsiQ4eCUzZa9e_11nes_desktop3app24map_key_event_to_command
FNDA:5,_RNvNtCsiQ4eCUzZa9e_11nes_desktop3app23map_key_event_to_button
FNDA:3,_RNvNtCsiQ4eCUzZa9e_11nes_desktop3app27map_key_event_to_button_bit
FNF:6
FNH:6
DA:10,2
DA:11,2
DA:12,1
DA:13,1
DA:14,0
DA:16,2
DA:20,10
DA:21,10
DA:23,9
DA:24,7
DA:26,2
DA:29,9
DA:30,10
DA:33,18
DA:34,18
DA:35,18
DA:36,12
DA:37,10
DA:38,9
DA:39,7
DA:40,6
DA:41,5
DA:42,4
DA:43,2
DA:45,18
DA:48,6
DA:49,6
DA:50,6
DA:58,1
DA:59,1
DA:60,1
DA:61,1
DA:64,1
DA:65,1
DA:66,1
DA:67,1
DA:69,1
DA:70,1
DA:71,1
DA:73,1
DA:74,1
BRF:0
BRH:0
LF:41
LH:40
end_of_record
SF:/app/crates/nes-desktop/src/args.rs
FN:284,_RNCNvNtCsdQCvmgkOpcB_11nes_desktop4args12parse_u8_arg0B5_
FN:290,_RNCNvNtCsdQCvmgkOpcB_11nes_desktop4args13parse_u32_arg0B5_
FN:296,_RNCNvNtCsdQCvmgkOpcB_11nes_desktop4args13parse_u64_arg0B5_
FN:281,_RNvNtCsdQCvmgkOpcB_11nes_desktop4args12parse_u8_arg
FN:287,_RNvNtCsdQCvmgkOpcB_11nes_desktop4args13parse_u32_arg
FN:293,_RNvNtCsdQCvmgkOpcB_11nes_desktop4args13parse_u64_arg
FN:46,_RNvNtCsdQCvmgkOpcB_11nes_desktop4args18parse_runtime_args
FN:308,_RNCNvNtNtCsiQ4eCUzZa9e_11nes_desktop4args5tests31parse_runtime_args_with_timeout0B7_
FN:281,_RNvNtCsiQ4eCUzZa9e_11nes_desktop4args12parse_u8_arg
FN:287,_RNvNtCsiQ4eCUzZa9e_11nes_desktop4args13parse_u32_arg
FN:293,_RNvNtCsiQ4eCUzZa9e_11nes_desktop4args13parse_u64_arg
FN:46,_RNvNtCsiQ4eCUzZa9e_11nes_desktop4args18parse_runtime_args
FN:306,_RNvNtNtCsiQ4eCUzZa9e_11nes_desktop4args5tests31parse_runtime_args_with_timeout
FN:416,_RNvNtNtCsiQ4eCUzZa9e_11nes_desktop4args5testss_36parse_runtime_args_accepts_rta_flags
FN:360,_RNvNtNtCsiQ4eCUzZa9e_11nes_desktop4args5testss_40parse_runtime_args_accepts_netplay_flags
FN:353,_RNvNtNtCsiQ4eCUzZa9e_11nes_desktop4args5testss_40parse_runtime_args_rejects_unknown_flags
FN:332,_RNvNtNtCsiQ4eCUzZa9e_11nes_desktop4args5testss_43parse_runtime_args_accepts_equals_bind_form
FN:438,_RNvNtNtCsiQ4eCUzZa9e_11nes_desktop4args5testss_44parse_runtime_args_help_and_validation_paths
FN:343,_RNvNtNtCsiQ4eCUzZa9e_11nes_desktop4args5testss_49parse_runtime_args_defaults_bind_when_flag_absent
FN:317,_RNvNtNtCsiQ4eCUzZa9e_11nes_desktop4args5testss_50parse_runtime_args_accepts_mcp_host_and_bind_flags
FN:399,_RNvNtNtCsiQ4eCUzZa9e_11nes_desktop4args5testss_52parse_runtime_args_accepts_repeated_cheat_code_flags
FN:499,_RNvNtNtCsiQ4eCUzZa9e_11nes_desktop4args5testss_52parse_runtime_args_control_flow_branches_do_not_hang
FN:469,_RNvNtNtCsiQ4eCUzZa9e_11nes_desktop4args5testss_61parse_runtime_args_accepts_all_equals_forms_for_netplay_flags
FN:284,_RNCNvNtCsiQ4eCUzZa9e_11nes_desktop4args12parse_u8_arg0B5_
FN:290,_RNCNvNtCsiQ4eCUzZa9e_11nes_desktop4args13parse_u32_arg0B5_
FN:296,_RNCNvNtCsiQ4eCUzZa9e_11nes_desktop4args13parse_u64_arg0B5_
FNDA:0,_RNCNvNtCsdQCvmgkOpcB_11nes_desktop4args12parse_u8_arg0B5_
FNDA:0,_RNCNvNtCsdQCvmgkOpcB_11nes_desktop4args13parse_u32_arg0B5_
FNDA:0,_RNCNvNtCsdQCvmgkOpcB_11nes_desktop4args13parse_u64_arg0B5_
FNDA:0,_RNvNtCsdQCvmgkOpcB_11nes_desktop4args12parse_u8_arg
FNDA:0,_RNvNtCsdQCvmgkOpcB_11nes_desktop4args13parse_u32_arg
FNDA:0,_RNvNtCsdQCvmgkOpcB_11nes_desktop4args13parse_u64_arg
FNDA:3,_RNvNtCsdQCvmgkOpcB_11nes_desktop4args18parse_runtime_args
FNDA:21,_RNCNvNtNtCsiQ4eCUzZa9e_11nes_desktop4args5tests31parse_runtime_args_with_timeout0B7_
FNDA:4,_RNvNtCsiQ4eCUzZa9e_11nes_desktop4args12parse_u8_arg
FNDA:5,_RNvNtCsiQ4eCUzZa9e_11nes_desktop4args13parse_u32_arg
FNDA:3,_RNvNtCsiQ4eCUzZa9e_11nes_desktop4args13parse_u64_arg
FNDA:21,_RNvNtCsiQ4eCUzZa9e_11nes_desktop4args18parse_runtime_args
FNDA:21,_RNvNtNtCsiQ4eCUzZa9e_11nes_desktop4args5tests31parse_runtime_args_with_timeout
FNDA:1,_RNvNtNtCsiQ4eCUzZa9e_11nes_desktop4args5testss_36parse_runtime_args_accepts_rta_flags
FNDA:1,_RNvNtNtCsiQ4eCUzZa9e_11nes_desktop4args5testss_40parse_runtime_args_accepts_netplay_flags
FNDA:1,_RNvNtNtCsiQ4eCUzZa9e_11nes_desktop4args5testss_40parse_runtime_args_rejects_unknown_flags
FNDA:1,_RNvNtNtCsiQ4eCUzZa9e_11nes_desktop4args5testss_43parse_runtime_args_accepts_equals_bind_form
FNDA:1,_RNvNtNtCsiQ4eCUzZa9e_11nes_desktop4args5testss_44parse_runtime_args_help_and_validation_paths
FNDA:1,_RNvNtNtCsiQ4eCUzZa9e_11nes_desktop4args5testss_49parse_runtime_args_defaults_bind_when_flag_absent
FNDA:1,_RNvNtNtCsiQ4eCUzZa9e_11nes_desktop4args5testss_50parse_runtime_args_accepts_mcp_host_and_bind_flags
FNDA:1,_RNvNtNtCsiQ4eCUzZa9e_11nes_desktop4args5testss_52parse_runtime_args_accepts_repeated_cheat_code_flags
FNDA:1,_RNvNtNtCsiQ4eCUzZa9e_11nes_desktop4args5testss_52parse_runtime_args_control_flow_branches_do_not_hang
FNDA:1,_RNvNtNtCsiQ4eCUzZa9e_11nes_desktop4args5testss_61parse_runtime_args_accepts_all_equals_forms_for_netplay_flags
FNDA:1,_RNCNvNtCsiQ4eCUzZa9e_11nes_desktop4args12parse_u8_arg0B5_
FNDA:0,_RNCNvNtCsiQ4eCUzZa9e_11nes_desktop4args13parse_u32_arg0B5_
FNDA:0,_RNCNvNtCsiQ4eCUzZa9e_11nes_desktop4args13parse_u64_arg0B5_
FNF:19
FNH:17
DA:46,24
DA:47,24
DA:48,24
DA:49,24
DA:50,24
DA:51,24
DA:52,24
DA:53,24
DA:54,24
DA:55,24
DA:56,24
DA:57,24
DA:58,24
DA:59,24
DA:60,24
DA:61,24
DA:62,24
DA:63,24
DA:64,24
DA:65,24
DA:66,24
DA:67,24
DA:68,66
DA:69,50
DA:70,50
DA:71,2
DA:72,2
DA:73,2
DA:74,48
DA:75,48
DA:76,2
DA:77,1
DA:79,1
DA:80,1
DA:81,1
DA:82,46
DA:83,46
DA:84,1
DA:85,1
DA:86,1
DA:87,45
DA:88,45
DA:89,4
DA:90,4
DA:91,4
DA:92,41
DA:93,41
DA:94,2
DA:95,1
DA:97,1
DA:98,1
DA:99,1
DA:100,1
DA:101,39
DA:102,39
DA:103,2
DA:104,2
DA:105,2
DA:106,2
DA:107,37
DA:108,37
DA:109,3
DA:110,3
DA:111,3
DA:112,34
DA:113,34
DA:114,2
DA:115,1
DA:117,1
DA:118,1
DA:119,1
DA:120,1
DA:121,32
DA:122,32
DA:123,2
DA:124,2
DA:125,2
DA:126,2
DA:127,30
DA:128,30
DA:129,2
DA:130,0
DA:132,2
DA:133,2
DA:134,2
DA:135,2
DA:136,28
DA:137,28
DA:138,1
DA:139,1
DA:140,1
DA:141,1
DA:142,27
DA:143,27
DA:144,3
DA:145,0
DA:147,3
DA:148,3
DA:149,2
DA:150,2
DA:151,24
DA:152,24
DA:153,1
DA:154,1
DA:155,1
DA:156,1
DA:157,23
DA:158,23
DA:159,1
DA:160,0
DA:162,1
DA:163,1
DA:164,1
DA:165,1
DA:166,22
DA:167,22
DA:168,2
DA:169,2
DA:170,2
DA:171,2
DA:172,20
DA:173,20
DA:174,1
DA:175,0
DA:177,1
DA:179,1
DA:180,1
DA:181,1
DA:182,19
DA:183,19
DA:184,1
DA:186,1
DA:187,1
DA:188,1
DA:189,18
DA:190,18
DA:191,2
DA:192,0
DA:194,2
DA:196,2
DA:197,2
DA:198,2
DA:199,16
DA:200,16
DA:201,1
DA:203,1
DA:204,1
DA:205,1
DA:206,15
DA:207,15
DA:208,1
DA:209,1
DA:210,1
DA:211,14
DA:212,14
DA:213,0
DA:214,0
DA:216,0
DA:217,0
DA:218,0
DA:219,0
DA:220,14
DA:221,14
DA:222,1
DA:223,1
DA:224,1
DA:225,1
DA:226,13
DA:227,13
DA:228,1
DA:229,0
DA:231,1
DA:232,1
DA:233,1
DA:234,1
DA:235,12
DA:236,12
DA:237,0
DA:238,0
DA:239,0
DA:240,0
DA:241,12
DA:242,12
DA:243,0
DA:244,0
DA:246,0
DA:247,0
DA:248,0
DA:249,0
DA:250,12
DA:251,12
DA:252,1
DA:253,1
DA:254,1
DA:255,1
DA:256,11
DA:257,11
DA:258,1
DA:259,1
DA:260,1
DA:261,1
DA:262,10
DA:269,10
DA:270,1
DA:271,9
DA:272,9
DA:273,1
DA:274,8
DA:275,8
DA:276,8
DA:278,16
DA:279,24
DA:281,4
DA:282,4
DA:283,4
DA:284,4
DA:285,4
DA:287,5
DA:288,5
DA:289,5
DA:290,5
DA:291,5
DA:293,3
DA:294,3
DA:295,3
DA:296,3
DA:297,3
DA:306,21
DA:307,21
DA:308,21
DA:309,21
DA:310,21
DA:311,21
DA:312,21
DA:313,21
DA:314,21
DA:317,1
DA:318,1
DA:319,1
DA:320,1
DA:321,1
DA:322,1
DA:324,1
DA:325,1
DA:326,1
DA:327,1
DA:328,1
DA:329,1
DA:332,1
DA:333,1
DA:334,1
DA:335,1
DA:336,1
DA:338,1
DA:339,1
DA:340,1
DA:343,1
DA:344,1
DA:345,1
DA:346,1
DA:347,1
DA:348,1
DA:349,1
DA:350,1
DA:353,1
DA:354,1
DA:355,1
DA:356,1
DA:357,1
DA:360,1
DA:361,1
DA:362,1
DA:363,1
DA:364,1
DA:365,1
DA:366,1
DA:367,1
DA:368,1
DA:369,1
DA:370,1
DA:371,1
DA:372,1
DA:374,1
DA:375,1
DA:376,1
DA:377,1
DA:378,1
DA:379,1
DA:380,1
DA:381,1
DA:382,1
DA:383,1
DA:384,1
DA:385,1
DA:386,1
DA:387,1
DA:388,1
DA:389,1
DA:390,1
DA:391,1
DA:392,1
DA:393,1
DA:394,1
DA:395,1
DA:396,1
DA:399,1
DA:400,1
DA:401,1
DA:402,1
DA:403,1
DA:404,1
DA:406,1
DA:408,1
DA:409,1
DA:411,1
DA:413,1
DA:416,1
DA:417,1
DA:418,1
DA:419,1
DA:420,1
DA:421,1
DA:422,1
DA:423,1
DA:425,1
DA:427,1
DA:428,1
DA:429,1
DA:430,1
DA:433,1
DA:434,1
DA:435,1
DA:438,1
DA:439,1
DA:440,1
DA:441,1
DA:442,1
DA:443,1
DA:445,1
DA:446,1
DA:447,1
DA:449,1
DA:450,1
DA:451,1
DA:453,1
DA:454,1
DA:455,1
DA:457,1
DA:458,1
DA:459,1
DA:460,1
DA:462,1
DA:463,1
DA:464,1
DA:465,1
DA:466,1
DA:469,1
DA:470,1
DA:471,1
DA:472,1
DA:473,1
DA:474,1
DA:475,1
DA:476,1
DA:477,1
DA:478,1
DA:479,1
DA:480,1
DA:482,1
DA:483,1
DA:484,1
DA:485,1
DA:486,1
DA:487,1
DA:488,1
DA:491,1
DA:492,1
DA:493,1
DA:494,1
DA:495,1
DA:496,1
DA:499,1
DA:500,1
DA:501,1
DA:502,1
DA:504,1
DA:505,1
DA:506,1
DA:508,1
DA:509,1
DA:510,1
DA:512,1
DA:513,1
DA:514,1
DA:518,1
DA:519,1
DA:520,1
DA:521,1
DA:523,1
DA:524,1
DA:525,1
DA:526,1
DA:528,1
DA:529,1
DA:530,1
DA:531,1
DA:533,1
DA:534,1
DA:535,1
DA:537,1
DA:538,1
DA:539,1
BRF:0
BRH:0
LF:416
LH:392
end_of_record
SF:/app/crates/nes-desktop/src/main.rs
FN:2137,_RNvCs2TOrcqL2oK9_11nes_desktop10encode_ppm
FN:436,_RNvCs2TOrcqL2oK9_11nes_desktop12window_title
FN:2125,_RNvCs2TOrcqL2oK9_11nes_desktop15write_frame_ppm
FN:335,_RNvCs2TOrcqL2oK9_11nes_desktop16load_rom_session
FN:428,_RNvCs2TOrcqL2oK9_11nes_desktop16rom_display_name
FN:583,_RNvCs2TOrcqL2oK9_11nes_desktop16set_overlay_open
FN:747,_RNvCs2TOrcqL2oK9_11nes_desktop18execute_app_action
FN:397,_RNvCs2TOrcqL2oK9_11nes_desktop18format_slot_status
FN:984,_RNvCs2TOrcqL2oK9_11nes_desktop18is_player_two_slot
FN:1004,_RNvCs2TOrcqL2oK9_11nes_desktop18should_trace_frame
FN:1016,_RNvCs2TOrcqL2oK9_11nes_desktop18update_button_bits
FN:1008,_RNvCs2TOrcqL2oK9_11nes_desktop19audio_queue_dropped
FN:2164,_RNvCs2TOrcqL2oK9_11nes_desktop19build_startup_table
FN:637,_RNvCs2TOrcqL2oK9_11nes_desktop19dispatch_app_action
FN:1961,_RNvCs2TOrcqL2oK9_11nes_desktop19map_virtual_keycode
FN:505,_RNvCs2TOrcqL2oK9_11nes_desktop19menu_action_enabled
FN:959,_RNvCs2TOrcqL2oK9_11nes_desktop19release_all_buttons
FN:996,_RNvCs2TOrcqL2oK9_11nes_desktop19should_log_rollback
FN:331,_RNvCs2TOrcqL2oK9_11nes_desktop20apply_session_cheats
FN:943,_RNvCs2TOrcqL2oK9_11nes_desktop20gamepad_slot_changed
FN:1012,_RNvCs2TOrcqL2oK9_11nes_desktop20should_capture_frame
FN:247,_RNvCs2TOrcqL2oK9_11nes_desktop21classify_window_event
FN:951,_RNvCs2TOrcqL2oK9_11nes_desktop21element_state_pressed
FN:2147,_RNvCs2TOrcqL2oK9_11nes_desktop21format_rom_read_error
FN:388,_RNvCs2TOrcqL2oK9_11nes_desktop21refresh_slot_metadata
FN:2117,_RNvCs2TOrcqL2oK9_11nes_desktop22capture_path_for_frame
FN:988,_RNvCs2TOrcqL2oK9_11nes_desktop22merge_local_input_bits
FN:413,_RNvCs2TOrcqL2oK9_11nes_desktop22overlay_slot_summaries
FN:1805,_RNvCs2TOrcqL2oK9_11nes_desktop22resolve_runtime_config
FN:974,_RNvCs2TOrcqL2oK9_11nes_desktop22resync_restored_inputs
FN:311,_RNvCs2TOrcqL2oK9_11nes_desktop22slot_action_for_hotkey
FN:520,_RNvCs2TOrcqL2oK9_11nes_desktop22sync_native_menu_state
FN:268,_RNvCs2TOrcqL2oK9_11nes_desktop23classify_keyboard_input
FN:918,_RNvCs2TOrcqL2oK9_11nes_desktop23evaluate_frame_deadline
FN:992,_RNvCs2TOrcqL2oK9_11nes_desktop23netplay_feature_enabled
FN:417,_RNvCs2TOrcqL2oK9_11nes_desktop23overlay_cheat_summaries
FN:393,_RNvCs2TOrcqL2oK9_11nes_desktop23slot_path_for_selection
FN:454,_RNvCs2TOrcqL2oK9_11nes_desktop23validate_action_allowed
FN:667,_RNvCs2TOrcqL2oK9_11nes_desktop24dispatch_overlay_command
FN:2025,_RNvCs2TOrcqL2oK9_11nes_desktop24gamepad_snapshot_to_bits
FN:929,_RNvCs2TOrcqL2oK9_11nes_desktop24scaled_window_dimensions
FN:322,_RNvCs2TOrcqL2oK9_11nes_desktop25apply_runtime_cheat_codes
FN:2103,_RNvCs2TOrcqL2oK9_11nes_desktop25capture_config_from_parts
FN:1999,_RNvCs2TOrcqL2oK9_11nes_desktop25select_active_gamepad_ids
FN:1000,_RNvCs2TOrcqL2oK9_11nes_desktop25should_update_input_delay
FN:378,_RNvCs2TOrcqL2oK9_11nes_desktop26load_slot_metadata_for_rom
FN:2088,_RNvCs2TOrcqL2oK9_11nes_desktop27advance_core_for_host_frame
FN:936,_RNvCs2TOrcqL2oK9_11nes_desktop27gamepad_assignments_changed
FN:966,_RNvCs2TOrcqL2oK9_11nes_desktop27track_keyboard_bits_for_key
FN:1024,_RNvCs2TOrcqL2oK9_11nes_desktop28apply_gamepad_delta_commands
FN:444,_RNvCs2TOrcqL2oK9_11nes_desktop28apply_overlay_keyboard_input
FN:471,_RNvCs2TOrcqL2oK9_11nes_desktop29overlay_input_requires_redraw
FN:909,_RNvCs2TOrcqL2oK9_11nes_desktop30command_marks_rta_invalidation
FN:1933,_RNvCs2TOrcqL2oK9_11nes_desktop30recommended_input_delay_frames
FN:955,_RNvCs2TOrcqL2oK9_11nes_desktop31should_resume_after_rewind_hold
FN:2061,_RNvCs2TOrcqL2oK9_11nes_desktop33controller_state_delta_for_player
FN:605,_RNvCs2TOrcqL2oK9_11nes_desktop33reconcile_core_pause_with_overlay
FN:1037,_RNvCs2TOrcqL2oK9_11nes_desktop3run
FN:201,_RNvCs2TOrcqL2oK9_11nes_desktop4main
FN:161,_RNvMs_Cs2TOrcqL2oK9_11nes_desktopNtB4_11AudioOutput13new_with_sink
FN:177,_RNvMs_Cs2TOrcqL2oK9_11nes_desktopNtB4_11AudioOutput13queue_samples
FN:189,_RNvMs_Cs2TOrcqL2oK9_11nes_desktopNtB4_11AudioOutput5clear
FN:168,_RNvMs_Cs2TOrcqL2oK9_11nes_desktopNtB4_11AudioOutput7try_new
FN:185,_RNvMs_Cs2TOrcqL2oK9_11nes_desktopNtB4_11AudioOutput9queue_len
FN:138,_RNvXCs2TOrcqL2oK9_11nes_desktopNtB2_16RodioSinkAdapterNtB2_16AudioSinkControl10append_i16
FN:150,_RNvXCs2TOrcqL2oK9_11nes_desktopNtB2_16RodioSinkAdapterNtB2_16AudioSinkControl4stop
FN:146,_RNvXCs2TOrcqL2oK9_11nes_desktopNtB2_16RodioSinkAdapterNtB2_16AudioSinkControl5clear
FN:134,_RNvXCs2TOrcqL2oK9_11nes_desktopNtB2_16RodioSinkAdapterNtB2_16AudioSinkControl9queue_len
FN:1992,_RINvCs2TOrcqL2oK9_11nes_desktop21connected_gamepad_idsINtNtNtNtCs4kUJL3MZFFz_4core4iter8adapters3map3MapNtNtCseWOpfgJckx4_5gilrs7gamepad25ConnectedGamepadsIteratorNCNCNvB2_3runs7_0s_0EEB2_
FN:1992,_RINvCs2TOrcqL2oK9_11nes_desktop21connected_gamepad_idsINtNtNtNtCs4kUJL3MZFFz_4core4iter8adapters3map3MapNtNtCseWOpfgJckx4_5gilrs7gamepad25ConnectedGamepadsIteratorNCNvB2_3runs6_0EEB2_
FN:1995,_RNCINvCs2TOrcqL2oK9_11nes_desktop21connected_gamepad_idsINtNtNtNtCs4kUJL3MZFFz_4core4iter8adapters3map3MapNtNtCseWOpfgJckx4_5gilrs7gamepad25ConnectedGamepadsIteratorNCNCNvB4_3runs7_0s_0EE0B4_
FN:1995,_RNCINvCs2TOrcqL2oK9_11nes_desktop21connected_gamepad_idsINtNtNtNtCs4kUJL3MZFFz_4core4iter8adapters3map3MapNtNtCseWOpfgJckx4_5gilrs7gamepad25ConnectedGamepadsIteratorNCNvB4_3runs6_0EE0B4_
FN:1313,_RNCNCNvCs2TOrcqL2oK9_11nes_desktop3runs7_00B5_
FN:1515,_RNCNCNvCs2TOrcqL2oK9_11nes_desktop3runs7_0s0_0B5_
FN:1710,_RNCNCNvCs2TOrcqL2oK9_11nes_desktop3runs7_0s1_0B5_
FN:1719,_RNCNCNvCs2TOrcqL2oK9_11nes_desktop3runs7_0s2_0B5_
FN:1493,_RNCNCNvCs2TOrcqL2oK9_11nes_desktop3runs7_0s_0B5_
FN:2134,_RNCNvCs2TOrcqL2oK9_11nes_desktop15write_frame_ppm0B3_
FN:366,_RNCNvCs2TOrcqL2oK9_11nes_desktop16load_rom_session0B3_
FN:430,_RNCNvCs2TOrcqL2oK9_11nes_desktop16rom_display_name0B3_
FN:431,_RNCNvCs2TOrcqL2oK9_11nes_desktop16rom_display_names_0B3_
FN:885,_RNCNvCs2TOrcqL2oK9_11nes_desktop18execute_app_action0B3_
FN:405,_RNCNvCs2TOrcqL2oK9_11nes_desktop18format_slot_status0B3_
FN:1810,_RNCNvCs2TOrcqL2oK9_11nes_desktop22resolve_runtime_config0B3_
FN:1823,_RNCNvCs2TOrcqL2oK9_11nes_desktop22resolve_runtime_configs0_0B3_
FN:1824,_RNCNvCs2TOrcqL2oK9_11nes_desktop22resolve_runtime_configs1_0B3_
FN:1857,_RNCNvCs2TOrcqL2oK9_11nes_desktop22resolve_runtime_configs2_0B3_
FN:1861,_RNCNvCs2TOrcqL2oK9_11nes_desktop22resolve_runtime_configs3_0B3_
FN:1899,_RNCNvCs2TOrcqL2oK9_11nes_desktop22resolve_runtime_configs4_0B3_
FN:1905,_RNCNvCs2TOrcqL2oK9_11nes_desktop22resolve_runtime_configs5_0B3_
FN:1822,_RNCNvCs2TOrcqL2oK9_11nes_desktop22resolve_runtime_configs_0B3_
FN:422,_RNCNvCs2TOrcqL2oK9_11nes_desktop23overlay_cheat_summaries0B3_
FN:679,_RNCNvCs2TOrcqL2oK9_11nes_desktop24dispatch_overlay_command0B3_
FN:326,_RNCNvCs2TOrcqL2oK9_11nes_desktop25apply_runtime_cheat_codes0B3_
FN:2015,_RNCNvCs2TOrcqL2oK9_11nes_desktop25select_active_gamepad_ids0B3_
FN:2016,_RNCNvCs2TOrcqL2oK9_11nes_desktop25select_active_gamepad_idss_0B3_
FN:384,_RNCNvCs2TOrcqL2oK9_11nes_desktop26load_slot_metadata_for_rom0B3_
FN:2092,_RNCNvCs2TOrcqL2oK9_11nes_desktop27advance_core_for_host_frame0B3_
FN:2096,_RNCNvCs2TOrcqL2oK9_11nes_desktop27advance_core_for_host_frames_0B3_
FN:1032,_RNCNvCs2TOrcqL2oK9_11nes_desktop28apply_gamepad_delta_commands0B3_
FN:611,_RNCNvCs2TOrcqL2oK9_11nes_desktop33reconcile_core_pause_with_overlay0B3_
FN:1050,_RNCNvCs2TOrcqL2oK9_11nes_desktop3run0B3_
FN:1145,_RNCNvCs2TOrcqL2oK9_11nes_desktop3runs0_0B3_
FN:1158,_RNCNvCs2TOrcqL2oK9_11nes_desktop3runs3_0B3_
FN:1173,_RNCNvCs2TOrcqL2oK9_11nes_desktop3runs4_0B3_
FN:1180,_RNCNvCs2TOrcqL2oK9_11nes_desktop3runs5_0B3_
FN:1207,_RNCNvCs2TOrcqL2oK9_11nes_desktop3runs6_0B3_
FN:1256,_RNCNvCs2TOrcqL2oK9_11nes_desktop3runs7_0B3_
FN:1090,_RNCNvCs2TOrcqL2oK9_11nes_desktop3runs_0B3_
FN:170,_RNCNvMs_Cs2TOrcqL2oK9_11nes_desktopNtB6_11AudioOutput7try_new0B6_
FN:172,_RNCNvMs_Cs2TOrcqL2oK9_11nes_desktopNtB6_11AudioOutput7try_news_0B6_
FN:195,_RNvXs0_Cs2TOrcqL2oK9_11nes_desktopNtB5_11AudioOutputNtNtNtCs4kUJL3MZFFz_4core3ops4drop4Drop4drop
FN:2368,_RNvMNtCs3WDIqdrfeV5_11nes_desktop5testsNtB2_13FakeAudioSink8with_len
FN:2336,_RNvNtCs3WDIqdrfeV5_11nes_desktop5tests11sample_ines
FN:2349,_RNvNtCs3WDIqdrfeV5_11nes_desktop5tests15fake_gamepad_id
FN:2419,_RNvNtCs3WDIqdrfeV5_11nes_desktop5testss_39adaptive_delay_reacts_to_rtt_and_jitter
FN:2714,_RNvNtCs3WDIqdrfeV5_11nes_desktop5testss_39rollback_disables_stateful_menu_actions
FN:2947,_RNvNtCs3WDIqdrfeV5_11nes_desktop5testss_40update_button_bits_sets_and_clears_masks
FN:2670,_RNvNtCs3WDIqdrfeV5_11nes_desktop5testss_41selected_slot_hotkeys_target_current_slot
FN:2547,_RNvNtCs3WDIqdrfeV5_11nes_desktop5testss_43map_virtual_keycode_maps_all_supported_keys
FN:3106,_RNvNtCs3WDIqdrfeV5_11nes_desktop5testss_44advance_core_for_host_frame_steps_cpu_budget
FN:2434,_RNvNtCs3WDIqdrfeV5_11nes_desktop5testss_46adaptive_delay_uses_current_when_no_rtt_sample
FN:3039,_RNvNtCs3WDIqdrfeV5_11nes_desktop5testss_46controller_state_delta_emits_press_and_release
FN:2489,_RNvNtCs3WDIqdrfeV5_11nes_desktop5testss_47audio_output_rejects_samples_when_queue_is_full
FN:2529,_RNvNtCs3WDIqdrfeV5_11nes_desktop5testss_47rodio_sink_adapter_stop_mutes_idle_queue_output
FN:2517,_RNvNtCs3WDIqdrfeV5_11nes_desktop5testss_48rodio_sink_adapter_forwards_append_and_queue_len
FN:2467,_RNvNtCs3WDIqdrfeV5_11nes_desktop5testss_49audio_output_queue_and_drop_behave_with_fake_sink
FN:2461,_RNvNtCs3WDIqdrfeV5_11nes_desktop5testss_50adaptive_delay_returns_min_when_bounds_are_invalid
FN:3143,_RNvNtCs3WDIqdrfeV5_11nes_desktop5testss_50encode_ppm_emits_expected_headers_and_pixel_layout
FN:2682,_RNvNtCs3WDIqdrfeV5_11nes_desktop5testss_50overlay_blocks_gameplay_button_commands_while_open
FN:3005,_RNvNtCs3WDIqdrfeV5_11nes_desktop5testss_52apply_gamepad_delta_commands_updates_controller_bits
FN:2770,_RNvNtCs3WDIqdrfeV5_11nes_desktop5testss_52applying_runtime_cheat_codes_replaces_existing_codes
FN:2503,_RNvNtCs3WDIqdrfeV5_11nes_desktop5testss_53audio_output_clear_forwards_to_sink_and_empties_queue
FN:2729,_RNvNtCs3WDIqdrfeV5_11nes_desktop5testss_53open_rom_menu_action_requires_platform_picker_support
FN:2780,_RNvNtCs3WDIqdrfeV5_11nes_desktop5testss_54evaluate_frame_deadline_classifies_wait_and_step_cases
FN:3126,_RNvNtCs3WDIqdrfeV5_11nes_desktop5testss_55capture_config_helpers_handle_placeholders_and_defaults
FN:2567,_RNvNtCs3WDIqdrfeV5_11nes_desktop5testss_55classify_window_event_maps_window_variants_to_decisions
FN:3062,_RNvNtCs3WDIqdrfeV5_11nes_desktop5testss_56controller_state_delta_for_player2_uses_player2_commands
FN:3150,_RNvNtCs3WDIqdrfeV5_11nes_desktop5testss_56format_rom_read_error_handles_not_found_and_other_errors
FN:2892,_RNvNtCs3WDIqdrfeV5_11nes_desktop5testss_56gamepad_sampling_helpers_map_buttons_and_axis_thresholds
FN:2263,_RNvNtCs3WDIqdrfeV5_11nes_desktop5testss_59build_startup_table_creates_expected_table_with_all_options
FN:2755,_RNvNtCs3WDIqdrfeV5_11nes_desktop5testss_60reconcile_core_pause_with_overlay_matches_overlay_visibility
FN:3164,_RNvNtCs3WDIqdrfeV5_11nes_desktop5testss_60write_frame_ppm_validates_frame_size_and_writes_output_files
FN:3073,_RNvNtCs3WDIqdrfeV5_11nes_desktop5testss_61netplay_runtime_stats_tracks_rtt_jitter_rollbacks_and_desyncs
FN:2440,_RNvNtCs3WDIqdrfeV5_11nes_desktop5testss_62adaptive_delay_exact_targets_and_hysteresis_behave_as_expected
FN:2877,_RNvNtCs3WDIqdrfeV5_11nes_desktop5testss_62gamepad_source_helpers_select_connected_ids_without_duplicates
FN:2863,_RNvNtCs3WDIqdrfeV5_11nes_desktop5testss_63gamepad_assignment_helpers_detect_global_and_slot_level_changes
FN:2619,_RNvNtCs3WDIqdrfeV5_11nes_desktop5testss_66classify_keyboard_input_covers_exit_rewind_rollback_and_core_paths
FN:2815,_RNvNtCs3WDIqdrfeV5_11nes_desktop5testss_66desktop_loop_helper_primitives_cover_window_scale_and_player_flags
FN:2980,_RNvNtCs3WDIqdrfeV5_11nes_desktop5testss_66resync_restored_inputs_reapplies_keyboard_and_resets_gamepad_cache
FN:2700,_RNvNtCs3WDIqdrfeV5_11nes_desktop5testss_71overlay_input_requires_redraw_for_navigation_action_and_text_entry_keys
FN:2962,_RNvNtCs3WDIqdrfeV5_11nes_desktop5testss_71track_keyboard_bits_for_key_updates_controller_bits_and_ignores_hotkeys
FN:2390,_RNvXs_NtCs3WDIqdrfeV5_11nes_desktop5testsNtB4_13FakeAudioSinkNtB6_16AudioSinkControl10append_i16
FN:2400,_RNvXs_NtCs3WDIqdrfeV5_11nes_desktop5testsNtB4_13FakeAudioSinkNtB6_16AudioSinkControl4stop
FN:2408,_RNvXs_NtCs3WDIqdrfeV5_11nes_desktop5testsNtB4_13FakeAudioSinkNtB6_16AudioSinkControl5clear
FN:2383,_RNvXs_NtCs3WDIqdrfeV5_11nes_desktop5testsNtB4_13FakeAudioSinkNtB6_16AudioSinkControl9queue_len
FN:1992,_RINvCs3WDIqdrfeV5_11nes_desktop21connected_gamepad_idsINtNtCsauO83Ko6oyK_5alloc3vec3VecTNtNtCseWOpfgJckx4_5gilrs7gamepad9GamepadIdbEEEB2_
FN:1995,_RNCINvCs3WDIqdrfeV5_11nes_desktop21connected_gamepad_idsINtNtCsauO83Ko6oyK_5alloc3vec3VecTNtNtCseWOpfgJckx4_5gilrs7gamepad9GamepadIdbEEE0B4_
FN:2134,_RNCNvCs3WDIqdrfeV5_11nes_desktop15write_frame_ppm0B3_
FN:326,_RNCNvCs3WDIqdrfeV5_11nes_desktop25apply_runtime_cheat_codes0B3_
FN:2015,_RNCNvCs3WDIqdrfeV5_11nes_desktop25select_active_gamepad_ids0B3_
FN:2016,_RNCNvCs3WDIqdrfeV5_11nes_desktop25select_active_gamepad_idss_0B3_
FN:2092,_RNCNvCs3WDIqdrfeV5_11nes_desktop27advance_core_for_host_frame0B3_
FN:2096,_RNCNvCs3WDIqdrfeV5_11nes_desktop27advance_core_for_host_frames_0B3_
FN:1032,_RNCNvCs3WDIqdrfeV5_11nes_desktop28apply_gamepad_delta_commands0B3_
FN:611,_RNCNvCs3WDIqdrfeV5_11nes_desktop33reconcile_core_pause_with_overlay0B3_
FN:2542,_RNCNvNtCs3WDIqdrfeV5_11nes_desktop5testss_47rodio_sink_adapter_stop_mutes_idle_queue_output0B5_
FN:195,_RNvXs0_Cs3WDIqdrfeV5_11nes_desktopNtB5_11AudioOutputNtNtNtCs4kUJL3MZFFz_4core3ops4drop4Drop4drop
FN:2137,_RNvCs3WDIqdrfeV5_11nes_desktop10encode_ppm
FN:2125,_RNvCs3WDIqdrfeV5_11nes_desktop15write_frame_ppm
FN:984,_RNvCs3WDIqdrfeV5_11nes_desktop18is_player_two_slot
FN:1004,_RNvCs3WDIqdrfeV5_11nes_desktop18should_trace_frame
FN:1016,_RNvCs3WDIqdrfeV5_11nes_desktop18update_button_bits
FN:1008,_RNvCs3WDIqdrfeV5_11nes_desktop19audio_queue_dropped
FN:2164,_RNvCs3WDIqdrfeV5_11nes_desktop19build_startup_table
FN:1961,_RNvCs3WDIqdrfeV5_11nes_desktop19map_virtual_keycode
FN:505,_RNvCs3WDIqdrfeV5_11nes_desktop19menu_action_enabled
FN:959,_RNvCs3WDIqdrfeV5_11nes_desktop19release_all_buttons
FN:996,_RNvCs3WDIqdrfeV5_11nes_desktop19should_log_rollback
FN:943,_RNvCs3WDIqdrfeV5_11nes_desktop20gamepad_slot_changed
FN:1012,_RNvCs3WDIqdrfeV5_11nes_desktop20should_capture_frame
FN:247,_RNvCs3WDIqdrfeV5_11nes_desktop21classify_window_event
FN:951,_RNvCs3WDIqdrfeV5_11nes_desktop21element_state_pressed
FN:2147,_RNvCs3WDIqdrfeV5_11nes_desktop21format_rom_read_error
FN:2117,_RNvCs3WDIqdrfeV5_11nes_desktop22capture_path_for_frame
FN:988,_RNvCs3WDIqdrfeV5_11nes_desktop22merge_local_input_bits
FN:974,_RNvCs3WDIqdrfeV5_11nes_desktop22resync_restored_inputs
FN:311,_RNvCs3WDIqdrfeV5_11nes_desktop22slot_action_for_hotkey
FN:268,_RNvCs3WDIqdrfeV5_11nes_desktop23classify_keyboard_input
FN:918,_RNvCs3WDIqdrfeV5_11nes_desktop23evaluate_frame_deadline
FN:992,_RNvCs3WDIqdrfeV5_11nes_desktop23netplay_feature_enabled
FN:454,_RNvCs3WDIqdrfeV5_11nes_desktop23validate_action_allowed
FN:2025,_RNvCs3WDIqdrfeV5_11nes_desktop24gamepad_snapshot_to_bits
FN:929,_RNvCs3WDIqdrfeV5_11nes_desktop24scaled_window_dimensions
FN:322,_RNvCs3WDIqdrfeV5_11nes_desktop25apply_runtime_cheat_codes
FN:2103,_RNvCs3WDIqdrfeV5_11nes_desktop25capture_config_from_parts
FN:1999,_RNvCs3WDIqdrfeV5_11nes_desktop25select_active_gamepad_ids
FN:1000,_RNvCs3WDIqdrfeV5_11nes_desktop25should_update_input_delay
FN:2088,_RNvCs3WDIqdrfeV5_11nes_desktop27advance_core_for_host_frame
FN:936,_RNvCs3WDIqdrfeV5_11nes_desktop27gamepad_assignments_changed
FN:966,_RNvCs3WDIqdrfeV5_11nes_desktop27track_keyboard_bits_for_key
FN:1024,_RNvCs3WDIqdrfeV5_11nes_desktop28apply_gamepad_delta_commands
FN:444,_RNvCs3WDIqdrfeV5_11nes_desktop28apply_overlay_keyboard_input
FN:471,_RNvCs3WDIqdrfeV5_11nes_desktop29overlay_input_requires_redraw
FN:1933,_RNvCs3WDIqdrfeV5_11nes_desktop30recommended_input_delay_frames
FN:955,_RNvCs3WDIqdrfeV5_11nes_desktop31should_resume_after_rewind_hold
FN:2061,_RNvCs3WDIqdrfeV5_11nes_desktop33controller_state_delta_for_player
FN:605,_RNvCs3WDIqdrfeV5_11nes_desktop33reconcile_core_pause_with_overlay
FN:161,_RNvMs_Cs3WDIqdrfeV5_11nes_desktopNtB4_11AudioOutput13new_with_sink
FN:177,_RNvMs_Cs3WDIqdrfeV5_11nes_desktopNtB4_11AudioOutput13queue_samples
FN:189,_RNvMs_Cs3WDIqdrfeV5_11nes_desktopNtB4_11AudioOutput5clear
FN:185,_RNvMs_Cs3WDIqdrfeV5_11nes_desktopNtB4_11AudioOutput9queue_len
FN:138,_RNvXCs3WDIqdrfeV5_11nes_desktopNtB2_16RodioSinkAdapterNtB2_16AudioSinkControl10append_i16
FN:150,_RNvXCs3WDIqdrfeV5_11nes_desktopNtB2_16RodioSinkAdapterNtB2_16AudioSinkControl4stop
FN:134,_RNvXCs3WDIqdrfeV5_11nes_desktopNtB2_16RodioSinkAdapterNtB2_16AudioSinkControl9queue_len
FN:1313,_RNCNCNvCs3WDIqdrfeV5_11nes_desktop3runs7_00B5_
FN:1515,_RNCNCNvCs3WDIqdrfeV5_11nes_desktop3runs7_0s0_0B5_
FN:1710,_RNCNCNvCs3WDIqdrfeV5_11nes_desktop3runs7_0s1_0B5_
FN:1719,_RNCNCNvCs3WDIqdrfeV5_11nes_desktop3runs7_0s2_0B5_
FN:1493,_RNCNCNvCs3WDIqdrfeV5_11nes_desktop3runs7_0s_0B5_
FN:366,_RNCNvCs3WDIqdrfeV5_11nes_desktop16load_rom_session0B3_
FN:430,_RNCNvCs3WDIqdrfeV5_11nes_desktop16rom_display_name0B3_
FN:431,_RNCNvCs3WDIqdrfeV5_11nes_desktop16rom_display_names_0B3_
FN:885,_RNCNvCs3WDIqdrfeV5_11nes_desktop18execute_app_action0B3_
FN:405,_RNCNvCs3WDIqdrfeV5_11nes_desktop18format_slot_status0B3_
FN:1810,_RNCNvCs3WDIqdrfeV5_11nes_desktop22resolve_runtime_config0B3_
FN:1823,_RNCNvCs3WDIqdrfeV5_11nes_desktop22resolve_runtime_configs0_0B3_
FN:1824,_RNCNvCs3WDIqdrfeV5_11nes_desktop22resolve_runtime_configs1_0B3_
FN:1857,_RNCNvCs3WDIqdrfeV5_11nes_desktop22resolve_runtime_configs2_0B3_
FN:1861,_RNCNvCs3WDIqdrfeV5_11nes_desktop22resolve_runtime_configs3_0B3_
FN:1899,_RNCNvCs3WDIqdrfeV5_11nes_desktop22resolve_runtime_configs4_0B3_
FN:1905,_RNCNvCs3WDIqdrfeV5_11nes_desktop22resolve_runtime_configs5_0B3_
FN:1822,_RNCNvCs3WDIqdrfeV5_11nes_desktop22resolve_runtime_configs_0B3_
FN:422,_RNCNvCs3WDIqdrfeV5_11nes_desktop23overlay_cheat_summaries0B3_
FN:679,_RNCNvCs3WDIqdrfeV5_11nes_desktop24dispatch_overlay_command0B3_
FN:384,_RNCNvCs3WDIqdrfeV5_11nes_desktop26load_slot_metadata_for_rom0B3_
FN:1050,_RNCNvCs3WDIqdrfeV5_11nes_desktop3run0B3_
FN:1145,_RNCNvCs3WDIqdrfeV5_11nes_desktop3runs0_0B3_
FN:1158,_RNCNvCs3WDIqdrfeV5_11nes_desktop3runs3_0B3_
FN:1173,_RNCNvCs3WDIqdrfeV5_11nes_desktop3runs4_0B3_
FN:1180,_RNCNvCs3WDIqdrfeV5_11nes_desktop3runs5_0B3_
FN:1207,_RNCNvCs3WDIqdrfeV5_11nes_desktop3runs6_0B3_
FN:1256,_RNCNvCs3WDIqdrfeV5_11nes_desktop3runs7_0B3_
FN:1090,_RNCNvCs3WDIqdrfeV5_11nes_desktop3runs_0B3_
FN:170,_RNCNvMs_Cs3WDIqdrfeV5_11nes_desktopNtB6_11AudioOutput7try_new0B6_
FN:172,_RNCNvMs_Cs3WDIqdrfeV5_11nes_desktopNtB6_11AudioOutput7try_news_0B6_
FN:436,_RNvCs3WDIqdrfeV5_11nes_desktop12window_title
FN:335,_RNvCs3WDIqdrfeV5_11nes_desktop16load_rom_session
FN:428,_RNvCs3WDIqdrfeV5_11nes_desktop16rom_display_name
FN:583,_RNvCs3WDIqdrfeV5_11nes_desktop16set_overlay_open
FN:747,_RNvCs3WDIqdrfeV5_11nes_desktop18execute_app_action
FN:397,_RNvCs3WDIqdrfeV5_11nes_desktop18format_slot_status
FN:637,_RNvCs3WDIqdrfeV5_11nes_desktop19dispatch_app_action
FN:331,_RNvCs3WDIqdrfeV5_11nes_desktop20apply_session_cheats
FN:388,_RNvCs3WDIqdrfeV5_11nes_desktop21refresh_slot_metadata
FN:413,_RNvCs3WDIqdrfeV5_11nes_desktop22overlay_slot_summaries
FN:1805,_RNvCs3WDIqdrfeV5_11nes_desktop22resolve_runtime_config
FN:520,_RNvCs3WDIqdrfeV5_11nes_desktop22sync_native_menu_state
FN:417,_RNvCs3WDIqdrfeV5_11nes_desktop23overlay_cheat_summaries
FN:393,_RNvCs3WDIqdrfeV5_11nes_desktop23slot_path_for_selection
FN:667,_RNvCs3WDIqdrfeV5_11nes_desktop24dispatch_overlay_command
FN:378,_RNvCs3WDIqdrfeV5_11nes_desktop26load_slot_metadata_for_rom
FN:909,_RNvCs3WDIqdrfeV5_11nes_desktop30command_marks_rta_invalidation
FN:1037,_RNvCs3WDIqdrfeV5_11nes_desktop3run
FN:201,_RNvCs3WDIqdrfeV5_11nes_desktop4main
FN:168,_RNvMs_Cs3WDIqdrfeV5_11nes_desktopNtB4_11AudioOutput7try_new
FN:146,_RNvXCs3WDIqdrfeV5_11nes_desktopNtB2_16RodioSinkAdapterNtB2_16AudioSinkControl5clear
FNDA:0,_RNvCs2TOrcqL2oK9_11nes_desktop10encode_ppm
FNDA:0,_RNvCs2TOrcqL2oK9_11nes_desktop12window_title
FNDA:0,_RNvCs2TOrcqL2oK9_11nes_desktop15write_frame_ppm
FNDA:2,_RNvCs2TOrcqL2oK9_11nes_desktop16load_rom_session
FNDA:0,_RNvCs2TOrcqL2oK9_11nes_desktop16rom_display_name
FNDA:0,_RNvCs2TOrcqL2oK9_11nes_desktop16set_overlay_open
FNDA:0,_RNvCs2TOrcqL2oK9_11nes_desktop18execute_app_action
FNDA:0,_RNvCs2TOrcqL2oK9_11nes_desktop18format_slot_status
FNDA:0,_RNvCs2TOrcqL2oK9_11nes_desktop18is_player_two_slot
FNDA:0,_RNvCs2TOrcqL2oK9_11nes_desktop18should_trace_frame
FNDA:0,_RNvCs2TOrcqL2oK9_11nes_desktop18update_button_bits
FNDA:0,_RNvCs2TOrcqL2oK9_11nes_desktop19audio_queue_dropped
FNDA:0,_RNvCs2TOrcqL2oK9_11nes_desktop19build_startup_table
FNDA:0,_RNvCs2TOrcqL2oK9_11nes_desktop19dispatch_app_action
FNDA:0,_RNvCs2TOrcqL2oK9_11nes_desktop19map_virtual_keycode
FNDA:0,_RNvCs2TOrcqL2oK9_11nes_desktop19menu_action_enabled
FNDA:0,_RNvCs2TOrcqL2oK9_11nes_desktop19release_all_buttons
FNDA:0,_RNvCs2TOrcqL2oK9_11nes_desktop19should_log_rollback
FNDA:0,_RNvCs2TOrcqL2oK9_11nes_desktop20apply_session_cheats
FNDA:0,_RNvCs2TOrcqL2oK9_11nes_desktop20gamepad_slot_changed
FNDA:0,_RNvCs2TOrcqL2oK9_11nes_desktop20should_capture_frame
FNDA:0,_RNvCs2TOrcqL2oK9_11nes_desktop21classify_window_event
FNDA:0,_RNvCs2TOrcqL2oK9_11nes_desktop21element_state_pressed
FNDA:2,_RNvCs2TOrcqL2oK9_11nes_desktop21format_rom_read_error
FNDA:0,_RNvCs2TOrcqL2oK9_11nes_desktop21refresh_slot_metadata
FNDA:0,_RNvCs2TOrcqL2oK9_11nes_desktop22capture_path_for_frame
FNDA:0,_RNvCs2TOrcqL2oK9_11nes_desktop22merge_local_input_bits
FNDA:0,_RNvCs2TOrcqL2oK9_11nes_desktop22overlay_slot_summaries
FNDA:3,_RNvCs2TOrcqL2oK9_11nes_desktop22resolve_runtime_config
FNDA:0,_RNvCs2TOrcqL2oK9_11nes_desktop22resync_restored_inputs
FNDA:0,_RNvCs2TOrcqL2oK9_11nes_desktop22slot_action_for_hotkey
FNDA:0,_RNvCs2TOrcqL2oK9_11nes_desktop22sync_native_menu_state
FNDA:0,_RNvCs2TOrcqL2oK9_11nes_desktop23classify_keyboard_input
FNDA:0,_RNvCs2TOrcqL2oK9_11nes_desktop23evaluate_frame_deadline
FNDA:2,_RNvCs2TOrcqL2oK9_11nes_desktop23netplay_feature_enabled
FNDA:0,_RNvCs2TOrcqL2oK9_11nes_desktop23overlay_cheat_summaries
FNDA:0,_RNvCs2TOrcqL2oK9_11nes_desktop23slot_path_for_selection
FNDA:0,_RNvCs2TOrcqL2oK9_11nes_desktop23validate_action_allowed
FNDA:0,_RNvCs2TOrcqL2oK9_11nes_desktop24dispatch_overlay_command
FNDA:0,_RNvCs2TOrcqL2oK9_11nes_desktop24gamepad_snapshot_to_bits
FNDA:0,_RNvCs2TOrcqL2oK9_11nes_desktop24scaled_window_dimensions
FNDA:0,_RNvCs2TOrcqL2oK9_11nes_desktop25apply_runtime_cheat_codes
FNDA:2,_RNvCs2TOrcqL2oK9_11nes_desktop25capture_config_from_parts
FNDA:0,_RNvCs2TOrcqL2oK9_11nes_desktop25select_active_gamepad_ids
FNDA:0,_RNvCs2TOrcqL2oK9_11nes_desktop25should_update_input_delay
FNDA:0,_RNvCs2TOrcqL2oK9_11nes_desktop26load_slot_metadata_for_rom
FNDA:0,_RNvCs2TOrcqL2oK9_11nes_desktop27advance_core_for_host_frame
FNDA:0,_RNvCs2TOrcqL2oK9_11nes_desktop27gamepad_assignments_changed
FNDA:0,_RNvCs2TOrcqL2oK9_11nes_desktop27track_keyboard_bits_for_key
FNDA:0,_RNvCs2TOrcqL2oK9_11nes_desktop28apply_gamepad_delta_commands
FNDA:0,_RNvCs2TOrcqL2oK9_11nes_desktop28apply_overlay_keyboard_input
FNDA:0,_RNvCs2TOrcqL2oK9_11nes_desktop29overlay_input_requires_redraw
FNDA:0,_RNvCs2TOrcqL2oK9_11nes_desktop30command_marks_rta_invalidation
FNDA:0,_RNvCs2TOrcqL2oK9_11nes_desktop30recommended_input_delay_frames
FNDA:0,_RNvCs2TOrcqL2oK9_11nes_desktop31should_resume_after_rewind_hold
FNDA:0,_RNvCs2TOrcqL2oK9_11nes_desktop33controller_state_delta_for_player
FNDA:0,_RNvCs2TOrcqL2oK9_11nes_desktop33reconcile_core_pause_with_overlay
FNDA:3,_RNvCs2TOrcqL2oK9_11nes_desktop3run
FNDA:3,_RNvCs2TOrcqL2oK9_11nes_desktop4main
FNDA:0,_RNvMs_Cs2TOrcqL2oK9_11nes_desktopNtB4_11AudioOutput13new_with_sink
FNDA:0,_RNvMs_Cs2TOrcqL2oK9_11nes_desktopNtB4_11AudioOutput13queue_samples
FNDA:0,_RNvMs_Cs2TOrcqL2oK9_11nes_desktopNtB4_11AudioOutput5clear
FNDA:0,_RNvMs_Cs2TOrcqL2oK9_11nes_desktopNtB4_11AudioOutput7try_new
FNDA:0,_RNvMs_Cs2TOrcqL2oK9_11nes_desktopNtB4_11AudioOutput9queue_len
FNDA:0,_RNvXCs2TOrcqL2oK9_11nes_desktopNtB2_16RodioSinkAdapterNtB2_16AudioSinkControl10append_i16
FNDA:0,_RNvXCs2TOrcqL2oK9_11nes_desktopNtB2_16RodioSinkAdapterNtB2_16AudioSinkControl4stop
FNDA:0,_RNvXCs2TOrcqL2oK9_11nes_desktopNtB2_16RodioSinkAdapterNtB2_16AudioSinkControl5clear
FNDA:0,_RNvXCs2TOrcqL2oK9_11nes_desktopNtB2_16RodioSinkAdapterNtB2_16AudioSinkControl9queue_len
FNDA:0,_RINvCs2TOrcqL2oK9_11nes_desktop21connected_gamepad_idsINtNtNtNtCs4kUJL3MZFFz_4core4iter8adapters3map3MapNtNtCseWOpfgJckx4_5gilrs7gamepad25ConnectedGamepadsIteratorNCNCNvB2_3runs7_0s_0EEB2_
FNDA:0,_RINvCs2TOrcqL2oK9_11nes_desktop21connected_gamepad_idsINtNtNtNtCs4kUJL3MZFFz_4core4iter8adapters3map3MapNtNtCseWOpfgJckx4_5gilrs7gamepad25ConnectedGamepadsIteratorNCNvB2_3runs6_0EEB2_
FNDA:0,_RNCINvCs2TOrcqL2oK9_11nes_desktop21connected_gamepad_idsINtNtNtNtCs4kUJL3MZFFz_4core4iter8adapters3map3MapNtNtCseWOpfgJckx4_5gilrs7gamepad25ConnectedGamepadsIteratorNCNCNvB4_3runs7_0s_0EE0B4_
FNDA:0,_RNCINvCs2TOrcqL2oK9_11nes_desktop21connected_gamepad_idsINtNtNtNtCs4kUJL3MZFFz_4core4iter8adapters3map3MapNtNtCseWOpfgJckx4_5gilrs7gamepad25ConnectedGamepadsIteratorNCNvB4_3runs6_0EE0B4_
FNDA:0,_RNCNCNvCs2TOrcqL2oK9_11nes_desktop3runs7_00B5_
FNDA:0,_RNCNCNvCs2TOrcqL2oK9_11nes_desktop3runs7_0s0_0B5_
FNDA:0,_RNCNCNvCs2TOrcqL2oK9_11nes_desktop3runs7_0s1_0B5_
FNDA:0,_RNCNCNvCs2TOrcqL2oK9_11nes_desktop3runs7_0s2_0B5_
FNDA:0,_RNCNCNvCs2TOrcqL2oK9_11nes_desktop3runs7_0s_0B5_
FNDA:0,_RNCNvCs2TOrcqL2oK9_11nes_desktop15write_frame_ppm0B3_
FNDA:0,_RNCNvCs2TOrcqL2oK9_11nes_desktop16load_rom_session0B3_
FNDA:0,_RNCNvCs2TOrcqL2oK9_11nes_desktop16rom_display_name0B3_
FNDA:0,_RNCNvCs2TOrcqL2oK9_11nes_desktop16rom_display_names_0B3_
FNDA:0,_RNCNvCs2TOrcqL2oK9_11nes_desktop18execute_app_action0B3_
FNDA:0,_RNCNvCs2TOrcqL2oK9_11nes_desktop18format_slot_status0B3_
FNDA:2,_RNCNvCs2TOrcqL2oK9_11nes_desktop22resolve_runtime_config0B3_
FNDA:0,_RNCNvCs2TOrcqL2oK9_11nes_desktop22resolve_runtime_configs0_0B3_
FNDA:0,_RNCNvCs2TOrcqL2oK9_11nes_desktop22resolve_runtime_configs1_0B3_
FNDA:0,_RNCNvCs2TOrcqL2oK9_11nes_desktop22resolve_runtime_configs2_0B3_
FNDA:0,_RNCNvCs2TOrcqL2oK9_11nes_desktop22resolve_runtime_configs3_0B3_
FNDA:0,_RNCNvCs2TOrcqL2oK9_11nes_desktop22resolve_runtime_configs4_0B3_
FNDA:0,_RNCNvCs2TOrcqL2oK9_11nes_desktop22resolve_runtime_configs5_0B3_
FNDA:0,_RNCNvCs2TOrcqL2oK9_11nes_desktop22resolve_runtime_configs_0B3_
FNDA:0,_RNCNvCs2TOrcqL2oK9_11nes_desktop23overlay_cheat_summaries0B3_
FNDA:0,_RNCNvCs2TOrcqL2oK9_11nes_desktop24dispatch_overlay_command0B3_
FNDA:0,_RNCNvCs2TOrcqL2oK9_11nes_desktop25apply_runtime_cheat_codes0B3_
FNDA:0,_RNCNvCs2TOrcqL2oK9_11nes_desktop25select_active_gamepad_ids0B3_
FNDA:0,_RNCNvCs2TOrcqL2oK9_11nes_desktop25select_active_gamepad_idss_0B3_
FNDA:0,_RNCNvCs2TOrcqL2oK9_11nes_desktop26load_slot_metadata_for_rom0B3_
FNDA:0,_RNCNvCs2TOrcqL2oK9_11nes_desktop27advance_core_for_host_frame0B3_
FNDA:0,_RNCNvCs2TOrcqL2oK9_11nes_desktop27advance_core_for_host_frames_0B3_
FNDA:0,_RNCNvCs2TOrcqL2oK9_11nes_desktop28apply_gamepad_delta_commands0B3_
FNDA:0,_RNCNvCs2TOrcqL2oK9_11nes_desktop33reconcile_core_pause_with_overlay0B3_
FNDA:0,_RNCNvCs2TOrcqL2oK9_11nes_desktop3run0B3_
FNDA:0,_RNCNvCs2TOrcqL2oK9_11nes_desktop3runs0_0B3_
FNDA:0,_RNCNvCs2TOrcqL2oK9_11nes_desktop3runs3_0B3_
FNDA:0,_RNCNvCs2TOrcqL2oK9_11nes_desktop3runs4_0B3_
FNDA:0,_RNCNvCs2TOrcqL2oK9_11nes_desktop3runs5_0B3_
FNDA:0,_RNCNvCs2TOrcqL2oK9_11nes_desktop3runs6_0B3_
FNDA:0,_RNCNvCs2TOrcqL2oK9_11nes_desktop3runs7_0B3_
FNDA:0,_RNCNvCs2TOrcqL2oK9_11nes_desktop3runs_0B3_
FNDA:0,_RNCNvMs_Cs2TOrcqL2oK9_11nes_desktopNtB6_11AudioOutput7try_new0B6_
FNDA:0,_RNCNvMs_Cs2TOrcqL2oK9_11nes_desktopNtB6_11AudioOutput7try_news_0B6_
FNDA:0,_RNvXs0_Cs2TOrcqL2oK9_11nes_desktopNtB5_11AudioOutputNtNtNtCs4kUJL3MZFFz_4core3ops4drop4Drop4drop
FNDA:3,_RNvMNtCs3WDIqdrfeV5_11nes_desktop5testsNtB2_13FakeAudioSink8with_len
FNDA:1,_RNvNtCs3WDIqdrfeV5_11nes_desktop5tests11sample_ines
FNDA:5,_RNvNtCs3WDIqdrfeV5_11nes_desktop5tests15fake_gamepad_id
FNDA:1,_RNvNtCs3WDIqdrfeV5_11nes_desktop5testss_39adaptive_delay_reacts_to_rtt_and_jitter
FNDA:1,_RNvNtCs3WDIqdrfeV5_11nes_desktop5testss_39rollback_disables_stateful_menu_actions
FNDA:1,_RNvNtCs3WDIqdrfeV5_11nes_desktop5testss_40update_button_bits_sets_and_clears_masks
FNDA:1,_RNvNtCs3WDIqdrfeV5_11nes_desktop5testss_41selected_slot_hotkeys_target_current_slot
FNDA:1,_RNvNtCs3WDIqdrfeV5_11nes_desktop5testss_43map_virtual_keycode_maps_all_supported_keys
FNDA:1,_RNvNtCs3WDIqdrfeV5_11nes_desktop5testss_44advance_core_for_host_frame_steps_cpu_budget
FNDA:1,_RNvNtCs3WDIqdrfeV5_11nes_desktop5testss_46adaptive_delay_uses_current_when_no_rtt_sample
FNDA:1,_RNvNtCs3WDIqdrfeV5_11nes_desktop5testss_46controller_state_delta_emits_press_and_release
FNDA:1,_RNvNtCs3WDIqdrfeV5_11nes_desktop5testss_47audio_output_rejects_samples_when_queue_is_full
FNDA:1,_RNvNtCs3WDIqdrfeV5_11nes_desktop5testss_47rodio_sink_adapter_stop_mutes_idle_queue_output
FNDA:1,_RNvNtCs3WDIqdrfeV5_11nes_desktop5testss_48rodio_sink_adapter_forwards_append_and_queue_len
FNDA:1,_RNvNtCs3WDIqdrfeV5_11nes_desktop5testss_49audio_output_queue_and_drop_behave_with_fake_sink
FNDA:1,_RNvNtCs3WDIqdrfeV5_11nes_desktop5testss_50adaptive_delay_returns_min_when_bounds_are_invalid
FNDA:1,_RNvNtCs3WDIqdrfeV5_11nes_desktop5testss_50encode_ppm_emits_expected_headers_and_pixel_layout
FNDA:1,_RNvNtCs3WDIqdrfeV5_11nes_desktop5testss_50overlay_blocks_gameplay_button_commands_while_open
FNDA:1,_RNvNtCs3WDIqdrfeV5_11nes_desktop5testss_52apply_gamepad_delta_commands_updates_controller_bits
FNDA:1,_RNvNtCs3WDIqdrfeV5_11nes_desktop5testss_52applying_runtime_cheat_codes_replaces_existing_codes
FNDA:1,_RNvNtCs3WDIqdrfeV5_11nes_desktop5testss_53audio_output_clear_forwards_to_sink_and_empties_queue
FNDA:1,_RNvNtCs3WDIqdrfeV5_11nes_desktop5testss_53open_rom_menu_action_requires_platform_picker_support
FNDA:1,_RNvNtCs3WDIqdrfeV5_11nes_desktop5testss_54evaluate_frame_deadline_classifies_wait_and_step_cases
FNDA:1,_RNvNtCs3WDIqdrfeV5_11nes_desktop5testss_55capture_config_helpers_handle_placeholders_and_defaults
FNDA:1,_RNvNtCs3WDIqdrfeV5_11nes_desktop5testss_55classify_window_event_maps_window_variants_to_decisions
FNDA:1,_RNvNtCs3WDIqdrfeV5_11nes_desktop5testss_56controller_state_delta_for_player2_uses_player2_commands
FNDA:1,_RNvNtCs3WDIqdrfeV5_11nes_desktop5testss_56format_rom_read_error_handles_not_found_and_other_errors
FNDA:1,_RNvNtCs3WDIqdrfeV5_11nes_desktop5testss_56gamepad_sampling_helpers_map_buttons_and_axis_thresholds
FNDA:1,_RNvNtCs3WDIqdrfeV5_11nes_desktop5testss_59build_startup_table_creates_expected_table_with_all_options
FNDA:1,_RNvNtCs3WDIqdrfeV5_11nes_desktop5testss_60reconcile_core_pause_with_overlay_matches_overlay_visibility
FNDA:1,_RNvNtCs3WDIqdrfeV5_11nes_desktop5testss_60write_frame_ppm_validates_frame_size_and_writes_output_files
FNDA:1,_RNvNtCs3WDIqdrfeV5_11nes_desktop5testss_61netplay_runtime_stats_tracks_rtt_jitter_rollbacks_and_desyncs
FNDA:1,_RNvNtCs3WDIqdrfeV5_11nes_desktop5testss_62adaptive_delay_exact_targets_and_hysteresis_behave_as_expected
FNDA:1,_RNvNtCs3WDIqdrfeV5_11nes_desktop5testss_62gamepad_source_helpers_select_connected_ids_without_duplicates
FNDA:1,_RNvNtCs3WDIqdrfeV5_11nes_desktop5testss_63gamepad_assignment_helpers_detect_global_and_slot_level_changes
FNDA:1,_RNvNtCs3WDIqdrfeV5_11nes_desktop5testss_66classify_keyboard_input_covers_exit_rewind_rollback_and_core_paths
FNDA:1,_RNvNtCs3WDIqdrfeV5_11nes_desktop5testss_66desktop_loop_helper_primitives_cover_window_scale_and_player_flags
FNDA:1,_RNvNtCs3WDIqdrfeV5_11nes_desktop5testss_66resync_restored_inputs_reapplies_keyboard_and_resets_gamepad_cache
FNDA:1,_RNvNtCs3WDIqdrfeV5_11nes_desktop5testss_71overlay_input_requires_redraw_for_navigation_action_and_text_entry_keys
FNDA:1,_RNvNtCs3WDIqdrfeV5_11nes_desktop5testss_71track_keyboard_bits_for_key_updates_controller_bits_and_ignores_hotkeys
FNDA:1,_RNvXs_NtCs3WDIqdrfeV5_11nes_desktop5testsNtB4_13FakeAudioSinkNtB6_16AudioSinkControl10append_i16
FNDA:3,_RNvXs_NtCs3WDIqdrfeV5_11nes_desktop5testsNtB4_13FakeAudioSinkNtB6_16AudioSinkControl4stop
FNDA:1,_RNvXs_NtCs3WDIqdrfeV5_11nes_desktop5testsNtB4_13FakeAudioSinkNtB6_16AudioSinkControl5clear
FNDA:4,_RNvXs_NtCs3WDIqdrfeV5_11nes_desktop5testsNtB4_13FakeAudioSinkNtB6_16AudioSinkControl9queue_len
FNDA:1,_RINvCs3WDIqdrfeV5_11nes_desktop21connected_gamepad_idsINtNtCsauO83Ko6oyK_5alloc3vec3VecTNtNtCseWOpfgJckx4_5gilrs7gamepad9GamepadIdbEEEB2_
FNDA:3,_RNCINvCs3WDIqdrfeV5_11nes_desktop21connected_gamepad_idsINtNtCsauO83Ko6oyK_5alloc3vec3VecTNtNtCseWOpfgJckx4_5gilrs7gamepad9GamepadIdbEEE0B4_
FNDA:0,_RNCNvCs3WDIqdrfeV5_11nes_desktop15write_frame_ppm0B3_
FNDA:0,_RNCNvCs3WDIqdrfeV5_11nes_desktop25apply_runtime_cheat_codes0B3_
FNDA:6,_RNCNvCs3WDIqdrfeV5_11nes_desktop25select_active_gamepad_ids0B3_
FNDA:4,_RNCNvCs3WDIqdrfeV5_11nes_desktop25select_active_gamepad_idss_0B3_
FNDA:0,_RNCNvCs3WDIqdrfeV5_11nes_desktop27advance_core_for_host_frame0B3_
FNDA:0,_RNCNvCs3WDIqdrfeV5_11nes_desktop27advance_core_for_host_frames_0B3_
FNDA:0,_RNCNvCs3WDIqdrfeV5_11nes_desktop28apply_gamepad_delta_commands0B3_
FNDA:0,_RNCNvCs3WDIqdrfeV5_11nes_desktop33reconcile_core_pause_with_overlay0B3_
FNDA:220,_RNCNvNtCs3WDIqdrfeV5_11nes_desktop5testss_47rodio_sink_adapter_stop_mutes_idle_queue_output0B5_
FNDA:3,_RNvXs0_Cs3WDIqdrfeV5_11nes_desktopNtB5_11AudioOutputNtNtNtCs4kUJL3MZFFz_4core3ops4drop4Drop4drop
FNDA:2,_RNvCs3WDIqdrfeV5_11nes_desktop10encode_ppm
FNDA:3,_RNvCs3WDIqdrfeV5_11nes_desktop15write_frame_ppm
FNDA:2,_RNvCs3WDIqdrfeV5_11nes_desktop18is_player_two_slot
FNDA:4,_RNvCs3WDIqdrfeV5_11nes_desktop18should_trace_frame
FNDA:6,_RNvCs3WDIqdrfeV5_11nes_desktop18update_button_bits
FNDA:2,_RNvCs3WDIqdrfeV5_11nes_desktop19audio_queue_dropped
FNDA:1,_RNvCs3WDIqdrfeV5_11nes_desktop19build_startup_table
FNDA:16,_RNvCs3WDIqdrfeV5_11nes_desktop19map_virtual_keycode
FNDA:4,_RNvCs3WDIqdrfeV5_11nes_desktop19menu_action_enabled
FNDA:1,_RNvCs3WDIqdrfeV5_11nes_desktop19release_all_buttons
FNDA:2,_RNvCs3WDIqdrfeV5_11nes_desktop19should_log_rollback
FNDA:4,_RNvCs3WDIqdrfeV5_11nes_desktop20gamepad_slot_changed
FNDA:3,_RNvCs3WDIqdrfeV5_11nes_desktop20should_capture_frame
FNDA:5,_RNvCs3WDIqdrfeV5_11nes_desktop21classify_window_event
FNDA:3,_RNvCs3WDIqdrfeV5_11nes_desktop21element_state_pressed
FNDA:2,_RNvCs3WDIqdrfeV5_11nes_desktop21format_rom_read_error
FNDA:2,_RNvCs3WDIqdrfeV5_11nes_desktop22capture_path_for_frame
FNDA:1,_RNvCs3WDIqdrfeV5_11nes_desktop22merge_local_input_bits
FNDA:1,_RNvCs3WDIqdrfeV5_11nes_desktop22resync_restored_inputs
FNDA:2,_RNvCs3WDIqdrfeV5_11nes_desktop22slot_action_for_hotkey
FNDA:11,_RNvCs3WDIqdrfeV5_11nes_desktop23classify_keyboard_input
FNDA:3,_RNvCs3WDIqdrfeV5_11nes_desktop23evaluate_frame_deadline
FNDA:3,_RNvCs3WDIqdrfeV5_11nes_desktop23netplay_feature_enabled
FNDA:3,_RNvCs3WDIqdrfeV5_11nes_desktop23validate_action_allowed
FNDA:4,_RNvCs3WDIqdrfeV5_11nes_desktop24gamepad_snapshot_to_bits
FNDA:2,_RNvCs3WDIqdrfeV5_11nes_desktop24scaled_window_dimensions
FNDA:2,_RNvCs3WDIqdrfeV5_11nes_desktop25apply_runtime_cheat_codes
FNDA:3,_RNvCs3WDIqdrfeV5_11nes_desktop25capture_config_from_parts
FNDA:2,_RNvCs3WDIqdrfeV5_11nes_desktop25select_active_gamepad_ids
FNDA:2,_RNvCs3WDIqdrfeV5_11nes_desktop25should_update_input_delay
FNDA:1,_RNvCs3WDIqdrfeV5_11nes_desktop27advance_core_for_host_frame
FNDA:2,_RNvCs3WDIqdrfeV5_11nes_desktop27gamepad_assignments_changed
FNDA:3,_RNvCs3WDIqdrfeV5_11nes_desktop27track_keyboard_bits_for_key
FNDA:4,_RNvCs3WDIqdrfeV5_11nes_desktop28apply_gamepad_delta_commands
FNDA:1,_RNvCs3WDIqdrfeV5_11nes_desktop28apply_overlay_keyboard_input
FNDA:10,_RNvCs3WDIqdrfeV5_11nes_desktop29overlay_input_requires_redraw
FNDA:11,_RNvCs3WDIqdrfeV5_11nes_desktop30recommended_input_delay_frames
FNDA:2,_RNvCs3WDIqdrfeV5_11nes_desktop31should_resume_after_rewind_hold
FNDA:8,_RNvCs3WDIqdrfeV5_11nes_desktop33controller_state_delta_for_player
FNDA:2,_RNvCs3WDIqdrfeV5_11nes_desktop33reconcile_core_pause_with_overlay
FNDA:3,_RNvMs_Cs3WDIqdrfeV5_11nes_desktopNtB4_11AudioOutput13new_with_sink
FNDA:2,_RNvMs_Cs3WDIqdrfeV5_11nes_desktopNtB4_11AudioOutput13queue_samples
FNDA:1,_RNvMs_Cs3WDIqdrfeV5_11nes_desktopNtB4_11AudioOutput5clear
FNDA:2,_RNvMs_Cs3WDIqdrfeV5_11nes_desktopNtB4_11AudioOutput9queue_len
FNDA:3,_RNvXCs3WDIqdrfeV5_11nes_desktopNtB2_16RodioSinkAdapterNtB2_16AudioSinkControl10append_i16
FNDA:1,_RNvXCs3WDIqdrfeV5_11nes_desktopNtB2_16RodioSinkAdapterNtB2_16AudioSinkControl4stop
FNDA:3,_RNvXCs3WDIqdrfeV5_11nes_desktopNtB2_16RodioSinkAdapterNtB2_16AudioSinkControl9queue_len
FNDA:0,_RNCNCNvCs3WDIqdrfeV5_11nes_desktop3runs7_00B5_
FNDA:0,_RNCNCNvCs3WDIqdrfeV5_11nes_desktop3runs7_0s0_0B5_
FNDA:0,_RNCNCNvCs3WDIqdrfeV5_11nes_desktop3runs7_0s1_0B5_
FNDA:0,_RNCNCNvCs3WDIqdrfeV5_11nes_desktop3runs7_0s2_0B5_
FNDA:0,_RNCNCNvCs3WDIqdrfeV5_11nes_desktop3runs7_0s_0B5_
FNDA:0,_RNCNvCs3WDIqdrfeV5_11nes_desktop16load_rom_session0B3_
FNDA:0,_RNCNvCs3WDIqdrfeV5_11nes_desktop16rom_display_name0B3_
FNDA:0,_RNCNvCs3WDIqdrfeV5_11nes_desktop16rom_display_names_0B3_
FNDA:0,_RNCNvCs3WDIqdrfeV5_11nes_desktop18execute_app_action0B3_
FNDA:0,_RNCNvCs3WDIqdrfeV5_11nes_desktop18format_slot_status0B3_
FNDA:0,_RNCNvCs3WDIqdrfeV5_11nes_desktop22resolve_runtime_config0B3_
FNDA:0,_RNCNvCs3WDIqdrfeV5_11nes_desktop22resolve_runtime_configs0_0B3_
FNDA:0,_RNCNvCs3WDIqdrfeV5_11nes_desktop22resolve_runtime_configs1_0B3_
FNDA:0,_RNCNvCs3WDIqdrfeV5_11nes_desktop22resolve_runtime_configs2_0B3_
FNDA:0,_RNCNvCs3WDIqdrfeV5_11nes_desktop22resolve_runtime_configs3_0B3_
FNDA:0,_RNCNvCs3WDIqdrfeV5_11nes_desktop22resolve_runtime_configs4_0B3_
FNDA:0,_RNCNvCs3WDIqdrfeV5_11nes_desktop22resolve_runtime_configs5_0B3_
FNDA:0,_RNCNvCs3WDIqdrfeV5_11nes_desktop22resolve_runtime_configs_0B3_
FNDA:0,_RNCNvCs3WDIqdrfeV5_11nes_desktop23overlay_cheat_summaries0B3_
FNDA:0,_RNCNvCs3WDIqdrfeV5_11nes_desktop24dispatch_overlay_command0B3_
FNDA:0,_RNCNvCs3WDIqdrfeV5_11nes_desktop26load_slot_metadata_for_rom0B3_
FNDA:0,_RNCNvCs3WDIqdrfeV5_11nes_desktop3run0B3_
FNDA:0,_RNCNvCs3WDIqdrfeV5_11nes_desktop3runs0_0B3_
FNDA:0,_RNCNvCs3WDIqdrfeV5_11nes_desktop3runs3_0B3_
FNDA:0,_RNCNvCs3WDIqdrfeV5_11nes_desktop3runs4_0B3_
FNDA:0,_RNCNvCs3WDIqdrfeV5_11nes_desktop3runs5_0B3_
FNDA:0,_RNCNvCs3WDIqdrfeV5_11nes_desktop3runs6_0B3_
FNDA:0,_RNCNvCs3WDIqdrfeV5_11nes_desktop3runs7_0B3_
FNDA:0,_RNCNvCs3WDIqdrfeV5_11nes_desktop3runs_0B3_
FNDA:0,_RNCNvMs_Cs3WDIqdrfeV5_11nes_desktopNtB6_11AudioOutput7try_new0B6_
FNDA:0,_RNCNvMs_Cs3WDIqdrfeV5_11nes_desktopNtB6_11AudioOutput7try_news_0B6_
FNDA:0,_RNvCs3WDIqdrfeV5_11nes_desktop12window_title
FNDA:0,_RNvCs3WDIqdrfeV5_11nes_desktop16load_rom_session
FNDA:0,_RNvCs3WDIqdrfeV5_11nes_desktop16rom_display_name
FNDA:0,_RNvCs3WDIqdrfeV5_11nes_desktop16set_overlay_open
FNDA:0,_RNvCs3WDIqdrfeV5_11nes_desktop18execute_app_action
FNDA:0,_RNvCs3WDIqdrfeV5_11nes_desktop18format_slot_status
FNDA:0,_RNvCs3WDIqdrfeV5_11nes_desktop19dispatch_app_action
FNDA:0,_RNvCs3WDIqdrfeV5_11nes_desktop20apply_session_cheats
FNDA:0,_RNvCs3WDIqdrfeV5_11nes_desktop21refresh_slot_metadata
FNDA:0,_RNvCs3WDIqdrfeV5_11nes_desktop22overlay_slot_summaries
FNDA:0,_RNvCs3WDIqdrfeV5_11nes_desktop22resolve_runtime_config
FNDA:0,_RNvCs3WDIqdrfeV5_11nes_desktop22sync_native_menu_state
FNDA:0,_RNvCs3WDIqdrfeV5_11nes_desktop23overlay_cheat_summaries
FNDA:0,_RNvCs3WDIqdrfeV5_11nes_desktop23slot_path_for_selection
FNDA:0,_RNvCs3WDIqdrfeV5_11nes_desktop24dispatch_overlay_command
FNDA:0,_RNvCs3WDIqdrfeV5_11nes_desktop26load_slot_metadata_for_rom
FNDA:0,_RNvCs3WDIqdrfeV5_11nes_desktop30command_marks_rta_invalidation
FNDA:0,_RNvCs3WDIqdrfeV5_11nes_desktop3run
FNDA:0,_RNvCs3WDIqdrfeV5_11nes_desktop4main
FNDA:0,_RNvMs_Cs3WDIqdrfeV5_11nes_desktopNtB4_11AudioOutput7try_new
FNDA:0,_RNvXCs3WDIqdrfeV5_11nes_desktopNtB2_16RodioSinkAdapterNtB2_16AudioSinkControl5clear
FNF:155
FNH:102
DA:134,3
DA:135,3
DA:136,3
DA:138,3
DA:139,3
DA:142,3
DA:144,3
DA:146,0
DA:147,0
DA:148,0
DA:150,1
DA:151,1
DA:152,1
DA:161,3
DA:162,3
DA:163,3
DA:164,3
DA:165,3
DA:166,3
DA:168,0
DA:169,0
DA:170,0
DA:171,0
DA:172,0
DA:173,0
DA:174,0
DA:175,0
DA:177,2
DA:178,2
DA:179,1
DA:180,1
DA:181,1
DA:182,1
DA:183,2
DA:185,2
DA:186,2
DA:187,2
DA:189,1
DA:190,1
DA:191,1
DA:195,3
DA:197,3
DA:198,3
DA:201,3
DA:202,3
DA:203,3
DA:204,3
DA:205,3
DA:247,5
DA:248,5
DA:249,1
DA:250,1
DA:251,1
DA:252,1
DA:253,1
DA:254,1
DA:255,1
DA:256,1
DA:257,1
DA:258,1
DA:259,1
DA:260,1
DA:261,1
DA:262,1
DA:264,1
DA:266,5
DA:268,11
DA:269,11
DA:270,11
DA:271,11
DA:272,11
DA:273,11
DA:274,11
DA:275,11
DA:276,1
DA:277,10
DA:278,10
DA:279,1
DA:280,9
DA:281,9
DA:282,1
DA:283,8
DA:284,8
DA:285,2
DA:286,6
DA:287,6
DA:288,1
DA:289,5
DA:290,5
DA:291,1
DA:292,4
DA:294,4
DA:295,2
DA:298,2
DA:299,1
DA:300,1
DA:302,0
DA:304,1
DA:305,1
DA:307,0
DA:309,11
DA:311,2
DA:312,2
DA:313,0
DA:314,2
DA:315,2
DA:316,1
DA:318,1
DA:320,2
DA:322,2
DA:323,2
DA:324,2
DA:325,2
DA:326,2
DA:328,2
DA:329,2
DA:331,0
DA:332,0
DA:333,0
DA:335,2
DA:336,2
DA:337,2
DA:338,2
DA:339,2
DA:340,2
DA:341,2
DA:342,0
DA:343,2
DA:344,1
DA:345,1
DA:346,0
DA:347,0
DA:349,0
DA:350,0
DA:351,0
DA:353,0
DA:354,0
DA:357,1
DA:361,1
DA:363,0
DA:364,0
DA:365,0
DA:366,0
DA:367,0
DA:368,0
DA:369,0
DA:370,0
DA:371,0
DA:372,0
DA:373,0
DA:374,0
DA:375,0
DA:376,2
DA:378,0
DA:379,0
DA:380,0
DA:381,0
DA:382,0
DA:383,0
DA:384,0
DA:385,0
DA:386,0
DA:388,0
DA:389,0
DA:390,0
DA:391,0
DA:393,0
DA:394,0
DA:395,0
DA:397,0
DA:398,0
DA:399,0
DA:400,0
DA:401,0
DA:402,0
DA:404,0
DA:405,0
DA:406,0
DA:407,0
DA:408,0
DA:409,0
DA:410,0
DA:411,0
DA:413,0
DA:414,0
DA:415,0
DA:417,0
DA:418,0
DA:419,0
DA:420,0
DA:421,0
DA:422,0
DA:423,0
DA:424,0
DA:425,0
DA:426,0
DA:428,0
DA:429,0
DA:430,0
DA:431,0
DA:432,0
DA:433,0
DA:434,0
DA:436,0
DA:437,0
DA:438,0
DA:440,0
DA:442,0
DA:444,1
DA:445,1
DA:446,1
DA:447,1
DA:448,1
DA:449,1
DA:450,1
DA:451,1
DA:452,1
DA:454,3
DA:455,3
DA:456,0
DA:457,3
DA:464,3
DA:465,3
DA:466,3
DA:467,0
DA:468,0
DA:469,3
DA:471,10
DA:472,10
DA:473,1
DA:474,9
DA:484,0
DA:485,1
DA:503,10
DA:505,4
DA:506,4
DA:507,4
DA:508,4
DA:509,4
DA:510,4
DA:511,4
DA:512,0
DA:513,1
DA:514,3
DA:515,0
DA:516,0
DA:518,4
DA:520,0
DA:521,0
DA:522,0
DA:523,0
DA:524,0
DA:525,0
DA:526,0
DA:527,0
DA:528,0
DA:529,0
DA:530,0
DA:531,0
DA:532,0
DA:535,0
DA:536,0
DA:537,0
DA:538,0
DA:539,0
DA:540,0
DA:541,0
DA:544,0
DA:545,0
DA:546,0
DA:547,0
DA:548,0
DA:549,0
DA:550,0
DA:553,0
DA:554,0
DA:555,0
DA:556,0
DA:557,0
DA:558,0
DA:559,0
DA:560,0
DA:561,0
DA:562,0
DA:563,0
DA:564,0
DA:565,0
DA:566,0
DA:567,0
DA:568,0
DA:569,0
DA:570,0
DA:571,0
DA:572,0
DA:573,0
DA:574,0
DA:575,0
DA:577,0
DA:578,0
DA:579,0
DA:581,0
DA:583,0
DA:584,0
DA:585,0
DA:586,0
DA:587,0
DA:588,0
DA:589,0
DA:590,0
DA:591,0
DA:592,0
DA:593,0
DA:594,0
DA:595,0
DA:596,0
DA:598,0
DA:599,0
DA:601,0
DA:602,0
DA:603,0
DA:605,2
DA:606,2
DA:607,1
DA:609,1
DA:611,2
DA:612,0
DA:614,0
DA:616,0
DA:617,2
DA:637,0
DA:638,0
DA:639,0
DA:640,0
DA:641,0
DA:642,0
DA:644,0
DA:645,0
DA:648,0
DA:649,0
DA:651,0
DA:652,0
DA:653,0
DA:654,0
DA:655,0
DA:656,0
DA:657,0
DA:658,0
DA:659,0
DA:660,0
DA:661,0
DA:662,0
DA:665,0
DA:667,0
DA:668,0
DA:669,0
DA:670,0
DA:671,0
DA:672,0
DA:673,0
DA:674,0
DA:675,0
DA:676,0
DA:677,0
DA:678,0
DA:679,0
DA:681,0
DA:682,0
DA:683,0
DA:684,0
DA:686,0
DA:688,0
DA:689,0
DA:690,0
DA:691,0
DA:692,0
DA:693,0
DA:694,0
DA:695,0
DA:696,0
DA:698,0
DA:702,0
DA:704,0
DA:705,0
DA:707,0
DA:708,0
DA:709,0
DA:710,0
DA:711,0
DA:712,0
DA:713,0
DA:714,0
DA:715,0
DA:717,0
DA:719,0
DA:720,0
DA:722,0
DA:723,0
DA:725,0
DA:726,0
DA:727,0
DA:728,0
DA:729,0
DA:730,0
DA:731,0
DA:732,0
DA:733,0
DA:734,0
DA:735,0
DA:737,0
DA:738,0
DA:739,0
DA:741,0
DA:742,0
DA:745,0
DA:747,0
DA:748,0
DA:750,0
DA:752,0
DA:753,0
DA:754,0
DA:755,0
DA:756,0
DA:757,0
DA:758,0
DA:759,0
DA:760,0
DA:763,0
DA:764,0
DA:766,0
DA:767,0
DA:768,0
DA:769,0
DA:770,0
DA:771,0
DA:774,0
DA:775,0
DA:776,0
DA:777,0
DA:778,0
DA:779,0
DA:780,0
DA:781,0
DA:783,0
DA:784,0
DA:785,0
DA:786,0
DA:787,0
DA:788,0
DA:789,0
DA:790,0
DA:791,0
DA:794,0
DA:795,0
DA:796,0
DA:797,0
DA:798,0
DA:799,0
DA:800,0
DA:801,0
DA:802,0
DA:803,0
DA:804,0
DA:805,0
DA:806,0
DA:808,0
DA:809,0
DA:810,0
DA:811,0
DA:812,0
DA:813,0
DA:814,0
DA:815,0
DA:816,0
DA:817,0
DA:818,0
DA:819,0
DA:820,0
DA:821,0
DA:822,0
DA:823,0
DA:824,0
DA:825,0
DA:827,0
DA:828,0
DA:829,0
DA:830,0
DA:831,0
DA:832,0
DA:834,0
DA:835,0
DA:836,0
DA:837,0
DA:838,0
DA:839,0
DA:840,0
DA:841,0
DA:842,0
DA:843,0
DA:844,0
DA:845,0
DA:846,0
DA:847,0
DA:848,0
DA:849,0
DA:851,0
DA:852,0
DA:853,0
DA:854,0
DA:855,0
DA:856,0
DA:857,0
DA:858,0
DA:859,0
DA:860,0
DA:861,0
DA:862,0
DA:863,0
DA:864,0
DA:865,0
DA:866,0
DA:867,0
DA:868,0
DA:869,0
DA:870,0
DA:871,0
DA:872,0
DA:873,0
DA:874,0
DA:875,0
DA:876,0
DA:877,0
DA:878,0
DA:879,0
DA:880,0
DA:883,0
DA:884,0
DA:885,0
DA:886,0
DA:887,0
DA:888,0
DA:889,0
DA:890,0
DA:891,0
DA:892,0
DA:893,0
DA:894,0
DA:895,0
DA:896,0
DA:898,0
DA:899,0
DA:900,0
DA:901,0
DA:902,0
DA:903,0
DA:905,0
DA:907,0
DA:909,0
DA:910,0
DA:912,0
DA:914,0
DA:916,0
DA:918,3
DA:919,3
DA:920,1
DA:922,2
DA:923,2
DA:924,2
DA:925,2
DA:927,3
DA:929,2
DA:930,2
DA:931,2
DA:932,2
DA:933,2
DA:934,2
DA:936,2
DA:937,2
DA:938,2
DA:939,2
DA:940,2
DA:941,2
DA:943,4
DA:944,4
DA:945,4
DA:946,4
DA:947,4
DA:948,4
DA:949,4
DA:951,3
DA:952,3
DA:953,3
DA:955,2
DA:956,2
DA:957,2
DA:959,1
DA:960,8
DA:961,8
DA:962,8
DA:963,8
DA:964,1
DA:966,3
DA:967,3
DA:968,2
DA:969,2
DA:970,2
DA:971,2
DA:972,3
DA:974,1
DA:975,1
DA:976,1
DA:977,1
DA:978,1
DA:979,1
DA:980,1
DA:981,1
DA:982,1
DA:984,2
DA:985,2
DA:986,2
DA:988,1
DA:989,1
DA:990,1
DA:992,5
DA:993,5
DA:994,5
DA:996,2
DA:997,2
DA:998,2
DA:1000,2
DA:1001,2
DA:1002,2
DA:1004,4
DA:1005,4
DA:1006,4
DA:1008,2
DA:1009,2
DA:1010,2
DA:1012,3
DA:1013,3
DA:1014,3
DA:1016,6
DA:1017,6
DA:1018,4
DA:1020,2
DA:1022,6
DA:1024,4
DA:1025,4
DA:1026,4
DA:1027,4
DA:1028,4
DA:1029,4
DA:1030,5
DA:1031,5
DA:1032,5
DA:1034,4
DA:1035,4
DA:1037,3
DA:1038,3
DA:1041,2
DA:1042,0
DA:1043,0
DA:1044,0
DA:1045,0
DA:1046,2
DA:1048,2
DA:1049,2
DA:1050,2
DA:1051,2
DA:1052,0
DA:1053,0
DA:1054,0
DA:1055,0
DA:1056,0
DA:1057,0
DA:1058,0
DA:1059,0
DA:1060,0
DA:1061,0
DA:1062,0
DA:1063,0
DA:1064,0
DA:1065,0
DA:1069,0
DA:1070,0
DA:1071,0
DA:1072,0
DA:1073,0
DA:1074,0
DA:1076,0
DA:1077,0
DA:1078,0
DA:1079,0
DA:1084,0
DA:1085,0
DA:1086,0
DA:1087,0
DA:1090,0
DA:1091,0
DA:1095,0
DA:1099,0
DA:1100,0
DA:1102,0
DA:1104,0
DA:1105,0
DA:1106,0
DA:1107,0
DA:1108,0
DA:1109,0
DA:1111,0
DA:1114,0
DA:1116,0
DA:1117,0
DA:1118,0
DA:1119,0
DA:1120,0
DA:1121,0
DA:1122,0
DA:1133,0
DA:1134,0
DA:1136,0
DA:1138,0
DA:1140,0
DA:1141,0
DA:1142,0
DA:1143,0
DA:1144,0
DA:1145,0
DA:1148,0
DA:1150,0
DA:1151,0
DA:1152,0
DA:1153,0
DA:1154,0
DA:1155,0
DA:1156,0
DA:1157,0
DA:1158,0
DA:1159,0
DA:1160,0
DA:1161,0
DA:1163,0
DA:1166,0
DA:1167,0
DA:1168,0
DA:1169,0
DA:1170,0
DA:1171,0
DA:1172,0
DA:1173,0
DA:1174,0
DA:1175,0
DA:1177,0
DA:1178,0
DA:1179,0
DA:1180,0
DA:1182,0
DA:1183,0
DA:1184,0
DA:1185,0
DA:1186,0
DA:1187,0
DA:1188,0
DA:1189,0
DA:1191,0
DA:1192,0
DA:1193,0
DA:1194,0
DA:1195,0
DA:1197,0
DA:1198,0
DA:1199,0
DA:1202,0
DA:1203,0
DA:1204,0
DA:1205,0
DA:1206,0
DA:1207,0
DA:1209,0
DA:1210,0
DA:1211,0
DA:1212,0
DA:1213,0
DA:1214,0
DA:1215,0
DA:1216,0
DA:1217,0
DA:1218,0
DA:1219,0
DA:1221,0
DA:1222,0
DA:1223,0
DA:1225,0
DA:1226,0
DA:1227,0
DA:1228,0
DA:1229,0
DA:1230,0
DA:1231,0
DA:1235,0
DA:1236,0
DA:1239,0
DA:1240,0
DA:1241,0
DA:1242,0
DA:1243,0
DA:1244,0
DA:1245,0
DA:1246,0
DA:1256,0
DA:1257,0
DA:1259,0
DA:1260,0
DA:1261,0
DA:1262,0
DA:1263,0
DA:1264,0
DA:1265,0
DA:1266,0
DA:1267,0
DA:1268,0
DA:1270,0
DA:1271,0
DA:1272,0
DA:1274,0
DA:1275,0
DA:1276,0
DA:1277,0
DA:1278,0
DA:1279,0
DA:1280,0
DA:1282,0
DA:1283,0
DA:1284,0
DA:1285,0
DA:1286,0
DA:1287,0
DA:1288,0
DA:1289,0
DA:1290,0
DA:1291,0
DA:1292,0
DA:1293,0
DA:1294,0
DA:1295,0
DA:1296,0
DA:1297,0
DA:1298,0
DA:1299,0
DA:1300,0
DA:1301,0
DA:1302,0
DA:1303,0
DA:1304,0
DA:1305,0
DA:1306,0
DA:1307,0
DA:1308,0
DA:1309,0
DA:1310,0
DA:1311,0
DA:1312,0
DA:1313,0
DA:1315,0
DA:1316,0
DA:1317,0
DA:1318,0
DA:1319,0
DA:1320,0
DA:1321,0
DA:1322,0
DA:1323,0
DA:1324,0
DA:1325,0
DA:1326,0
DA:1327,0
DA:1328,0
DA:1329,0
DA:1330,0
DA:1331,0
DA:1332,0
DA:1333,0
DA:1334,0
DA:1336,0
DA:1337,0
DA:1338,0
DA:1339,0
DA:1340,0
DA:1341,0
DA:1342,0
DA:1343,0
DA:1344,0
DA:1345,0
DA:1346,0
DA:1347,0
DA:1348,0
DA:1349,0
DA:1350,0
DA:1351,0
DA:1352,0
DA:1353,0
DA:1354,0
DA:1355,0
DA:1356,0
DA:1357,0
DA:1360,0
DA:1361,0
DA:1362,0
DA:1363,0
DA:1364,0
DA:1365,0
DA:1366,0
DA:1367,0
DA:1368,0
DA:1369,0
DA:1370,0
DA:1371,0
DA:1372,0
DA:1373,0
DA:1374,0
DA:1375,0
DA:1376,0
DA:1377,0
DA:1378,0
DA:1379,0
DA:1380,0
DA:1381,0
DA:1383,0
DA:1385,0
DA:1386,0
DA:1387,0
DA:1388,0
DA:1389,0
DA:1390,0
DA:1391,0
DA:1392,0
DA:1393,0
DA:1394,0
DA:1395,0
DA:1396,0
DA:1400,0
DA:1401,0
DA:1402,0
DA:1403,0
DA:1404,0
DA:1405,0
DA:1406,0
DA:1409,0
DA:1410,0
DA:1411,0
DA:1414,0
DA:1415,0
DA:1416,0
DA:1417,0
DA:1418,0
DA:1419,0
DA:1420,0
DA:1422,0
DA:1423,0
DA:1424,0
DA:1425,0
DA:1426,0
DA:1427,0
DA:1428,0
DA:1429,0
DA:1430,0
DA:1431,0
DA:1432,0
DA:1433,0
DA:1434,0
DA:1436,0
DA:1439,0
DA:1440,0
DA:1441,0
DA:1442,0
DA:1443,0
DA:1445,0
DA:1446,0
DA:1447,0
DA:1448,0
DA:1449,0
DA:1451,0
DA:1459,0
DA:1460,0
DA:1461,0
DA:1462,0
DA:1463,0
DA:1465,0
DA:1466,0
DA:1467,0
DA:1468,0
DA:1469,0
DA:1470,0
DA:1471,0
DA:1472,0
DA:1473,0
DA:1474,0
DA:1475,0
DA:1476,0
DA:1477,0
DA:1478,0
DA:1479,0
DA:1480,0
DA:1481,0
DA:1482,0
DA:1483,0
DA:1484,0
DA:1485,0
DA:1488,0
DA:1489,0
DA:1490,0
DA:1491,0
DA:1492,0
DA:1493,0
DA:1495,0
DA:1496,0
DA:1497,0
DA:1498,0
DA:1499,0
DA:1500,0
DA:1501,0
DA:1502,0
DA:1503,0
DA:1504,0
DA:1505,0
DA:1506,0
DA:1507,0
DA:1508,0
DA:1510,0
DA:1511,0
DA:1513,0
DA:1514,0
DA:1515,0
DA:1516,0
DA:1517,0
DA:1518,0
DA:1519,0
DA:1520,0
DA:1521,0
DA:1522,0
DA:1523,0
DA:1524,0
DA:1525,0
DA:1526,0
DA:1527,0
DA:1528,0
DA:1529,0
DA:1530,0
DA:1531,0
DA:1532,0
DA:1533,0
DA:1534,0
DA:1535,0
DA:1536,0
DA:1537,0
DA:1538,0
DA:1539,0
DA:1540,0
DA:1541,0
DA:1543,0
DA:1547,0
DA:1548,0
DA:1549,0
DA:1550,0
DA:1551,0
DA:1553,0
DA:1555,0
DA:1556,0
DA:1557,0
DA:1558,0
DA:1560,0
DA:1561,0
DA:1562,0
DA:1563,0
DA:1564,0
DA:1567,0
DA:1568,0
DA:1570,0
DA:1571,0
DA:1574,0
DA:1581,0
DA:1582,0
DA:1583,0
DA:1584,0
DA:1585,0
DA:1586,0
DA:1587,0
DA:1589,0
DA:1590,0
DA:1591,0
DA:1592,0
DA:1593,0
DA:1594,0
DA:1595,0
DA:1596,0
DA:1597,0
DA:1598,0
DA:1599,0
DA:1600,0
DA:1601,0
DA:1603,0
DA:1604,0
DA:1605,0
DA:1606,0
DA:1609,0
DA:1610,0
DA:1611,0
DA:1612,0
DA:1613,0
DA:1614,0
DA:1617,0
DA:1618,0
DA:1620,0
DA:1621,0
DA:1622,0
DA:1623,0
DA:1624,0
DA:1625,0
DA:1626,0
DA:1627,0
DA:1628,0
DA:1629,0
DA:1630,0
DA:1632,0
DA:1634,0
DA:1635,0
DA:1636,0
DA:1637,0
DA:1641,0
DA:1642,0
DA:1643,0
DA:1644,0
DA:1646,0
DA:1647,0
DA:1651,0
DA:1652,0
DA:1653,0
DA:1654,0
DA:1656,0
DA:1657,0
DA:1660,0
DA:1662,0
DA:1663,0
DA:1664,0
DA:1665,0
DA:1666,0
DA:1667,0
DA:1668,0
DA:1669,0
DA:1670,0
DA:1671,0
DA:1672,0
DA:1673,0
DA:1674,0
DA:1675,0
DA:1676,0
DA:1677,0
DA:1678,0
DA:1679,0
DA:1680,0
DA:1682,0
DA:1683,0
DA:1684,0
DA:1686,0
DA:1687,0
DA:1688,0
DA:1689,0
DA:1691,0
DA:1692,0
DA:1693,0
DA:1694,0
DA:1697,0
DA:1698,0
DA:1699,0
DA:1700,0
DA:1701,0
DA:1702,0
DA:1703,0
DA:1704,0
DA:1705,0
DA:1707,0
DA:1708,0
DA:1709,0
DA:1710,0
DA:1711,0
DA:1712,0
DA:1713,0
DA:1714,0
DA:1715,0
DA:1717,0
DA:1718,0
DA:1719,0
DA:1721,0
DA:1722,0
DA:1723,0
DA:1724,0
DA:1725,0
DA:1726,0
DA:1727,0
DA:1728,0
DA:1729,0
DA:1730,0
DA:1731,0
DA:1732,0
DA:1733,0
DA:1734,0
DA:1735,0
DA:1736,0
DA:1737,0
DA:1738,0
DA:1739,0
DA:1740,0
DA:1741,0
DA:1742,0
DA:1743,0
DA:1744,0
DA:1745,0
DA:1746,0
DA:1747,0
DA:1748,0
DA:1749,0
DA:1751,0
DA:1752,0
DA:1753,0
DA:1754,0
DA:1755,0
DA:1756,0
DA:1757,0
DA:1758,0
DA:1759,0
DA:1760,0
DA:1761,0
DA:1763,0
DA:1764,0
DA:1767,0
DA:1768,0
DA:1769,0
DA:1770,0
DA:1771,0
DA:1772,0
DA:1773,0
DA:1774,0
DA:1775,0
DA:1776,0
DA:1777,0
DA:1778,0
DA:1779,0
DA:1780,0
DA:1781,0
DA:1782,0
DA:1783,0
DA:1785,0
DA:1786,0
DA:1787,0
DA:1788,0
DA:1789,0
DA:1791,0
DA:1792,0
DA:1793,0
DA:1794,0
DA:1795,0
DA:1796,0
DA:1797,0
DA:1799,0
DA:1800,0
DA:1801,0
DA:1802,0
DA:1803,3
DA:1805,3
DA:1806,3
DA:1807,3
DA:1808,3
DA:1810,2
DA:1811,2
DA:1812,2
DA:1813,0
DA:1815,2
DA:1817,2
DA:1818,2
DA:1820,2
DA:1821,2
DA:1822,2
DA:1823,2
DA:1824,2
DA:1825,0
DA:1828,0
DA:1829,2
DA:1830,2
DA:1831,2
DA:1834,2
DA:1835,2
DA:1838,2
DA:1839,2
DA:1840,2
DA:1841,2
DA:1843,2
DA:1844,2
DA:1845,2
DA:1846,0
DA:1848,2
DA:1849,2
DA:1850,0
DA:1854,2
DA:1855,0
DA:1856,0
DA:1857,0
DA:1858,0
DA:1859,0
DA:1860,0
DA:1861,0
DA:1862,0
DA:1863,0
DA:1864,0
DA:1865,0
DA:1866,0
DA:1867,0
DA:1868,0
DA:1869,0
DA:1870,0
DA:1871,0
DA:1872,0
DA:1873,0
DA:1874,0
DA:1875,0
DA:1876,0
DA:1877,0
DA:1878,0
DA:1879,0
DA:1880,0
DA:1881,0
DA:1882,0
DA:1883,0
DA:1885,2
DA:1887,2
DA:1888,2
DA:1889,2
DA:1890,2
DA:1891,2
DA:1892,2
DA:1894,0
DA:1895,0
DA:1896,0
DA:1897,0
DA:1898,0
DA:1899,0
DA:1901,0
DA:1902,0
DA:1903,0
DA:1904,0
DA:1905,0
DA:1907,0
DA:1910,2
DA:1913,2
DA:1914,2
DA:1915,2
DA:1916,2
DA:1917,2
DA:1918,2
DA:1919,2
DA:1920,2
DA:1921,2
DA:1922,2
DA:1923,2
DA:1924,2
DA:1925,2
DA:1926,2
DA:1927,2
DA:1928,2
DA:1929,2
DA:1930,2
DA:1931,3
DA:1933,11
DA:1934,11
DA:1935,11
DA:1936,11
DA:1937,11
DA:1938,11
DA:1939,11
DA:1940,11
DA:1941,2
DA:1942,9
DA:1943,9
DA:1944,1
DA:1947,8
DA:1948,8
DA:1949,8
DA:1950,8
DA:1952,8
DA:1953,4
DA:1954,4
DA:1955,1
DA:1957,3
DA:1959,11
DA:1961,16
DA:1962,16
DA:1963,4
DA:1964,2
DA:1965,1
DA:1966,1
DA:1967,1
DA:1968,1
DA:1969,1
DA:1970,1
DA:1971,4
DA:1973,16
DA:1992,1
DA:1993,1
DA:1994,1
DA:1995,3
DA:1996,1
DA:1997,1
DA:1999,2
DA:2000,2
DA:2001,2
DA:2002,2
DA:2003,2
DA:2005,4
DA:2006,4
DA:2007,4
DA:2008,3
DA:2009,2
DA:2010,2
DA:2011,2
DA:2014,4
DA:2015,6
DA:2016,4
DA:2017,2
DA:2018,2
DA:2019,2
DA:2022,2
DA:2023,2
DA:2025,4
DA:2026,4
DA:2027,1
DA:2028,3
DA:2030,3
DA:2032,3
DA:2033,1
DA:2034,2
DA:2035,3
DA:2036,1
DA:2037,2
DA:2038,3
DA:2039,1
DA:2040,2
DA:2041,3
DA:2042,1
DA:2043,2
DA:2045,3
DA:2046,2
DA:2047,2
DA:2048,3
DA:2049,1
DA:2050,2
DA:2051,3
DA:2052,1
DA:2053,2
DA:2054,3
DA:2055,2
DA:2056,2
DA:2058,3
DA:2059,4
DA:2061,8
DA:2062,8
DA:2063,8
DA:2064,8
DA:2065,8
DA:2066,8
DA:2067,64
DA:2068,64
DA:2069,64
DA:2071,7
DA:2072,5
DA:2073,2
DA:2077,3
DA:2078,2
DA:2079,1
DA:2082,54
DA:2085,8
DA:2086,8
DA:2088,1
DA:2089,1
DA:2090,0
DA:2091,0
DA:2092,0
DA:2093,1
DA:2094,1
DA:2095,1
DA:2096,1
DA:2098,1
DA:2101,1
DA:2103,5
DA:2104,5
DA:2105,5
DA:2106,5
DA:2107,5
DA:2108,2
DA:2109,1
DA:2110,1
DA:2111,1
DA:2112,1
DA:2113,1
DA:2114,1
DA:2115,5
DA:2117,2
DA:2118,2
DA:2119,1
DA:2121,1
DA:2123,2
DA:2125,3
DA:2126,3
DA:2127,1
DA:2128,2
DA:2129,2
DA:2130,1
DA:2132,1
DA:2134,2
DA:2135,3
DA:2137,2
DA:2139,2
DA:2140,2
DA:2141,61442
DA:2142,61442
DA:2143,61442
DA:2144,2
DA:2145,2
DA:2147,4
DA:2148,4
DA:2149,2
DA:2151,2
DA:2152,2
DA:2155,2
DA:2157,2
DA:2162,4
DA:2164,1
DA:2165,1
DA:2166,1
DA:2167,1
DA:2168,1
DA:2169,1
DA:2170,1
DA:2171,1
DA:2172,1
DA:2173,1
DA:2176,1
DA:2177,1
DA:2178,1
DA:2180,1
DA:2181,1
DA:2182,1
DA:2187,1
DA:2188,1
DA:2189,1
DA:2190,1
DA:2191,1
DA:2192,1
DA:2193,1
DA:2194,1
DA:2195,1
DA:2199,1
DA:2200,1
DA:2201,1
DA:2202,0
DA:2204,1
DA:2207,1
DA:2208,1
DA:2209,1
DA:2211,1
DA:2212,1
DA:2213,1
DA:2214,1
DA:2215,0
DA:2216,0
DA:2217,0
DA:2218,0
DA:2219,0
DA:2220,0
DA:2222,1
DA:2223,0
DA:2224,0
DA:2225,0
DA:2226,0
DA:2227,0
DA:2228,0
DA:2229,0
DA:2230,0
DA:2231,0
DA:2232,0
DA:2233,0
DA:2234,0
DA:2235,1
DA:2236,1
DA:2237,0
DA:2238,0
DA:2239,0
DA:2240,0
DA:2241,0
DA:2242,0
DA:2243,0
DA:2244,0
DA:2245,1
DA:2256,1
DA:2257,1
DA:2263,1
DA:2267,1
DA:2268,1
DA:2269,1
DA:2270,1
DA:2271,1
DA:2272,1
DA:2273,1
DA:2274,1
DA:2275,1
DA:2276,1
DA:2277,1
DA:2278,1
DA:2279,1
DA:2280,1
DA:2281,1
DA:2282,1
DA:2283,1
DA:2284,1
DA:2286,1
DA:2287,1
DA:2288,1
DA:2289,1
DA:2290,1
DA:2291,1
DA:2292,1
DA:2293,1
DA:2294,1
DA:2295,1
DA:2297,1
DA:2298,1
DA:2300,1
DA:2301,1
DA:2302,1
DA:2303,1
DA:2336,1
DA:2337,1
DA:2338,1
DA:2339,1
DA:2340,1
DA:2341,1
DA:2342,1
DA:2343,1
DA:2344,1
DA:2345,1
DA:2346,1
DA:2347,1
DA:2349,5
DA:2351,5
DA:2352,5
DA:2368,3
DA:2369,3
DA:2370,3
DA:2371,3
DA:2372,3
DA:2373,3
DA:2374,3
DA:2375,3
DA:2376,3
DA:2377,3
DA:2378,3
DA:2379,3
DA:2383,4
DA:2384,4
DA:2385,4
DA:2386,4
DA:2387,4
DA:2388,4
DA:2390,1
DA:2391,1
DA:2392,1
DA:2393,1
DA:2394,1
DA:2395,1
DA:2396,1
DA:2397,1
DA:2398,1
DA:2400,3
DA:2401,3
DA:2402,3
DA:2403,3
DA:2404,3
DA:2405,3
DA:2406,3
DA:2408,1
DA:2409,1
DA:2410,1
DA:2411,1
DA:2412,1
DA:2413,1
DA:2414,1
DA:2415,1
DA:2419,1
DA:2420,1
DA:2421,1
DA:2422,1
DA:2426,1
DA:2427,1
DA:2428,1
DA:2431,1
DA:2434,1
DA:2435,1
DA:2436,1
DA:2437,1
DA:2440,1
DA:2441,1
DA:2442,1
DA:2444,1
DA:2445,1
DA:2447,1
DA:2448,1
DA:2450,1
DA:2451,1
DA:2453,1
DA:2454,1
DA:2456,1
DA:2457,1
DA:2458,1
DA:2461,1
DA:2462,1
DA:2463,1
DA:2464,1
DA:2467,1
DA:2468,1
DA:2469,1
DA:2471,1
DA:2472,1
DA:2474,1
DA:2475,1
DA:2476,1
DA:2477,1
DA:2478,1
DA:2479,1
DA:2481,1
DA:2482,1
DA:2483,1
DA:2484,1
DA:2485,1
DA:2486,1
DA:2489,1
DA:2490,1
DA:2491,1
DA:2493,1
DA:2494,1
DA:2496,1
DA:2497,1
DA:2498,1
DA:2499,1
DA:2500,1
DA:2503,1
DA:2504,1
DA:2505,1
DA:2507,1
DA:2509,1
DA:2510,1
DA:2511,1
DA:2512,1
DA:2513,1
DA:2514,1
DA:2517,1
DA:2518,1
DA:2519,1
DA:2521,1
DA:2522,1
DA:2523,1
DA:2524,1
DA:2525,1
DA:2526,1
DA:2529,1
DA:2530,1
DA:2531,1
DA:2533,1
DA:2534,1
DA:2535,1
DA:2540,1
DA:2542,220
DA:2543,1
DA:2544,1
DA:2547,1
DA:2548,1
DA:2549,1
DA:2550,1
DA:2551,1
DA:2552,1
DA:2555,1
DA:2556,1
DA:2557,1
DA:2558,1
DA:2559,1
DA:2562,1
DA:2563,1
DA:2567,1
DA:2568,1
DA:2569,1
DA:2573,1
DA:2574,1
DA:2575,1
DA:2576,1
DA:2577,1
DA:2578,1
DA:2579,1
DA:2580,1
DA:2581,1
DA:2582,1
DA:2583,1
DA:2584,1
DA:2585,1
DA:2592,1
DA:2593,1
DA:2594,1
DA:2601,1
DA:2602,1
DA:2603,1
DA:2604,1
DA:2605,1
DA:2606,1
DA:2607,1
DA:2614,1
DA:2615,1
DA:2616,1
DA:2619,1
DA:2620,1
DA:2621,1
DA:2624,1
DA:2625,1
DA:2628,1
DA:2629,1
DA:2632,1
DA:2633,1
DA:2636,1
DA:2637,1
DA:2640,1
DA:2641,1
DA:2642,1
DA:2643,1
DA:2644,1
DA:2645,1
DA:2647,1
DA:2648,1
DA:2651,1
DA:2652,1
DA:2655,1
DA:2656,1
DA:2659,1
DA:2660,1
DA:2663,1
DA:2664,1
DA:2667,1
DA:2670,1
DA:2671,1
DA:2672,1
DA:2675,1
DA:2676,1
DA:2679,1
DA:2682,1
DA:2683,1
DA:2684,1
DA:2685,1
DA:2687,1
DA:2688,1
DA:2689,1
DA:2692,1
DA:2695,1
DA:2696,1
DA:2697,1
DA:2700,1
DA:2701,1
DA:2702,1
DA:2703,1
DA:2704,1
DA:2705,1
DA:2706,1
DA:2707,1
DA:2708,1
DA:2709,1
DA:2710,1
DA:2711,1
DA:2714,1
DA:2715,1
DA:2716,1
DA:2717,1
DA:2719,1
DA:2720,1
DA:2721,1
DA:2723,1
DA:2724,1
DA:2725,1
DA:2726,1
DA:2729,1
DA:2730,1
DA:2731,1
DA:2732,1
DA:2734,1
DA:2735,1
DA:2740,1
DA:2741,1
DA:2742,1
DA:2743,1
DA:2744,1
DA:2745,1
DA:2746,1
DA:2747,1
DA:2748,1
DA:2749,1
DA:2750,1
DA:2751,1
DA:2752,1
DA:2755,1
DA:2756,1
DA:2757,1
DA:2758,1
DA:2760,1
DA:2761,1
DA:2762,1
DA:2764,1
DA:2765,1
DA:2766,1
DA:2767,1
DA:2770,1
DA:2771,1
DA:2772,1
DA:2773,1
DA:2774,1
DA:2775,1
DA:2776,1
DA:2777,1
DA:2780,1
DA:2781,1
DA:2782,1
DA:2783,1
DA:2784,1
DA:2785,0
DA:2788,1
DA:2790,1
DA:2791,1
DA:2793,1
DA:2794,1
DA:2796,0
DA:2799,1
DA:2801,1
DA:2802,1
DA:2804,1
DA:2805,1
DA:2807,1
DA:2810,0
DA:2812,1
DA:2815,1
DA:2816,1
DA:2817,1
DA:2820,1
DA:2821,1
DA:2822,1
DA:2823,1
DA:2824,1
DA:2825,1
DA:2828,1
DA:2829,1
DA:2830,1
DA:2831,1
DA:2833,1
DA:2834,1
DA:2835,1
DA:2836,1
DA:2840,1
DA:2841,1
DA:2842,1
DA:2844,1
DA:2845,1
DA:2846,1
DA:2847,1
DA:2849,1
DA:2850,1
DA:2851,1
DA:2852,1
DA:2854,1
DA:2855,1
DA:2857,1
DA:2858,1
DA:2859,1
DA:2860,1
DA:2863,1
DA:2864,1
DA:2865,1
DA:2866,1
DA:2867,1
DA:2869,1
DA:2870,1
DA:2871,1
DA:2872,1
DA:2873,1
DA:2874,1
DA:2877,1
DA:2878,1
DA:2879,1
DA:2880,1
DA:2881,1
DA:2882,1
DA:2884,1
DA:2885,1
DA:2887,1
DA:2888,1
DA:2889,1
DA:2892,1
DA:2893,1
DA:2894,1
DA:2895,1
DA:2896,1
DA:2897,1
DA:2898,1
DA:2899,1
DA:2900,1
DA:2901,1
DA:2902,1
DA:2903,1
DA:2904,1
DA:2905,1
DA:2906,1
DA:2907,1
DA:2908,1
DA:2909,1
DA:2910,1
DA:2911,1
DA:2912,1
DA:2913,1
DA:2915,1
DA:2916,1
DA:2917,1
DA:2918,1
DA:2919,1
DA:2920,1
DA:2921,1
DA:2923,1
DA:2926,1
DA:2927,1
DA:2928,1
DA:2929,1
DA:2930,1
DA:2931,1
DA:2932,1
DA:2934,1
DA:2935,1
DA:2936,1
DA:2937,1
DA:2938,1
DA:2939,1
DA:2940,1
DA:2941,1
DA:2944,1
DA:2947,1
DA:2948,1
DA:2949,1
DA:2951,1
DA:2952,1
DA:2953,1
DA:2955,1
DA:2956,1
DA:2957,1
DA:2958,1
DA:2959,1
DA:2962,1
DA:2963,1
DA:2965,1
DA:2966,1
DA:2968,1
DA:2969,1
DA:2971,1
DA:2975,1
DA:2976,1
DA:2977,1
DA:2980,1
DA:2981,1
DA:2982,1
DA:2984,1
DA:2985,1
DA:2987,1
DA:2988,1
DA:2989,1
DA:2992,1
DA:2993,1
DA:2997,1
DA:3002,1
DA:3005,1
DA:3006,1
DA:3007,1
DA:3008,1
DA:3010,1
DA:3011,1
DA:3013,1
DA:3014,1
DA:3015,1
DA:3016,1
DA:3019,1
DA:3020,1
DA:3021,1
DA:3022,1
DA:3023,1
DA:3025,1
DA:3026,1
DA:3028,1
DA:3029,1
DA:3031,1
DA:3032,1
DA:3034,1
DA:3035,1
DA:3036,1
DA:3039,1
DA:3040,1
DA:3042,1
DA:3043,1
DA:3045,1
DA:3047,1
DA:3048,1
DA:3049,1
DA:3053,1
DA:3054,1
DA:3055,1
DA:3056,1
DA:3058,1
DA:3059,1
DA:3062,1
DA:3063,1
DA:3064,1
DA:3065,1
DA:3067,1
DA:3068,1
DA:3069,1
DA:3070,1
DA:3073,1
DA:3074,1
DA:3075,1
DA:3076,1
DA:3077,1
DA:3078,1
DA:3079,1
DA:3080,1
DA:3082,1
DA:3083,1
DA:3084,1
DA:3086,1
DA:3087,1
DA:3088,1
DA:3090,1
DA:3091,1
DA:3093,1
DA:3094,1
DA:3095,1
DA:3096,1
DA:3097,1
DA:3098,1
DA:3100,1
DA:3101,1
DA:3102,1
DA:3103,1
DA:3106,1
DA:3107,1
DA:3108,1
DA:3109,1
DA:3110,1
DA:3111,1
DA:3112,1
DA:3114,1
DA:3115,1
DA:3116,1
DA:3117,1
DA:3119,1
DA:3120,1
DA:3121,1
DA:3122,1
DA:3123,1
DA:3126,1
DA:3127,1
DA:3128,1
DA:3130,1
DA:3131,1
DA:3132,1
DA:3133,1
DA:3135,1
DA:3136,1
DA:3139,1
DA:3140,1
DA:3143,1
DA:3144,1
DA:3145,1
DA:3146,1
DA:3147,1
DA:3150,1
DA:3151,1
DA:3152,1
DA:3153,1
DA:3154,1
DA:3156,1
DA:3157,1
DA:3158,1
DA:3159,1
DA:3160,1
DA:3161,1
DA:3164,1
DA:3165,1
DA:3166,1
DA:3168,1
DA:3169,1
DA:3170,1
DA:3171,1
DA:3172,1
DA:3173,1
DA:3174,1
DA:3176,1
DA:3177,1
DA:3179,1
DA:3180,1
DA:3181,1
DA:3182,1
DA:3184,1
DA:3185,1
DA:3186,1
BRF:0
BRH:0
LF:2259
LH:1133
end_of_record
SF:/app/crates/nes-desktop/src/manual_state.rs
FN:166,_RNCNvNtCsdQCvmgkOpcB_11nes_desktop12manual_state15save_state_file0B5_
FN:181,_RNCNvNtCsdQCvmgkOpcB_11nes_desktop12manual_state15save_state_files0_0B5_
FN:180,_RNCNvNtCsdQCvmgkOpcB_11nes_desktop12manual_state15save_state_files_0B5_
FN:275,_RNCNvNtCsdQCvmgkOpcB_11nes_desktop12manual_state18read_slot_metadata0B5_
FN:276,_RNCNvNtCsdQCvmgkOpcB_11nes_desktop12manual_state18read_slot_metadatas_0B5_
FN:132,_RNCNvNtCsdQCvmgkOpcB_11nes_desktop12manual_state18slot_paths_for_rom0B5_
FN:70,_RNCNvNtCsdQCvmgkOpcB_11nes_desktop12manual_state20read_save_state_file0B5_
FN:71,_RNCNvNtCsdQCvmgkOpcB_11nes_desktop12manual_state20read_save_state_files_0B5_
FN:90,_RNCNvNtCsdQCvmgkOpcB_11nes_desktop12manual_state21slot_number_from_path0B5_
FN:93,_RNCNvNtCsdQCvmgkOpcB_11nes_desktop12manual_state21slot_number_from_paths0_0B5_
FN:101,_RNCNvNtCsdQCvmgkOpcB_11nes_desktop12manual_state21slot_number_from_paths1_0B5_
FN:107,_RNCNvNtCsdQCvmgkOpcB_11nes_desktop12manual_state21slot_number_from_paths2_0B5_
FN:91,_RNCNvNtCsdQCvmgkOpcB_11nes_desktop12manual_state21slot_number_from_paths_0B5_
FN:41,_RNCNvNtCsdQCvmgkOpcB_11nes_desktop12manual_state26portable_stem_for_rom_path0B5_
FN:46,_RNCNvNtCsdQCvmgkOpcB_11nes_desktop12manual_state26portable_stem_for_rom_paths0_0B5_
FN:45,_RNCNvNtCsdQCvmgkOpcB_11nes_desktop12manual_state26portable_stem_for_rom_paths_0B5_
FN:54,_RNCNvNtCsdQCvmgkOpcB_11nes_desktop12manual_state27sanitized_stem_for_rom_path0B5_
FN:64,_RNvNtCsdQCvmgkOpcB_11nes_desktop12manual_state11hash_prefix
FN:217,_RNvNtCsdQCvmgkOpcB_11nes_desktop12manual_state15load_state_file
FN:164,_RNvNtCsdQCvmgkOpcB_11nes_desktop12manual_state15save_state_file
FN:117,_RNvNtCsdQCvmgkOpcB_11nes_desktop12manual_state17slot_path_for_rom
FN:249,_RNvNtCsdQCvmgkOpcB_11nes_desktop12manual_state18read_slot_metadata
FN:126,_RNvNtCsdQCvmgkOpcB_11nes_desktop12manual_state18slot_paths_for_rom
FN:68,_RNvNtCsdQCvmgkOpcB_11nes_desktop12manual_state20read_save_state_file
FN:87,_RNvNtCsdQCvmgkOpcB_11nes_desktop12manual_state21slot_number_from_path
FN:137,_RNvNtCsdQCvmgkOpcB_11nes_desktop12manual_state22quicksave_path_for_rom
FN:37,_RNvNtCsdQCvmgkOpcB_11nes_desktop12manual_state26portable_stem_for_rom_path
FN:51,_RNvNtCsdQCvmgkOpcB_11nes_desktop12manual_state27sanitized_stem_for_rom_path
FN:316,_RNvNtNtCsiQ4eCUzZa9e_11nes_desktop12manual_state5tests15unique_test_dir
FN:395,_RNvNtNtCsiQ4eCUzZa9e_11nes_desktop12manual_state5testss_46read_slot_metadata_flags_incompatible_rom_hash
FN:374,_RNvNtNtCsiQ4eCUzZa9e_11nes_desktop12manual_state5testss_48read_slot_metadata_reports_empty_and_saved_slots
FN:358,_RNvNtNtCsiQ4eCUzZa9e_11nes_desktop12manual_state5testss_52slot_paths_for_rom_returns_contiguous_numbered_slots
FN:344,_RNvNtNtCsiQ4eCUzZa9e_11nes_desktop12manual_state5testss_54slot_path_for_rom_includes_slot_number_and_hash_prefix
FN:411,_RNvNtNtCsiQ4eCUzZa9e_11nes_desktop12manual_state5testss_62read_slot_metadata_flags_corrupt_files_without_failing_refresh
FN:336,_RNvNtNtCsiQ4eCUzZa9e_11nes_desktop12manual_state5testss_65portable_stem_for_rom_path_uses_last_segment_for_unix_style_paths
FN:328,_RNvNtNtCsiQ4eCUzZa9e_11nes_desktop12manual_state5testss_68portable_stem_for_rom_path_uses_last_segment_for_windows_style_paths
FN:64,_RNvNtCsiQ4eCUzZa9e_11nes_desktop12manual_state11hash_prefix
FN:164,_RNvNtCsiQ4eCUzZa9e_11nes_desktop12manual_state15save_state_file
FN:117,_RNvNtCsiQ4eCUzZa9e_11nes_desktop12manual_state17slot_path_for_rom
FN:249,_RNvNtCsiQ4eCUzZa9e_11nes_desktop12manual_state18read_slot_metadata
FN:126,_RNvNtCsiQ4eCUzZa9e_11nes_desktop12manual_state18slot_paths_for_rom
FN:68,_RNvNtCsiQ4eCUzZa9e_11nes_desktop12manual_state20read_save_state_file
FN:87,_RNvNtCsiQ4eCUzZa9e_11nes_desktop12manual_state21slot_number_from_path
FN:37,_RNvNtCsiQ4eCUzZa9e_11nes_desktop12manual_state26portable_stem_for_rom_path
FN:51,_RNvNtCsiQ4eCUzZa9e_11nes_desktop12manual_state27sanitized_stem_for_rom_path
FN:217,_RNvNtCsiQ4eCUzZa9e_11nes_desktop12manual_state15load_state_file
FN:137,_RNvNtCsiQ4eCUzZa9e_11nes_desktop12manual_state22quicksave_path_for_rom
FN:166,_RNCNvNtCsiQ4eCUzZa9e_11nes_desktop12manual_state15save_state_file0B5_
FN:181,_RNCNvNtCsiQ4eCUzZa9e_11nes_desktop12manual_state15save_state_files0_0B5_
FN:180,_RNCNvNtCsiQ4eCUzZa9e_11nes_desktop12manual_state15save_state_files_0B5_
FN:275,_RNCNvNtCsiQ4eCUzZa9e_11nes_desktop12manual_state18read_slot_metadata0B5_
FN:276,_RNCNvNtCsiQ4eCUzZa9e_11nes_desktop12manual_state18read_slot_metadatas_0B5_
FN:132,_RNCNvNtCsiQ4eCUzZa9e_11nes_desktop12manual_state18slot_paths_for_rom0B5_
FN:70,_RNCNvNtCsiQ4eCUzZa9e_11nes_desktop12manual_state20read_save_state_file0B5_
FN:71,_RNCNvNtCsiQ4eCUzZa9e_11nes_desktop12manual_state20read_save_state_files_0B5_
FN:90,_RNCNvNtCsiQ4eCUzZa9e_11nes_desktop12manual_state21slot_number_from_path0B5_
FN:93,_RNCNvNtCsiQ4eCUzZa9e_11nes_desktop12manual_state21slot_number_from_paths0_0B5_
FN:101,_RNCNvNtCsiQ4eCUzZa9e_11nes_desktop12manual_state21slot_number_from_paths1_0B5_
FN:107,_RNCNvNtCsiQ4eCUzZa9e_11nes_desktop12manual_state21slot_number_from_paths2_0B5_
FN:91,_RNCNvNtCsiQ4eCUzZa9e_11nes_desktop12manual_state21slot_number_from_paths_0B5_
FN:41,_RNCNvNtCsiQ4eCUzZa9e_11nes_desktop12manual_state26portable_stem_for_rom_path0B5_
FN:46,_RNCNvNtCsiQ4eCUzZa9e_11nes_desktop12manual_state26portable_stem_for_rom_paths0_0B5_
FN:45,_RNCNvNtCsiQ4eCUzZa9e_11nes_desktop12manual_state26portable_stem_for_rom_paths_0B5_
FN:54,_RNCNvNtCsiQ4eCUzZa9e_11nes_desktop12manual_state27sanitized_stem_for_rom_path0B5_
FNDA:0,_RNCNvNtCsdQCvmgkOpcB_11nes_desktop12manual_state15save_state_file0B5_
FNDA:0,_RNCNvNtCsdQCvmgkOpcB_11nes_desktop12manual_state15save_state_files0_0B5_
FNDA:0,_RNCNvNtCsdQCvmgkOpcB_11nes_desktop12manual_state15save_state_files_0B5_
FNDA:0,_RNCNvNtCsdQCvmgkOpcB_11nes_desktop12manual_state18read_slot_metadata0B5_
FNDA:0,_RNCNvNtCsdQCvmgkOpcB_11nes_desktop12manual_state18read_slot_metadatas_0B5_
FNDA:0,_RNCNvNtCsdQCvmgkOpcB_11nes_desktop12manual_state18slot_paths_for_rom0B5_
FNDA:0,_RNCNvNtCsdQCvmgkOpcB_11nes_desktop12manual_state20read_save_state_file0B5_
FNDA:0,_RNCNvNtCsdQCvmgkOpcB_11nes_desktop12manual_state20read_save_state_files_0B5_
FNDA:0,_RNCNvNtCsdQCvmgkOpcB_11nes_desktop12manual_state21slot_number_from_path0B5_
FNDA:0,_RNCNvNtCsdQCvmgkOpcB_11nes_desktop12manual_state21slot_number_from_paths0_0B5_
FNDA:0,_RNCNvNtCsdQCvmgkOpcB_11nes_desktop12manual_state21slot_number_from_paths1_0B5_
FNDA:0,_RNCNvNtCsdQCvmgkOpcB_11nes_desktop12manual_state21slot_number_from_paths2_0B5_
FNDA:0,_RNCNvNtCsdQCvmgkOpcB_11nes_desktop12manual_state21slot_number_from_paths_0B5_
FNDA:1,_RNCNvNtCsdQCvmgkOpcB_11nes_desktop12manual_state26portable_stem_for_rom_path0B5_
FNDA:1,_RNCNvNtCsdQCvmgkOpcB_11nes_desktop12manual_state26portable_stem_for_rom_paths0_0B5_
FNDA:1,_RNCNvNtCsdQCvmgkOpcB_11nes_desktop12manual_state26portable_stem_for_rom_paths_0B5_
FNDA:25,_RNCNvNtCsdQCvmgkOpcB_11nes_desktop12manual_state27sanitized_stem_for_rom_path0B5_
FNDA:1,_RNvNtCsdQCvmgkOpcB_11nes_desktop12manual_state11hash_prefix
FNDA:2,_RNvNtCsdQCvmgkOpcB_11nes_desktop12manual_state15load_state_file
FNDA:2,_RNvNtCsdQCvmgkOpcB_11nes_desktop12manual_state15save_state_file
FNDA:0,_RNvNtCsdQCvmgkOpcB_11nes_desktop12manual_state17slot_path_for_rom
[...]
FNDA:0,_RNvMs6_NtCsiQ4eCUzZa9e_11nes_desktop3rtaNtB5_10RtaManager12split_events
FNDA:0,_RNvMs6_NtCsiQ4eCUzZa9e_11nes_desktop3rtaNtB5_10RtaManager14is_calibrating
FNDA:0,_RNvMs6_NtCsiQ4eCUzZa9e_11nes_desktop3rtaNtB5_10RtaManager23write_calibration_draft
FNDA:0,_RNvMs6_NtCsiQ4eCUzZa9e_11nes_desktop3rtaNtB5_10RtaManager27can_manual_override_profile
FNDA:1,_RNvMNtCsiQ4eCUzZa9e_11nes_desktop3rtaNtB2_15ForbiddenAction9as_reason
FNDA:4,_RNvMs5_NtCsiQ4eCUzZa9e_11nes_desktop3rtaNtB5_14TriggerRuntime3new
FNDA:0,_RNvMs6_NtCsiQ4eCUzZa9e_11nes_desktop3rtaNtB5_10RtaManager10push_split
FNDA:3,_RNvMs6_NtCsiQ4eCUzZa9e_11nes_desktop3rtaNtB5_10RtaManager12is_valid_run
FNDA:1,_RNvMs6_NtCsiQ4eCUzZa9e_11nes_desktop3rtaNtB5_10RtaManager15write_input_log
FNDA:1,_RNvMs6_NtCsiQ4eCUzZa9e_11nes_desktop3rtaNtB5_10RtaManager18record_input_frame
FNDA:1,_RNvMs6_NtCsiQ4eCUzZa9e_11nes_desktop3rtaNtB5_10RtaManager18write_run_artifact
FNDA:1,_RNvMs6_NtCsiQ4eCUzZa9e_11nes_desktop3rtaNtB5_10RtaManager20invalidation_reasons
FNDA:1,_RNvMs6_NtCsiQ4eCUzZa9e_11nes_desktop3rtaNtB5_10RtaManager21mark_forbidden_action
FNDA:1,_RNvMs6_NtCsiQ4eCUzZa9e_11nes_desktop3rtaNtB5_10RtaManager27write_artifacts_if_finished
FNDA:2,_RNvMs6_NtCsiQ4eCUzZa9e_11nes_desktop3rtaNtB5_10RtaManager3new
FNDA:4,_RNvMs6_NtCsiQ4eCUzZa9e_11nes_desktop3rtaNtB5_10RtaManager5state
FNDA:4,_RNvMs6_NtCsiQ4eCUzZa9e_11nes_desktop3rtaNtB5_10RtaManager7elapsed
FNDA:7,_RNvMs6_NtCsiQ4eCUzZa9e_11nes_desktop3rtaNtB5_10RtaManager9is_active
FNDA:2,_RNvMs7_NtCsiQ4eCUzZa9e_11nes_desktop3rtaNtB5_19CalibrationRecorder10mark_split
FNDA:1,_RNvMs7_NtCsiQ4eCUzZa9e_11nes_desktop3rtaNtB5_19CalibrationRecorder16infer_candidates
FNDA:1,_RNvMs7_NtCsiQ4eCUzZa9e_11nes_desktop3rtaNtB5_19CalibrationRecorder19write_draft_profile
FNDA:1,_RNvMs7_NtCsiQ4eCUzZa9e_11nes_desktop3rtaNtB5_19CalibrationRecorder3new
FNDA:2,_RNvNtCsiQ4eCUzZa9e_11nes_desktop3rta13load_profiles
FNDA:5,_RNvNtCsiQ4eCUzZa9e_11nes_desktop3rta14select_profile
FNDA:3,_RNvNtCsiQ4eCUzZa9e_11nes_desktop3rta16compute_rom_hash
FNDA:1,_RNvNtCsiQ4eCUzZa9e_11nes_desktop3rta17unix_epoch_millis
FNDA:10,_RNvNtCsiQ4eCUzZa9e_11nes_desktop3rta18compare_rom_hashes
FNDA:7,_RNvNtCsiQ4eCUzZa9e_11nes_desktop3rta21evaluate_trigger_rule
FNDA:1,_RNvNtCsiQ4eCUzZa9e_11nes_desktop3rta24sanitize_id_for_filename
FNDA:8,_RNvXs0_NtCsiQ4eCUzZa9e_11nes_desktop3rtaNtB5_18InvalidationPolicyNtNtCs4kUJL3MZFFz_4core7default7Default7default
FNDA:9,_RNvXs1_NtCsiQ4eCUzZa9e_11nes_desktop3rtaNtB5_11SplitPolicyNtNtCs4kUJL3MZFFz_4core7default7Default7default
FNDA:33,_RNvXs2_NtCsiQ4eCUzZa9e_11nes_desktop3rtaNtB5_11TriggerRuleNtNtCs4kUJL3MZFFz_4core7default7Default7default
FNDA:0,_RNvXs3_NtCsiQ4eCUzZa9e_11nes_desktop3rtaNtB5_9SplitRuleNtNtCs4kUJL3MZFFz_4core7default7Default7default
FNDA:7,_RNvXs4_NtCsiQ4eCUzZa9e_11nes_desktop3rtaNtB5_10RtaProfileNtNtCs4kUJL3MZFFz_4core7default7Default7default
FNDA:9,_RNvXs_NtCsiQ4eCUzZa9e_11nes_desktop3rtaNtB4_11TimerPolicyNtNtCs4kUJL3MZFFz_4core7default7Default7default
FNF:97
FNH:70
DA:54,1
DA:55,1
DA:56,1
DA:57,0
DA:58,0
DA:60,1
DA:96,9
DA:97,9
DA:98,9
DA:99,9
DA:100,9
DA:101,9
DA:102,9
DA:112,8
DA:113,8
DA:114,8
DA:115,8
DA:116,8
DA:117,8
DA:118,8
DA:119,8
DA:120,8
DA:131,9
DA:132,9
DA:133,9
DA:134,9
DA:135,9
DA:136,9
DA:157,33
DA:158,33
DA:159,33
DA:160,33
DA:161,33
DA:162,33
DA:163,33
DA:164,33
DA:165,33
DA:166,33
DA:194,0
DA:195,0
DA:196,0
DA:197,0
DA:198,0
DA:199,0
DA:259,7
DA:260,7
DA:261,7
DA:262,7
DA:263,7
DA:264,7
DA:265,7
DA:266,7
DA:267,7
DA:268,7
DA:269,7
DA:270,7
DA:271,7
DA:272,7
DA:273,7
DA:274,7
DA:275,7
DA:276,7
DA:277,7
DA:278,7
DA:279,7
DA:280,7
DA:305,5
DA:307,5
DA:308,5
DA:309,5
DA:310,5
DA:311,160
DA:312,160
DA:313,160
DA:314,5
DA:315,5
DA:319,10
DA:320,10
DA:321,10
DA:323,2
DA:324,2
DA:325,0
DA:326,0
DA:327,0
DA:328,0
DA:329,2
DA:330,2
DA:331,2
DA:333,2
DA:334,4
DA:335,4
DA:336,4
DA:337,4
DA:338,4
DA:339,0
DA:340,4
DA:341,4
DA:342,0
DA:343,4
DA:344,4
DA:345,4
DA:346,4
DA:347,4
DA:348,4
DA:349,0
DA:350,0
DA:351,0
DA:352,0
DA:353,0
DA:354,4
DA:355,4
DA:357,2
DA:358,2
DA:359,2
DA:368,5
DA:369,5
DA:370,5
DA:371,5
DA:372,5
DA:373,5
DA:374,5
DA:375,1
DA:376,1
DA:377,2
DA:378,1
DA:380,0
DA:381,0
DA:382,0
DA:383,0
DA:385,1
DA:386,0
DA:387,0
DA:388,0
DA:389,0
DA:390,1
DA:391,1
DA:392,1
DA:393,1
DA:394,1
DA:395,4
DA:397,8
DA:398,8
DA:399,8
DA:400,8
DA:401,8
DA:402,8
DA:403,8
DA:405,4
DA:406,1
DA:407,1
DA:408,2
DA:409,1
DA:410,1
DA:411,1
DA:412,1
DA:413,1
DA:414,1
DA:417,3
DA:418,1
DA:419,1
DA:420,1
DA:422,1
DA:423,1
DA:424,1
DA:425,1
DA:426,1
DA:427,2
DA:429,2
DA:430,2
DA:431,1
DA:432,1
DA:433,1
DA:434,1
DA:435,1
DA:437,1
DA:438,1
DA:439,1
DA:440,1
DA:441,5
DA:470,4
DA:471,4
DA:472,4
DA:473,4
DA:474,4
DA:475,4
DA:476,4
DA:477,4
DA:479,7
DA:480,7
DA:481,7
DA:483,7
DA:484,0
DA:485,7
DA:487,7
DA:488,7
DA:489,7
DA:490,7
DA:491,7
DA:492,7
DA:495,7
DA:497,7
DA:498,3
DA:499,3
DA:500,4
DA:502,4
DA:503,4
DA:504,4
DA:505,0
DA:506,4
DA:507,4
DA:508,0
DA:509,4
DA:511,4
DA:512,4
DA:513,4
DA:514,7
DA:517,7
DA:518,7
DA:519,7
DA:520,0
DA:521,0
DA:522,0
DA:523,0
DA:524,0
DA:525,0
DA:526,0
DA:527,0
DA:529,7
DA:531,7
DA:532,7
DA:533,7
DA:535,7
DA:536,7
DA:538,0
DA:539,0
DA:540,0
DA:543,0
DA:544,0
DA:545,0
DA:546,0
DA:547,0
DA:550,7
DA:622,2
DA:623,2
DA:624,2
DA:625,2
DA:626,2
DA:627,2
DA:628,2
DA:629,2
DA:630,2
DA:631,2
DA:633,2
DA:634,2
DA:635,0
DA:636,2
DA:637,2
DA:638,0
DA:639,2
DA:640,2
DA:641,0
DA:642,0
DA:643,0
DA:644,0
DA:645,0
DA:647,2
DA:648,2
DA:649,2
DA:650,2
DA:651,2
DA:652,2
DA:653,2
DA:654,2
DA:655,2
DA:656,2
DA:657,2
DA:658,2
DA:659,2
DA:660,2
DA:661,2
DA:662,2
DA:663,2
DA:664,2
DA:665,2
DA:667,4
DA:668,4
DA:669,4
DA:671,0
DA:672,0
DA:673,0
DA:675,0
DA:676,0
DA:677,0
DA:679,7
DA:680,1
DA:681,7
DA:684,7
DA:686,0
DA:687,0
DA:688,0
DA:690,3
DA:691,3
DA:692,3
DA:694,4
DA:695,4
DA:696,0
DA:697,4
DA:699,4
DA:700,0
DA:703,4
DA:704,4
DA:705,4
DA:706,4
DA:708,0
DA:709,0
DA:710,0
DA:712,1
DA:713,1
DA:714,1
DA:716,5
DA:717,5
DA:718,5
DA:720,5
DA:721,0
DA:722,5
DA:724,5
DA:726,5
DA:728,5
DA:729,1
DA:730,4
DA:732,4
DA:734,4
DA:735,4
DA:736,4
DA:738,4
DA:740,4
DA:741,5
DA:743,5
DA:744,5
DA:745,5
DA:747,5
DA:748,3
DA:749,2
DA:750,2
DA:751,2
DA:752,2
DA:753,2
DA:754,2
DA:755,3
DA:756,5
DA:758,4
DA:759,4
DA:760,4
DA:761,4
DA:762,4
DA:763,4
DA:764,4
DA:765,4
DA:767,4
DA:768,4
DA:769,0
DA:770,0
DA:771,0
DA:772,0
DA:773,0
DA:774,0
DA:775,0
DA:776,0
DA:777,4
DA:778,0
DA:779,0
DA:780,4
DA:781,4
DA:782,4
DA:784,4
DA:785,4
DA:786,4
DA:787,4
DA:788,4
DA:789,4
DA:790,4
DA:791,4
DA:793,4
DA:794,0
DA:795,0
DA:796,0
DA:797,0
DA:798,0
DA:800,4
DA:802,4
DA:803,4
DA:804,4
DA:806,4
DA:807,2
DA:808,2
DA:809,2
DA:810,2
DA:811,2
DA:812,2
DA:813,2
DA:814,4
DA:816,11
DA:817,11
DA:818,11
DA:820,11
DA:821,4
DA:823,7
DA:824,11
DA:826,1
DA:827,1
DA:828,1
DA:829,1
DA:830,1
DA:831,1
DA:832,1
DA:833,0
DA:834,1
DA:835,1
DA:836,0
DA:837,1
DA:839,1
DA:840,1
DA:841,0
DA:842,1
DA:844,1
DA:845,1
DA:846,1
DA:848,1
DA:849,1
DA:851,0
DA:852,0
DA:853,0
DA:854,0
DA:855,0
DA:856,0
DA:857,0
DA:858,0
DA:859,0
DA:860,0
DA:861,0
DA:862,0
DA:863,0
DA:864,0
DA:865,0
DA:866,0
DA:867,0
DA:869,0
DA:870,0
DA:871,0
DA:872,0
DA:873,0
DA:874,0
DA:875,0
DA:876,0
DA:877,0
DA:878,0
DA:879,0
DA:881,0
DA:882,0
DA:883,0
DA:884,0
DA:885,0
DA:886,0
DA:887,0
DA:888,0
DA:889,0
DA:890,0
DA:891,0
DA:893,1
DA:894,1
DA:895,1
DA:896,1
DA:897,1
DA:898,1
DA:899,1
DA:900,1
DA:901,0
DA:902,1
DA:903,1
DA:904,1
DA:905,1
DA:906,1
DA:907,1
DA:908,1
DA:909,1
DA:911,1
DA:912,1
DA:913,0
DA:914,1
DA:915,1
DA:916,0
DA:917,1
DA:919,1
DA:920,0
DA:922,0
DA:924,0
DA:926,1
DA:927,1
DA:929,1
DA:930,1
DA:932,1
DA:933,1
DA:934,1
DA:935,1
DA:936,1
DA:937,1
DA:938,1
DA:940,1
DA:941,1
DA:942,1
DA:943,1
DA:944,1
DA:945,1
DA:946,1
DA:948,0
DA:950,1
DA:951,1
DA:952,1
DA:953,1
DA:956,1
DA:957,1
DA:958,1
DA:959,0
DA:961,0
DA:963,0
DA:964,1
DA:965,1
DA:967,1
DA:968,1
DA:969,0
DA:970,1
DA:971,1
DA:972,1
DA:973,1
DA:974,1
DA:975,1
DA:976,1
DA:977,1
DA:979,0
DA:980,0
DA:981,0
DA:982,0
DA:983,0
DA:984,0
DA:986,0
DA:987,0
DA:988,0
DA:991,1
DA:992,1
DA:993,1
DA:994,1
DA:995,1
DA:996,1
DA:998,1
DA:999,1
DA:1000,13
DA:1001,13
DA:1002,13
DA:1003,13
DA:1004,0
DA:1005,0
DA:1007,1
DA:1008,0
DA:1010,1
DA:1012,1
DA:1057,1
DA:1058,1
DA:1059,1
DA:1060,1
DA:1061,1
DA:1062,1
DA:1063,1
DA:1064,1
DA:1068,8
DA:1069,8
DA:1070,8
DA:1072,8
DA:1073,16384
DA:1074,16384
DA:1075,16384
DA:1076,8
DA:1077,4
DA:1078,4
DA:1079,8
DA:1080,8
DA:1082,2
DA:1083,2
DA:1084,2
DA:1086,1
DA:1087,1
DA:1088,1
DA:1089,1
DA:1090,1
DA:1091,1
DA:1092,0
DA:1094,0
DA:1096,0
DA:1098,1
DA:1099,1
DA:1100,1
DA:1101,1
DA:1102,1
DA:1103,1
DA:1104,1
DA:1105,1
DA:1106,1
DA:1107,1
DA:1108,1
DA:1109,1
DA:1110,1
DA:1111,1
DA:1112,1
DA:1113,1
DA:1114,1
DA:1116,0
DA:1117,0
DA:1119,1
DA:1120,1
DA:1121,1
DA:1122,1
DA:1123,1
DA:1124,1
DA:1125,1
DA:1126,1
DA:1127,1
DA:1128,1
DA:1129,1
DA:1130,1
DA:1131,1
DA:1132,1
DA:1133,1
DA:1134,1
DA:1135,1
DA:1136,1
DA:1137,1
DA:1138,1
DA:1139,1
DA:1140,1
DA:1141,1
DA:1142,1
DA:1143,1
DA:1144,1
DA:1147,1
DA:1148,1
DA:1149,1
DA:1150,1
DA:1151,0
DA:1153,0
DA:1155,0
DA:1157,1
DA:1158,1
DA:1159,1
DA:1160,1
DA:1161,1
DA:1162,1
DA:1163,1
DA:1164,1
DA:1165,1
DA:1166,1
DA:1167,0
DA:1169,0
DA:1171,0
DA:1173,1
DA:1174,1
DA:1175,1
DA:1176,1
DA:1177,1
DA:1179,1
DA:1180,1
DA:1181,2
DA:1182,2
DA:1183,2
DA:1184,2
DA:1185,7
DA:1187,1
DA:1189,1
DA:1190,0
DA:1191,1
DA:1192,1
DA:1193,1
DA:1194,1
DA:1195,118
DA:1196,118
DA:1197,117
DA:1198,1
DA:1199,1
DA:1200,1
DA:1201,1
DA:1202,1
DA:1203,1
DA:1204,1
DA:1205,1
DA:1206,1
DA:1207,1
DA:1208,1
DA:1209,1
DA:1210,0
DA:1212,1
DA:1213,1
DA:1214,1
DA:1215,1
DA:1216,1
DA:1217,1
DA:1218,1
DA:1219,1
DA:1221,1
DA:1222,1
DA:1236,5
DA:1237,5
DA:1238,5
DA:1239,5
DA:1240,5
DA:1241,5
DA:1242,5
DA:1243,5
DA:1244,5
DA:1246,5
DA:1247,5
DA:1248,5
DA:1249,5
DA:1250,5
DA:1251,5
DA:1252,5
DA:1253,5
DA:1254,5
DA:1255,5
DA:1256,5
DA:1257,5
DA:1258,5
DA:1259,5
DA:1260,5
DA:1261,5
DA:1262,5
DA:1263,5
DA:1264,5
DA:1267,1
DA:1268,1
DA:1269,1
DA:1270,1
DA:1271,1
DA:1272,1
DA:1274,1
DA:1275,1
DA:1276,1
DA:1277,1
DA:1278,1
DA:1279,1
DA:1280,1
DA:1282,1
DA:1283,1
DA:1284,1
DA:1287,1
DA:1288,1
DA:1289,1
DA:1290,1
DA:1291,1
DA:1292,1
DA:1293,1
DA:1294,1
DA:1295,1
DA:1296,1
DA:1297,1
DA:1298,1
DA:1299,1
DA:1300,1
DA:1301,1
DA:1302,1
DA:1303,1
DA:1304,1
DA:1305,1
DA:1306,1
DA:1307,1
DA:1309,1
DA:1310,1
DA:1311,1
DA:1314,1
DA:1315,1
DA:1316,1
DA:1317,1
DA:1319,1
DA:1320,1
DA:1321,1
DA:1322,1
DA:1323,1
DA:1325,1
DA:1327,1
DA:1328,1
DA:1329,1
DA:1330,1
DA:1331,1
DA:1332,1
DA:1334,1
DA:1336,1
DA:1338,1
DA:1339,1
DA:1340,1
DA:1341,1
DA:1343,1
DA:1344,1
DA:1345,1
DA:1347,1
DA:1348,1
DA:1349,1
DA:1350,1
DA:1351,1
DA:1354,1
DA:1355,1
DA:1356,1
DA:1357,1
DA:1358,1
DA:1359,1
DA:1360,1
DA:1361,1
DA:1362,1
DA:1363,1
DA:1364,1
DA:1365,1
DA:1366,1
DA:1367,1
DA:1368,1
DA:1369,1
DA:1371,1
DA:1372,1
DA:1374,1
DA:1375,1
DA:1376,1
DA:1377,1
DA:1378,1
DA:1380,1
DA:1381,2
DA:1382,2
DA:1383,2
DA:1384,1
DA:1385,1
DA:1386,1
DA:1387,1
DA:1389,1
DA:1391,1
DA:1392,1
DA:1394,1
DA:1396,1
DA:1397,1
DA:1399,1
DA:1400,1
DA:1402,1
DA:1403,1
DA:1404,1
DA:1405,1
DA:1406,1
DA:1407,1
DA:1408,1
DA:1409,1
DA:1411,1
DA:1412,1
DA:1413,1
DA:1416,1
DA:1417,1
DA:1418,1
DA:1419,1
DA:1420,1
DA:1421,1
DA:1422,1
DA:1423,1
DA:1424,1
DA:1425,1
DA:1426,1
DA:1427,1
DA:1428,1
DA:1429,1
DA:1430,1
DA:1431,1
DA:1432,1
DA:1433,1
DA:1434,1
DA:1435,1
DA:1436,1
DA:1437,1
DA:1438,1
DA:1440,1
DA:1441,2
DA:1442,1
DA:1443,1
DA:1444,1
DA:1445,1
DA:1446,1
DA:1448,1
DA:1449,1
DA:1450,1
DA:1451,1
DA:1452,1
DA:1453,1
DA:1454,1
DA:1455,1
DA:1456,1
DA:1457,1
DA:1460,1
DA:1461,1
DA:1462,1
DA:1463,1
DA:1466,1
DA:1467,1
DA:1468,1
DA:1469,1
DA:1470,8
DA:1471,8
DA:1472,1
DA:1473,7
DA:1474,8
DA:1475,1
DA:1476,7
DA:1477,16384
DA:1478,8
DA:1479,1
DA:1480,7
DA:1481,8
DA:1482,1
DA:1483,7
DA:1486,1
DA:1487,1
DA:1488,1
DA:1489,1
DA:1491,1
DA:1492,1
DA:1494,1
DA:1495,1
DA:1496,1
DA:1497,1
DA:1499,1
DA:1500,1
DA:1501,1
DA:1502,1
DA:1503,1
DA:1506,1
DA:1507,1
DA:1508,1
DA:1509,1
DA:1511,1
DA:1512,1
DA:1513,1
DA:1514,1
DA:1515,1
DA:1516,1
DA:1517,64
DA:1519,1
DA:1522,1
DA:1523,1
DA:1524,1
DA:1525,1
DA:1527,1
DA:1528,1
DA:1529,1
DA:1532,1
DA:1533,1
DA:1534,1
DA:1535,1
DA:1537,1
DA:1538,1
DA:1539,1
DA:1540,1
DA:1541,1
DA:1543,1
DA:1545,1
DA:1546,1
DA:1547,1
DA:1548,1
DA:1549,1
DA:1551,1
DA:1553,1
DA:1555,1
DA:1556,1
DA:1557,1
DA:1558,1
DA:1559,1
DA:1561,1
DA:1562,1
DA:1563,1
DA:1564,1
DA:1565,1
DA:1566,1
BRF:0
BRH:0
LF:1019
LH:835
end_of_record
SF:/app/crates/nes-desktop/src/session_cheats.rs
FN:207,_RNvMs1_NtCsdQCvmgkOpcB_11nes_desktop14session_cheatsNtB5_13SessionCheats13enabled_codes
FN:93,_RNvMs1_NtCsdQCvmgkOpcB_11nes_desktop14session_cheatsNtB5_13SessionCheats14from_raw_codes
FN:111,_RNvMs1_NtCsdQCvmgkOpcB_11nes_desktop14session_cheatsNtB5_13SessionCheats3add
FN:226,_RNvMs1_NtCsdQCvmgkOpcB_11nes_desktop14session_cheatsNtB5_13SessionCheats3len
FN:77,_RNvMs1_NtCsdQCvmgkOpcB_11nes_desktop14session_cheatsNtB5_13SessionCheats3new
FN:173,_RNvMs1_NtCsdQCvmgkOpcB_11nes_desktop14session_cheatsNtB5_13SessionCheats5clear
FN:152,_RNvMs1_NtCsdQCvmgkOpcB_11nes_desktop14session_cheatsNtB5_13SessionCheats6remove
FN:131,_RNvMs1_NtCsdQCvmgkOpcB_11nes_desktop14session_cheatsNtB5_13SessionCheats6toggle
FN:188,_RNvMs1_NtCsdQCvmgkOpcB_11nes_desktop14session_cheatsNtB5_13SessionCheats7entries
FN:240,_RNvMs1_NtCsdQCvmgkOpcB_11nes_desktop14session_cheatsNtB5_13SessionCheats8is_empty
FN:245,_RNvNtCsdQCvmgkOpcB_11nes_desktop14session_cheats20normalize_cheat_code
FN:39,_RNvXNtCsdQCvmgkOpcB_11nes_desktop14session_cheatsNtB2_17SessionCheatErrorNtNtCs4kUJL3MZFFz_4core3fmt7Display3fmt
FN:55,_RNvXs0_NtCsdQCvmgkOpcB_11nes_desktop14session_cheatsNtB5_17SessionCheatErrorINtNtCs4kUJL3MZFFz_4core7convert4FromNtNtCslQ0g5iDIJro_8nes_core11cheat_codes14CheatCodeErrorE4from
FN:211,_RNCNvMs1_NtCsdQCvmgkOpcB_11nes_desktop14session_cheatsNtB7_13SessionCheats13enabled_codess_0B9_
FN:211,_RNCNvMs1_NtCsiQ4eCUzZa9e_11nes_desktop14session_cheatsNtB7_13SessionCheats13enabled_codess_0B9_
FN:256,_RNvNtNtCsiQ4eCUzZa9e_11nes_desktop14session_cheats5testss_30add_normalizes_lowercase_codes
FN:304,_RNvNtNtCsiQ4eCUzZa9e_11nes_desktop14session_cheats5testss_36missing_indices_report_bounds_errors
FN:266,_RNvNtNtCsiQ4eCUzZa9e_11nes_desktop14session_cheats5testss_40from_raw_codes_preserves_duplicate_order
FN:279,_RNvNtNtCsiQ4eCUzZa9e_11nes_desktop14session_cheats5testss_41toggle_and_remove_mutate_expected_entries
FN:294,_RNvNtNtCsiQ4eCUzZa9e_11nes_desktop14session_cheats5testss_42invalid_codes_are_rejected_before_mutation
FN:173,_RNvMs1_NtCsiQ4eCUzZa9e_11nes_desktop14session_cheatsNtB5_13SessionCheats5clear
FN:39,_RNvXNtCsiQ4eCUzZa9e_11nes_desktop14session_cheatsNtB2_17SessionCheatErrorNtNtCs4kUJL3MZFFz_4core3fmt7Display3fmt
FN:207,_RNvMs1_NtCsiQ4eCUzZa9e_11nes_desktop14session_cheatsNtB5_13SessionCheats13enabled_codes
FN:93,_RNvMs1_NtCsiQ4eCUzZa9e_11nes_desktop14session_cheatsNtB5_13SessionCheats14from_raw_codes
FN:111,_RNvMs1_NtCsiQ4eCUzZa9e_11nes_desktop14session_cheatsNtB5_13SessionCheats3add
FN:226,_RNvMs1_NtCsiQ4eCUzZa9e_11nes_desktop14session_cheatsNtB5_13SessionCheats3len
FN:77,_RNvMs1_NtCsiQ4eCUzZa9e_11nes_desktop14session_cheatsNtB5_13SessionCheats3new
FN:152,_RNvMs1_NtCsiQ4eCUzZa9e_11nes_desktop14session_cheatsNtB5_13SessionCheats6remove
FN:131,_RNvMs1_NtCsiQ4eCUzZa9e_11nes_desktop14session_cheatsNtB5_13SessionCheats6toggle
FN:188,_RNvMs1_NtCsiQ4eCUzZa9e_11nes_desktop14session_cheatsNtB5_13SessionCheats7entries
FN:240,_RNvMs1_NtCsiQ4eCUzZa9e_11nes_desktop14session_cheatsNtB5_13SessionCheats8is_empty
FN:245,_RNvNtCsiQ4eCUzZa9e_11nes_desktop14session_cheats20normalize_cheat_code
FN:55,_RNvXs0_NtCsiQ4eCUzZa9e_11nes_desktop14session_cheatsNtB5_17SessionCheatErrorINtNtCs4kUJL3MZFFz_4core7convert4FromNtNtCslQ0g5iDIJro_8nes_core11cheat_codes14CheatCodeErrorE4from
FNDA:0,_RNvMs1_NtCsdQCvmgkOpcB_11nes_desktop14session_cheatsNtB5_13SessionCheats13enabled_codes
FNDA:2,_RNvMs1_NtCsdQCvmgkOpcB_11nes_desktop14session_cheatsNtB5_13SessionCheats14from_raw_codes
FNDA:0,_RNvMs1_NtCsdQCvmgkOpcB_11nes_desktop14session_cheatsNtB5_13SessionCheats3add
FNDA:0,_RNvMs1_NtCsdQCvmgkOpcB_11nes_desktop14session_cheatsNtB5_13SessionCheats3len
FNDA:2,_RNvMs1_NtCsdQCvmgkOpcB_11nes_desktop14session_cheatsNtB5_13SessionCheats3new
FNDA:0,_RNvMs1_NtCsdQCvmgkOpcB_11nes_desktop14session_cheatsNtB5_13SessionCheats5clear
FNDA:0,_RNvMs1_NtCsdQCvmgkOpcB_11nes_desktop14session_cheatsNtB5_13SessionCheats6remove
FNDA:0,_RNvMs1_NtCsdQCvmgkOpcB_11nes_desktop14session_cheatsNtB5_13SessionCheats6toggle
FNDA:0,_RNvMs1_NtCsdQCvmgkOpcB_11nes_desktop14session_cheatsNtB5_13SessionCheats7entries
FNDA:0,_RNvMs1_NtCsdQCvmgkOpcB_11nes_desktop14session_cheatsNtB5_13SessionCheats8is_empty
FNDA:0,_RNvNtCsdQCvmgkOpcB_11nes_desktop14session_cheats20normalize_cheat_code
FNDA:0,_RNvXNtCsdQCvmgkOpcB_11nes_desktop14session_cheatsNtB2_17SessionCheatErrorNtNtCs4kUJL3MZFFz_4core3fmt7Display3fmt
FNDA:0,_RNvXs0_NtCsdQCvmgkOpcB_11nes_desktop14session_cheatsNtB5_17SessionCheatErrorINtNtCs4kUJL3MZFFz_4core7convert4FromNtNtCslQ0g5iDIJro_8nes_core11cheat_codes14CheatCodeErrorE4from
FNDA:0,_RNCNvMs1_NtCsdQCvmgkOpcB_11nes_desktop14session_cheatsNtB7_13SessionCheats13enabled_codess_0B9_
FNDA:4,_RNCNvMs1_NtCsiQ4eCUzZa9e_11nes_desktop14session_cheatsNtB7_13SessionCheats13enabled_codess_0B9_
FNDA:1,_RNvNtNtCsiQ4eCUzZa9e_11nes_desktop14session_cheats5testss_30add_normalizes_lowercase_codes
FNDA:1,_RNvNtNtCsiQ4eCUzZa9e_11nes_desktop14session_cheats5testss_36missing_indices_report_bounds_errors
FNDA:1,_RNvNtNtCsiQ4eCUzZa9e_11nes_desktop14session_cheats5testss_40from_raw_codes_preserves_duplicate_order
FNDA:1,_RNvNtNtCsiQ4eCUzZa9e_11nes_desktop14session_cheats5testss_41toggle_and_remove_mutate_expected_entries
FNDA:1,_RNvNtNtCsiQ4eCUzZa9e_11nes_desktop14session_cheats5testss_42invalid_codes_are_rejected_before_mutation
FNDA:0,_RNvMs1_NtCsiQ4eCUzZa9e_11nes_desktop14session_cheatsNtB5_13SessionCheats5clear
FNDA:0,_RNvXNtCsiQ4eCUzZa9e_11nes_desktop14session_cheatsNtB2_17SessionCheatErrorNtNtCs4kUJL3MZFFz_4core3fmt7Display3fmt
FNDA:2,_RNvMs1_NtCsiQ4eCUzZa9e_11nes_desktop14session_cheatsNtB5_13SessionCheats13enabled_codes
FNDA:2,_RNvMs1_NtCsiQ4eCUzZa9e_11nes_desktop14session_cheatsNtB5_13SessionCheats14from_raw_codes
FNDA:7,_RNvMs1_NtCsiQ4eCUzZa9e_11nes_desktop14session_cheatsNtB5_13SessionCheats3add
FNDA:2,_RNvMs1_NtCsiQ4eCUzZa9e_11nes_desktop14session_cheatsNtB5_13SessionCheats3len
FNDA:5,_RNvMs1_NtCsiQ4eCUzZa9e_11nes_desktop14session_cheatsNtB5_13SessionCheats3new
FNDA:1,_RNvMs1_NtCsiQ4eCUzZa9e_11nes_desktop14session_cheatsNtB5_13SessionCheats6remove
FNDA:2,_RNvMs1_NtCsiQ4eCUzZa9e_11nes_desktop14session_cheatsNtB5_13SessionCheats6toggle
FNDA:3,_RNvMs1_NtCsiQ4eCUzZa9e_11nes_desktop14session_cheatsNtB5_13SessionCheats7entries
FNDA:1,_RNvMs1_NtCsiQ4eCUzZa9e_11nes_desktop14session_cheatsNtB5_13SessionCheats8is_empty
FNDA:7,_RNvNtCsiQ4eCUzZa9e_11nes_desktop14session_cheats20normalize_cheat_code
FNDA:1,_RNvXs0_NtCsiQ4eCUzZa9e_11nes_desktop14session_cheatsNtB5_17SessionCheatErrorINtNtCs4kUJL3MZFFz_4core7convert4FromNtNtCslQ0g5iDIJro_8nes_core11cheat_codes14CheatCodeErrorE4from
FNF:19
FNH:17
DA:39,0
DA:40,0
DA:41,0
DA:42,0
DA:43,0
DA:44,0
DA:49,0
DA:55,1
DA:56,1
DA:57,1
DA:77,7
DA:78,7
DA:79,7
DA:80,7
DA:81,7
DA:93,4
DA:94,4
DA:95,5
DA:96,5
DA:98,4
DA:99,4
DA:111,7
DA:112,7
DA:113,6
DA:114,6
DA:115,6
DA:116,6
DA:117,6
DA:118,7
DA:131,2
DA:132,2
DA:133,2
DA:134,2
DA:135,2
DA:136,2
DA:137,1
DA:138,1
DA:139,2
DA:152,1
DA:153,1
DA:154,0
DA:155,0
DA:156,0
DA:157,0
DA:158,1
DA:159,1
DA:160,1
DA:173,0
DA:174,0
DA:175,0
DA:188,3
DA:189,3
DA:190,3
DA:207,2
DA:208,2
DA:209,2
DA:210,2
DA:211,4
DA:212,2
DA:213,2
DA:226,2
DA:227,2
DA:228,2
DA:240,1
DA:241,1
DA:242,1
DA:245,7
DA:246,7
DA:247,7
DA:248,6
DA:249,7
DA:256,1
DA:257,1
DA:259,1
DA:261,1
DA:262,1
DA:263,1
DA:266,1
DA:267,1
DA:268,1
DA:269,1
DA:270,1
DA:271,1
DA:272,1
DA:274,1
DA:275,1
DA:276,1
DA:279,1
DA:280,1
DA:281,1
DA:282,1
DA:284,1
DA:285,1
DA:286,1
DA:288,1
DA:289,1
DA:290,1
DA:291,1
DA:294,1
DA:295,1
DA:297,1
DA:299,1
DA:300,1
DA:301,1
DA:304,1
DA:305,1
DA:306,1
DA:307,1
DA:308,1
BRF:0
BRH:0
LF:110
LH:96
end_of_record