SF:/app/crates/nes-ai/src/actions.rs
FN:15,_RNvMNtCsfk6TQTs64Nb_6nes_ai7actionsNtB2_13ControlAction12action_count
FN:20,_RNvMNtCsfk6TQTs64Nb_6nes_ai7actionsNtB2_13ControlAction16controller1_bits
FN:15,_RNvMNtCsanxXwAcSLNM_6nes_ai7actionsNtB2_13ControlAction12action_count
FN:20,_RNvMNtCsanxXwAcSLNM_6nes_ai7actionsNtB2_13ControlAction16controller1_bits
FNDA:43,_RNvMNtCsfk6TQTs64Nb_6nes_ai7actionsNtB2_13ControlAction12action_count
FNDA:1225,_RNvMNtCsfk6TQTs64Nb_6nes_ai7actionsNtB2_13ControlAction16controller1_bits
FNDA:0,_RNvMNtCsanxXwAcSLNM_6nes_ai7actionsNtB2_13ControlAction12action_count
FNDA:0,_RNvMNtCsanxXwAcSLNM_6nes_ai7actionsNtB2_13ControlAction16controller1_bits
FNF:2
FNH:2
DA:15,43
DA:16,43
DA:17,43
DA:20,1225
DA:21,1225
DA:22,110
DA:23,761
DA:24,28
DA:25,37
DA:26,25
DA:27,264
DA:29,1225
BRF:0
BRH:0
LF:12
LH:12
end_of_record
SF:/app/crates/nes-ai/src/bin/eval_smb_control.rs
FN:19,_RNCNvCs3yIKXYzpmmE_16eval_smb_control3run0B3_
FN:38,_RNCNvCs3yIKXYzpmmE_16eval_smb_control3runs0_0B3_
FN:43,_RNCNvCs3yIKXYzpmmE_16eval_smb_control3runs1_0B3_
FN:45,_RNCNvCs3yIKXYzpmmE_16eval_smb_control3runs2_0B3_
FN:56,_RNCNvCs3yIKXYzpmmE_16eval_smb_control3runs3_0B3_
FN:36,_RNCNvCs3yIKXYzpmmE_16eval_smb_control3runs_0B3_
FN:66,_RNvCs3yIKXYzpmmE_16eval_smb_control19build_summary_table
FN:17,_RNvCs3yIKXYzpmmE_16eval_smb_control3run
FN:10,_RNvCs3yIKXYzpmmE_16eval_smb_control4main
FN:19,_RNCNvCshm9fVCIr4rY_16eval_smb_control3run0B3_
FN:38,_RNCNvCshm9fVCIr4rY_16eval_smb_control3runs0_0B3_
FN:43,_RNCNvCshm9fVCIr4rY_16eval_smb_control3runs1_0B3_
FN:45,_RNCNvCshm9fVCIr4rY_16eval_smb_control3runs2_0B3_
FN:56,_RNCNvCshm9fVCIr4rY_16eval_smb_control3runs3_0B3_
FN:36,_RNCNvCshm9fVCIr4rY_16eval_smb_control3runs_0B3_
FN:17,_RNvCshm9fVCIr4rY_16eval_smb_control3run
FN:10,_RNvCshm9fVCIr4rY_16eval_smb_control4main
FN:66,_RNvCshm9fVCIr4rY_16eval_smb_control19build_summary_table
FN:90,_RNvNtCshm9fVCIr4rY_16eval_smb_control5testss_56build_summary_table_formats_average_return_and_artifacts
FNDA:5,_RNCNvCs3yIKXYzpmmE_16eval_smb_control3run0B3_
FNDA:0,_RNCNvCs3yIKXYzpmmE_16eval_smb_control3runs0_0B3_
FNDA:0,_RNCNvCs3yIKXYzpmmE_16eval_smb_control3runs1_0B3_
FNDA:0,_RNCNvCs3yIKXYzpmmE_16eval_smb_control3runs2_0B3_
FNDA:0,_RNCNvCs3yIKXYzpmmE_16eval_smb_control3runs3_0B3_
FNDA:0,_RNCNvCs3yIKXYzpmmE_16eval_smb_control3runs_0B3_
FNDA:0,_RNvCs3yIKXYzpmmE_16eval_smb_control19build_summary_table
FNDA:3,_RNvCs3yIKXYzpmmE_16eval_smb_control3run
FNDA:3,_RNvCs3yIKXYzpmmE_16eval_smb_control4main
FNDA:0,_RNCNvCshm9fVCIr4rY_16eval_smb_control3run0B3_
FNDA:0,_RNCNvCshm9fVCIr4rY_16eval_smb_control3runs0_0B3_
FNDA:0,_RNCNvCshm9fVCIr4rY_16eval_smb_control3runs1_0B3_
FNDA:0,_RNCNvCshm9fVCIr4rY_16eval_smb_control3runs2_0B3_
FNDA:0,_RNCNvCshm9fVCIr4rY_16eval_smb_control3runs3_0B3_
FNDA:0,_RNCNvCshm9fVCIr4rY_16eval_smb_control3runs_0B3_
FNDA:0,_RNvCshm9fVCIr4rY_16eval_smb_control3run
FNDA:0,_RNvCshm9fVCIr4rY_16eval_smb_control4main
FNDA:1,_RNvCshm9fVCIr4rY_16eval_smb_control19build_summary_table
FNDA:1,_RNvNtCshm9fVCIr4rY_16eval_smb_control5testss_56build_summary_table_formats_average_return_and_artifacts
FNF:10
FNH:5
DA:10,3
DA:11,3
DA:12,3
DA:13,3
DA:14,0
DA:15,0
DA:17,3
DA:18,3
DA:19,5
DA:20,2
DA:23,2
DA:24,1
DA:25,1
DA:26,1
DA:29,1
DA:30,0
DA:32,0
DA:33,0
DA:34,0
DA:35,0
DA:36,0
DA:37,0
DA:38,0
DA:39,0
DA:40,0
DA:42,0
DA:43,0
DA:44,0
DA:45,0
DA:47,0
DA:48,0
DA:49,0
DA:50,0
DA:52,0
DA:54,0
DA:55,0
DA:56,0
DA:58,0
DA:60,0
DA:63,0
DA:64,0
DA:66,1
DA:67,1
DA:68,1
DA:69,1
DA:70,1
DA:73,1
DA:74,1
DA:75,1
DA:77,1
DA:78,1
DA:79,1
DA:82,1
DA:83,1
DA:90,1
DA:91,1
DA:92,1
DA:94,1
DA:95,1
DA:96,1
DA:97,1
DA:98,1
BRF:0
BRH:0
LF:68
LH:35
end_of_record
SF:/app/crates/nes-ai/src/bin/prepare_smb_control.rs
FN:35,_RNCNvCsdgbyQbKJUx2_19prepare_smb_control3run0B3_
FN:52,_RNCNvCsdgbyQbKJUx2_19prepare_smb_control3runs0_0B3_
FN:54,_RNCNvCsdgbyQbKJUx2_19prepare_smb_control3runs1_0B3_
FN:58,_RNCNvCsdgbyQbKJUx2_19prepare_smb_control3runs2_0B3_
FN:61,_RNCNvCsdgbyQbKJUx2_19prepare_smb_control3runs3_0B3_
FN:64,_RNCNvCsdgbyQbKJUx2_19prepare_smb_control3runs4_0B3_
FN:49,_RNCNvCsdgbyQbKJUx2_19prepare_smb_control3runs_0B3_
FN:76,_RNvCsdgbyQbKJUx2_19prepare_smb_control19build_success_table
FN:15,_RNvCsdgbyQbKJUx2_19prepare_smb_control21format_rom_read_error
FN:33,_RNvCsdgbyQbKJUx2_19prepare_smb_control3run
FN:8,_RNvCsdgbyQbKJUx2_19prepare_smb_control4main
FN:76,_RNvCs7BVdlYiiugq_19prepare_smb_control19build_success_table
FN:105,_RNvNtCs7BVdlYiiugq_19prepare_smb_control5testss_41build_success_table_formats_hash_and_path
FN:35,_RNCNvCs7BVdlYiiugq_19prepare_smb_control3run0B3_
FN:52,_RNCNvCs7BVdlYiiugq_19prepare_smb_control3runs0_0B3_
FN:54,_RNCNvCs7BVdlYiiugq_19prepare_smb_control3runs1_0B3_
FN:58,_RNCNvCs7BVdlYiiugq_19prepare_smb_control3runs2_0B3_
FN:61,_RNCNvCs7BVdlYiiugq_19prepare_smb_control3runs3_0B3_
FN:64,_RNCNvCs7BVdlYiiugq_19prepare_smb_control3runs4_0B3_
FN:49,_RNCNvCs7BVdlYiiugq_19prepare_smb_control3runs_0B3_
FN:15,_RNvCs7BVdlYiiugq_19prepare_smb_control21format_rom_read_error
FN:33,_RNvCs7BVdlYiiugq_19prepare_smb_control3run
FN:8,_RNvCs7BVdlYiiugq_19prepare_smb_control4main
FNDA:13,_RNCNvCsdgbyQbKJUx2_19prepare_smb_control3run0B3_
FNDA:0,_RNCNvCsdgbyQbKJUx2_19prepare_smb_control3runs0_0B3_
FNDA:0,_RNCNvCsdgbyQbKJUx2_19prepare_smb_control3runs1_0B3_
FNDA:0,_RNCNvCsdgbyQbKJUx2_19prepare_smb_control3runs2_0B3_
FNDA:0,_RNCNvCsdgbyQbKJUx2_19prepare_smb_control3runs3_0B3_
FNDA:0,_RNCNvCsdgbyQbKJUx2_19prepare_smb_control3runs4_0B3_
FNDA:2,_RNCNvCsdgbyQbKJUx2_19prepare_smb_control3runs_0B3_
FNDA:0,_RNvCsdgbyQbKJUx2_19prepare_smb_control19build_success_table
FNDA:2,_RNvCsdgbyQbKJUx2_19prepare_smb_control21format_rom_read_error
FNDA:5,_RNvCsdgbyQbKJUx2_19prepare_smb_control3run
FNDA:5,_RNvCsdgbyQbKJUx2_19prepare_smb_control4main
FNDA:1,_RNvCs7BVdlYiiugq_19prepare_smb_control19build_success_table
FNDA:1,_RNvNtCs7BVdlYiiugq_19prepare_smb_control5testss_41build_success_table_formats_hash_and_path
FNDA:0,_RNCNvCs7BVdlYiiugq_19prepare_smb_control3run0B3_
FNDA:0,_RNCNvCs7BVdlYiiugq_19prepare_smb_control3runs0_0B3_
FNDA:0,_RNCNvCs7BVdlYiiugq_19prepare_smb_control3runs1_0B3_
FNDA:0,_RNCNvCs7BVdlYiiugq_19prepare_smb_control3runs2_0B3_
FNDA:0,_RNCNvCs7BVdlYiiugq_19prepare_smb_control3runs3_0B3_
FNDA:0,_RNCNvCs7BVdlYiiugq_19prepare_smb_control3runs4_0B3_
FNDA:0,_RNCNvCs7BVdlYiiugq_19prepare_smb_control3runs_0B3_
FNDA:0,_RNvCs7BVdlYiiugq_19prepare_smb_control21format_rom_read_error
FNDA:0,_RNvCs7BVdlYiiugq_19prepare_smb_control3run
FNDA:0,_RNvCs7BVdlYiiugq_19prepare_smb_control4main
FNF:12
FNH:7
DA:8,5
DA:9,5
DA:10,5
DA:11,5
DA:12,0
DA:13,0
DA:15,2
DA:16,2
DA:17,1
DA:19,1
DA:20,1
DA:21,1
DA:24,1
DA:26,1
DA:31,2
DA:33,5
DA:34,5
DA:35,13
DA:36,2
DA:37,2
DA:38,3
DA:39,3
DA:40,1
DA:41,1
DA:42,2
DA:44,2
DA:45,2
DA:46,2
DA:48,0
DA:49,2
DA:50,0
DA:52,0
DA:53,0
DA:54,0
DA:56,0
DA:57,0
DA:58,0
DA:59,0
DA:60,0
DA:61,0
DA:63,0
DA:64,0
DA:66,0
DA:68,0
DA:71,0
DA:73,0
DA:74,2
DA:76,1
DA:77,1
DA:78,1
DA:79,1
DA:80,1
DA:83,1
DA:84,1
DA:85,1
DA:87,1
DA:88,1
DA:89,1
DA:91,1
DA:92,1
DA:93,1
DA:96,1
DA:97,1
DA:105,1
DA:106,1
DA:107,1
DA:108,1
DA:109,1
DA:111,1
DA:112,1
DA:113,1
DA:114,1
DA:115,1
DA:116,1
DA:117,1
BRF:0
BRH:0
LF:82
LH:58
end_of_record
SF:/app/crates/nes-ai/src/bin/train_smb_control.rs
FN:102,_RNvNtCslxh7XTHIHiM_17train_smb_control5testss_35build_summary_table_formats_metrics
FN:19,_RNCNvCslxh7XTHIHiM_17train_smb_control3run0B3_
FN:37,_RNCNvCslxh7XTHIHiM_17train_smb_control3runs0_0B3_
FN:43,_RNCNvCslxh7XTHIHiM_17train_smb_control3runs1_0B3_
FN:45,_RNCNvCslxh7XTHIHiM_17train_smb_control3runs2_0B3_
FN:56,_RNCNvCslxh7XTHIHiM_17train_smb_control3runs3_0B3_
FN:35,_RNCNvCslxh7XTHIHiM_17train_smb_control3runs_0B3_
FN:17,_RNvCslxh7XTHIHiM_17train_smb_control3run
FN:10,_RNvCslxh7XTHIHiM_17train_smb_control4main
FN:70,_RNvCslxh7XTHIHiM_17train_smb_control19build_summary_table
FN:19,_RNCNvCs7OR1pgHhH1Y_17train_smb_control3run0B3_
FN:37,_RNCNvCs7OR1pgHhH1Y_17train_smb_control3runs0_0B3_
FN:43,_RNCNvCs7OR1pgHhH1Y_17train_smb_control3runs1_0B3_
FN:45,_RNCNvCs7OR1pgHhH1Y_17train_smb_control3runs2_0B3_
FN:56,_RNCNvCs7OR1pgHhH1Y_17train_smb_control3runs3_0B3_
FN:35,_RNCNvCs7OR1pgHhH1Y_17train_smb_control3runs_0B3_
FN:70,_RNvCs7OR1pgHhH1Y_17train_smb_control19build_summary_table
FN:17,_RNvCs7OR1pgHhH1Y_17train_smb_control3run
FN:10,_RNvCs7OR1pgHhH1Y_17train_smb_control4main
FNDA:1,_RNvNtCslxh7XTHIHiM_17train_smb_control5testss_35build_summary_table_formats_metrics
FNDA:0,_RNCNvCslxh7XTHIHiM_17train_smb_control3run0B3_
FNDA:0,_RNCNvCslxh7XTHIHiM_17train_smb_control3runs0_0B3_
FNDA:0,_RNCNvCslxh7XTHIHiM_17train_smb_control3runs1_0B3_
FNDA:0,_RNCNvCslxh7XTHIHiM_17train_smb_control3runs2_0B3_
FNDA:0,_RNCNvCslxh7XTHIHiM_17train_smb_control3runs3_0B3_
FNDA:0,_RNCNvCslxh7XTHIHiM_17train_smb_control3runs_0B3_
FNDA:0,_RNvCslxh7XTHIHiM_17train_smb_control3run
FNDA:0,_RNvCslxh7XTHIHiM_17train_smb_control4main
FNDA:1,_RNvCslxh7XTHIHiM_17train_smb_control19build_summary_table
FNDA:5,_RNCNvCs7OR1pgHhH1Y_17train_smb_control3run0B3_
FNDA:0,_RNCNvCs7OR1pgHhH1Y_17train_smb_control3runs0_0B3_
FNDA:0,_RNCNvCs7OR1pgHhH1Y_17train_smb_control3runs1_0B3_
FNDA:0,_RNCNvCs7OR1pgHhH1Y_17train_smb_control3runs2_0B3_
FNDA:0,_RNCNvCs7OR1pgHhH1Y_17train_smb_control3runs3_0B3_
FNDA:0,_RNCNvCs7OR1pgHhH1Y_17train_smb_control3runs_0B3_
FNDA:0,_RNvCs7OR1pgHhH1Y_17train_smb_control19build_summary_table
FNDA:3,_RNvCs7OR1pgHhH1Y_17train_smb_control3run
FNDA:3,_RNvCs7OR1pgHhH1Y_17train_smb_control4main
FNF:10
FNH:5
DA:10,3
DA:11,3
DA:12,3
DA:13,3
DA:14,0
DA:15,0
DA:17,3
DA:18,3
DA:19,5
DA:20,2
DA:23,2
DA:24,1
DA:25,1
DA:26,1
DA:29,1
DA:30,0
DA:32,0
DA:33,0
DA:34,0
DA:35,0
DA:36,0
DA:37,0
DA:38,0
DA:39,0
DA:40,0
DA:42,0
DA:43,0
DA:44,0
DA:45,0
DA:47,0
DA:48,0
DA:49,0
DA:50,0
DA:51,0
DA:53,0
DA:55,0
DA:56,0
DA:58,0
DA:60,0
DA:61,0
DA:62,0
DA:63,0
DA:67,0
DA:68,0
DA:70,1
DA:71,1
DA:72,1
DA:73,1
DA:74,1
DA:75,1
DA:76,1
DA:77,1
DA:78,1
DA:81,1
DA:82,1
DA:83,1
DA:85,1
DA:86,1
DA:87,1
DA:89,1
DA:90,1
DA:91,1
DA:94,1
DA:95,1
DA:102,1
DA:103,1
DA:104,1
DA:106,1
DA:107,1
DA:108,1
DA:109,1
DA:110,1
DA:111,1
DA:112,1
BRF:0
BRH:0
LF:80
LH:44
end_of_record
SF:/app/crates/nes-ai/src/config.rs
FN:112,_RINvNtCsfk6TQTs64Nb_6nes_ai6config24deserialize_positive_u32pEB4_
FN:88,_RINvNtCsfk6TQTs64Nb_6nes_ai6config26deserialize_positive_usizepEB4_
FN:99,_RINvNtCsfk6TQTs64Nb_6nes_ai6config27deserialize_observation_dimpEB4_
FN:42,_RNvMNtCsfk6TQTs64Nb_6nes_ai6configNtB2_15AiProfileConfig8validate
FN:83,_RNvMs0_NtCsfk6TQTs64Nb_6nes_ai6configNtB5_12RewardConfig8validate
FN:62,_RNvMs_NtCsfk6TQTs64Nb_6nes_ai6configNtB4_17ObservationConfig8validate
FN:135,_RNvNtCsfk6TQTs64Nb_6nes_ai6config21validate_positive_u32
FN:123,_RNvNtCsfk6TQTs64Nb_6nes_ai6config23validate_positive_usize
FN:147,_RNvNtCsfk6TQTs64Nb_6nes_ai6config28validate_min_observation_dim
FN:112,_RINvNtCsfk6TQTs64Nb_6nes_ai6config24deserialize_positive_u32INtNtNtCs4x270oDFJKk_10serde_core2de5value17UsizeDeserializerNtNtCseTqgdVNB9YM_9toml_edit2de5ErrorEECs3yIKXYzpmmE_16eval_smb_control
FN:112,_RINvNtCsfk6TQTs64Nb_6nes_ai6config24deserialize_positive_u32INtNtNtCs4x270oDFJKk_10serde_core2de5value18StringDeserializerNtNtCseTqgdVNB9YM_9toml_edit2de5ErrorEECs3yIKXYzpmmE_16eval_smb_control
FN:112,_RINvNtCsfk6TQTs64Nb_6nes_ai6config24deserialize_positive_u32NtNtNtCseTqgdVNB9YM_9toml_edit2de5value17ValueDeserializerECs3yIKXYzpmmE_16eval_smb_control
FN:88,_RINvNtCsfk6TQTs64Nb_6nes_ai6config26deserialize_positive_usizeINtNtNtCs4x270oDFJKk_10serde_core2de5value17UsizeDeserializerNtNtCseTqgdVNB9YM_9toml_edit2de5ErrorEECs3yIKXYzpmmE_16eval_smb_control
FN:88,_RINvNtCsfk6TQTs64Nb_6nes_ai6config26deserialize_positive_usizeINtNtNtCs4x270oDFJKk_10serde_core2de5value18StringDeserializerNtNtCseTqgdVNB9YM_9toml_edit2de5ErrorEECs3yIKXYzpmmE_16eval_smb_control
FN:88,_RINvNtCsfk6TQTs64Nb_6nes_ai6config26deserialize_positive_usizeNtNtNtCseTqgdVNB9YM_9toml_edit2de5value17ValueDeserializerECs3yIKXYzpmmE_16eval_smb_control
FN:99,_RINvNtCsfk6TQTs64Nb_6nes_ai6config27deserialize_observation_dimINtNtNtCs4x270oDFJKk_10serde_core2de5value17UsizeDeserializerNtNtCseTqgdVNB9YM_9toml_edit2de5ErrorEECs3yIKXYzpmmE_16eval_smb_control
FN:99,_RINvNtCsfk6TQTs64Nb_6nes_ai6config27deserialize_observation_dimINtNtNtCs4x270oDFJKk_10serde_core2de5value18StringDeserializerNtNtCseTqgdVNB9YM_9toml_edit2de5ErrorEECs3yIKXYzpmmE_16eval_smb_control
FN:99,_RINvNtCsfk6TQTs64Nb_6nes_ai6config27deserialize_observation_dimNtNtNtCseTqgdVNB9YM_9toml_edit2de5value17ValueDeserializerECs3yIKXYzpmmE_16eval_smb_control
FN:112,_RINvNtCsanxXwAcSLNM_6nes_ai6config24deserialize_positive_u32pEB4_
FN:88,_RINvNtCsanxXwAcSLNM_6nes_ai6config26deserialize_positive_usizepEB4_
FN:99,_RINvNtCsanxXwAcSLNM_6nes_ai6config27deserialize_observation_dimpEB4_
FN:42,_RNvMNtCsanxXwAcSLNM_6nes_ai6configNtB2_15AiProfileConfig8validate
FN:83,_RNvMs0_NtCsanxXwAcSLNM_6nes_ai6configNtB5_12RewardConfig8validate
FN:62,_RNvMs_NtCsanxXwAcSLNM_6nes_ai6configNtB4_17ObservationConfig8validate
FN:135,_RNvNtCsanxXwAcSLNM_6nes_ai6config21validate_positive_u32
FN:123,_RNvNtCsanxXwAcSLNM_6nes_ai6config23validate_positive_usize
FN:147,_RNvNtCsanxXwAcSLNM_6nes_ai6config28validate_min_observation_dim
FN:112,_RINvNtCsfk6TQTs64Nb_6nes_ai6config24deserialize_positive_u32INtNtNtCs4x270oDFJKk_10serde_core2de5value17UsizeDeserializerNtNtCseTqgdVNB9YM_9toml_edit2de5ErrorEECshaExQiGjuMr_14profile_config
FN:112,_RINvNtCsfk6TQTs64Nb_6nes_ai6config24deserialize_positive_u32INtNtNtCs4x270oDFJKk_10serde_core2de5value18StringDeserializerNtNtCseTqgdVNB9YM_9toml_edit2de5ErrorEECshaExQiGjuMr_14profile_config
FN:112,_RINvNtCsfk6TQTs64Nb_6nes_ai6config24deserialize_positive_u32NtNtNtCseTqgdVNB9YM_9toml_edit2de5value17ValueDeserializerECshaExQiGjuMr_14profile_config
FN:88,_RINvNtCsfk6TQTs64Nb_6nes_ai6config26deserialize_positive_usizeINtNtNtCs4x270oDFJKk_10serde_core2de5value17UsizeDeserializerNtNtCseTqgdVNB9YM_9toml_edit2de5ErrorEECshaExQiGjuMr_14profile_config
FN:88,_RINvNtCsfk6TQTs64Nb_6nes_ai6config26deserialize_positive_usizeINtNtNtCs4x270oDFJKk_10serde_core2de5value18StringDeserializerNtNtCseTqgdVNB9YM_9toml_edit2de5ErrorEECshaExQiGjuMr_14profile_config
FN:88,_RINvNtCsfk6TQTs64Nb_6nes_ai6config26deserialize_positive_usizeNtNtNtCseTqgdVNB9YM_9toml_edit2de5value17ValueDeserializerECshaExQiGjuMr_14profile_config
FN:99,_RINvNtCsfk6TQTs64Nb_6nes_ai6config27deserialize_observation_dimINtNtNtCs4x270oDFJKk_10serde_core2de5value17UsizeDeserializerNtNtCseTqgdVNB9YM_9toml_edit2de5ErrorEECshaExQiGjuMr_14profile_config
FN:99,_RINvNtCsfk6TQTs64Nb_6nes_ai6config27deserialize_observation_dimINtNtNtCs4x270oDFJKk_10serde_core2de5value18StringDeserializerNtNtCseTqgdVNB9YM_9toml_edit2de5ErrorEECshaExQiGjuMr_14profile_config
FN:99,_RINvNtCsfk6TQTs64Nb_6nes_ai6config27deserialize_observation_dimNtNtNtCseTqgdVNB9YM_9toml_edit2de5value17ValueDeserializerECshaExQiGjuMr_14profile_config
FN:112,_RINvNtCsfk6TQTs64Nb_6nes_ai6config24deserialize_positive_u32INtNtNtCs4x270oDFJKk_10serde_core2de5value17UsizeDeserializerNtNtCseTqgdVNB9YM_9toml_edit2de5ErrorEECsfjuf4c4evUh_23smb_control_integration
FN:112,_RINvNtCsfk6TQTs64Nb_6nes_ai6config24deserialize_positive_u32INtNtNtCs4x270oDFJKk_10serde_core2de5value18StringDeserializerNtNtCseTqgdVNB9YM_9toml_edit2de5ErrorEECsfjuf4c4evUh_23smb_control_integration
FN:112,_RINvNtCsfk6TQTs64Nb_6nes_ai6config24deserialize_positive_u32NtNtNtCseTqgdVNB9YM_9toml_edit2de5value17ValueDeserializerECsfjuf4c4evUh_23smb_control_integration
FN:88,_RINvNtCsfk6TQTs64Nb_6nes_ai6config26deserialize_positive_usizeINtNtNtCs4x270oDFJKk_10serde_core2de5value17UsizeDeserializerNtNtCseTqgdVNB9YM_9toml_edit2de5ErrorEECsfjuf4c4evUh_23smb_control_integration
FN:88,_RINvNtCsfk6TQTs64Nb_6nes_ai6config26deserialize_positive_usizeINtNtNtCs4x270oDFJKk_10serde_core2de5value18StringDeserializerNtNtCseTqgdVNB9YM_9toml_edit2de5ErrorEECsfjuf4c4evUh_23smb_control_integration
FN:88,_RINvNtCsfk6TQTs64Nb_6nes_ai6config26deserialize_positive_usizeNtNtNtCseTqgdVNB9YM_9toml_edit2de5value17ValueDeserializerECsfjuf4c4evUh_23smb_control_integration
FN:99,_RINvNtCsfk6TQTs64Nb_6nes_ai6config27deserialize_observation_dimINtNtNtCs4x270oDFJKk_10serde_core2de5value17UsizeDeserializerNtNtCseTqgdVNB9YM_9toml_edit2de5ErrorEECsfjuf4c4evUh_23smb_control_integration
FN:99,_RINvNtCsfk6TQTs64Nb_6nes_ai6config27deserialize_observation_dimINtNtNtCs4x270oDFJKk_10serde_core2de5value18StringDeserializerNtNtCseTqgdVNB9YM_9toml_edit2de5ErrorEECsfjuf4c4evUh_23smb_control_integration
FN:99,_RINvNtCsfk6TQTs64Nb_6nes_ai6config27deserialize_observation_dimNtNtNtCseTqgdVNB9YM_9toml_edit2de5value17ValueDeserializerECsfjuf4c4evUh_23smb_control_integration
FN:112,_RINvNtCsfk6TQTs64Nb_6nes_ai6config24deserialize_positive_u32INtNtNtCs4x270oDFJKk_10serde_core2de5value17UsizeDeserializerNtNtCseTqgdVNB9YM_9toml_edit2de5ErrorEECs7OR1pgHhH1Y_17train_smb_control
FN:112,_RINvNtCsfk6TQTs64Nb_6nes_ai6config24deserialize_positive_u32INtNtNtCs4x270oDFJKk_10serde_core2de5value18StringDeserializerNtNtCseTqgdVNB9YM_9toml_edit2de5ErrorEECs7OR1pgHhH1Y_17train_smb_control
FN:112,_RINvNtCsfk6TQTs64Nb_6nes_ai6config24deserialize_positive_u32NtNtNtCseTqgdVNB9YM_9toml_edit2de5value17ValueDeserializerECs7OR1pgHhH1Y_17train_smb_control
FN:88,_RINvNtCsfk6TQTs64Nb_6nes_ai6config26deserialize_positive_usizeINtNtNtCs4x270oDFJKk_10serde_core2de5value17UsizeDeserializerNtNtCseTqgdVNB9YM_9toml_edit2de5ErrorEECs7OR1pgHhH1Y_17train_smb_control
FN:88,_RINvNtCsfk6TQTs64Nb_6nes_ai6config26deserialize_positive_usizeINtNtNtCs4x270oDFJKk_10serde_core2de5value18StringDeserializerNtNtCseTqgdVNB9YM_9toml_edit2de5ErrorEECs7OR1pgHhH1Y_17train_smb_control
FN:88,_RINvNtCsfk6TQTs64Nb_6nes_ai6config26deserialize_positive_usizeNtNtNtCseTqgdVNB9YM_9toml_edit2de5value17ValueDeserializerECs7OR1pgHhH1Y_17train_smb_control
FN:99,_RINvNtCsfk6TQTs64Nb_6nes_ai6config27deserialize_observation_dimINtNtNtCs4x270oDFJKk_10serde_core2de5value17UsizeDeserializerNtNtCseTqgdVNB9YM_9toml_edit2de5ErrorEECs7OR1pgHhH1Y_17train_smb_control
FN:99,_RINvNtCsfk6TQTs64Nb_6nes_ai6config27deserialize_observation_dimINtNtNtCs4x270oDFJKk_10serde_core2de5value18StringDeserializerNtNtCseTqgdVNB9YM_9toml_edit2de5ErrorEECs7OR1pgHhH1Y_17train_smb_control
FN:99,_RINvNtCsfk6TQTs64Nb_6nes_ai6config27deserialize_observation_dimNtNtNtCseTqgdVNB9YM_9toml_edit2de5value17ValueDeserializerECs7OR1pgHhH1Y_17train_smb_control
FNDA:0,_RINvNtCsfk6TQTs64Nb_6nes_ai6config24deserialize_positive_u32pEB4_
FNDA:0,_RINvNtCsfk6TQTs64Nb_6nes_ai6config26deserialize_positive_usizepEB4_
FNDA:0,_RINvNtCsfk6TQTs64Nb_6nes_ai6config27deserialize_observation_dimpEB4_
FNDA:4,_RNvMNtCsfk6TQTs64Nb_6nes_ai6configNtB2_15AiProfileConfig8validate
FNDA:3,_RNvMs0_NtCsfk6TQTs64Nb_6nes_ai6configNtB5_12RewardConfig8validate
FNDA:4,_RNvMs_NtCsfk6TQTs64Nb_6nes_ai6configNtB4_17ObservationConfig8validate
FNDA:11,_RNvNtCsfk6TQTs64Nb_6nes_ai6config21validate_positive_u32
FNDA:12,_RNvNtCsfk6TQTs64Nb_6nes_ai6config23validate_positive_usize
FNDA:7,_RNvNtCsfk6TQTs64Nb_6nes_ai6config28validate_min_observation_dim
FNDA:0,_RINvNtCsfk6TQTs64Nb_6nes_ai6config24deserialize_positive_u32INtNtNtCs4x270oDFJKk_10serde_core2de5value17UsizeDeserializerNtNtCseTqgdVNB9YM_9toml_edit2de5ErrorEECs3yIKXYzpmmE_16eval_smb_control
FNDA:0,_RINvNtCsfk6TQTs64Nb_6nes_ai6config24deserialize_positive_u32INtNtNtCs4x270oDFJKk_10serde_core2de5value18StringDeserializerNtNtCseTqgdVNB9YM_9toml_edit2de5ErrorEECs3yIKXYzpmmE_16eval_smb_control
FNDA:0,_RINvNtCsfk6TQTs64Nb_6nes_ai6config24deserialize_positive_u32NtNtNtCseTqgdVNB9YM_9toml_edit2de5value17ValueDeserializerECs3yIKXYzpmmE_16eval_smb_control
FNDA:0,_RINvNtCsfk6TQTs64Nb_6nes_ai6config26deserialize_positive_usizeINtNtNtCs4x270oDFJKk_10serde_core2de5value17UsizeDeserializerNtNtCseTqgdVNB9YM_9toml_edit2de5ErrorEECs3yIKXYzpmmE_16eval_smb_control
FNDA:0,_RINvNtCsfk6TQTs64Nb_6nes_ai6config26deserialize_positive_usizeINtNtNtCs4x270oDFJKk_10serde_core2de5value18StringDeserializerNtNtCseTqgdVNB9YM_9toml_edit2de5ErrorEECs3yIKXYzpmmE_16eval_smb_control
FNDA:0,_RINvNtCsfk6TQTs64Nb_6nes_ai6config26deserialize_positive_usizeNtNtNtCseTqgdVNB9YM_9toml_edit2de5value17ValueDeserializerECs3yIKXYzpmmE_16eval_smb_control
FNDA:0,_RINvNtCsfk6TQTs64Nb_6nes_ai6config27deserialize_observation_dimINtNtNtCs4x270oDFJKk_10serde_core2de5value17UsizeDeserializerNtNtCseTqgdVNB9YM_9toml_edit2de5ErrorEECs3yIKXYzpmmE_16eval_smb_control
FNDA:0,_RINvNtCsfk6TQTs64Nb_6nes_ai6config27deserialize_observation_dimINtNtNtCs4x270oDFJKk_10serde_core2de5value18StringDeserializerNtNtCseTqgdVNB9YM_9toml_edit2de5ErrorEECs3yIKXYzpmmE_16eval_smb_control
FNDA:0,_RINvNtCsfk6TQTs64Nb_6nes_ai6config27deserialize_observation_dimNtNtNtCseTqgdVNB9YM_9toml_edit2de5value17ValueDeserializerECs3yIKXYzpmmE_16eval_smb_control
FNDA:0,_RINvNtCsanxXwAcSLNM_6nes_ai6config24deserialize_positive_u32pEB4_
FNDA:0,_RINvNtCsanxXwAcSLNM_6nes_ai6config26deserialize_positive_usizepEB4_
FNDA:0,_RINvNtCsanxXwAcSLNM_6nes_ai6config27deserialize_observation_dimpEB4_
FNDA:0,_RNvMNtCsanxXwAcSLNM_6nes_ai6configNtB2_15AiProfileConfig8validate
FNDA:0,_RNvMs0_NtCsanxXwAcSLNM_6nes_ai6configNtB5_12RewardConfig8validate
FNDA:0,_RNvMs_NtCsanxXwAcSLNM_6nes_ai6configNtB4_17ObservationConfig8validate
FNDA:0,_RNvNtCsanxXwAcSLNM_6nes_ai6config21validate_positive_u32
FNDA:0,_RNvNtCsanxXwAcSLNM_6nes_ai6config23validate_positive_usize
FNDA:0,_RNvNtCsanxXwAcSLNM_6nes_ai6config28validate_min_observation_dim
FNDA:0,_RINvNtCsfk6TQTs64Nb_6nes_ai6config24deserialize_positive_u32INtNtNtCs4x270oDFJKk_10serde_core2de5value17UsizeDeserializerNtNtCseTqgdVNB9YM_9toml_edit2de5ErrorEECshaExQiGjuMr_14profile_config
FNDA:0,_RINvNtCsfk6TQTs64Nb_6nes_ai6config24deserialize_positive_u32INtNtNtCs4x270oDFJKk_10serde_core2de5value18StringDeserializerNtNtCseTqgdVNB9YM_9toml_edit2de5ErrorEECshaExQiGjuMr_14profile_config
FNDA:12,_RINvNtCsfk6TQTs64Nb_6nes_ai6config24deserialize_positive_u32NtNtNtCseTqgdVNB9YM_9toml_edit2de5value17ValueDeserializerECshaExQiGjuMr_14profile_config
FNDA:0,_RINvNtCsfk6TQTs64Nb_6nes_ai6config26deserialize_positive_usizeINtNtNtCs4x270oDFJKk_10serde_core2de5value17UsizeDeserializerNtNtCseTqgdVNB9YM_9toml_edit2de5ErrorEECshaExQiGjuMr_14profile_config
FNDA:0,_RINvNtCsfk6TQTs64Nb_6nes_ai6config26deserialize_positive_usizeINtNtNtCs4x270oDFJKk_10serde_core2de5value18StringDeserializerNtNtCseTqgdVNB9YM_9toml_edit2de5ErrorEECshaExQiGjuMr_14profile_config
FNDA:14,_RINvNtCsfk6TQTs64Nb_6nes_ai6config26deserialize_positive_usizeNtNtNtCseTqgdVNB9YM_9toml_edit2de5value17ValueDeserializerECshaExQiGjuMr_14profile_config
FNDA:0,_RINvNtCsfk6TQTs64Nb_6nes_ai6config27deserialize_observation_dimINtNtNtCs4x270oDFJKk_10serde_core2de5value17UsizeDeserializerNtNtCseTqgdVNB9YM_9toml_edit2de5ErrorEECshaExQiGjuMr_14profile_config
FNDA:0,_RINvNtCsfk6TQTs64Nb_6nes_ai6config27deserialize_observation_dimINtNtNtCs4x270oDFJKk_10serde_core2de5value18StringDeserializerNtNtCseTqgdVNB9YM_9toml_edit2de5ErrorEECshaExQiGjuMr_14profile_config
FNDA:8,_RINvNtCsfk6TQTs64Nb_6nes_ai6config27deserialize_observation_dimNtNtNtCseTqgdVNB9YM_9toml_edit2de5value17ValueDeserializerECshaExQiGjuMr_14profile_config
FNDA:0,_RINvNtCsfk6TQTs64Nb_6nes_ai6config24deserialize_positive_u32INtNtNtCs4x270oDFJKk_10serde_core2de5value17UsizeDeserializerNtNtCseTqgdVNB9YM_9toml_edit2de5ErrorEECsfjuf4c4evUh_23smb_control_integration
FNDA:0,_RINvNtCsfk6TQTs64Nb_6nes_ai6config24deserialize_positive_u32INtNtNtCs4x270oDFJKk_10serde_core2de5value18StringDeserializerNtNtCseTqgdVNB9YM_9toml_edit2de5ErrorEECsfjuf4c4evUh_23smb_control_integration
FNDA:0,_RINvNtCsfk6TQTs64Nb_6nes_ai6config24deserialize_positive_u32NtNtNtCseTqgdVNB9YM_9toml_edit2de5value17ValueDeserializerECsfjuf4c4evUh_23smb_control_integration
FNDA:0,_RINvNtCsfk6TQTs64Nb_6nes_ai6config26deserialize_positive_usizeINtNtNtCs4x270oDFJKk_10serde_core2de5value17UsizeDeserializerNtNtCseTqgdVNB9YM_9toml_edit2de5ErrorEECsfjuf4c4evUh_23smb_control_integration
FNDA:0,_RINvNtCsfk6TQTs64Nb_6nes_ai6config26deserialize_positive_usizeINtNtNtCs4x270oDFJKk_10serde_core2de5value18StringDeserializerNtNtCseTqgdVNB9YM_9toml_edit2de5ErrorEECsfjuf4c4evUh_23smb_control_integration
FNDA:0,_RINvNtCsfk6TQTs64Nb_6nes_ai6config26deserialize_positive_usizeNtNtNtCseTqgdVNB9YM_9toml_edit2de5value17ValueDeserializerECsfjuf4c4evUh_23smb_control_integration
FNDA:0,_RINvNtCsfk6TQTs64Nb_6nes_ai6config27deserialize_observation_dimINtNtNtCs4x270oDFJKk_10serde_core2de5value17UsizeDeserializerNtNtCseTqgdVNB9YM_9toml_edit2de5ErrorEECsfjuf4c4evUh_23smb_control_integration
FNDA:0,_RINvNtCsfk6TQTs64Nb_6nes_ai6config27deserialize_observation_dimINtNtNtCs4x270oDFJKk_10serde_core2de5value18StringDeserializerNtNtCseTqgdVNB9YM_9toml_edit2de5ErrorEECsfjuf4c4evUh_23smb_control_integration
FNDA:0,_RINvNtCsfk6TQTs64Nb_6nes_ai6config27deserialize_observation_dimNtNtNtCseTqgdVNB9YM_9toml_edit2de5value17ValueDeserializerECsfjuf4c4evUh_23smb_control_integration
FNDA:0,_RINvNtCsfk6TQTs64Nb_6nes_ai6config24deserialize_positive_u32INtNtNtCs4x270oDFJKk_10serde_core2de5value17UsizeDeserializerNtNtCseTqgdVNB9YM_9toml_edit2de5ErrorEECs7OR1pgHhH1Y_17train_smb_control
FNDA:0,_RINvNtCsfk6TQTs64Nb_6nes_ai6config24deserialize_positive_u32INtNtNtCs4x270oDFJKk_10serde_core2de5value18StringDeserializerNtNtCseTqgdVNB9YM_9toml_edit2de5ErrorEECs7OR1pgHhH1Y_17train_smb_control
FNDA:0,_RINvNtCsfk6TQTs64Nb_6nes_ai6config24deserialize_positive_u32NtNtNtCseTqgdVNB9YM_9toml_edit2de5value17ValueDeserializerECs7OR1pgHhH1Y_17train_smb_control
FNDA:0,_RINvNtCsfk6TQTs64Nb_6nes_ai6config26deserialize_positive_usizeINtNtNtCs4x270oDFJKk_10serde_core2de5value17UsizeDeserializerNtNtCseTqgdVNB9YM_9toml_edit2de5ErrorEECs7OR1pgHhH1Y_17train_smb_control
FNDA:0,_RINvNtCsfk6TQTs64Nb_6nes_ai6config26deserialize_positive_usizeINtNtNtCs4x270oDFJKk_10serde_core2de5value18StringDeserializerNtNtCseTqgdVNB9YM_9toml_edit2de5ErrorEECs7OR1pgHhH1Y_17train_smb_control
FNDA:0,_RINvNtCsfk6TQTs64Nb_6nes_ai6config26deserialize_positive_usizeNtNtNtCseTqgdVNB9YM_9toml_edit2de5value17ValueDeserializerECs7OR1pgHhH1Y_17train_smb_control
FNDA:0,_RINvNtCsfk6TQTs64Nb_6nes_ai6config27deserialize_observation_dimINtNtNtCs4x270oDFJKk_10serde_core2de5value17UsizeDeserializerNtNtCseTqgdVNB9YM_9toml_edit2de5ErrorEECs7OR1pgHhH1Y_17train_smb_control
FNDA:0,_RINvNtCsfk6TQTs64Nb_6nes_ai6config27deserialize_observation_dimINtNtNtCs4x270oDFJKk_10serde_core2de5value18StringDeserializerNtNtCseTqgdVNB9YM_9toml_edit2de5ErrorEECs7OR1pgHhH1Y_17train_smb_control
FNDA:0,_RINvNtCsfk6TQTs64Nb_6nes_ai6config27deserialize_observation_dimNtNtNtCseTqgdVNB9YM_9toml_edit2de5value17ValueDeserializerECs7OR1pgHhH1Y_17train_smb_control
FNF:9
FNH:9
DA:42,4
DA:43,4
DA:44,4
DA:45,4
DA:46,4
DA:47,3
DA:48,3
DA:49,4
DA:62,4
DA:63,4
DA:64,4
DA:65,4
DA:66,3
DA:67,3
DA:68,4
DA:83,3
DA:84,3
DA:85,3
DA:88,14
DA:89,14
DA:90,14
DA:92,14
DA:93,14
DA:94,2
DA:95,12
DA:96,12
DA:97,14
DA:99,8
DA:100,8
DA:101,8
DA:103,8
DA:104,7
DA:105,2
DA:106,2
DA:107,2
DA:108,5
DA:109,5
DA:110,8
DA:112,12
DA:113,12
DA:114,12
DA:116,12
DA:117,12
DA:118,0
DA:119,12
DA:120,12
DA:121,12
DA:123,12
DA:124,12
DA:125,0
DA:126,0
DA:127,0
DA:128,0
DA:129,0
DA:131,12
DA:132,12
DA:133,12
DA:135,11
DA:136,11
DA:137,0
DA:138,0
DA:139,0
DA:140,0
DA:141,0
DA:143,11
DA:144,11
DA:145,11
DA:147,7
DA:148,7
DA:149,1
DA:150,1
DA:151,0
DA:152,0
DA:154,6
DA:155,6
DA:156,7
BRF:0
BRH:0
LF:76
LH:63
end_of_record
SF:/app/crates/nes-ai/src/env.rs
FN:184,_RNvMNtCsfk6TQTs64Nb_6nes_ai3envINtB2_10ProfileEnvpE4coreB4_
FN:261,_RNvMs0_NtCsfk6TQTs64Nb_6nes_ai3envNtB5_13AnyControlEnv11from_config
FN:303,_RNvMs0_NtCsfk6TQTs64Nb_6nes_ai3envNtB5_13AnyControlEnv11observation
FN:317,_RNvMs0_NtCsfk6TQTs64Nb_6nes_ai3envNtB5_13AnyControlEnv14finish_episode
FN:310,_RNvMs0_NtCsfk6TQTs64Nb_6nes_ai3envNtB5_13AnyControlEnv14recorded_movie
FN:286,_RNvMs0_NtCsfk6TQTs64Nb_6nes_ai3envNtB5_13AnyControlEnv4step
FN:272,_RNvMs0_NtCsfk6TQTs64Nb_6nes_ai3envNtB5_13AnyControlEnv5reset
FN:233,_RNvMs_NtCsfk6TQTs64Nb_6nes_ai3envINtB4_10ProfileEnvNtNtNtB6_8profiles3smb10SmbProfileE11from_config
FN:337,_RNvNtCsfk6TQTs64Nb_6nes_ai3env13read_rom_hash
FN:324,_RNvNtCsfk6TQTs64Nb_6nes_ai3env22load_verified_snapshot
FN:339,_RNCNvNtCsfk6TQTs64Nb_6nes_ai3env13read_rom_hash0B5_
FN:193,_RNvMNtCsfk6TQTs64Nb_6nes_ai3envINtB2_10ProfileEnvNtNtNtB4_8profiles3smb10SmbProfileE11observationB4_
FN:214,_RNvMNtCsfk6TQTs64Nb_6nes_ai3envINtB2_10ProfileEnvNtNtNtB4_8profiles3smb10SmbProfileE14finish_episodeB4_
FN:209,_RNvMNtCsfk6TQTs64Nb_6nes_ai3envINtB2_10ProfileEnvNtNtNtB4_8profiles3smb10SmbProfileE14recorded_movieB4_
FN:72,_RNvMNtCsfk6TQTs64Nb_6nes_ai3envINtB2_10ProfileEnvNtNtNtB4_8profiles3smb10SmbProfileE3newB4_
FN:129,_RNvMNtCsfk6TQTs64Nb_6nes_ai3envINtB2_10ProfileEnvNtNtNtB4_8profiles3smb10SmbProfileE4stepB4_
FN:96,_RNvMNtCsfk6TQTs64Nb_6nes_ai3envINtB2_10ProfileEnvNtNtNtB4_8profiles3smb10SmbProfileE5resetB4_
FN:184,_RNvMNtCsfk6TQTs64Nb_6nes_ai3envINtB2_10ProfileEnvNtNtNtB4_8profiles3smb10SmbProfileE4coreCsefmHLC06qFn_15env_determinism
FN:339,_RNCNvNtCsanxXwAcSLNM_6nes_ai3env13read_rom_hash0B5_
FN:193,_RNvMNtCsanxXwAcSLNM_6nes_ai3envINtB2_10ProfileEnvpE11observationB4_
FN:214,_RNvMNtCsanxXwAcSLNM_6nes_ai3envINtB2_10ProfileEnvpE14finish_episodeB4_
FN:209,_RNvMNtCsanxXwAcSLNM_6nes_ai3envINtB2_10ProfileEnvpE14recorded_movieB4_
FN:72,_RNvMNtCsanxXwAcSLNM_6nes_ai3envINtB2_10ProfileEnvpE3newB4_
FN:184,_RNvMNtCsanxXwAcSLNM_6nes_ai3envINtB2_10ProfileEnvpE4coreB4_
FN:129,_RNvMNtCsanxXwAcSLNM_6nes_ai3envINtB2_10ProfileEnvpE4stepB4_
FN:96,_RNvMNtCsanxXwAcSLNM_6nes_ai3envINtB2_10ProfileEnvpE5resetB4_
FN:261,_RNvMs0_NtCsanxXwAcSLNM_6nes_ai3envNtB5_13AnyControlEnv11from_config
FN:303,_RNvMs0_NtCsanxXwAcSLNM_6nes_ai3envNtB5_13AnyControlEnv11observation
FN:317,_RNvMs0_NtCsanxXwAcSLNM_6nes_ai3envNtB5_13AnyControlEnv14finish_episode
FN:310,_RNvMs0_NtCsanxXwAcSLNM_6nes_ai3envNtB5_13AnyControlEnv14recorded_movie
FN:286,_RNvMs0_NtCsanxXwAcSLNM_6nes_ai3envNtB5_13AnyControlEnv4step
FN:272,_RNvMs0_NtCsanxXwAcSLNM_6nes_ai3envNtB5_13AnyControlEnv5reset
FN:233,_RNvMs_NtCsanxXwAcSLNM_6nes_ai3envINtB4_10ProfileEnvNtNtNtB6_8profiles3smb10SmbProfileE11from_config
FN:337,_RNvNtCsanxXwAcSLNM_6nes_ai3env13read_rom_hash
FN:324,_RNvNtCsanxXwAcSLNM_6nes_ai3env22load_verified_snapshot
FNDA:0,_RNvMNtCsfk6TQTs64Nb_6nes_ai3envINtB2_10ProfileEnvpE4coreB4_
FNDA:2,_RNvMs0_NtCsfk6TQTs64Nb_6nes_ai3envNtB5_13AnyControlEnv11from_config
FNDA:32,_RNvMs0_NtCsfk6TQTs64Nb_6nes_ai3envNtB5_13AnyControlEnv11observation
FNDA:0,_RNvMs0_NtCsfk6TQTs64Nb_6nes_ai3envNtB5_13AnyControlEnv14finish_episode
FNDA:1,_RNvMs0_NtCsfk6TQTs64Nb_6nes_ai3envNtB5_13AnyControlEnv14recorded_movie
FNDA:31,_RNvMs0_NtCsfk6TQTs64Nb_6nes_ai3envNtB5_13AnyControlEnv4step
FNDA:2,_RNvMs0_NtCsfk6TQTs64Nb_6nes_ai3envNtB5_13AnyControlEnv5reset
FNDA:4,_RNvMs_NtCsfk6TQTs64Nb_6nes_ai3envINtB4_10ProfileEnvNtNtNtB6_8profiles3smb10SmbProfileE11from_config
FNDA:3,_RNvNtCsfk6TQTs64Nb_6nes_ai3env13read_rom_hash
FNDA:4,_RNvNtCsfk6TQTs64Nb_6nes_ai3env22load_verified_snapshot
FNDA:0,_RNCNvNtCsfk6TQTs64Nb_6nes_ai3env13read_rom_hash0B5_
FNDA:33,_RNvMNtCsfk6TQTs64Nb_6nes_ai3envINtB2_10ProfileEnvNtNtNtB4_8profiles3smb10SmbProfileE11observationB4_
FNDA:0,_RNvMNtCsfk6TQTs64Nb_6nes_ai3envINtB2_10ProfileEnvNtNtNtB4_8profiles3smb10SmbProfileE14finish_episodeB4_
FNDA:2,_RNvMNtCsfk6TQTs64Nb_6nes_ai3envINtB2_10ProfileEnvNtNtNtB4_8profiles3smb10SmbProfileE14recorded_movieB4_
FNDA:5,_RNvMNtCsfk6TQTs64Nb_6nes_ai3envINtB2_10ProfileEnvNtNtNtB4_8profiles3smb10SmbProfileE3newB4_
FNDA:99,_RNvMNtCsfk6TQTs64Nb_6nes_ai3envINtB2_10ProfileEnvNtNtNtB4_8profiles3smb10SmbProfileE4stepB4_
FNDA:5,_RNvMNtCsfk6TQTs64Nb_6nes_ai3envINtB2_10ProfileEnvNtNtNtB4_8profiles3smb10SmbProfileE5resetB4_
FNDA:2,_RNvMNtCsfk6TQTs64Nb_6nes_ai3envINtB2_10ProfileEnvNtNtNtB4_8profiles3smb10SmbProfileE4coreCsefmHLC06qFn_15env_determinism
FNDA:0,_RNCNvNtCsanxXwAcSLNM_6nes_ai3env13read_rom_hash0B5_
FNDA:0,_RNvMNtCsanxXwAcSLNM_6nes_ai3envINtB2_10ProfileEnvpE11observationB4_
FNDA:0,_RNvMNtCsanxXwAcSLNM_6nes_ai3envINtB2_10ProfileEnvpE14finish_episodeB4_
FNDA:0,_RNvMNtCsanxXwAcSLNM_6nes_ai3envINtB2_10ProfileEnvpE14recorded_movieB4_
FNDA:0,_RNvMNtCsanxXwAcSLNM_6nes_ai3envINtB2_10ProfileEnvpE3newB4_
FNDA:0,_RNvMNtCsanxXwAcSLNM_6nes_ai3envINtB2_10ProfileEnvpE4coreB4_
FNDA:0,_RNvMNtCsanxXwAcSLNM_6nes_ai3envINtB2_10ProfileEnvpE4stepB4_
FNDA:0,_RNvMNtCsanxXwAcSLNM_6nes_ai3envINtB2_10ProfileEnvpE5resetB4_
FNDA:0,_RNvMs0_NtCsanxXwAcSLNM_6nes_ai3envNtB5_13AnyControlEnv11from_config
FNDA:0,_RNvMs0_NtCsanxXwAcSLNM_6nes_ai3envNtB5_13AnyControlEnv11observation
FNDA:0,_RNvMs0_NtCsanxXwAcSLNM_6nes_ai3envNtB5_13AnyControlEnv14finish_episode
FNDA:0,_RNvMs0_NtCsanxXwAcSLNM_6nes_ai3envNtB5_13AnyControlEnv14recorded_movie
FNDA:0,_RNvMs0_NtCsanxXwAcSLNM_6nes_ai3envNtB5_13AnyControlEnv4step
FNDA:0,_RNvMs0_NtCsanxXwAcSLNM_6nes_ai3envNtB5_13AnyControlEnv5reset
FNDA:0,_RNvMs_NtCsanxXwAcSLNM_6nes_ai3envINtB4_10ProfileEnvNtNtNtB6_8profiles3smb10SmbProfileE11from_config
FNDA:0,_RNvNtCsanxXwAcSLNM_6nes_ai3env13read_rom_hash
FNDA:0,_RNvNtCsanxXwAcSLNM_6nes_ai3env22load_verified_snapshot
FNF:17
FNH:14
DA:72,5
DA:73,5
DA:74,5
DA:75,5
DA:76,5
DA:77,5
DA:78,5
DA:79,5
DA:80,5
DA:81,5
DA:82,5
DA:83,5
DA:84,5
DA:85,5
DA:86,5
DA:87,5
DA:88,5
DA:89,5
DA:96,5
DA:97,5
DA:98,5
DA:99,5
DA:100,5
DA:101,5
DA:102,5
DA:103,5
DA:104,5
DA:105,5
DA:108,5
DA:109,5
DA:111,5
DA:112,5
DA:113,5
DA:114,5
DA:116,20
DA:117,20
DA:118,20
DA:120,5
DA:121,5
DA:129,99
DA:130,99
DA:131,0
DA:132,99
DA:133,99
DA:134,99
DA:135,99
DA:136,99
DA:137,99
DA:138,99
DA:139,99
DA:140,99
DA:142,99
DA:143,99
DA:144,99
DA:145,0
DA:146,0
DA:147,99
DA:148,99
DA:149,99
DA:150,99
DA:151,99
DA:152,99
DA:155,99
DA:156,99
DA:157,99
DA:158,99
DA:160,99
DA:162,99
DA:163,99
DA:164,0
DA:166,99
DA:167,99
DA:169,99
DA:170,99
DA:171,99
DA:172,99
DA:173,99
DA:174,99
DA:176,99
DA:177,99
DA:178,99
DA:179,99
DA:180,99
DA:181,99
DA:184,2
DA:185,2
DA:186,2
DA:193,33
DA:194,33
DA:195,33
DA:196,33
DA:197,33
DA:199,33
DA:200,33
DA:201,33
DA:202,33
DA:203,33
DA:204,33
DA:205,33
DA:206,33
DA:209,2
DA:210,2
DA:211,2
DA:214,0
DA:215,0
DA:216,0
DA:217,0
DA:218,0
DA:219,0
DA:220,0
DA:221,0
DA:222,0
DA:223,0
DA:233,4
DA:234,4
DA:235,0
DA:236,4
DA:237,4
DA:238,2
DA:239,2
DA:240,4
DA:261,2
DA:262,2
DA:263,2
DA:265,2
DA:272,2
DA:273,2
DA:274,2
DA:275,2
DA:276,2
DA:279,2
DA:286,31
DA:287,31
DA:288,31
DA:289,31
DA:290,31
DA:291,31
DA:292,31
DA:293,31
DA:296,31
DA:303,32
DA:304,32
DA:305,32
DA:307,32
DA:310,1
DA:311,1
DA:312,1
DA:314,1
DA:317,0
DA:318,0
DA:319,0
DA:321,0
DA:324,4
DA:325,4
DA:326,3
DA:327,3
DA:328,3
DA:329,1
DA:330,1
DA:331,1
DA:332,1
DA:333,2
DA:334,2
DA:335,4
DA:337,3
DA:338,3
DA:339,0
DA:340,0
DA:341,0
DA:342,3
DA:343,3
BRF:0
BRH:0
LF:172
LH:149
end_of_record
SF:/app/crates/nes-ai/src/episode.rs
FN:50,_RNCNvMNtCsfk6TQTs64Nb_6nes_ai7episodeNtB4_21EpisodeArtifactWriter5write0B6_
FN:64,_RNCNvMNtCsfk6TQTs64Nb_6nes_ai7episodeNtB4_21EpisodeArtifactWriter5writes0_0B6_
FN:68,_RNCNvMNtCsfk6TQTs64Nb_6nes_ai7episodeNtB4_21EpisodeArtifactWriter5writes1_0B6_
FN:77,_RNCNvMNtCsfk6TQTs64Nb_6nes_ai7episodeNtB4_21EpisodeArtifactWriter5writes2_0B6_
FN:89,_RNCNvMNtCsfk6TQTs64Nb_6nes_ai7episodeNtB4_21EpisodeArtifactWriter5writes3_0B6_
FN:59,_RNCNvMNtCsfk6TQTs64Nb_6nes_ai7episodeNtB4_21EpisodeArtifactWriter5writes_0B6_
FN:32,_RNvMNtCsfk6TQTs64Nb_6nes_ai7episodeNtB2_21EpisodeArtifactWriter3new
FN:42,_RNvMNtCsfk6TQTs64Nb_6nes_ai7episodeNtB2_21EpisodeArtifactWriter5write
FN:120,_RNvNtCsfk6TQTs64Nb_6nes_ai7episode14write_artifact
FN:110,_RNvNtCsfk6TQTs64Nb_6nes_ai7episode15sanitize_prefix
FN:124,_RNvNtCsfk6TQTs64Nb_6nes_ai7episode17cleanup_artifacts
FN:50,_RNCNvMNtCsanxXwAcSLNM_6nes_ai7episodeNtB4_21EpisodeArtifactWriter5write0B6_
FN:64,_RNCNvMNtCsanxXwAcSLNM_6nes_ai7episodeNtB4_21EpisodeArtifactWriter5writes0_0B6_
FN:68,_RNCNvMNtCsanxXwAcSLNM_6nes_ai7episodeNtB4_21EpisodeArtifactWriter5writes1_0B6_
FN:77,_RNCNvMNtCsanxXwAcSLNM_6nes_ai7episodeNtB4_21EpisodeArtifactWriter5writes2_0B6_
FN:89,_RNCNvMNtCsanxXwAcSLNM_6nes_ai7episodeNtB4_21EpisodeArtifactWriter5writes3_0B6_
FN:59,_RNCNvMNtCsanxXwAcSLNM_6nes_ai7episodeNtB4_21EpisodeArtifactWriter5writes_0B6_
FN:32,_RNvMNtCsanxXwAcSLNM_6nes_ai7episodeNtB2_21EpisodeArtifactWriter3new
FN:42,_RNvMNtCsanxXwAcSLNM_6nes_ai7episodeNtB2_21EpisodeArtifactWriter5write
FN:120,_RNvNtCsanxXwAcSLNM_6nes_ai7episode14write_artifact
FN:110,_RNvNtCsanxXwAcSLNM_6nes_ai7episode15sanitize_prefix
FN:124,_RNvNtCsanxXwAcSLNM_6nes_ai7episode17cleanup_artifacts
FNDA:0,_RNCNvMNtCsfk6TQTs64Nb_6nes_ai7episodeNtB4_21EpisodeArtifactWriter5write0B6_
FNDA:0,_RNCNvMNtCsfk6TQTs64Nb_6nes_ai7episodeNtB4_21EpisodeArtifactWriter5writes0_0B6_
FNDA:0,_RNCNvMNtCsfk6TQTs64Nb_6nes_ai7episodeNtB4_21EpisodeArtifactWriter5writes1_0B6_
FNDA:0,_RNCNvMNtCsfk6TQTs64Nb_6nes_ai7episodeNtB4_21EpisodeArtifactWriter5writes2_0B6_
FNDA:0,_RNCNvMNtCsfk6TQTs64Nb_6nes_ai7episodeNtB4_21EpisodeArtifactWriter5writes3_0B6_
FNDA:0,_RNCNvMNtCsfk6TQTs64Nb_6nes_ai7episodeNtB4_21EpisodeArtifactWriter5writes_0B6_
FNDA:3,_RNvMNtCsfk6TQTs64Nb_6nes_ai7episodeNtB2_21EpisodeArtifactWriter3new
FNDA:4,_RNvMNtCsfk6TQTs64Nb_6nes_ai7episodeNtB2_21EpisodeArtifactWriter5write
FNDA:9,_RNvNtCsfk6TQTs64Nb_6nes_ai7episode14write_artifact
FNDA:4,_RNvNtCsfk6TQTs64Nb_6nes_ai7episode15sanitize_prefix
FNDA:0,_RNvNtCsfk6TQTs64Nb_6nes_ai7episode17cleanup_artifacts
FNDA:0,_RNCNvMNtCsanxXwAcSLNM_6nes_ai7episodeNtB4_21EpisodeArtifactWriter5write0B6_
FNDA:0,_RNCNvMNtCsanxXwAcSLNM_6nes_ai7episodeNtB4_21EpisodeArtifactWriter5writes0_0B6_
FNDA:0,_RNCNvMNtCsanxXwAcSLNM_6nes_ai7episodeNtB4_21EpisodeArtifactWriter5writes1_0B6_
FNDA:0,_RNCNvMNtCsanxXwAcSLNM_6nes_ai7episodeNtB4_21EpisodeArtifactWriter5writes2_0B6_
FNDA:0,_RNCNvMNtCsanxXwAcSLNM_6nes_ai7episodeNtB4_21EpisodeArtifactWriter5writes3_0B6_
FNDA:0,_RNCNvMNtCsanxXwAcSLNM_6nes_ai7episodeNtB4_21EpisodeArtifactWriter5writes_0B6_
FNDA:0,_RNvMNtCsanxXwAcSLNM_6nes_ai7episodeNtB2_21EpisodeArtifactWriter3new
FNDA:0,_RNvMNtCsanxXwAcSLNM_6nes_ai7episodeNtB2_21EpisodeArtifactWriter5write
FNDA:0,_RNvNtCsanxXwAcSLNM_6nes_ai7episode14write_artifact
FNDA:0,_RNvNtCsanxXwAcSLNM_6nes_ai7episode15sanitize_prefix
FNDA:0,_RNvNtCsanxXwAcSLNM_6nes_ai7episode17cleanup_artifacts
FNF:11
FNH:4
DA:32,3
DA:33,3
DA:34,3
DA:42,4
DA:43,4
DA:44,4
DA:45,4
DA:46,4
DA:47,4
DA:48,4
DA:49,3
DA:50,0
DA:51,0
DA:52,0
DA:54,3
DA:55,3
DA:56,3
DA:57,3
DA:59,0
DA:60,0
DA:61,3
DA:62,3
DA:64,0
DA:65,0
DA:67,3
DA:68,3
DA:69,0
DA:70,0
DA:71,0
DA:72,0
DA:73,0
DA:74,0
DA:75,3
DA:77,3
DA:78,0
DA:79,0
DA:80,0
DA:81,0
DA:82,0
DA:83,0
DA:84,3
DA:86,3
DA:87,3
DA:88,3
DA:89,3
DA:90,0
DA:91,0
DA:92,0
DA:93,0
DA:94,0
DA:95,0
DA:96,3
DA:97,3
DA:99,0
DA:102,3
DA:103,3
DA:104,3
DA:105,3
DA:106,3
DA:107,4
DA:110,4
DA:111,4
DA:112,1
DA:113,1
DA:114,1
DA:115,3
DA:117,3
DA:118,4
DA:120,9
DA:121,9
DA:122,9
DA:124,0
DA:125,0
DA:126,0
DA:127,0
DA:128,0
BRF:0
BRH:0
LF:85
LH:45
end_of_record
SF:/app/crates/nes-ai/src/model.rs
FN:35,_RINvMNtCsfk6TQTs64Nb_6nes_ai5modelNtB3_23HybridPolicyValueConfig4initINtNtCs9CiW5PVsNX7_13burn_autodiff7backend8AutodiffNtNtCsb7D2hG0ZjOK_12burn_ndarray7backend7NdArrayEEB5_
FN:35,_RINvMNtCsfk6TQTs64Nb_6nes_ai5modelNtB3_23HybridPolicyValueConfig4initNtNtCsb7D2hG0ZjOK_12burn_ndarray7backend7NdArrayEB5_
FN:90,_RNvMs_NtCsfk6TQTs64Nb_6nes_ai5modelINtB4_20HybridPolicyValueNetINtNtCs9CiW5PVsNX7_13burn_autodiff7backend8AutodiffNtNtCsb7D2hG0ZjOK_12burn_ndarray7backend7NdArrayEE3newB6_
FN:116,_RNvMs_NtCsfk6TQTs64Nb_6nes_ai5modelINtB4_20HybridPolicyValueNetINtNtCs9CiW5PVsNX7_13burn_autodiff7backend8AutodiffNtNtCsb7D2hG0ZjOK_12burn_ndarray7backend7NdArrayEE7forwardB6_
FN:90,_RNvMs_NtCsfk6TQTs64Nb_6nes_ai5modelINtB4_20HybridPolicyValueNetNtNtCsb7D2hG0ZjOK_12burn_ndarray7backend7NdArrayE3newB6_
FN:116,_RNvMs_NtCsfk6TQTs64Nb_6nes_ai5modelINtB4_20HybridPolicyValueNetNtNtCsb7D2hG0ZjOK_12burn_ndarray7backend7NdArrayE7forwardB6_
FN:24,_RNvMNtCsfk6TQTs64Nb_6nes_ai5modelNtB2_23HybridPolicyValueConfig16from_observation
FN:40,_RNvMNtCsfk6TQTs64Nb_6nes_ai5modelNtB2_23HybridPolicyValueConfig8validate
FN:35,_RINvMNtCsanxXwAcSLNM_6nes_ai5modelNtB3_23HybridPolicyValueConfig4initpEB5_
FN:24,_RNvMNtCsanxXwAcSLNM_6nes_ai5modelNtB2_23HybridPolicyValueConfig16from_observation
FN:40,_RNvMNtCsanxXwAcSLNM_6nes_ai5modelNtB2_23HybridPolicyValueConfig8validate
FN:90,_RNvMs_NtCsanxXwAcSLNM_6nes_ai5modelINtB4_20HybridPolicyValueNetpE3newB6_
FN:116,_RNvMs_NtCsanxXwAcSLNM_6nes_ai5modelINtB4_20HybridPolicyValueNetpE7forwardB6_
FNDA:10,_RINvMNtCsfk6TQTs64Nb_6nes_ai5modelNtB3_23HybridPolicyValueConfig4initINtNtCs9CiW5PVsNX7_13burn_autodiff7backend8AutodiffNtNtCsb7D2hG0ZjOK_12burn_ndarray7backend7NdArrayEEB5_
FNDA:1,_RINvMNtCsfk6TQTs64Nb_6nes_ai5modelNtB3_23HybridPolicyValueConfig4initNtNtCsb7D2hG0ZjOK_12burn_ndarray7backend7NdArrayEB5_
FNDA:8,_RNvMs_NtCsfk6TQTs64Nb_6nes_ai5modelINtB4_20HybridPolicyValueNetINtNtCs9CiW5PVsNX7_13burn_autodiff7backend8AutodiffNtNtCsb7D2hG0ZjOK_12burn_ndarray7backend7NdArrayEE3newB6_
FNDA:28,_RNvMs_NtCsfk6TQTs64Nb_6nes_ai5modelINtB4_20HybridPolicyValueNetINtNtCs9CiW5PVsNX7_13burn_autodiff7backend8AutodiffNtNtCsb7D2hG0ZjOK_12burn_ndarray7backend7NdArrayEE7forwardB6_
FNDA:1,_RNvMs_NtCsfk6TQTs64Nb_6nes_ai5modelINtB4_20HybridPolicyValueNetNtNtCsb7D2hG0ZjOK_12burn_ndarray7backend7NdArrayE3newB6_
FNDA:1130,_RNvMs_NtCsfk6TQTs64Nb_6nes_ai5modelINtB4_20HybridPolicyValueNetNtNtCsb7D2hG0ZjOK_12burn_ndarray7backend7NdArrayE7forwardB6_
FNDA:7,_RNvMNtCsfk6TQTs64Nb_6nes_ai5modelNtB2_23HybridPolicyValueConfig16from_observation
FNDA:11,_RNvMNtCsfk6TQTs64Nb_6nes_ai5modelNtB2_23HybridPolicyValueConfig8validate
FNDA:0,_RINvMNtCsanxXwAcSLNM_6nes_ai5modelNtB3_23HybridPolicyValueConfig4initpEB5_
FNDA:0,_RNvMNtCsanxXwAcSLNM_6nes_ai5modelNtB2_23HybridPolicyValueConfig16from_observation
FNDA:0,_RNvMNtCsanxXwAcSLNM_6nes_ai5modelNtB2_23HybridPolicyValueConfig8validate
FNDA:0,_RNvMs_NtCsanxXwAcSLNM_6nes_ai5modelINtB4_20HybridPolicyValueNetpE3newB6_
FNDA:0,_RNvMs_NtCsanxXwAcSLNM_6nes_ai5modelINtB4_20HybridPolicyValueNetpE7forwardB6_
FNF:5
FNH:5
DA:24,7
DA:25,7
DA:26,7
DA:27,7
DA:28,7
DA:30,7
DA:31,7
DA:32,7
DA:35,11
DA:36,11
DA:37,11
DA:38,11
DA:40,11
DA:41,11
DA:42,11
DA:45,10
DA:46,10
DA:49,10
DA:50,10
DA:53,10
DA:54,10
DA:57,9
DA:58,9
DA:61,9
DA:90,9
DA:91,9
DA:92,9
DA:93,9
DA:94,9
DA:95,9
DA:96,9
DA:97,9
DA:98,9
DA:99,9
DA:100,9
DA:101,9
DA:103,9
DA:104,9
DA:105,9
DA:106,9
DA:107,9
DA:108,9
DA:109,9
DA:110,9
DA:111,9
DA:112,9
DA:113,9
DA:116,1158
DA:117,1158
DA:118,1158
DA:119,1158
DA:121,1158
DA:122,1158
DA:123,1158
DA:124,1158
DA:125,1158
DA:127,1158
DA:128,1158
DA:129,1158
DA:130,1158
DA:131,1158
BRF:0
BRH:0
LF:61
LH:61
end_of_record
SF:/app/crates/nes-ai/src/obs.rs
FN:52,_RNvMNtCsfk6TQTs64Nb_6nes_ai3obsNtB2_10FrameStack3new
FN:67,_RNvMNtCsfk6TQTs64Nb_6nes_ai3obsNtB2_10FrameStack4push
FN:76,_RNvMNtCsfk6TQTs64Nb_6nes_ai3obsNtB2_10FrameStack9as_slices
FN:81,_RNvMNtCsfk6TQTs64Nb_6nes_ai3obsNtB2_10FrameStack9flattened
FN:12,_RNvNtCsfk6TQTs64Nb_6nes_ai3obs20downsample_grayscale
FN:52,_RNvMNtCsanxXwAcSLNM_6nes_ai3obsNtB2_10FrameStack3new
FN:67,_RNvMNtCsanxXwAcSLNM_6nes_ai3obsNtB2_10FrameStack4push
FN:76,_RNvMNtCsanxXwAcSLNM_6nes_ai3obsNtB2_10FrameStack9as_slices
FN:81,_RNvMNtCsanxXwAcSLNM_6nes_ai3obsNtB2_10FrameStack9flattened
FN:12,_RNvNtCsanxXwAcSLNM_6nes_ai3obs20downsample_grayscale
FNDA:55,_RNvMNtCsfk6TQTs64Nb_6nes_ai3obsNtB2_10FrameStack3new
FNDA:1370,_RNvMNtCsfk6TQTs64Nb_6nes_ai3obsNtB2_10FrameStack4push
FNDA:1,_RNvMNtCsfk6TQTs64Nb_6nes_ai3obsNtB2_10FrameStack9as_slices
FNDA:1185,_RNvMNtCsfk6TQTs64Nb_6nes_ai3obsNtB2_10FrameStack9flattened
FNDA:105,_RNvNtCsfk6TQTs64Nb_6nes_ai3obs20downsample_grayscale
FNDA:0,_RNvMNtCsanxXwAcSLNM_6nes_ai3obsNtB2_10FrameStack3new
FNDA:0,_RNvMNtCsanxXwAcSLNM_6nes_ai3obsNtB2_10FrameStack4push
FNDA:0,_RNvMNtCsanxXwAcSLNM_6nes_ai3obsNtB2_10FrameStack9as_slices
FNDA:0,_RNvMNtCsanxXwAcSLNM_6nes_ai3obsNtB2_10FrameStack9flattened
FNDA:0,_RNvNtCsanxXwAcSLNM_6nes_ai3obs20downsample_grayscale
FNF:5
FNH:5
DA:12,105
DA:13,105
DA:14,105
DA:16,105
DA:17,105
DA:18,105
DA:23,105
DA:24,8820
DA:25,740880
DA:26,740880
DA:27,740880
DA:28,740880
DA:29,740880
DA:30,740880
DA:31,740880
DA:32,740880
DA:33,740880
DA:35,105
DA:36,105
DA:52,55
DA:53,55
DA:54,55
DA:55,55
DA:56,55
DA:57,55
DA:58,55
DA:59,55
DA:60,55
DA:67,1370
DA:68,1370
DA:69,1370
DA:70,1220
DA:71,1220
DA:72,1370
DA:73,1370
DA:76,1
DA:77,1
DA:78,1
DA:81,1185
DA:82,1185
DA:83,4740
DA:84,4740
DA:85,4740
DA:86,1185
DA:87,1185
BRF:0
BRH:0
LF:45
LH:45
end_of_record
SF:/app/crates/nes-ai/src/profiles/smb.rs
FN:22,_RNvMNtNtCsfk6TQTs64Nb_6nes_ai8profiles3smbNtB2_10SmbProfile3new
FN:62,_RNvNtNtCsfk6TQTs64Nb_6nes_ai8profiles3smb18decode_signed_byte
FN:57,_RNvXs_NtNtCsfk6TQTs64Nb_6nes_ai8profiles3smbNtB4_10SmbProfileNtNtB8_7profile11TaskProfile13feature_count
FN:34,_RNvXs_NtNtCsfk6TQTs64Nb_6nes_ai8profiles3smbNtB4_10SmbProfileNtNtB8_7profile11TaskProfile15decode_features
FN:46,_RNvXs_NtNtCsfk6TQTs64Nb_6nes_ai8profiles3smbNtB4_10SmbProfileNtNtB8_7profile11TaskProfile15encode_features
FN:30,_RNvXs_NtNtCsfk6TQTs64Nb_6nes_ai8profiles3smbNtB4_10SmbProfileNtNtB8_7profile11TaskProfile6config
FN:75,_RNvNtNtNtCsanxXwAcSLNM_6nes_ai8profiles3smb5testss_49decode_signed_byte_handles_twos_complement_values
FN:22,_RNvMNtNtCsanxXwAcSLNM_6nes_ai8profiles3smbNtB2_10SmbProfile3new
FN:57,_RNvXs_NtNtCsanxXwAcSLNM_6nes_ai8profiles3smbNtB4_10SmbProfileNtNtB8_7profile11TaskProfile13feature_count
FN:34,_RNvXs_NtNtCsanxXwAcSLNM_6nes_ai8profiles3smbNtB4_10SmbProfileNtNtB8_7profile11TaskProfile15decode_features
FN:46,_RNvXs_NtNtCsanxXwAcSLNM_6nes_ai8profiles3smbNtB4_10SmbProfileNtNtB8_7profile11TaskProfile15encode_features
FN:30,_RNvXs_NtNtCsanxXwAcSLNM_6nes_ai8profiles3smbNtB4_10SmbProfileNtNtB8_7profile11TaskProfile6config
FN:62,_RNvNtNtCsanxXwAcSLNM_6nes_ai8profiles3smb18decode_signed_byte
FNDA:5,_RNvMNtNtCsfk6TQTs64Nb_6nes_ai8profiles3smbNtB2_10SmbProfile3new
FNDA:208,_RNvNtNtCsfk6TQTs64Nb_6nes_ai8profiles3smb18decode_signed_byte
FNDA:0,_RNvXs_NtNtCsfk6TQTs64Nb_6nes_ai8profiles3smbNtB4_10SmbProfileNtNtB8_7profile11TaskProfile13feature_count
FNDA:104,_RNvXs_NtNtCsfk6TQTs64Nb_6nes_ai8profiles3smbNtB4_10SmbProfileNtNtB8_7profile11TaskProfile15decode_features
FNDA:33,_RNvXs_NtNtCsfk6TQTs64Nb_6nes_ai8profiles3smbNtB4_10SmbProfileNtNtB8_7profile11TaskProfile15encode_features
FNDA:728,_RNvXs_NtNtCsfk6TQTs64Nb_6nes_ai8profiles3smbNtB4_10SmbProfileNtNtB8_7profile11TaskProfile6config
FNDA:1,_RNvNtNtNtCsanxXwAcSLNM_6nes_ai8profiles3smb5testss_49decode_signed_byte_handles_twos_complement_values
FNDA:0,_RNvMNtNtCsanxXwAcSLNM_6nes_ai8profiles3smbNtB2_10SmbProfile3new
FNDA:0,_RNvXs_NtNtCsanxXwAcSLNM_6nes_ai8profiles3smbNtB4_10SmbProfileNtNtB8_7profile11TaskProfile13feature_count
FNDA:0,_RNvXs_NtNtCsanxXwAcSLNM_6nes_ai8profiles3smbNtB4_10SmbProfileNtNtB8_7profile11TaskProfile15decode_features
FNDA:0,_RNvXs_NtNtCsanxXwAcSLNM_6nes_ai8profiles3smbNtB4_10SmbProfileNtNtB8_7profile11TaskProfile15encode_features
FNDA:0,_RNvXs_NtNtCsanxXwAcSLNM_6nes_ai8profiles3smbNtB4_10SmbProfileNtNtB8_7profile11TaskProfile6config
FNDA:4,_RNvNtNtCsanxXwAcSLNM_6nes_ai8profiles3smb18decode_signed_byte
FNF:7
FNH:6
DA:22,5
DA:23,5
DA:24,5
DA:30,728
DA:31,728
DA:32,728
DA:34,104
DA:35,104
DA:36,104
DA:37,104
DA:38,104
DA:39,104
DA:40,104
DA:41,104
DA:42,104
DA:43,104
DA:44,104
DA:46,33
DA:47,33
DA:48,33
DA:49,33
DA:50,33
DA:51,33
DA:52,33
DA:53,33
DA:55,33
DA:57,0
DA:58,0
DA:59,0
DA:62,212
DA:63,212
DA:64,210
DA:66,2
DA:68,212
DA:75,1
DA:76,1
DA:77,1
DA:78,1
DA:79,1
DA:80,1
BRF:0
BRH:0
LF:40
LH:37
end_of_record
SF:/app/crates/nes-ai/src/reward.rs
FN:45,_RNvMs_NtCsfk6TQTs64Nb_6nes_ai6rewardNtB4_11RewardModel3new
FN:50,_RINvMs_NtCsfk6TQTs64Nb_6nes_ai6rewardNtB5_11RewardModel5scoreNtNtNtB7_8profiles3smb11SmbFeaturesEB7_
FN:19,_RNvXNtCsfk6TQTs64Nb_6nes_ai6rewardNtNtNtB4_8profiles3smb11SmbFeaturesNtB2_14RewardFeatures12player_state
FN:15,_RNvXNtCsfk6TQTs64Nb_6nes_ai6rewardNtNtNtB4_8profiles3smb11SmbFeaturesNtB2_14RewardFeatures14level_progress
FN:23,_RNvXNtCsfk6TQTs64Nb_6nes_ai6rewardNtNtNtB4_8profiles3smb11SmbFeaturesNtB2_14RewardFeatures5lives
FN:50,_RINvMs_NtCsanxXwAcSLNM_6nes_ai6rewardNtB5_11RewardModel5scorepEB7_
FN:45,_RNvMs_NtCsanxXwAcSLNM_6nes_ai6rewardNtB4_11RewardModel3new
FN:19,_RNvXNtCsanxXwAcSLNM_6nes_ai6rewardNtNtNtB4_8profiles3smb11SmbFeaturesNtB2_14RewardFeatures12player_state
FN:15,_RNvXNtCsanxXwAcSLNM_6nes_ai6rewardNtNtNtB4_8profiles3smb11SmbFeaturesNtB2_14RewardFeatures14level_progress
FN:23,_RNvXNtCsanxXwAcSLNM_6nes_ai6rewardNtNtNtB4_8profiles3smb11SmbFeaturesNtB2_14RewardFeatures5lives
FNDA:6,_RNvMs_NtCsfk6TQTs64Nb_6nes_ai6rewardNtB4_11RewardModel3new
FNDA:101,_RINvMs_NtCsfk6TQTs64Nb_6nes_ai6rewardNtB5_11RewardModel5scoreNtNtNtB7_8profiles3smb11SmbFeaturesEB7_
FNDA:101,_RNvXNtCsfk6TQTs64Nb_6nes_ai6rewardNtNtNtB4_8profiles3smb11SmbFeaturesNtB2_14RewardFeatures12player_state
FNDA:398,_RNvXNtCsfk6TQTs64Nb_6nes_ai6rewardNtNtNtB4_8profiles3smb11SmbFeaturesNtB2_14RewardFeatures14level_progress
FNDA:200,_RNvXNtCsfk6TQTs64Nb_6nes_ai6rewardNtNtNtB4_8profiles3smb11SmbFeaturesNtB2_14RewardFeatures5lives
FNDA:0,_RINvMs_NtCsanxXwAcSLNM_6nes_ai6rewardNtB5_11RewardModel5scorepEB7_
FNDA:0,_RNvMs_NtCsanxXwAcSLNM_6nes_ai6rewardNtB4_11RewardModel3new
FNDA:0,_RNvXNtCsanxXwAcSLNM_6nes_ai6rewardNtNtNtB4_8profiles3smb11SmbFeaturesNtB2_14RewardFeatures12player_state
FNDA:0,_RNvXNtCsanxXwAcSLNM_6nes_ai6rewardNtNtNtB4_8profiles3smb11SmbFeaturesNtB2_14RewardFeatures14level_progress
FNDA:0,_RNvXNtCsanxXwAcSLNM_6nes_ai6rewardNtNtNtB4_8profiles3smb11SmbFeaturesNtB2_14RewardFeatures5lives
FNF:5
FNH:5
DA:15,398
DA:16,398
DA:17,398
DA:19,101
DA:20,101
DA:21,101
DA:23,200
DA:24,200
DA:25,200
DA:45,6
DA:46,6
DA:47,6
DA:50,101
DA:51,101
DA:52,101
DA:53,101
DA:54,101
DA:55,101
DA:56,101
DA:57,101
DA:58,1
DA:60,100
DA:62,101
DA:63,101
DA:64,32
DA:66,69
DA:68,101
DA:70,101
DA:71,101
DA:72,101
DA:73,101
DA:74,101
DA:75,101
DA:76,101
DA:77,101
DA:78,101
BRF:0
BRH:0
LF:36
LH:36
end_of_record
SF:/app/crates/nes-ai/src/snapshot.rs
FN:66,_RNCNvNtCsfk6TQTs64Nb_6nes_ai8snapshot20load_snapshot_bundle0B5_
FN:71,_RNCNvNtCsfk6TQTs64Nb_6nes_ai8snapshot20load_snapshot_bundles_0B5_
FN:35,_RNCNvNtCsfk6TQTs64Nb_6nes_ai8snapshot21write_snapshot_bundle0B5_
FN:50,_RNCNvNtCsfk6TQTs64Nb_6nes_ai8snapshot21write_snapshot_bundles0_0B5_
FN:52,_RNCNvNtCsfk6TQTs64Nb_6nes_ai8snapshot21write_snapshot_bundles1_0B5_
FN:38,_RNCNvNtCsfk6TQTs64Nb_6nes_ai8snapshot21write_snapshot_bundles_0B5_
FN:84,_RNvNtCsfk6TQTs64Nb_6nes_ai8snapshot10sha256_hex
FN:64,_RNvNtCsfk6TQTs64Nb_6nes_ai8snapshot20load_snapshot_bundle
FN:27,_RNvNtCsfk6TQTs64Nb_6nes_ai8snapshot21write_snapshot_bundle
FN:66,_RNCNvNtCsanxXwAcSLNM_6nes_ai8snapshot20load_snapshot_bundle0B5_
FN:71,_RNCNvNtCsanxXwAcSLNM_6nes_ai8snapshot20load_snapshot_bundles_0B5_
FN:35,_RNCNvNtCsanxXwAcSLNM_6nes_ai8snapshot21write_snapshot_bundle0B5_
FN:50,_RNCNvNtCsanxXwAcSLNM_6nes_ai8snapshot21write_snapshot_bundles0_0B5_
FN:52,_RNCNvNtCsanxXwAcSLNM_6nes_ai8snapshot21write_snapshot_bundles1_0B5_
FN:38,_RNCNvNtCsanxXwAcSLNM_6nes_ai8snapshot21write_snapshot_bundles_0B5_
FN:84,_RNvNtCsanxXwAcSLNM_6nes_ai8snapshot10sha256_hex
FN:64,_RNvNtCsanxXwAcSLNM_6nes_ai8snapshot20load_snapshot_bundle
FN:27,_RNvNtCsanxXwAcSLNM_6nes_ai8snapshot21write_snapshot_bundle
FNDA:0,_RNCNvNtCsfk6TQTs64Nb_6nes_ai8snapshot20load_snapshot_bundle0B5_
FNDA:0,_RNCNvNtCsfk6TQTs64Nb_6nes_ai8snapshot20load_snapshot_bundles_0B5_
FNDA:5,_RNCNvNtCsfk6TQTs64Nb_6nes_ai8snapshot21write_snapshot_bundle0B5_
FNDA:0,_RNCNvNtCsfk6TQTs64Nb_6nes_ai8snapshot21write_snapshot_bundles0_0B5_
FNDA:0,_RNCNvNtCsfk6TQTs64Nb_6nes_ai8snapshot21write_snapshot_bundles1_0B5_
FNDA:0,_RNCNvNtCsfk6TQTs64Nb_6nes_ai8snapshot21write_snapshot_bundles_0B5_
FNDA:4,_RNvNtCsfk6TQTs64Nb_6nes_ai8snapshot10sha256_hex
FNDA:5,_RNvNtCsfk6TQTs64Nb_6nes_ai8snapshot20load_snapshot_bundle
FNDA:5,_RNvNtCsfk6TQTs64Nb_6nes_ai8snapshot21write_snapshot_bundle
FNDA:0,_RNCNvNtCsanxXwAcSLNM_6nes_ai8snapshot20load_snapshot_bundle0B5_
FNDA:0,_RNCNvNtCsanxXwAcSLNM_6nes_ai8snapshot20load_snapshot_bundles_0B5_
FNDA:0,_RNCNvNtCsanxXwAcSLNM_6nes_ai8snapshot21write_snapshot_bundle0B5_
FNDA:0,_RNCNvNtCsanxXwAcSLNM_6nes_ai8snapshot21write_snapshot_bundles0_0B5_
FNDA:0,_RNCNvNtCsanxXwAcSLNM_6nes_ai8snapshot21write_snapshot_bundles1_0B5_
FNDA:0,_RNCNvNtCsanxXwAcSLNM_6nes_ai8snapshot21write_snapshot_bundles_0B5_
FNDA:0,_RNvNtCsanxXwAcSLNM_6nes_ai8snapshot10sha256_hex
FNDA:0,_RNvNtCsanxXwAcSLNM_6nes_ai8snapshot20load_snapshot_bundle
FNDA:0,_RNvNtCsanxXwAcSLNM_6nes_ai8snapshot21write_snapshot_bundle
FNF:9
FNH:4
DA:27,5
DA:28,5
DA:29,5
DA:30,5
DA:31,5
DA:32,5
DA:33,5
DA:34,5
DA:35,5
DA:37,4
DA:38,0
DA:39,0
DA:40,0
DA:41,1
DA:43,5
DA:44,5
DA:45,5
DA:46,5
DA:47,5
DA:48,5
DA:49,5
DA:50,5
DA:51,5
DA:52,0
DA:53,0
DA:54,0
DA:55,5
DA:56,5
DA:64,5
DA:65,5
DA:66,0
DA:67,0
DA:68,0
DA:69,5
DA:70,5
DA:71,0
DA:72,0
DA:73,0
DA:74,5
DA:75,0
DA:76,0
DA:77,0
DA:78,0
DA:79,5
DA:80,5
DA:81,5
DA:84,4
DA:85,4
DA:86,4
DA:87,128
DA:88,128
DA:89,128
DA:90,4
DA:91,4
BRF:0
BRH:0
LF:60
LH:39
end_of_record
SF:/app/crates/nes-ai/src/trainer.rs
FN:163,_RNvXININtCsfk6TQTs64Nb_6nes_ai7trainers_0pEINtNtB7_3env10ProfileEnvpENtB5_10TrainerEnv14recorded_movieB7_
FN:159,_RNvXININtCsfk6TQTs64Nb_6nes_ai7trainers_0pEINtNtB7_3env10ProfileEnvpENtB5_10TrainerEnv19finish_episode_metaB7_
FN:150,_RNvXININtCsfk6TQTs64Nb_6nes_ai7trainers_0pEINtNtB7_3env10ProfileEnvpENtB5_10TrainerEnv8step_envB7_
FN:145,_RNvXININtCsfk6TQTs64Nb_6nes_ai7trainers_0pEINtNtB7_3env10ProfileEnvpENtB5_10TrainerEnv9reset_envB7_
FN:590,_RINvNtCsfk6TQTs64Nb_6nes_ai7trainer15collect_rolloutNtB2_8SmokeEnvEB4_
FN:590,_RINvNtCsfk6TQTs64Nb_6nes_ai7trainer15collect_rolloutNtNtB4_3env13AnyControlEnvEB4_
FN:743,_RINvNtCsfk6TQTs64Nb_6nes_ai7trainer17build_train_batchINtNtCs9CiW5PVsNX7_13burn_autodiff7backend8AutodiffNtNtCsb7D2hG0ZjOK_12burn_ndarray7backend7NdArrayEEB4_
FN:463,_RINvNtCsfk6TQTs64Nb_6nes_ai7trainer18train_with_factoryNtB2_8SmokeEnvNCNvB2_18run_mock_ppo_smoke0EB4_
FN:463,_RINvNtCsfk6TQTs64Nb_6nes_ai7trainer18train_with_factoryNtNtB4_3env13AnyControlEnvNCNvB2_21train_control_profile0EB4_
FN:548,_RINvNtCsfk6TQTs64Nb_6nes_ai7trainer27evaluate_model_with_factoryNtB2_8SmokeEnvNCNvB2_18run_mock_ppo_smoke0EB4_
FN:548,_RINvNtCsfk6TQTs64Nb_6nes_ai7trainer27evaluate_model_with_factoryNtNtB4_3env13AnyControlEnvNCNvB2_21train_control_profile0EB4_
FN:548,_RINvNtCsfk6TQTs64Nb_6nes_ai7trainer27evaluate_model_with_factoryNtNtB4_3env13AnyControlEnvNCNvB2_24evaluate_control_profile0EB4_
FN:507,_RINvNtCsfk6TQTs64Nb_6nes_ai7trainer28evaluate_random_with_factoryNtB2_8SmokeEnvNCNvB2_22evaluate_random_policy0EB4_
FN:507,_RINvNtCsfk6TQTs64Nb_6nes_ai7trainer28evaluate_random_with_factoryNtNtB4_3env13AnyControlEnvNCNvB2_24evaluate_control_profile0EB4_
FN:1061,_RINvXs3_NtCsfk6TQTs64Nb_6nes_ai7trainerINtB6_7SgdStepINtNtCs9CiW5PVsNX7_13burn_autodiff7backend8AutodiffNtNtCsb7D2hG0ZjOK_12burn_ndarray7backend7NdArrayEEINtNtNtCs797WdBlKEs1_9burn_core6module4base12ModuleMapperBP_E9map_floatKj1_EB8_
FN:1061,_RINvXs3_NtCsfk6TQTs64Nb_6nes_ai7trainerINtB6_7SgdStepINtNtCs9CiW5PVsNX7_13burn_autodiff7backend8AutodiffNtNtCsb7D2hG0ZjOK_12burn_ndarray7backend7NdArrayEEINtNtNtCs797WdBlKEs1_9burn_core6module4base12ModuleMapperBP_E9map_floatKj2_EB8_
FN:1061,_RINvXs3_NtCsfk6TQTs64Nb_6nes_ai7trainerINtB6_7SgdStepINtNtCs9CiW5PVsNX7_13burn_autodiff7backend8AutodiffNtNtCsb7D2hG0ZjOK_12burn_ndarray7backend7NdArrayEEINtNtNtCs797WdBlKEs1_9burn_core6module4base12ModuleMapperBP_E9map_floatKj4_EB8_
FN:619,_RNCINvNtCsfk6TQTs64Nb_6nes_ai7trainer15collect_rolloutNtB4_8SmokeEnvE0B6_
FN:638,_RNCINvNtCsfk6TQTs64Nb_6nes_ai7trainer15collect_rolloutNtB4_8SmokeEnvEs_0B6_
FN:619,_RNCINvNtCsfk6TQTs64Nb_6nes_ai7trainer15collect_rolloutNtNtB6_3env13AnyControlEnvE0B6_
FN:638,_RNCINvNtCsfk6TQTs64Nb_6nes_ai7trainer15collect_rolloutNtNtB6_3env13AnyControlEnvEs_0B6_
FN:491,_RNCINvNtCsfk6TQTs64Nb_6nes_ai7trainer18train_with_factoryNtB4_8SmokeEnvNCNvB4_18run_mock_ppo_smoke0E0B6_
FN:491,_RNCINvNtCsfk6TQTs64Nb_6nes_ai7trainer18train_with_factoryNtNtB6_3env13AnyControlEnvNCNvB4_21train_control_profile0E0B6_
FN:942,_RNCNvNtCsfk6TQTs64Nb_6nes_ai7trainer12argmax_index0B5_
FN:897,_RNCNvNtCsfk6TQTs64Nb_6nes_ai7trainer14forward_policy0B5_
FN:903,_RNCNvNtCsfk6TQTs64Nb_6nes_ai7trainer14forward_policys_0B5_
FN:810,_RNCNvNtCsfk6TQTs64Nb_6nes_ai7trainer15save_checkpoint0B5_
FN:344,_RNCNvNtCsfk6TQTs64Nb_6nes_ai7trainer18run_mock_ppo_smoke0B5_
FN:826,_RNCNvNtCsfk6TQTs64Nb_6nes_ai7trainer20checkpoint_base_path0B5_
FN:686,_RNCNvNtCsfk6TQTs64Nb_6nes_ai7trainer20normalize_advantagess_0B5_
FN:360,_RNCNvNtCsfk6TQTs64Nb_6nes_ai7trainer21train_control_profile0B5_
FN:333,_RNCNvNtCsfk6TQTs64Nb_6nes_ai7trainer22evaluate_random_policy0B5_
FN:913,_RNCNvNtCsfk6TQTs64Nb_6nes_ai7trainer23logits_to_probabilities0B5_
FN:398,_RNCNvNtCsfk6TQTs64Nb_6nes_ai7trainer24evaluate_control_profile0B5_
FN:415,_RNCNvNtCsfk6TQTs64Nb_6nes_ai7trainer24evaluate_control_profiles_0B5_
FN:58,_RNvMNtCsfk6TQTs64Nb_6nes_ai7trainerNtB2_13TrainerConfig5smoke
FN:219,_RNvMs1_NtCsfk6TQTs64Nb_6nes_ai7trainerNtB5_8SmokeEnv11observation
FN:240,_RNvMs1_NtCsfk6TQTs64Nb_6nes_ai7trainerNtB5_8SmokeEnv12render_frame
FN:253,_RNvMs1_NtCsfk6TQTs64Nb_6nes_ai7trainerNtB5_8SmokeEnv16final_state_hash
FN:236,_RNvMs1_NtCsfk6TQTs64Nb_6nes_ai7trainerNtB5_8SmokeEnv19push_rendered_frame
FN:204,_RNvMs1_NtCsfk6TQTs64Nb_6nes_ai7trainerNtB5_8SmokeEnv3new
FN:702,_RNvNtCsfk6TQTs64Nb_6nes_ai7trainer10ppo_update
FN:1049,_RNvNtCsfk6TQTs64Nb_6nes_ai7trainer10u32_to_f32
FN:650,_RNvNtCsfk6TQTs64Nb_6nes_ai7trainer11compute_gae
FN:957,_RNvNtCsfk6TQTs64Nb_6nes_ai7trainer12action_index
FN:937,_RNvNtCsfk6TQTs64Nb_6nes_ai7trainer12argmax_index
FN:1042,_RNvNtCsfk6TQTs64Nb_6nes_ai7trainer12usize_to_f32
FN:866,_RNvNtCsfk6TQTs64Nb_6nes_ai7trainer14forward_policy
FN:451,_RNvNtCsfk6TQTs64Nb_6nes_ai7trainer15action_from_arg
FN:795,_RNvNtCsfk6TQTs64Nb_6nes_ai7trainer15save_checkpoint
FN:968,_RNvNtCsfk6TQTs64Nb_6nes_ai7trainer16validate_request
FN:946,_RNvNtCsfk6TQTs64Nb_6nes_ai7trainer17action_from_index
FN:1038,_RNvNtCsfk6TQTs64Nb_6nes_ai7trainer17quantize_to_index
FN:371,_RNvNtCsfk6TQTs64Nb_6nes_ai7trainer17train_smb_control
FN:342,_RNvNtCsfk6TQTs64Nb_6nes_ai7trainer18run_mock_ppo_smoke
FN:822,_RNvNtCsfk6TQTs64Nb_6nes_ai7trainer20checkpoint_base_path
FN:816,_RNvNtCsfk6TQTs64Nb_6nes_ai7trainer20checkpoint_file_path
FN:431,_RNvNtCsfk6TQTs64Nb_6nes_ai7trainer20evaluate_smb_control
FN:677,_RNvNtCsfk6TQTs64Nb_6nes_ai7trainer20normalize_advantages
FN:353,_RNvNtCsfk6TQTs64Nb_6nes_ai7trainer21train_control_profile
FN:328,_RNvNtCsfk6TQTs64Nb_6nes_ai7trainer22evaluate_random_policy
FN:835,_RNvNtCsfk6TQTs64Nb_6nes_ai7trainer22greedy_policy_decision
FN:909,_RNvNtCsfk6TQTs64Nb_6nes_ai7trainer23logits_to_probabilities
FN:850,_RNvNtCsfk6TQTs64Nb_6nes_ai7trainer23sampled_policy_decision
FN:390,_RNvNtCsfk6TQTs64Nb_6nes_ai7trainer24evaluate_control_profile
FN:925,_RNvNtCsfk6TQTs64Nb_6nes_ai7trainer25sample_from_probabilities
FN:1025,_RNvNtCsfk6TQTs64Nb_6nes_ai7trainer8mean_f32
FN:317,_RNvXs2_NtCsfk6TQTs64Nb_6nes_ai7trainerNtB5_8SmokeEnvNtB5_10TrainerEnv14recorded_movie
FN:306,_RNvXs2_NtCsfk6TQTs64Nb_6nes_ai7trainerNtB5_8SmokeEnvNtB5_10TrainerEnv19finish_episode_meta
FN:279,_RNvXs2_NtCsfk6TQTs64Nb_6nes_ai7trainerNtB5_8SmokeEnvNtB5_10TrainerEnv8step_env
FN:261,_RNvXs2_NtCsfk6TQTs64Nb_6nes_ai7trainerNtB5_8SmokeEnvNtB5_10TrainerEnv9reset_env
FN:187,_RNvXs0_NtCsfk6TQTs64Nb_6nes_ai7trainerNtNtB7_3env13AnyControlEnvNtB5_10TrainerEnv14recorded_movie
FN:183,_RNvXs0_NtCsfk6TQTs64Nb_6nes_ai7trainerNtNtB7_3env13AnyControlEnvNtB5_10TrainerEnv19finish_episode_meta
FN:174,_RNvXs0_NtCsfk6TQTs64Nb_6nes_ai7trainerNtNtB7_3env13AnyControlEnvNtB5_10TrainerEnv8step_env
FN:169,_RNvXs0_NtCsfk6TQTs64Nb_6nes_ai7trainerNtNtB7_3env13AnyControlEnvNtB5_10TrainerEnv9reset_env
FN:590,_RINvNtCsanxXwAcSLNM_6nes_ai7trainer15collect_rolloutpEB4_
FN:743,_RINvNtCsanxXwAcSLNM_6nes_ai7trainer17build_train_batchpEB4_
FN:463,_RINvNtCsanxXwAcSLNM_6nes_ai7trainer18train_with_factoryppEB4_
FN:548,_RINvNtCsanxXwAcSLNM_6nes_ai7trainer27evaluate_model_with_factoryppEB4_
FN:507,_RINvNtCsanxXwAcSLNM_6nes_ai7trainer28evaluate_random_with_factoryppEB4_
FN:1061,_RINvXININtCsanxXwAcSLNM_6nes_ai7trainers3_0pEINtB6_7SgdSteppEINtNtNtCs797WdBlKEs1_9burn_core6module4base12ModuleMapperpE9map_floatKpEB8_
FN:619,_RNCINvNtCsanxXwAcSLNM_6nes_ai7trainer15collect_rolloutpE0B6_
FN:638,_RNCINvNtCsanxXwAcSLNM_6nes_ai7trainer15collect_rolloutpEs_0B6_
FN:491,_RNCINvNtCsanxXwAcSLNM_6nes_ai7trainer18train_with_factoryppE0B6_
FN:942,_RNCNvNtCsanxXwAcSLNM_6nes_ai7trainer12argmax_index0B5_
FN:897,_RNCNvNtCsanxXwAcSLNM_6nes_ai7trainer14forward_policy0B5_
FN:903,_RNCNvNtCsanxXwAcSLNM_6nes_ai7trainer14forward_policys_0B5_
FN:810,_RNCNvNtCsanxXwAcSLNM_6nes_ai7trainer15save_checkpoint0B5_
FN:344,_RNCNvNtCsanxXwAcSLNM_6nes_ai7trainer18run_mock_ppo_smoke0B5_
FN:826,_RNCNvNtCsanxXwAcSLNM_6nes_ai7trainer20checkpoint_base_path0B5_
FN:686,_RNCNvNtCsanxXwAcSLNM_6nes_ai7trainer20normalize_advantagess_0B5_
FN:360,_RNCNvNtCsanxXwAcSLNM_6nes_ai7trainer21train_control_profile0B5_
FN:333,_RNCNvNtCsanxXwAcSLNM_6nes_ai7trainer22evaluate_random_policy0B5_
FN:913,_RNCNvNtCsanxXwAcSLNM_6nes_ai7trainer23logits_to_probabilities0B5_
FN:398,_RNCNvNtCsanxXwAcSLNM_6nes_ai7trainer24evaluate_control_profile0B5_
FN:415,_RNCNvNtCsanxXwAcSLNM_6nes_ai7trainer24evaluate_control_profiles_0B5_
FN:58,_RNvMNtCsanxXwAcSLNM_6nes_ai7trainerNtB2_13TrainerConfig5smoke
FN:219,_RNvMs1_NtCsanxXwAcSLNM_6nes_ai7trainerNtB5_8SmokeEnv11observation
FN:240,_RNvMs1_NtCsanxXwAcSLNM_6nes_ai7trainerNtB5_8SmokeEnv12render_frame
FN:253,_RNvMs1_NtCsanxXwAcSLNM_6nes_ai7trainerNtB5_8SmokeEnv16final_state_hash
FN:236,_RNvMs1_NtCsanxXwAcSLNM_6nes_ai7trainerNtB5_8SmokeEnv19push_rendered_frame
FN:204,_RNvMs1_NtCsanxXwAcSLNM_6nes_ai7trainerNtB5_8SmokeEnv3new
FN:702,_RNvNtCsanxXwAcSLNM_6nes_ai7trainer10ppo_update
FN:1049,_RNvNtCsanxXwAcSLNM_6nes_ai7trainer10u32_to_f32
FN:650,_RNvNtCsanxXwAcSLNM_6nes_ai7trainer11compute_gae
FN:957,_RNvNtCsanxXwAcSLNM_6nes_ai7trainer12action_index
FN:937,_RNvNtCsanxXwAcSLNM_6nes_ai7trainer12argmax_index
FN:1042,_RNvNtCsanxXwAcSLNM_6nes_ai7trainer12usize_to_f32
FN:866,_RNvNtCsanxXwAcSLNM_6nes_ai7trainer14forward_policy
FN:451,_RNvNtCsanxXwAcSLNM_6nes_ai7trainer15action_from_arg
FN:795,_RNvNtCsanxXwAcSLNM_6nes_ai7trainer15save_checkpoint
FN:968,_RNvNtCsanxXwAcSLNM_6nes_ai7trainer16validate_request
FN:946,_RNvNtCsanxXwAcSLNM_6nes_ai7trainer17action_from_index
FN:1038,_RNvNtCsanxXwAcSLNM_6nes_ai7trainer17quantize_to_index
FN:371,_RNvNtCsanxXwAcSLNM_6nes_ai7trainer17train_smb_control
FN:342,_RNvNtCsanxXwAcSLNM_6nes_ai7trainer18run_mock_ppo_smoke
FN:822,_RNvNtCsanxXwAcSLNM_6nes_ai7trainer20checkpoint_base_path
FN:816,_RNvNtCsanxXwAcSLNM_6nes_ai7trainer20checkpoint_file_path
FN:431,_RNvNtCsanxXwAcSLNM_6nes_ai7trainer20evaluate_smb_control
FN:677,_RNvNtCsanxXwAcSLNM_6nes_ai7trainer20normalize_advantages
FN:353,_RNvNtCsanxXwAcSLNM_6nes_ai7trainer21train_control_profile
FN:328,_RNvNtCsanxXwAcSLNM_6nes_ai7trainer22evaluate_random_policy
FN:835,_RNvNtCsanxXwAcSLNM_6nes_ai7trainer22greedy_policy_decision
FN:909,_RNvNtCsanxXwAcSLNM_6nes_ai7trainer23logits_to_probabilities
FN:850,_RNvNtCsanxXwAcSLNM_6nes_ai7trainer23sampled_policy_decision
FN:390,_RNvNtCsanxXwAcSLNM_6nes_ai7trainer24evaluate_control_profile
FN:925,_RNvNtCsanxXwAcSLNM_6nes_ai7trainer25sample_from_probabilities
FN:1025,_RNvNtCsanxXwAcSLNM_6nes_ai7trainer8mean_f32
FN:163,_RNvXININtCsanxXwAcSLNM_6nes_ai7trainers_0pEINtNtB7_3env10ProfileEnvpENtB5_10TrainerEnv14recorded_movieB7_
FN:159,_RNvXININtCsanxXwAcSLNM_6nes_ai7trainers_0pEINtNtB7_3env10ProfileEnvpENtB5_10TrainerEnv19finish_episode_metaB7_
FN:150,_RNvXININtCsanxXwAcSLNM_6nes_ai7trainers_0pEINtNtB7_3env10ProfileEnvpENtB5_10TrainerEnv8step_envB7_
FN:145,_RNvXININtCsanxXwAcSLNM_6nes_ai7trainers_0pEINtNtB7_3env10ProfileEnvpENtB5_10TrainerEnv9reset_envB7_
FN:187,_RNvXs0_NtCsanxXwAcSLNM_6nes_ai7trainerNtNtB7_3env13AnyControlEnvNtB5_10TrainerEnv14recorded_movie
FN:183,_RNvXs0_NtCsanxXwAcSLNM_6nes_ai7trainerNtNtB7_3env13AnyControlEnvNtB5_10TrainerEnv19finish_episode_meta
FN:174,_RNvXs0_NtCsanxXwAcSLNM_6nes_ai7trainerNtNtB7_3env13AnyControlEnvNtB5_10TrainerEnv8step_env
FN:169,_RNvXs0_NtCsanxXwAcSLNM_6nes_ai7trainerNtNtB7_3env13AnyControlEnvNtB5_10TrainerEnv9reset_env
FN:317,_RNvXs2_NtCsanxXwAcSLNM_6nes_ai7trainerNtB5_8SmokeEnvNtB5_10TrainerEnv14recorded_movie
FN:306,_RNvXs2_NtCsanxXwAcSLNM_6nes_ai7trainerNtB5_8SmokeEnvNtB5_10TrainerEnv19finish_episode_meta
FN:279,_RNvXs2_NtCsanxXwAcSLNM_6nes_ai7trainerNtB5_8SmokeEnvNtB5_10TrainerEnv8step_env
FN:261,_RNvXs2_NtCsanxXwAcSLNM_6nes_ai7trainerNtB5_8SmokeEnvNtB5_10TrainerEnv9reset_env
FNDA:0,_RNvXININtCsfk6TQTs64Nb_6nes_ai7trainers_0pEINtNtB7_3env10ProfileEnvpENtB5_10TrainerEnv14recorded_movieB7_
FNDA:0,_RNvXININtCsfk6TQTs64Nb_6nes_ai7trainers_0pEINtNtB7_3env10ProfileEnvpENtB5_10TrainerEnv19finish_episode_metaB7_
FNDA:0,_RNvXININtCsfk6TQTs64Nb_6nes_ai7trainers_0pEINtNtB7_3env10ProfileEnvpENtB5_10TrainerEnv8step_envB7_
FNDA:0,_RNvXININtCsfk6TQTs64Nb_6nes_ai7trainers_0pEINtNtB7_3env10ProfileEnvpENtB5_10TrainerEnv9reset_envB7_
FNDA:10,_RINvNtCsfk6TQTs64Nb_6nes_ai7trainer15collect_rolloutNtB2_8SmokeEnvEB4_
FNDA:0,_RINvNtCsfk6TQTs64Nb_6nes_ai7trainer15collect_rolloutNtNtB4_3env13AnyControlEnvEB4_
FNDA:26,_RINvNtCsfk6TQTs64Nb_6nes_ai7trainer17build_train_batchINtNtCs9CiW5PVsNX7_13burn_autodiff7backend8AutodiffNtNtCsb7D2hG0ZjOK_12burn_ndarray7backend7NdArrayEEB4_
FNDA:6,_RINvNtCsfk6TQTs64Nb_6nes_ai7trainer18train_with_factoryNtB2_8SmokeEnvNCNvB2_18run_mock_ppo_smoke0EB4_
FNDA:0,_RINvNtCsfk6TQTs64Nb_6nes_ai7trainer18train_with_factoryNtNtB4_3env13AnyControlEnvNCNvB2_21train_control_profile0EB4_
FNDA:6,_RINvNtCsfk6TQTs64Nb_6nes_ai7trainer27evaluate_model_with_factoryNtB2_8SmokeEnvNCNvB2_18run_mock_ppo_smoke0EB4_
FNDA:0,_RINvNtCsfk6TQTs64Nb_6nes_ai7trainer27evaluate_model_with_factoryNtNtB4_3env13AnyControlEnvNCNvB2_21train_control_profile0EB4_
FNDA:0,_RINvNtCsfk6TQTs64Nb_6nes_ai7trainer27evaluate_model_with_factoryNtNtB4_3env13AnyControlEnvNCNvB2_24evaluate_control_profile0EB4_
FNDA:0,_RINvNtCsfk6TQTs64Nb_6nes_ai7trainer28evaluate_random_with_factoryNtB2_8SmokeEnvNCNvB2_22evaluate_random_policy0EB4_
FNDA:1,_RINvNtCsfk6TQTs64Nb_6nes_ai7trainer28evaluate_random_with_factoryNtNtB4_3env13AnyControlEnvNCNvB2_24evaluate_control_profile0EB4_
FNDA:156,_RINvXs3_NtCsfk6TQTs64Nb_6nes_ai7trainerINtB6_7SgdStepINtNtCs9CiW5PVsNX7_13burn_autodiff7backend8AutodiffNtNtCsb7D2hG0ZjOK_12burn_ndarray7backend7NdArrayEEINtNtNtCs797WdBlKEs1_9burn_core6module4base12ModuleMapperBP_E9map_floatKj1_EB8_
FNDA:104,_RINvXs3_NtCsfk6TQTs64Nb_6nes_ai7trainerINtB6_7SgdStepINtNtCs9CiW5PVsNX7_13burn_autodiff7backend8AutodiffNtNtCsb7D2hG0ZjOK_12burn_ndarray7backend7NdArrayEEINtNtNtCs797WdBlKEs1_9burn_core6module4base12ModuleMapperBP_E9map_floatKj2_EB8_
FNDA:52,_RINvXs3_NtCsfk6TQTs64Nb_6nes_ai7trainerINtB6_7SgdStepINtNtCs9CiW5PVsNX7_13burn_autodiff7backend8AutodiffNtNtCsb7D2hG0ZjOK_12burn_ndarray7backend7NdArrayEEINtNtNtCs797WdBlKEs1_9burn_core6module4base12ModuleMapperBP_E9map_floatKj4_EB8_
FNDA:10,_RNCINvNtCsfk6TQTs64Nb_6nes_ai7trainer15collect_rolloutNtB4_8SmokeEnvE0B6_
FNDA:160,_RNCINvNtCsfk6TQTs64Nb_6nes_ai7trainer15collect_rolloutNtB4_8SmokeEnvEs_0B6_
FNDA:0,_RNCINvNtCsfk6TQTs64Nb_6nes_ai7trainer15collect_rolloutNtNtB6_3env13AnyControlEnvE0B6_
FNDA:0,_RNCINvNtCsfk6TQTs64Nb_6nes_ai7trainer15collect_rolloutNtNtB6_3env13AnyControlEnvEs_0B6_
FNDA:3,_RNCINvNtCsfk6TQTs64Nb_6nes_ai7trainer18train_with_factoryNtB4_8SmokeEnvNCNvB4_18run_mock_ppo_smoke0E0B6_
FNDA:0,_RNCINvNtCsfk6TQTs64Nb_6nes_ai7trainer18train_with_factoryNtNtB6_3env13AnyControlEnvNCNvB4_21train_control_profile0E0B6_
FNDA:4850,_RNCNvNtCsfk6TQTs64Nb_6nes_ai7trainer12argmax_index0B5_
FNDA:0,_RNCNvNtCsfk6TQTs64Nb_6nes_ai7trainer14forward_policy0B5_
FNDA:1130,_RNCNvNtCsfk6TQTs64Nb_6nes_ai7trainer14forward_policys_0B5_
FNDA:0,_RNCNvNtCsfk6TQTs64Nb_6nes_ai7trainer15save_checkpoint0B5_
FNDA:12,_RNCNvNtCsfk6TQTs64Nb_6nes_ai7trainer18run_mock_ppo_smoke0B5_
FNDA:0,_RNCNvNtCsfk6TQTs64Nb_6nes_ai7trainer20checkpoint_base_path0B5_
FNDA:160,_RNCNvNtCsfk6TQTs64Nb_6nes_ai7trainer20normalize_advantagess_0B5_
FNDA:0,_RNCNvNtCsfk6TQTs64Nb_6nes_ai7trainer21train_control_profile0B5_
FNDA:0,_RNCNvNtCsfk6TQTs64Nb_6nes_ai7trainer22evaluate_random_policy0B5_
FNDA:6780,_RNCNvNtCsfk6TQTs64Nb_6nes_ai7trainer23logits_to_probabilities0B5_
FNDA:1,_RNCNvNtCsfk6TQTs64Nb_6nes_ai7trainer24evaluate_control_profile0B5_
FNDA:0,_RNCNvNtCsfk6TQTs64Nb_6nes_ai7trainer24evaluate_control_profiles_0B5_
FNDA:7,_RNvMNtCsfk6TQTs64Nb_6nes_ai7trainerNtB2_13TrainerConfig5smoke
FNDA:1152,_RNvMs1_NtCsfk6TQTs64Nb_6nes_ai7trainerNtB5_8SmokeEnv11observation
FNDA:1248,_RNvMs1_NtCsfk6TQTs64Nb_6nes_ai7trainerNtB5_8SmokeEnv12render_frame
FNDA:2,_RNvMs1_NtCsfk6TQTs64Nb_6nes_ai7trainerNtB5_8SmokeEnv16final_state_hash
FNDA:1248,_RNvMs1_NtCsfk6TQTs64Nb_6nes_ai7trainerNtB5_8SmokeEnv19push_rendered_frame
FNDA:12,_RNvMs1_NtCsfk6TQTs64Nb_6nes_ai7trainerNtB5_8SmokeEnv3new
FNDA:10,_RNvNtCsfk6TQTs64Nb_6nes_ai7trainer10ppo_update
FNDA:2304,_RNvNtCsfk6TQTs64Nb_6nes_ai7trainer10u32_to_f32
FNDA:10,_RNvNtCsfk6TQTs64Nb_6nes_ai7trainer11compute_gae
FNDA:1120,_RNvNtCsfk6TQTs64Nb_6nes_ai7trainer12action_index
FNDA:970,_RNvNtCsfk6TQTs64Nb_6nes_ai7trainer12argmax_index
FNDA:17,_RNvNtCsfk6TQTs64Nb_6nes_ai7trainer12usize_to_f32
FNDA:1130,_RNvNtCsfk6TQTs64Nb_6nes_ai7trainer14forward_policy
FNDA:7,_RNvNtCsfk6TQTs64Nb_6nes_ai7trainer15action_from_arg
FNDA:3,_RNvNtCsfk6TQTs64Nb_6nes_ai7trainer15save_checkpoint
FNDA:8,_RNvNtCsfk6TQTs64Nb_6nes_ai7trainer16validate_request
FNDA:1150,_RNvNtCsfk6TQTs64Nb_6nes_ai7trainer17action_from_index
FNDA:2496,_RNvNtCsfk6TQTs64Nb_6nes_ai7trainer17quantize_to_index
FNDA:0,_RNvNtCsfk6TQTs64Nb_6nes_ai7trainer17train_smb_control
FNDA:6,_RNvNtCsfk6TQTs64Nb_6nes_ai7trainer18run_mock_ppo_smoke
FNDA:0,_RNvNtCsfk6TQTs64Nb_6nes_ai7trainer20checkpoint_base_path
FNDA:0,_RNvNtCsfk6TQTs64Nb_6nes_ai7trainer20checkpoint_file_path
FNDA:0,_RNvNtCsfk6TQTs64Nb_6nes_ai7trainer20evaluate_smb_control
FNDA:10,_RNvNtCsfk6TQTs64Nb_6nes_ai7trainer20normalize_advantages
FNDA:0,_RNvNtCsfk6TQTs64Nb_6nes_ai7trainer21train_control_profile
FNDA:1,_RNvNtCsfk6TQTs64Nb_6nes_ai7trainer22evaluate_random_policy
FNDA:970,_RNvNtCsfk6TQTs64Nb_6nes_ai7trainer22greedy_policy_decision
FNDA:1130,_RNvNtCsfk6TQTs64Nb_6nes_ai7trainer23logits_to_probabilities
FNDA:160,_RNvNtCsfk6TQTs64Nb_6nes_ai7trainer23sampled_policy_decision
FNDA:1,_RNvNtCsfk6TQTs64Nb_6nes_ai7trainer24evaluate_control_profile
FNDA:160,_RNvNtCsfk6TQTs64Nb_6nes_ai7trainer25sample_from_probabilities
FNDA:7,_RNvNtCsfk6TQTs64Nb_6nes_ai7trainer8mean_f32
FNDA:2,_RNvXs2_NtCsfk6TQTs64Nb_6nes_ai7trainerNtB5_8SmokeEnvNtB5_10TrainerEnv14recorded_movie
FNDA:2,_RNvXs2_NtCsfk6TQTs64Nb_6nes_ai7trainerNtB5_8SmokeEnvNtB5_10TrainerEnv19finish_episode_meta
FNDA:1120,_RNvXs2_NtCsfk6TQTs64Nb_6nes_ai7trainerNtB5_8SmokeEnvNtB5_10TrainerEnv8step_env
FNDA:32,_RNvXs2_NtCsfk6TQTs64Nb_6nes_ai7trainerNtB5_8SmokeEnvNtB5_10TrainerEnv9reset_env
FNDA:0,_RNvXs0_NtCsfk6TQTs64Nb_6nes_ai7trainerNtNtB7_3env13AnyControlEnvNtB5_10TrainerEnv14recorded_movie
FNDA:0,_RNvXs0_NtCsfk6TQTs64Nb_6nes_ai7trainerNtNtB7_3env13AnyControlEnvNtB5_10TrainerEnv19finish_episode_meta
FNDA:30,_RNvXs0_NtCsfk6TQTs64Nb_6nes_ai7trainerNtNtB7_3env13AnyControlEnvNtB5_10TrainerEnv8step_env
FNDA:1,_RNvXs0_NtCsfk6TQTs64Nb_6nes_ai7trainerNtNtB7_3env13AnyControlEnvNtB5_10TrainerEnv9reset_env
FNDA:0,_RINvNtCsanxXwAcSLNM_6nes_ai7trainer15collect_rolloutpEB4_
FNDA:0,_RINvNtCsanxXwAcSLNM_6nes_ai7trainer17build_train_batchpEB4_
FNDA:0,_RINvNtCsanxXwAcSLNM_6nes_ai7trainer18train_with_factoryppEB4_
FNDA:0,_RINvNtCsanxXwAcSLNM_6nes_ai7trainer27evaluate_model_with_factoryppEB4_
FNDA:0,_RINvNtCsanxXwAcSLNM_6nes_ai7trainer28evaluate_random_with_factoryppEB4_
FNDA:0,_RINvXININtCsanxXwAcSLNM_6nes_ai7trainers3_0pEINtB6_7SgdSteppEINtNtNtCs797WdBlKEs1_9burn_core6module4base12ModuleMapperpE9map_floatKpEB8_
FNDA:0,_RNCINvNtCsanxXwAcSLNM_6nes_ai7trainer15collect_rolloutpE0B6_
FNDA:0,_RNCINvNtCsanxXwAcSLNM_6nes_ai7trainer15collect_rolloutpEs_0B6_
FNDA:0,_RNCINvNtCsanxXwAcSLNM_6nes_ai7trainer18train_with_factoryppE0B6_
FNDA:0,_RNCNvNtCsanxXwAcSLNM_6nes_ai7trainer12argmax_index0B5_
FNDA:0,_RNCNvNtCsanxXwAcSLNM_6nes_ai7trainer14forward_policy0B5_
FNDA:0,_RNCNvNtCsanxXwAcSLNM_6nes_ai7trainer14forward_policys_0B5_
FNDA:0,_RNCNvNtCsanxXwAcSLNM_6nes_ai7trainer15save_checkpoint0B5_
FNDA:0,_RNCNvNtCsanxXwAcSLNM_6nes_ai7trainer18run_mock_ppo_smoke0B5_
FNDA:0,_RNCNvNtCsanxXwAcSLNM_6nes_ai7trainer20checkpoint_base_path0B5_
FNDA:0,_RNCNvNtCsanxXwAcSLNM_6nes_ai7trainer20normalize_advantagess_0B5_
FNDA:0,_RNCNvNtCsanxXwAcSLNM_6nes_ai7trainer21train_control_profile0B5_
FNDA:0,_RNCNvNtCsanxXwAcSLNM_6nes_ai7trainer22evaluate_random_policy0B5_
FNDA:0,_RNCNvNtCsanxXwAcSLNM_6nes_ai7trainer23logits_to_probabilities0B5_
FNDA:0,_RNCNvNtCsanxXwAcSLNM_6nes_ai7trainer24evaluate_control_profile0B5_
FNDA:0,_RNCNvNtCsanxXwAcSLNM_6nes_ai7trainer24evaluate_control_profiles_0B5_
FNDA:0,_RNvMNtCsanxXwAcSLNM_6nes_ai7trainerNtB2_13TrainerConfig5smoke
FNDA:0,_RNvMs1_NtCsanxXwAcSLNM_6nes_ai7trainerNtB5_8SmokeEnv11observation
FNDA:0,_RNvMs1_NtCsanxXwAcSLNM_6nes_ai7trainerNtB5_8SmokeEnv12render_frame
FNDA:0,_RNvMs1_NtCsanxXwAcSLNM_6nes_ai7trainerNtB5_8SmokeEnv16final_state_hash
FNDA:0,_RNvMs1_NtCsanxXwAcSLNM_6nes_ai7trainerNtB5_8SmokeEnv19push_rendered_frame
FNDA:0,_RNvMs1_NtCsanxXwAcSLNM_6nes_ai7trainerNtB5_8SmokeEnv3new
FNDA:0,_RNvNtCsanxXwAcSLNM_6nes_ai7trainer10ppo_update
FNDA:0,_RNvNtCsanxXwAcSLNM_6nes_ai7trainer10u32_to_f32
FNDA:0,_RNvNtCsanxXwAcSLNM_6nes_ai7trainer11compute_gae
FNDA:0,_RNvNtCsanxXwAcSLNM_6nes_ai7trainer12action_index
FNDA:0,_RNvNtCsanxXwAcSLNM_6nes_ai7trainer12argmax_index
FNDA:0,_RNvNtCsanxXwAcSLNM_6nes_ai7trainer12usize_to_f32
FNDA:0,_RNvNtCsanxXwAcSLNM_6nes_ai7trainer14forward_policy
FNDA:0,_RNvNtCsanxXwAcSLNM_6nes_ai7trainer15action_from_arg
FNDA:0,_RNvNtCsanxXwAcSLNM_6nes_ai7trainer15save_checkpoint
FNDA:0,_RNvNtCsanxXwAcSLNM_6nes_ai7trainer16validate_request
FNDA:0,_RNvNtCsanxXwAcSLNM_6nes_ai7trainer17action_from_index
FNDA:0,_RNvNtCsanxXwAcSLNM_6nes_ai7trainer17quantize_to_index
FNDA:0,_RNvNtCsanxXwAcSLNM_6nes_ai7trainer17train_smb_control
FNDA:0,_RNvNtCsanxXwAcSLNM_6nes_ai7trainer18run_mock_ppo_smoke
FNDA:0,_RNvNtCsanxXwAcSLNM_6nes_ai7trainer20checkpoint_base_path
FNDA:0,_RNvNtCsanxXwAcSLNM_6nes_ai7trainer20checkpoint_file_path
FNDA:0,_RNvNtCsanxXwAcSLNM_6nes_ai7trainer20evaluate_smb_control
FNDA:0,_RNvNtCsanxXwAcSLNM_6nes_ai7trainer20normalize_advantages
FNDA:0,_RNvNtCsanxXwAcSLNM_6nes_ai7trainer21train_control_profile
FNDA:0,_RNvNtCsanxXwAcSLNM_6nes_ai7trainer22evaluate_random_policy
FNDA:0,_RNvNtCsanxXwAcSLNM_6nes_ai7trainer22greedy_policy_decision
FNDA:0,_RNvNtCsanxXwAcSLNM_6nes_ai7trainer23logits_to_probabilities
FNDA:0,_RNvNtCsanxXwAcSLNM_6nes_ai7trainer23sampled_policy_decision
FNDA:0,_RNvNtCsanxXwAcSLNM_6nes_ai7trainer24evaluate_control_profile
FNDA:0,_RNvNtCsanxXwAcSLNM_6nes_ai7trainer25sample_from_probabilities
FNDA:0,_RNvNtCsanxXwAcSLNM_6nes_ai7trainer8mean_f32
FNDA:0,_RNvXININtCsanxXwAcSLNM_6nes_ai7trainers_0pEINtNtB7_3env10ProfileEnvpENtB5_10TrainerEnv14recorded_movieB7_
FNDA:0,_RNvXININtCsanxXwAcSLNM_6nes_ai7trainers_0pEINtNtB7_3env10ProfileEnvpENtB5_10TrainerEnv19finish_episode_metaB7_
FNDA:0,_RNvXININtCsanxXwAcSLNM_6nes_ai7trainers_0pEINtNtB7_3env10ProfileEnvpENtB5_10TrainerEnv8step_envB7_
FNDA:0,_RNvXININtCsanxXwAcSLNM_6nes_ai7trainers_0pEINtNtB7_3env10ProfileEnvpENtB5_10TrainerEnv9reset_envB7_
FNDA:0,_RNvXs0_NtCsanxXwAcSLNM_6nes_ai7trainerNtNtB7_3env13AnyControlEnvNtB5_10TrainerEnv14recorded_movie
FNDA:0,_RNvXs0_NtCsanxXwAcSLNM_6nes_ai7trainerNtNtB7_3env13AnyControlEnvNtB5_10TrainerEnv19finish_episode_meta
FNDA:0,_RNvXs0_NtCsanxXwAcSLNM_6nes_ai7trainerNtNtB7_3env13AnyControlEnvNtB5_10TrainerEnv8step_env
FNDA:0,_RNvXs0_NtCsanxXwAcSLNM_6nes_ai7trainerNtNtB7_3env13AnyControlEnvNtB5_10TrainerEnv9reset_env
FNDA:0,_RNvXs2_NtCsanxXwAcSLNM_6nes_ai7trainerNtB5_8SmokeEnvNtB5_10TrainerEnv14recorded_movie
FNDA:0,_RNvXs2_NtCsanxXwAcSLNM_6nes_ai7trainerNtB5_8SmokeEnvNtB5_10TrainerEnv19finish_episode_meta
FNDA:0,_RNvXs2_NtCsanxXwAcSLNM_6nes_ai7trainerNtB5_8SmokeEnvNtB5_10TrainerEnv8step_env
FNDA:0,_RNvXs2_NtCsanxXwAcSLNM_6nes_ai7trainerNtB5_8SmokeEnvNtB5_10TrainerEnv9reset_env
FNF:65
FNH:48
DA:58,7
DA:59,7
DA:60,7
DA:61,7
DA:62,7
DA:63,7
DA:64,7
DA:65,7
DA:66,7
DA:67,7
DA:68,7
DA:69,7
DA:70,7
DA:71,7
DA:72,7
DA:73,7
DA:74,7
DA:75,7
DA:145,0
DA:146,0
DA:147,0
DA:148,0
DA:150,0
DA:151,0
DA:153,0
DA:154,0
DA:155,0
DA:157,0
DA:159,0
DA:160,0
DA:161,0
DA:163,0
DA:164,0
DA:165,0
DA:169,1
DA:170,1
DA:171,1
DA:172,1
DA:174,30
DA:175,30
DA:177,30
DA:178,30
DA:179,30
DA:181,30
DA:183,0
DA:184,0
DA:185,0
DA:187,0
DA:188,0
DA:189,0
DA:204,12
DA:205,12
DA:206,12
DA:207,12
DA:208,12
DA:209,12
DA:210,12
DA:211,12
DA:212,12
DA:213,12
DA:214,12
DA:215,12
DA:216,12
DA:217,12
DA:219,1152
DA:224,1152
DA:225,1152
DA:226,1152
DA:227,1152
DA:228,1152
DA:229,1152
DA:230,1152
DA:234,1152
DA:236,1248
DA:237,1248
DA:238,1248
DA:240,1248
DA:241,1248
DA:242,1248
DA:243,24960
DA:244,24960
DA:245,24960
DA:247,1248
DA:248,1248
DA:249,1248
DA:250,1248
DA:251,1248
DA:253,2
DA:254,2
DA:255,2
DA:256,2
DA:257,2
DA:261,32
DA:262,32
DA:263,32
DA:264,32
DA:266,32
DA:268,32
DA:269,32
DA:270,32
DA:271,32
DA:272,32
DA:273,128
DA:274,128
DA:275,128
DA:276,32
DA:277,32
DA:279,1120
DA:280,1120
DA:281,0
DA:282,1120
DA:284,1120
DA:285,1120
DA:286,1120
DA:287,1120
DA:288,1120
DA:289,1120
DA:290,1120
DA:291,1120
DA:293,1120
DA:294,39
DA:296,1081
DA:299,1120
DA:300,1120
DA:301,1120
DA:302,1120
DA:303,1120
DA:304,1120
DA:306,2
DA:307,2
DA:308,2
DA:309,2
DA:310,2
DA:311,2
DA:312,2
DA:313,2
DA:314,2
DA:315,2
DA:317,2
DA:318,2
DA:319,2
DA:328,1
DA:329,1
DA:330,1
DA:331,1
DA:332,1
DA:333,0
DA:334,1
DA:342,6
DA:343,6
DA:344,12
DA:345,6
DA:353,0
DA:354,0
DA:355,0
DA:356,0
DA:357,0
DA:358,0
DA:359,0
DA:360,0
DA:361,0
DA:362,0
DA:363,0
DA:371,0
DA:372,0
DA:373,0
DA:374,0
DA:375,0
DA:376,0
DA:377,0
DA:378,0
DA:379,0
DA:380,0
DA:381,0
DA:382,0
DA:390,1
DA:391,1
DA:392,1
DA:393,1
DA:394,1
DA:395,1
DA:396,1
DA:397,1
DA:398,1
DA:400,1
DA:401,0
DA:402,0
DA:403,0
DA:404,0
DA:405,0
DA:406,0
DA:408,0
DA:409,0
DA:410,0
DA:411,0
DA:412,0
DA:413,0
DA:414,0
DA:415,0
DA:416,0
DA:417,0
DA:418,0
DA:420,1
DA:422,1
DA:431,0
DA:432,0
DA:433,0
DA:434,0
DA:435,0
DA:436,0
DA:437,0
DA:438,0
DA:439,0
DA:440,0
DA:441,0
DA:442,0
DA:443,0
DA:451,7
DA:452,7
DA:453,7
DA:454,6
DA:455,5
DA:456,4
DA:457,3
DA:458,2
DA:459,1
DA:461,7
DA:463,6
DA:464,6
DA:465,6
DA:466,6
DA:467,6
DA:468,6
DA:469,6
DA:470,6
DA:472,6
DA:473,6
DA:474,6
DA:475,6
DA:476,6
DA:477,6
DA:478,6
DA:479,6
DA:481,6
DA:482,6
DA:484,10
DA:485,10
DA:486,10
DA:488,10
DA:489,10
DA:490,10
DA:491,10
DA:493,3
DA:494,7
DA:497,6
DA:498,6
DA:500,6
DA:501,6
DA:502,6
DA:503,6
DA:504,6
DA:505,6
DA:507,1
DA:508,1
DA:509,1
DA:510,1
DA:511,1
DA:512,1
DA:513,1
DA:514,1
DA:516,1
DA:517,1
DA:518,1
DA:519,1
DA:520,1
DA:522,1
DA:523,1
DA:524,1
DA:526,30
DA:527,30
DA:528,30
DA:529,30
DA:530,1
DA:531,29
DA:534,1
DA:535,1
DA:536,0
DA:537,0
DA:538,0
DA:539,1
DA:542,1
DA:543,1
DA:544,1
DA:545,1
DA:546,1
DA:548,6
DA:549,6
DA:550,6
DA:551,6
DA:552,6
DA:553,6
DA:554,6
DA:555,6
DA:556,6
DA:558,6
DA:559,6
DA:560,6
DA:561,6
DA:563,16
DA:564,16
DA:565,16
DA:567,960
DA:568,960
DA:569,960
DA:570,960
DA:571,16
DA:572,944
DA:573,944
DA:576,16
DA:577,16
DA:578,2
DA:579,2
DA:580,2
DA:581,14
DA:584,6
DA:585,6
DA:586,6
DA:587,6
DA:588,6
DA:590,10
DA:591,10
DA:592,10
DA:593,10
DA:594,10
DA:595,10
DA:596,10
DA:597,10
DA:598,10
DA:600,10
DA:601,160
DA:602,160
DA:603,160
DA:604,160
DA:605,160
DA:606,160
DA:607,160
DA:608,160
DA:609,160
DA:610,160
DA:612,160
DA:613,0
DA:615,160
DA:619,10
DA:620,10
DA:621,0
DA:623,10
DA:625,10
DA:627,10
DA:628,10
DA:629,10
DA:630,10
DA:631,10
DA:632,10
DA:633,10
DA:634,10
DA:635,10
DA:636,10
DA:637,10
DA:638,160
DA:639,160
DA:640,160
DA:641,160
DA:642,160
DA:643,160
DA:644,10
DA:645,10
DA:647,10
DA:648,10
DA:650,10
DA:651,10
DA:652,10
DA:653,10
DA:654,10
DA:655,10
DA:656,10
DA:657,10
DA:658,10
DA:660,160
DA:661,160
DA:662,160
DA:663,10
DA:665,150
DA:667,160
DA:668,160
DA:669,160
DA:670,160
DA:671,160
DA:674,10
DA:675,10
DA:677,10
DA:678,10
DA:679,0
DA:680,10
DA:682,10
DA:683,10
DA:684,10
DA:685,10
DA:686,160
DA:687,160
DA:688,160
DA:689,160
DA:690,10
DA:691,10
DA:692,10
DA:693,10
DA:694,0
DA:695,10
DA:697,160
DA:698,160
DA:699,160
DA:700,10
DA:702,10
DA:703,10
DA:704,10
DA:705,10
DA:706,10
DA:707,10
DA:708,10
DA:709,10
DA:711,10
DA:712,13
DA:713,26
[...]
FN:238,_RNvMsf_CsfVPschHxtsd_7nes_webNtB5_14NesWebEmulator14release_button
FN:342,_RNvMsf_CsfVPschHxtsd_7nes_webNtB5_14NesWebEmulator15audio_chunk_i16
FN:430,_RNvMsf_CsfVPschHxtsd_7nes_webNtB5_14NesWebEmulator15controller_bits
FN:255,_RNvMsf_CsfVPschHxtsd_7nes_webNtB5_14NesWebEmulator16dispatch_dom_key
FN:478,_RNvMsf_CsfVPschHxtsd_7nes_webNtB5_14NesWebEmulator17audio_sample_rate
FN:393,_RNvMsf_CsfVPschHxtsd_7nes_webNtB5_14NesWebEmulator17ppu_frame_counter
FN:273,_RNvMsf_CsfVPschHxtsd_7nes_webNtB5_14NesWebEmulator18refresh_frame_rgba
FN:494,_RNvMsf_CsfVPschHxtsd_7nes_webNtB5_14NesWebEmulator19audio_chunk_samples
FN:210,_RNvMsf_CsfVPschHxtsd_7nes_webNtB5_14NesWebEmulator20set_controller_state
FN:51,_RNvMsf_CsfVPschHxtsd_7nes_webNtB5_14NesWebEmulator3new
FN:133,_RNvMsf_CsfVPschHxtsd_7nes_webNtB5_14NesWebEmulator5pause
FN:162,_RNvMsf_CsfVPschHxtsd_7nes_webNtB5_14NesWebEmulator5reset
FN:359,_RNvMsf_CsfVPschHxtsd_7nes_webNtB5_14NesWebEmulator6cpu_pc
FN:146,_RNvMsf_CsfVPschHxtsd_7nes_webNtB5_14NesWebEmulator6resume
FN:70,_RNvMsf_CsfVPschHxtsd_7nes_webNtB5_14NesWebEmulator8load_rom
FN:118,_RNvMsf_CsfVPschHxtsd_7nes_webNtB5_14NesWebEmulator8step_cpu
FN:376,_RNvMsf_CsfVPschHxtsd_7nes_webNtB5_14NesWebEmulator9fps_milli
FN:193,_RNvMsf_CsfVPschHxtsd_7nes_webNtB5_14NesWebEmulator9set_speed
FN:500,_RNvXCsfVPschHxtsd_7nes_webNtB2_14NesWebEmulatorNtNtCs4kUJL3MZFFz_4core7default7Default7default
FN:505,_RNvCseR5Yg18X2Ec_7nes_web11to_js_error
FN:290,_RNvMsf_CseR5Yg18X2Ec_7nes_webNtB5_14NesWebEmulator10frame_rgba
FN:412,_RNvMsf_CseR5Yg18X2Ec_7nes_webNtB5_14NesWebEmulator10state_hash
FN:87,_RNvMsf_CseR5Yg18X2Ec_7nes_webNtB5_14NesWebEmulator10step_frame
FN:446,_RNvMsf_CseR5Yg18X2Ec_7nes_webNtB5_14NesWebEmulator11frame_width
FN:177,_RNvMsf_CseR5Yg18X2Ec_7nes_webNtB5_14NesWebEmulator11power_cycle
FN:462,_RNvMsf_CseR5Yg18X2Ec_7nes_webNtB5_14NesWebEmulator12frame_height
FN:225,_RNvMsf_CseR5Yg18X2Ec_7nes_webNtB5_14NesWebEmulator12press_button
FN:103,_RNvMsf_CseR5Yg18X2Ec_7nes_webNtB5_14NesWebEmulator13step_scanline
FN:324,_RNvMsf_CseR5Yg18X2Ec_7nes_webNtB5_14NesWebEmulator14frame_rgba_len
FN:308,_RNvMsf_CseR5Yg18X2Ec_7nes_webNtB5_14NesWebEmulator14frame_rgba_ptr
FN:238,_RNvMsf_CseR5Yg18X2Ec_7nes_webNtB5_14NesWebEmulator14release_button
FN:342,_RNvMsf_CseR5Yg18X2Ec_7nes_webNtB5_14NesWebEmulator15audio_chunk_i16
FN:430,_RNvMsf_CseR5Yg18X2Ec_7nes_webNtB5_14NesWebEmulator15controller_bits
FN:255,_RNvMsf_CseR5Yg18X2Ec_7nes_webNtB5_14NesWebEmulator16dispatch_dom_key
FN:478,_RNvMsf_CseR5Yg18X2Ec_7nes_webNtB5_14NesWebEmulator17audio_sample_rate
FN:393,_RNvMsf_CseR5Yg18X2Ec_7nes_webNtB5_14NesWebEmulator17ppu_frame_counter
FN:273,_RNvMsf_CseR5Yg18X2Ec_7nes_webNtB5_14NesWebEmulator18refresh_frame_rgba
FN:494,_RNvMsf_CseR5Yg18X2Ec_7nes_webNtB5_14NesWebEmulator19audio_chunk_samples
FN:210,_RNvMsf_CseR5Yg18X2Ec_7nes_webNtB5_14NesWebEmulator20set_controller_state
FN:51,_RNvMsf_CseR5Yg18X2Ec_7nes_webNtB5_14NesWebEmulator3new
FN:133,_RNvMsf_CseR5Yg18X2Ec_7nes_webNtB5_14NesWebEmulator5pause
FN:162,_RNvMsf_CseR5Yg18X2Ec_7nes_webNtB5_14NesWebEmulator5reset
FN:359,_RNvMsf_CseR5Yg18X2Ec_7nes_webNtB5_14NesWebEmulator6cpu_pc
FN:146,_RNvMsf_CseR5Yg18X2Ec_7nes_webNtB5_14NesWebEmulator6resume
FN:70,_RNvMsf_CseR5Yg18X2Ec_7nes_webNtB5_14NesWebEmulator8load_rom
FN:118,_RNvMsf_CseR5Yg18X2Ec_7nes_webNtB5_14NesWebEmulator8step_cpu
FN:376,_RNvMsf_CseR5Yg18X2Ec_7nes_webNtB5_14NesWebEmulator9fps_milli
FN:193,_RNvMsf_CseR5Yg18X2Ec_7nes_webNtB5_14NesWebEmulator9set_speed
FN:500,_RNvXCseR5Yg18X2Ec_7nes_webNtB2_14NesWebEmulatorNtNtCs4kUJL3MZFFz_4core7default7Default7default
FNDA:0,_RNvCsfVPschHxtsd_7nes_web11to_js_error
FNDA:2,_RNvMsf_CsfVPschHxtsd_7nes_webNtB5_14NesWebEmulator10frame_rgba
FNDA:3,_RNvMsf_CsfVPschHxtsd_7nes_webNtB5_14NesWebEmulator10state_hash
FNDA:2,_RNvMsf_CsfVPschHxtsd_7nes_webNtB5_14NesWebEmulator10step_frame
FNDA:1,_RNvMsf_CsfVPschHxtsd_7nes_webNtB5_14NesWebEmulator11frame_width
FNDA:1,_RNvMsf_CsfVPschHxtsd_7nes_webNtB5_14NesWebEmulator11power_cycle
FNDA:1,_RNvMsf_CsfVPschHxtsd_7nes_webNtB5_14NesWebEmulator12frame_height
FNDA:1,_RNvMsf_CsfVPschHxtsd_7nes_webNtB5_14NesWebEmulator12press_button
FNDA:1,_RNvMsf_CsfVPschHxtsd_7nes_webNtB5_14NesWebEmulator13step_scanline
FNDA:1,_RNvMsf_CsfVPschHxtsd_7nes_webNtB5_14NesWebEmulator14frame_rgba_len
FNDA:1,_RNvMsf_CsfVPschHxtsd_7nes_webNtB5_14NesWebEmulator14frame_rgba_ptr
FNDA:1,_RNvMsf_CsfVPschHxtsd_7nes_webNtB5_14NesWebEmulator14release_button
FNDA:1,_RNvMsf_CsfVPschHxtsd_7nes_webNtB5_14NesWebEmulator15audio_chunk_i16
FNDA:5,_RNvMsf_CsfVPschHxtsd_7nes_webNtB5_14NesWebEmulator15controller_bits
FNDA:2,_RNvMsf_CsfVPschHxtsd_7nes_webNtB5_14NesWebEmulator16dispatch_dom_key
FNDA:1,_RNvMsf_CsfVPschHxtsd_7nes_webNtB5_14NesWebEmulator17audio_sample_rate
FNDA:6,_RNvMsf_CsfVPschHxtsd_7nes_webNtB5_14NesWebEmulator17ppu_frame_counter
FNDA:1,_RNvMsf_CsfVPschHxtsd_7nes_webNtB5_14NesWebEmulator18refresh_frame_rgba
FNDA:1,_RNvMsf_CsfVPschHxtsd_7nes_webNtB5_14NesWebEmulator19audio_chunk_samples
FNDA:2,_RNvMsf_CsfVPschHxtsd_7nes_webNtB5_14NesWebEmulator20set_controller_state
FNDA:2,_RNvMsf_CsfVPschHxtsd_7nes_webNtB5_14NesWebEmulator3new
FNDA:1,_RNvMsf_CsfVPschHxtsd_7nes_webNtB5_14NesWebEmulator5pause
FNDA:1,_RNvMsf_CsfVPschHxtsd_7nes_webNtB5_14NesWebEmulator5reset
FNDA:3,_RNvMsf_CsfVPschHxtsd_7nes_webNtB5_14NesWebEmulator6cpu_pc
FNDA:1,_RNvMsf_CsfVPschHxtsd_7nes_webNtB5_14NesWebEmulator6resume
FNDA:1,_RNvMsf_CsfVPschHxtsd_7nes_webNtB5_14NesWebEmulator8load_rom
FNDA:1,_RNvMsf_CsfVPschHxtsd_7nes_webNtB5_14NesWebEmulator8step_cpu
FNDA:2,_RNvMsf_CsfVPschHxtsd_7nes_webNtB5_14NesWebEmulator9fps_milli
FNDA:3,_RNvMsf_CsfVPschHxtsd_7nes_webNtB5_14NesWebEmulator9set_speed
FNDA:1,_RNvXCsfVPschHxtsd_7nes_webNtB2_14NesWebEmulatorNtNtCs4kUJL3MZFFz_4core7default7Default7default
FNDA:0,_RNvCseR5Yg18X2Ec_7nes_web11to_js_error
FNDA:0,_RNvMsf_CseR5Yg18X2Ec_7nes_webNtB5_14NesWebEmulator10frame_rgba
FNDA:0,_RNvMsf_CseR5Yg18X2Ec_7nes_webNtB5_14NesWebEmulator10state_hash
FNDA:0,_RNvMsf_CseR5Yg18X2Ec_7nes_webNtB5_14NesWebEmulator10step_frame
FNDA:0,_RNvMsf_CseR5Yg18X2Ec_7nes_webNtB5_14NesWebEmulator11frame_width
FNDA:0,_RNvMsf_CseR5Yg18X2Ec_7nes_webNtB5_14NesWebEmulator11power_cycle
FNDA:0,_RNvMsf_CseR5Yg18X2Ec_7nes_webNtB5_14NesWebEmulator12frame_height
FNDA:0,_RNvMsf_CseR5Yg18X2Ec_7nes_webNtB5_14NesWebEmulator12press_button
FNDA:0,_RNvMsf_CseR5Yg18X2Ec_7nes_webNtB5_14NesWebEmulator13step_scanline
FNDA:0,_RNvMsf_CseR5Yg18X2Ec_7nes_webNtB5_14NesWebEmulator14frame_rgba_len
FNDA:0,_RNvMsf_CseR5Yg18X2Ec_7nes_webNtB5_14NesWebEmulator14frame_rgba_ptr
FNDA:0,_RNvMsf_CseR5Yg18X2Ec_7nes_webNtB5_14NesWebEmulator14release_button
FNDA:0,_RNvMsf_CseR5Yg18X2Ec_7nes_webNtB5_14NesWebEmulator15audio_chunk_i16
FNDA:0,_RNvMsf_CseR5Yg18X2Ec_7nes_webNtB5_14NesWebEmulator15controller_bits
FNDA:0,_RNvMsf_CseR5Yg18X2Ec_7nes_webNtB5_14NesWebEmulator16dispatch_dom_key
FNDA:0,_RNvMsf_CseR5Yg18X2Ec_7nes_webNtB5_14NesWebEmulator17audio_sample_rate
FNDA:0,_RNvMsf_CseR5Yg18X2Ec_7nes_webNtB5_14NesWebEmulator17ppu_frame_counter
FNDA:0,_RNvMsf_CseR5Yg18X2Ec_7nes_webNtB5_14NesWebEmulator18refresh_frame_rgba
FNDA:0,_RNvMsf_CseR5Yg18X2Ec_7nes_webNtB5_14NesWebEmulator19audio_chunk_samples
FNDA:0,_RNvMsf_CseR5Yg18X2Ec_7nes_webNtB5_14NesWebEmulator20set_controller_state
FNDA:0,_RNvMsf_CseR5Yg18X2Ec_7nes_webNtB5_14NesWebEmulator3new
FNDA:0,_RNvMsf_CseR5Yg18X2Ec_7nes_webNtB5_14NesWebEmulator5pause
FNDA:0,_RNvMsf_CseR5Yg18X2Ec_7nes_webNtB5_14NesWebEmulator5reset
FNDA:0,_RNvMsf_CseR5Yg18X2Ec_7nes_webNtB5_14NesWebEmulator6cpu_pc
FNDA:0,_RNvMsf_CseR5Yg18X2Ec_7nes_webNtB5_14NesWebEmulator6resume
FNDA:0,_RNvMsf_CseR5Yg18X2Ec_7nes_webNtB5_14NesWebEmulator8load_rom
FNDA:0,_RNvMsf_CseR5Yg18X2Ec_7nes_webNtB5_14NesWebEmulator8step_cpu
FNDA:0,_RNvMsf_CseR5Yg18X2Ec_7nes_webNtB5_14NesWebEmulator9fps_milli
FNDA:0,_RNvMsf_CseR5Yg18X2Ec_7nes_webNtB5_14NesWebEmulator9set_speed
FNDA:0,_RNvXCseR5Yg18X2Ec_7nes_webNtB2_14NesWebEmulatorNtNtCs4kUJL3MZFFz_4core7default7Default7default
FNF:30
FNH:29
DA:51,2
DA:52,2
DA:53,2
DA:54,2
DA:55,2
DA:70,1
DA:71,1
DA:72,1
DA:87,2
DA:88,2
DA:89,2
DA:103,1
DA:104,1
DA:105,1
DA:118,1
DA:119,1
DA:120,1
DA:133,1
DA:134,1
DA:135,1
DA:146,1
DA:147,1
DA:148,1
DA:162,1
DA:163,1
DA:164,1
DA:177,1
DA:178,1
DA:179,1
DA:193,3
DA:194,3
DA:195,3
DA:210,2
DA:211,2
DA:212,2
DA:225,1
DA:226,1
DA:227,1
DA:238,1
DA:239,1
DA:240,1
DA:255,2
DA:256,2
DA:257,2
DA:258,2
DA:259,2
DA:273,1
DA:274,1
DA:275,1
DA:290,2
DA:291,2
DA:292,2
DA:308,1
DA:309,1
DA:310,1
DA:324,1
DA:325,1
DA:326,1
DA:342,1
DA:343,1
DA:344,1
DA:359,3
DA:360,3
DA:361,3
DA:376,2
DA:377,2
DA:378,2
DA:393,6
DA:394,6
DA:395,6
DA:412,3
DA:413,3
DA:414,3
DA:430,5
DA:431,5
DA:432,5
DA:446,1
DA:447,1
DA:448,1
DA:462,1
DA:463,1
DA:464,1
DA:478,1
DA:479,1
DA:480,1
DA:494,1
DA:495,1
DA:496,1
DA:500,1
DA:501,1
DA:502,1
DA:505,0
DA:506,0
DA:507,0
BRF:0
BRH:0
LF:94
LH:91
end_of_record
SF:/app/crates/nes-web/src/runtime.rs
FN:522,_RNCNvMNtCsfVPschHxtsd_7nes_web7runtimeNtB4_10WebRuntime7execute0B6_
FN:79,_RNCNvMNtCsfVPschHxtsd_7nes_web7runtimeNtB4_10WebRuntime8load_roms_0B6_
FN:313,_RNvMNtCsfVPschHxtsd_7nes_web7runtimeNtB2_10WebRuntime10frame_rgba
FN:434,_RNvMNtCsfVPschHxtsd_7nes_web7runtimeNtB2_10WebRuntime10state_hash
FN:95,_RNvMNtCsfVPschHxtsd_7nes_web7runtimeNtB2_10WebRuntime10step_frame
FN:467,_RNvMNtCsfVPschHxtsd_7nes_web7runtimeNtB2_10WebRuntime11frame_width
FN:186,_RNvMNtCsfVPschHxtsd_7nes_web7runtimeNtB2_10WebRuntime11power_cycle
FN:483,_RNvMNtCsfVPschHxtsd_7nes_web7runtimeNtB2_10WebRuntime12frame_height
FN:235,_RNvMNtCsfVPschHxtsd_7nes_web7runtimeNtB2_10WebRuntime12press_button
FN:111,_RNvMNtCsfVPschHxtsd_7nes_web7runtimeNtB2_10WebRuntime13step_scanline
FN:347,_RNvMNtCsfVPschHxtsd_7nes_web7runtimeNtB2_10WebRuntime14frame_rgba_len
FN:331,_RNvMNtCsfVPschHxtsd_7nes_web7runtimeNtB2_10WebRuntime14frame_rgba_ptr
FN:249,_RNvMNtCsfVPschHxtsd_7nes_web7runtimeNtB2_10WebRuntime14release_button
FN:366,_RNvMNtCsfVPschHxtsd_7nes_web7runtimeNtB2_10WebRuntime15audio_chunk_i16
FN:451,_RNvMNtCsfVPschHxtsd_7nes_web7runtimeNtB2_10WebRuntime15controller_bits
FN:270,_RNvMNtCsfVPschHxtsd_7nes_web7runtimeNtB2_10WebRuntime16dispatch_dom_key
FN:499,_RNvMNtCsfVPschHxtsd_7nes_web7runtimeNtB2_10WebRuntime17audio_sample_rate
FN:417,_RNvMNtCsfVPschHxtsd_7nes_web7runtimeNtB2_10WebRuntime17ppu_frame_counter
FN:294,_RNvMNtCsfVPschHxtsd_7nes_web7runtimeNtB2_10WebRuntime18refresh_frame_rgba
FN:515,_RNvMNtCsfVPschHxtsd_7nes_web7runtimeNtB2_10WebRuntime19audio_chunk_samples
FN:219,_RNvMNtCsfVPschHxtsd_7nes_web7runtimeNtB2_10WebRuntime20set_controller_state
FN:53,_RNvMNtCsfVPschHxtsd_7nes_web7runtimeNtB2_10WebRuntime3new
FN:141,_RNvMNtCsfVPschHxtsd_7nes_web7runtimeNtB2_10WebRuntime5pause
FN:171,_RNvMNtCsfVPschHxtsd_7nes_web7runtimeNtB2_10WebRuntime5reset
FN:383,_RNvMNtCsfVPschHxtsd_7nes_web7runtimeNtB2_10WebRuntime6cpu_pc
FN:155,_RNvMNtCsfVPschHxtsd_7nes_web7runtimeNtB2_10WebRuntime6resume
FN:519,_RNvMNtCsfVPschHxtsd_7nes_web7runtimeNtB2_10WebRuntime7execute
FN:75,_RNvMNtCsfVPschHxtsd_7nes_web7runtimeNtB2_10WebRuntime8load_rom
FN:126,_RNvMNtCsfVPschHxtsd_7nes_web7runtimeNtB2_10WebRuntime8step_cpu
FN:400,_RNvMNtCsfVPschHxtsd_7nes_web7runtimeNtB2_10WebRuntime9fps_milli
FN:202,_RNvMNtCsfVPschHxtsd_7nes_web7runtimeNtB2_10WebRuntime9set_speed
FN:532,_RNvNtCsfVPschHxtsd_7nes_web7runtime12parse_button
FN:527,_RNvXs_NtCsfVPschHxtsd_7nes_web7runtimeNtB4_10WebRuntimeNtNtCs4kUJL3MZFFz_4core7default7Default7default
FN:522,_RNCNvMNtCseR5Yg18X2Ec_7nes_web7runtimeNtB4_10WebRuntime7execute0B6_
FN:79,_RNCNvMNtCseR5Yg18X2Ec_7nes_web7runtimeNtB4_10WebRuntime8load_roms_0B6_
FN:313,_RNvMNtCseR5Yg18X2Ec_7nes_web7runtimeNtB2_10WebRuntime10frame_rgba
FN:434,_RNvMNtCseR5Yg18X2Ec_7nes_web7runtimeNtB2_10WebRuntime10state_hash
FN:95,_RNvMNtCseR5Yg18X2Ec_7nes_web7runtimeNtB2_10WebRuntime10step_frame
FN:467,_RNvMNtCseR5Yg18X2Ec_7nes_web7runtimeNtB2_10WebRuntime11frame_width
FN:186,_RNvMNtCseR5Yg18X2Ec_7nes_web7runtimeNtB2_10WebRuntime11power_cycle
FN:483,_RNvMNtCseR5Yg18X2Ec_7nes_web7runtimeNtB2_10WebRuntime12frame_height
FN:235,_RNvMNtCseR5Yg18X2Ec_7nes_web7runtimeNtB2_10WebRuntime12press_button
FN:111,_RNvMNtCseR5Yg18X2Ec_7nes_web7runtimeNtB2_10WebRuntime13step_scanline
FN:347,_RNvMNtCseR5Yg18X2Ec_7nes_web7runtimeNtB2_10WebRuntime14frame_rgba_len
FN:331,_RNvMNtCseR5Yg18X2Ec_7nes_web7runtimeNtB2_10WebRuntime14frame_rgba_ptr
FN:249,_RNvMNtCseR5Yg18X2Ec_7nes_web7runtimeNtB2_10WebRuntime14release_button
FN:366,_RNvMNtCseR5Yg18X2Ec_7nes_web7runtimeNtB2_10WebRuntime15audio_chunk_i16
FN:451,_RNvMNtCseR5Yg18X2Ec_7nes_web7runtimeNtB2_10WebRuntime15controller_bits
FN:270,_RNvMNtCseR5Yg18X2Ec_7nes_web7runtimeNtB2_10WebRuntime16dispatch_dom_key
FN:499,_RNvMNtCseR5Yg18X2Ec_7nes_web7runtimeNtB2_10WebRuntime17audio_sample_rate
FN:417,_RNvMNtCseR5Yg18X2Ec_7nes_web7runtimeNtB2_10WebRuntime17ppu_frame_counter
FN:294,_RNvMNtCseR5Yg18X2Ec_7nes_web7runtimeNtB2_10WebRuntime18refresh_frame_rgba
FN:515,_RNvMNtCseR5Yg18X2Ec_7nes_web7runtimeNtB2_10WebRuntime19audio_chunk_samples
FN:219,_RNvMNtCseR5Yg18X2Ec_7nes_web7runtimeNtB2_10WebRuntime20set_controller_state
FN:53,_RNvMNtCseR5Yg18X2Ec_7nes_web7runtimeNtB2_10WebRuntime3new
FN:141,_RNvMNtCseR5Yg18X2Ec_7nes_web7runtimeNtB2_10WebRuntime5pause
FN:171,_RNvMNtCseR5Yg18X2Ec_7nes_web7runtimeNtB2_10WebRuntime5reset
FN:383,_RNvMNtCseR5Yg18X2Ec_7nes_web7runtimeNtB2_10WebRuntime6cpu_pc
FN:155,_RNvMNtCseR5Yg18X2Ec_7nes_web7runtimeNtB2_10WebRuntime6resume
FN:519,_RNvMNtCseR5Yg18X2Ec_7nes_web7runtimeNtB2_10WebRuntime7execute
FN:75,_RNvMNtCseR5Yg18X2Ec_7nes_web7runtimeNtB2_10WebRuntime8load_rom
FN:126,_RNvMNtCseR5Yg18X2Ec_7nes_web7runtimeNtB2_10WebRuntime8step_cpu
FN:400,_RNvMNtCseR5Yg18X2Ec_7nes_web7runtimeNtB2_10WebRuntime9fps_milli
FN:202,_RNvMNtCseR5Yg18X2Ec_7nes_web7runtimeNtB2_10WebRuntime9set_speed
FN:532,_RNvNtCseR5Yg18X2Ec_7nes_web7runtime12parse_button
FN:527,_RNvXs_NtCseR5Yg18X2Ec_7nes_web7runtimeNtB4_10WebRuntimeNtNtCs4kUJL3MZFFz_4core7default7Default7default
FNDA:0,_RNCNvMNtCsfVPschHxtsd_7nes_web7runtimeNtB4_10WebRuntime7execute0B6_
FNDA:1,_RNCNvMNtCsfVPschHxtsd_7nes_web7runtimeNtB4_10WebRuntime8load_roms_0B6_
FNDA:3,_RNvMNtCsfVPschHxtsd_7nes_web7runtimeNtB2_10WebRuntime10frame_rgba
FNDA:8,_RNvMNtCsfVPschHxtsd_7nes_web7runtimeNtB2_10WebRuntime10state_hash
FNDA:11,_RNvMNtCsfVPschHxtsd_7nes_web7runtimeNtB2_10WebRuntime10step_frame
FNDA:3,_RNvMNtCsfVPschHxtsd_7nes_web7runtimeNtB2_10WebRuntime11frame_width
FNDA:2,_RNvMNtCsfVPschHxtsd_7nes_web7runtimeNtB2_10WebRuntime11power_cycle
FNDA:3,_RNvMNtCsfVPschHxtsd_7nes_web7runtimeNtB2_10WebRuntime12frame_height
FNDA:10,_RNvMNtCsfVPschHxtsd_7nes_web7runtimeNtB2_10WebRuntime12press_button
FNDA:2,_RNvMNtCsfVPschHxtsd_7nes_web7runtimeNtB2_10WebRuntime13step_scanline
FNDA:2,_RNvMNtCsfVPschHxtsd_7nes_web7runtimeNtB2_10WebRuntime14frame_rgba_len
FNDA:2,_RNvMNtCsfVPschHxtsd_7nes_web7runtimeNtB2_10WebRuntime14frame_rgba_ptr
FNDA:10,_RNvMNtCsfVPschHxtsd_7nes_web7runtimeNtB2_10WebRuntime14release_button
FNDA:2,_RNvMNtCsfVPschHxtsd_7nes_web7runtimeNtB2_10WebRuntime15audio_chunk_i16
FNDA:26,_RNvMNtCsfVPschHxtsd_7nes_web7runtimeNtB2_10WebRuntime15controller_bits
FNDA:5,_RNvMNtCsfVPschHxtsd_7nes_web7runtimeNtB2_10WebRuntime16dispatch_dom_key
FNDA:2,_RNvMNtCsfVPschHxtsd_7nes_web7runtimeNtB2_10WebRuntime17audio_sample_rate
FNDA:8,_RNvMNtCsfVPschHxtsd_7nes_web7runtimeNtB2_10WebRuntime17ppu_frame_counter
FNDA:5,_RNvMNtCsfVPschHxtsd_7nes_web7runtimeNtB2_10WebRuntime18refresh_frame_rgba
FNDA:3,_RNvMNtCsfVPschHxtsd_7nes_web7runtimeNtB2_10WebRuntime19audio_chunk_samples
FNDA:11,_RNvMNtCsfVPschHxtsd_7nes_web7runtimeNtB2_10WebRuntime20set_controller_state
FNDA:7,_RNvMNtCsfVPschHxtsd_7nes_web7runtimeNtB2_10WebRuntime3new
FNDA:2,_RNvMNtCsfVPschHxtsd_7nes_web7runtimeNtB2_10WebRuntime5pause
FNDA:2,_RNvMNtCsfVPschHxtsd_7nes_web7runtimeNtB2_10WebRuntime5reset
FNDA:7,_RNvMNtCsfVPschHxtsd_7nes_web7runtimeNtB2_10WebRuntime6cpu_pc
FNDA:2,_RNvMNtCsfVPschHxtsd_7nes_web7runtimeNtB2_10WebRuntime6resume
FNDA:60,_RNvMNtCsfVPschHxtsd_7nes_web7runtimeNtB2_10WebRuntime7execute
FNDA:5,_RNvMNtCsfVPschHxtsd_7nes_web7runtimeNtB2_10WebRuntime8load_rom
FNDA:2,_RNvMNtCsfVPschHxtsd_7nes_web7runtimeNtB2_10WebRuntime8step_cpu
FNDA:5,_RNvMNtCsfVPschHxtsd_7nes_web7runtimeNtB2_10WebRuntime9fps_milli
FNDA:4,_RNvMNtCsfVPschHxtsd_7nes_web7runtimeNtB2_10WebRuntime9set_speed
FNDA:20,_RNvNtCsfVPschHxtsd_7nes_web7runtime12parse_button
FNDA:0,_RNvXs_NtCsfVPschHxtsd_7nes_web7runtimeNtB4_10WebRuntimeNtNtCs4kUJL3MZFFz_4core7default7Default7default
FNDA:0,_RNCNvMNtCseR5Yg18X2Ec_7nes_web7runtimeNtB4_10WebRuntime7execute0B6_
FNDA:0,_RNCNvMNtCseR5Yg18X2Ec_7nes_web7runtimeNtB4_10WebRuntime8load_roms_0B6_
FNDA:0,_RNvMNtCseR5Yg18X2Ec_7nes_web7runtimeNtB2_10WebRuntime10frame_rgba
FNDA:0,_RNvMNtCseR5Yg18X2Ec_7nes_web7runtimeNtB2_10WebRuntime10state_hash
FNDA:0,_RNvMNtCseR5Yg18X2Ec_7nes_web7runtimeNtB2_10WebRuntime10step_frame
FNDA:0,_RNvMNtCseR5Yg18X2Ec_7nes_web7runtimeNtB2_10WebRuntime11frame_width
FNDA:0,_RNvMNtCseR5Yg18X2Ec_7nes_web7runtimeNtB2_10WebRuntime11power_cycle
FNDA:0,_RNvMNtCseR5Yg18X2Ec_7nes_web7runtimeNtB2_10WebRuntime12frame_height
FNDA:0,_RNvMNtCseR5Yg18X2Ec_7nes_web7runtimeNtB2_10WebRuntime12press_button
FNDA:0,_RNvMNtCseR5Yg18X2Ec_7nes_web7runtimeNtB2_10WebRuntime13step_scanline
FNDA:0,_RNvMNtCseR5Yg18X2Ec_7nes_web7runtimeNtB2_10WebRuntime14frame_rgba_len
FNDA:0,_RNvMNtCseR5Yg18X2Ec_7nes_web7runtimeNtB2_10WebRuntime14frame_rgba_ptr
FNDA:0,_RNvMNtCseR5Yg18X2Ec_7nes_web7runtimeNtB2_10WebRuntime14release_button
FNDA:0,_RNvMNtCseR5Yg18X2Ec_7nes_web7runtimeNtB2_10WebRuntime15audio_chunk_i16
FNDA:0,_RNvMNtCseR5Yg18X2Ec_7nes_web7runtimeNtB2_10WebRuntime15controller_bits
FNDA:0,_RNvMNtCseR5Yg18X2Ec_7nes_web7runtimeNtB2_10WebRuntime16dispatch_dom_key
FNDA:0,_RNvMNtCseR5Yg18X2Ec_7nes_web7runtimeNtB2_10WebRuntime17audio_sample_rate
FNDA:0,_RNvMNtCseR5Yg18X2Ec_7nes_web7runtimeNtB2_10WebRuntime17ppu_frame_counter
FNDA:0,_RNvMNtCseR5Yg18X2Ec_7nes_web7runtimeNtB2_10WebRuntime18refresh_frame_rgba
FNDA:0,_RNvMNtCseR5Yg18X2Ec_7nes_web7runtimeNtB2_10WebRuntime19audio_chunk_samples
FNDA:0,_RNvMNtCseR5Yg18X2Ec_7nes_web7runtimeNtB2_10WebRuntime20set_controller_state
FNDA:0,_RNvMNtCseR5Yg18X2Ec_7nes_web7runtimeNtB2_10WebRuntime3new
FNDA:0,_RNvMNtCseR5Yg18X2Ec_7nes_web7runtimeNtB2_10WebRuntime5pause
FNDA:0,_RNvMNtCseR5Yg18X2Ec_7nes_web7runtimeNtB2_10WebRuntime5reset
FNDA:0,_RNvMNtCseR5Yg18X2Ec_7nes_web7runtimeNtB2_10WebRuntime6cpu_pc
FNDA:0,_RNvMNtCseR5Yg18X2Ec_7nes_web7runtimeNtB2_10WebRuntime6resume
FNDA:0,_RNvMNtCseR5Yg18X2Ec_7nes_web7runtimeNtB2_10WebRuntime7execute
FNDA:0,_RNvMNtCseR5Yg18X2Ec_7nes_web7runtimeNtB2_10WebRuntime8load_rom
FNDA:0,_RNvMNtCseR5Yg18X2Ec_7nes_web7runtimeNtB2_10WebRuntime8step_cpu
FNDA:0,_RNvMNtCseR5Yg18X2Ec_7nes_web7runtimeNtB2_10WebRuntime9fps_milli
FNDA:0,_RNvMNtCseR5Yg18X2Ec_7nes_web7runtimeNtB2_10WebRuntime9set_speed
FNDA:0,_RNvNtCseR5Yg18X2Ec_7nes_web7runtime12parse_button
FNDA:0,_RNvXs_NtCseR5Yg18X2Ec_7nes_web7runtimeNtB4_10WebRuntimeNtNtCs4kUJL3MZFFz_4core7default7Default7default
FNF:33
FNH:31
DA:53,7
DA:54,7
DA:55,7
DA:56,7
DA:57,7
DA:58,7
DA:75,5
DA:76,5
DA:77,5
DA:78,5
DA:79,5
DA:80,5
DA:95,11
DA:96,11
DA:97,11
DA:111,2
DA:112,2
DA:113,2
DA:126,2
DA:127,2
DA:128,2
DA:141,2
DA:142,2
DA:143,2
DA:155,2
DA:156,2
DA:157,2
DA:171,2
DA:172,2
DA:173,2
DA:186,2
DA:187,2
DA:188,2
DA:202,4
DA:203,4
DA:204,4
DA:219,11
DA:220,11
DA:221,11
DA:235,10
DA:236,10
DA:237,9
DA:238,10
DA:249,10
DA:250,10
DA:251,9
DA:252,10
DA:270,5
DA:271,5
DA:272,1
DA:274,4
DA:275,4
DA:276,5
DA:294,5
DA:295,5
DA:296,5
DA:297,5
DA:313,3
DA:314,3
DA:315,3
DA:331,2
DA:332,2
DA:333,2
DA:347,2
DA:348,2
DA:349,2
DA:366,2
DA:367,2
DA:368,2
DA:383,7
DA:384,7
DA:385,7
DA:400,5
DA:401,5
DA:402,5
DA:417,8
DA:418,8
DA:419,8
DA:434,8
DA:435,8
DA:436,8
DA:451,26
DA:452,26
DA:453,26
DA:467,3
DA:468,3
DA:469,3
DA:483,3
DA:484,3
DA:485,3
DA:499,2
DA:500,2
DA:501,2
DA:515,3
DA:516,3
DA:517,3
DA:519,60
DA:520,60
DA:521,60
DA:522,60
DA:523,60
DA:527,0
DA:528,0
DA:529,0
DA:532,20
DA:533,20
DA:534,20
DA:535,18
DA:536,16
DA:537,14
DA:538,12
DA:539,10
DA:540,8
DA:541,6
DA:542,2
DA:543,2
DA:544,2
DA:546,20
BRF:0
BRH:0
LF:120
LH:116
end_of_record