SF:/app/crates/nes-core/src/api.rs
FN:736,_RNCNCNvMs2_NtCsi9U2HadSxzc_8nes_core3apiNtB9_12CoreSnapshot12mapper_delta00Bb_
FN:734,_RNCNvMs2_NtCsi9U2HadSxzc_8nes_core3apiNtB7_12CoreSnapshot12mapper_delta0B9_
FN:1879,_RNCNvMs5_NtCsi9U2HadSxzc_8nes_core3apiNtB7_7NesCore22sync_mapper_chr_window0B9_
FN:1967,_RNCNvMs5_NtCsi9U2HadSxzc_8nes_core3apiNtB7_7NesCore27apply_cpu_write_side_effect0B9_
FN:2013,_RNCNvMs5_NtCsi9U2HadSxzc_8nes_core3apiNtB7_7NesCore27apply_cpu_write_side_effects_0B9_
FN:67,_RNvMNtCsi9U2HadSxzc_8nes_core3apiNtB2_6Button8bit_mask
FN:112,_RNvMs0_NtCsi9U2HadSxzc_8nes_core3apiNtB5_15ControllerPorts19set_controller_bits
FN:138,_RNvMs0_NtCsi9U2HadSxzc_8nes_core3apiNtB5_15ControllerPorts22controller_port_sample
FN:148,_RNvMs0_NtCsi9U2HadSxzc_8nes_core3apiNtB5_15ControllerPorts23consume_controller_read
FN:120,_RNvMs0_NtCsi9U2HadSxzc_8nes_core3apiNtB5_15ControllerPorts23write_controller_strobe
FN:382,_RNvMs1_NtCsi9U2HadSxzc_8nes_core3apiNtB5_12LoadedMapper10chr_window
FN:458,_RNvMs1_NtCsi9U2HadSxzc_8nes_core3apiNtB5_12LoadedMapper10on_ppu_dot
FN:622,_RNvMs1_NtCsi9U2HadSxzc_8nes_core3apiNtB5_12LoadedMapper11apply_delta
FN:449,_RNvMs1_NtCsi9U2HadSxzc_8nes_core3apiNtB5_12LoadedMapper11irq_pending
FN:523,_RNvMs1_NtCsi9U2HadSxzc_8nes_core3apiNtB5_12LoadedMapper12chr_writable
FN:360,_RNvMs1_NtCsi9U2HadSxzc_8nes_core3apiNtB5_12LoadedMapper12read_prg_ram
FN:401,_RNvMs1_NtCsi9U2HadSxzc_8nes_core3apiNtB5_12LoadedMapper13chr_bg_window
FN:471,_RNvMs1_NtCsi9U2HadSxzc_8nes_core3apiNtB5_12LoadedMapper13has_expansion
FN:372,_RNvMs1_NtCsi9U2HadSxzc_8nes_core3apiNtB5_12LoadedMapper13write_prg_ram
FN:491,_RNvMs1_NtCsi9U2HadSxzc_8nes_core3apiNtB5_12LoadedMapper14expansion_read
FN:601,_RNvMs1_NtCsi9U2HadSxzc_8nes_core3apiNtB5_12LoadedMapper14snapshot_delta
FN:478,_RNvMs1_NtCsi9U2HadSxzc_8nes_core3apiNtB5_12LoadedMapper15write_expansion
FN:500,_RNvMs1_NtCsi9U2HadSxzc_8nes_core3apiNtB5_12LoadedMapper17on_expansion_read
FN:410,_RNvMs1_NtCsi9U2HadSxzc_8nes_core3apiNtB5_12LoadedMapper17take_chr_bg_dirty
FN:417,_RNvMs1_NtCsi9U2HadSxzc_8nes_core3apiNtB5_12LoadedMapper18mirroring_override
FN:441,_RNvMs1_NtCsi9U2HadSxzc_8nes_core3apiNtB5_12LoadedMapper20notify_ppu_chr_fetch
FN:433,_RNvMs1_NtCsi9U2HadSxzc_8nes_core3apiNtB5_12LoadedMapper22wants_chr_fetch_notify
FN:506,_RNvMs1_NtCsi9U2HadSxzc_8nes_core3apiNtB5_12LoadedMapper28sync_chr_ram_from_ppu_window
FN:539,_RNvMs1_NtCsi9U2HadSxzc_8nes_core3apiNtB5_12LoadedMapper8delta_to
FN:319,_RNvMs1_NtCsi9U2HadSxzc_8nes_core3apiNtB5_12LoadedMapper8read_prg
FN:338,_RNvMs1_NtCsi9U2HadSxzc_8nes_core3apiNtB5_12LoadedMapper9write_prg
FN:731,_RNvMs2_NtCsi9U2HadSxzc_8nes_core3apiNtB5_12CoreSnapshot12mapper_delta
FN:746,_RNvMs2_NtCsi9U2HadSxzc_8nes_core3apiNtB5_12CoreSnapshot18apply_mapper_delta
FN:1688,_RNvMs5_NtCsi9U2HadSxzc_8nes_core3apiNtB5_7NesCore10build_fme7
FN:1584,_RNvMs5_NtCsi9U2HadSxzc_8nes_core3apiNtB5_7NesCore10build_mmc1
FN:1705,_RNvMs5_NtCsi9U2HadSxzc_8nes_core3apiNtB5_7NesCore10build_mmc2
FN:1768,_RNvMs5_NtCsi9U2HadSxzc_8nes_core3apiNtB5_7NesCore10build_mmc3
FN:1724,_RNvMs5_NtCsi9U2HadSxzc_8nes_core3apiNtB5_7NesCore10build_mmc4
FN:1743,_RNvMs5_NtCsi9U2HadSxzc_8nes_core3apiNtB5_7NesCore10build_mmc5
FN:1564,_RNvMs5_NtCsi9U2HadSxzc_8nes_core3apiNtB5_7NesCore10build_nrom
FN:1235,_RNvMs5_NtCsi9U2HadSxzc_8nes_core3apiNtB5_7NesCore10load_state
FN:1204,_RNvMs5_NtCsi9U2HadSxzc_8nes_core3apiNtB5_7NesCore10save_state
FN:1160,_RNvMs5_NtCsi9U2HadSxzc_8nes_core3apiNtB5_7NesCore10state_hash
FN:1593,_RNvMs5_NtCsi9U2HadSxzc_8nes_core3apiNtB5_7NesCore11build_axrom
FN:1602,_RNvMs5_NtCsi9U2HadSxzc_8nes_core3apiNtB5_7NesCore11build_cnrom
FN:1622,_RNvMs5_NtCsi9U2HadSxzc_8nes_core3apiNtB5_7NesCore11build_gxrom
FN:1575,_RNvMs5_NtCsi9U2HadSxzc_8nes_core3apiNtB5_7NesCore11build_uxrom
FN:1011,_RNvMs5_NtCsi9U2HadSxzc_8nes_core3apiNtB5_7NesCore11cheat_codes
FN:990,_RNvMs5_NtCsi9U2HadSxzc_8nes_core3apiNtB5_7NesCore11read_memory
FN:2231,_RNvMs5_NtCsi9U2HadSxzc_8nes_core3apiNtB5_7NesCore11run_oam_dma
FN:1536,_RNvMs5_NtCsi9U2HadSxzc_8nes_core3apiNtB5_7NesCore12build_mapper
FN:978,_RNvMs5_NtCsi9U2HadSxzc_8nes_core3apiNtB5_7NesCore12cpu_snapshot
FN:1122,_RNvMs5_NtCsi9U2HadSxzc_8nes_core3apiNtB5_7NesCore12ppu_oam_byte
FN:1056,_RNvMs5_NtCsi9U2HadSxzc_8nes_core3apiNtB5_7NesCore12ppu_scanline
FN:893,_RNvMs5_NtCsi9U2HadSxzc_8nes_core3apiNtB5_7NesCore12total_cycles
FN:1319,_RNvMs5_NtCsi9U2HadSxzc_8nes_core3apiNtB5_7NesCore13load_ines_rom
FN:1521,_RNvMs5_NtCsi9U2HadSxzc_8nes_core3apiNtB5_7NesCore13reset_runtime
FN:1042,_RNvMs5_NtCsi9U2HadSxzc_8nes_core3apiNtB5_7NesCore13write_cpu_bus
FN:1021,_RNvMs5_NtCsi9U2HadSxzc_8nes_core3apiNtB5_7NesCore14add_cheat_code
FN:1660,_RNvMs5_NtCsi9U2HadSxzc_8nes_core3apiNtB5_7NesCore14build_camerica
FN:1671,_RNvMs5_NtCsi9U2HadSxzc_8nes_core3apiNtB5_7NesCore14build_namco108
FN:972,_RNvMs5_NtCsi9U2HadSxzc_8nes_core3apiNtB5_7NesCore14last_cpu_trace
FN:935,_RNvMs5_NtCsi9U2HadSxzc_8nes_core3apiNtB5_7NesCore14load_cpu_bytes
FN:887,_RNvMs5_NtCsi9U2HadSxzc_8nes_core3apiNtB5_7NesCore14speed_permille
FN:1092,_RNvMs5_NtCsi9U2HadSxzc_8nes_core3apiNtB5_7NesCore15apu_irq_pending
FN:1147,_RNvMs5_NtCsi9U2HadSxzc_8nes_core3apiNtB5_7NesCore15audio_chunk_i16
FN:899,_RNvMs5_NtCsi9U2HadSxzc_8nes_core3apiNtB5_7NesCore15controller_bits
FN:1003,_RNvMs5_NtCsi9U2HadSxzc_8nes_core3apiNtB5_7NesCore15read_apu_status
FN:1074,_RNvMs5_NtCsi9U2HadSxzc_8nes_core3apiNtB5_7NesCore16apu_total_cycles
FN:905,_RNvMs5_NtCsi9U2HadSxzc_8nes_core3apiNtB5_7NesCore16controller2_bits
FN:1134,_RNvMs5_NtCsi9U2HadSxzc_8nes_core3apiNtB5_7NesCore16framebuffer_rgba
FN:1068,_RNvMs5_NtCsi9U2HadSxzc_8nes_core3apiNtB5_7NesCore16ppu_total_cycles
FN:2124,_RNvMs5_NtCsi9U2HadSxzc_8nes_core3apiNtB5_7NesCore17apply_cheat_codes
FN:1031,_RNvMs5_NtCsi9U2HadSxzc_8nes_core3apiNtB5_7NesCore17clear_cheat_codes
FN:1050,_RNvMs5_NtCsi9U2HadSxzc_8nes_core3apiNtB5_7NesCore17ppu_frame_counter
FN:966,_RNvMs5_NtCsi9U2HadSxzc_8nes_core3apiNtB5_7NesCore17set_trace_enabled
FN:1639,_RNvMs5_NtCsi9U2HadSxzc_8nes_core3apiNtB5_7NesCore18build_color_dreams
FN:984,_RNvMs5_NtCsi9U2HadSxzc_8nes_core3apiNtB5_7NesCore18last_cpu_bus_trace
FN:2134,_RNvMs5_NtCsi9U2HadSxzc_8nes_core3apiNtB5_7NesCore18mapper_irq_pending
FN:1110,_RNvMs5_NtCsi9U2HadSxzc_8nes_core3apiNtB5_7NesCore19apu_dmc_fetch_count
FN:1098,_RNvMs5_NtCsi9U2HadSxzc_8nes_core3apiNtB5_7NesCore19apu_dmc_irq_pending
FN:1086,_RNvMs5_NtCsi9U2HadSxzc_8nes_core3apiNtB5_7NesCore20apu_half_frame_ticks
FN:1154,_RNvMs5_NtCsi9U2HadSxzc_8nes_core3apiNtB5_7NesCore20fill_audio_chunk_i16
FN:2197,_RNvMs5_NtCsi9U2HadSxzc_8nes_core3apiNtB5_7NesCore21apply_dmc_dma_request
FN:1141,_RNvMs5_NtCsi9U2HadSxzc_8nes_core3apiNtB5_7NesCore21fill_framebuffer_rgba
FN:2023,_RNvMs5_NtCsi9U2HadSxzc_8nes_core3apiNtB5_7NesCore21mapper_hash_component
FN:1513,_RNvMs5_NtCsi9U2HadSxzc_8nes_core3apiNtB5_7NesCore21step_until_next_frame
FN:1882,_RNvMs5_NtCsi9U2HadSxzc_8nes_core3apiNtB5_7NesCore21sync_mapper_mirroring
FN:1856,_RNvMs5_NtCsi9U2HadSxzc_8nes_core3apiNtB5_7NesCore22sync_mapper_chr_window
FN:1791,_RNvMs5_NtCsi9U2HadSxzc_8nes_core3apiNtB5_7NesCore22sync_mapper_prg_window
FN:2138,_RNvMs5_NtCsi9U2HadSxzc_8nes_core3apiNtB5_7NesCore23advance_hardware_cycles
FN:1104,_RNvMs5_NtCsi9U2HadSxzc_8nes_core3apiNtB5_7NesCore23apu_dmc_bytes_remaining
FN:1116,_RNvMs5_NtCsi9U2HadSxzc_8nes_core3apiNtB5_7NesCore23apu_pulse_timer_reloads
FN:1080,_RNvMs5_NtCsi9U2HadSxzc_8nes_core3apiNtB5_7NesCore23apu_quarter_frame_ticks
FN:2178,_RNvMs5_NtCsi9U2HadSxzc_8nes_core3apiNtB5_7NesCore23pump_mapper_chr_fetches
FN:1459,_RNvMs5_NtCsi9U2HadSxzc_8nes_core3apiNtB5_7NesCore23step_single_instruction
FN:1839,_RNvMs5_NtCsi9U2HadSxzc_8nes_core3apiNtB5_7NesCore23sync_mapper_exram_image
FN:2089,_RNvMs5_NtCsi9U2HadSxzc_8nes_core3apiNtB5_7NesCore23sync_ppu_register_image
FN:1505,_RNvMs5_NtCsi9U2HadSxzc_8nes_core3apiNtB5_7NesCore24step_until_next_scanline
FN:2076,_RNvMs5_NtCsi9U2HadSxzc_8nes_core3apiNtB5_7NesCore25cheat_code_hash_component
FN:2104,_RNvMs5_NtCsi9U2HadSxzc_8nes_core3apiNtB5_7NesCore26apply_cpu_read_side_effect
FN:1804,_RNvMs5_NtCsi9U2HadSxzc_8nes_core3apiNtB5_7NesCore26sync_mapper_prg_ram_window
FN:1932,_RNvMs5_NtCsi9U2HadSxzc_8nes_core3apiNtB5_7NesCore27apply_cpu_write_side_effect
FN:1892,_RNvMs5_NtCsi9U2HadSxzc_8nes_core3apiNtB5_7NesCore27replay_cpu_bus_side_effects
FN:1820,_RNvMs5_NtCsi9U2HadSxzc_8nes_core3apiNtB5_7NesCore27sync_mapper_expansion_image
FN:859,_RNvMs5_NtCsi9U2HadSxzc_8nes_core3apiNtB5_7NesCore3new
FN:951,_RNvMs5_NtCsi9U2HadSxzc_8nes_core3apiNtB5_7NesCore5cpu_a
FN:957,_RNvMs5_NtCsi9U2HadSxzc_8nes_core3apiNtB5_7NesCore5cpu_x
FN:1444,_RNvMs5_NtCsi9U2HadSxzc_8nes_core3apiNtB5_7NesCore5query
FN:945,_RNvMs5_NtCsi9U2HadSxzc_8nes_core3apiNtB5_7NesCore6cpu_pc
FN:1279,_RNvMs5_NtCsi9U2HadSxzc_8nes_core3apiNtB5_7NesCore6replay
FN:1375,_RNvMs5_NtCsi9U2HadSxzc_8nes_core3apiNtB5_7NesCore7execute
FN:1062,_RNvMs5_NtCsi9U2HadSxzc_8nes_core3apiNtB5_7NesCore7ppu_dot
FN:1128,_RNvMs5_NtCsi9U2HadSxzc_8nes_core3apiNtB5_7NesCore9fps_milli
FN:881,_RNvMs5_NtCsi9U2HadSxzc_8nes_core3apiNtB5_7NesCore9is_paused
FN:91,_RNvMs_NtCsi9U2HadSxzc_8nes_core3apiNtB4_6Player5index
FN:2249,_RNvNtCsi9U2HadSxzc_8nes_core3api27normalize_ppu_register_addr
FN:836,_RNvXs3_NtCsi9U2HadSxzc_8nes_core3apiNtB5_9CoreErrorNtNtCs4kUJL3MZFFz_4core3fmt7Display3fmt
FN:2254,_RNvXs6_NtCsi9U2HadSxzc_8nes_core3apiNtB5_7NesCoreNtNtCs4kUJL3MZFFz_4core7default7Default7default
FN:736,_RNCNCNvMs2_NtCs4ID4CXCa6jO_8nes_core3apiNtB9_12CoreSnapshot12mapper_delta00Bb_
FN:734,_RNCNvMs2_NtCs4ID4CXCa6jO_8nes_core3apiNtB7_12CoreSnapshot12mapper_delta0B9_
FN:1879,_RNCNvMs5_NtCs4ID4CXCa6jO_8nes_core3apiNtB7_7NesCore22sync_mapper_chr_window0B9_
FN:1967,_RNCNvMs5_NtCs4ID4CXCa6jO_8nes_core3apiNtB7_7NesCore27apply_cpu_write_side_effect0B9_
FN:2013,_RNCNvMs5_NtCs4ID4CXCa6jO_8nes_core3apiNtB7_7NesCore27apply_cpu_write_side_effects_0B9_
FN:67,_RNvMNtCs4ID4CXCa6jO_8nes_core3apiNtB2_6Button8bit_mask
FN:112,_RNvMs0_NtCs4ID4CXCa6jO_8nes_core3apiNtB5_15ControllerPorts19set_controller_bits
FN:138,_RNvMs0_NtCs4ID4CXCa6jO_8nes_core3apiNtB5_15ControllerPorts22controller_port_sample
FN:148,_RNvMs0_NtCs4ID4CXCa6jO_8nes_core3apiNtB5_15ControllerPorts23consume_controller_read
FN:120,_RNvMs0_NtCs4ID4CXCa6jO_8nes_core3apiNtB5_15ControllerPorts23write_controller_strobe
FN:382,_RNvMs1_NtCs4ID4CXCa6jO_8nes_core3apiNtB5_12LoadedMapper10chr_window
FN:458,_RNvMs1_NtCs4ID4CXCa6jO_8nes_core3apiNtB5_12LoadedMapper10on_ppu_dot
FN:622,_RNvMs1_NtCs4ID4CXCa6jO_8nes_core3apiNtB5_12LoadedMapper11apply_delta
FN:449,_RNvMs1_NtCs4ID4CXCa6jO_8nes_core3apiNtB5_12LoadedMapper11irq_pending
FN:523,_RNvMs1_NtCs4ID4CXCa6jO_8nes_core3apiNtB5_12LoadedMapper12chr_writable
FN:360,_RNvMs1_NtCs4ID4CXCa6jO_8nes_core3apiNtB5_12LoadedMapper12read_prg_ram
FN:401,_RNvMs1_NtCs4ID4CXCa6jO_8nes_core3apiNtB5_12LoadedMapper13chr_bg_window
FN:471,_RNvMs1_NtCs4ID4CXCa6jO_8nes_core3apiNtB5_12LoadedMapper13has_expansion
FN:372,_RNvMs1_NtCs4ID4CXCa6jO_8nes_core3apiNtB5_12LoadedMapper13write_prg_ram
FN:491,_RNvMs1_NtCs4ID4CXCa6jO_8nes_core3apiNtB5_12LoadedMapper14expansion_read
FN:601,_RNvMs1_NtCs4ID4CXCa6jO_8nes_core3apiNtB5_12LoadedMapper14snapshot_delta
FN:478,_RNvMs1_NtCs4ID4CXCa6jO_8nes_core3apiNtB5_12LoadedMapper15write_expansion
FN:500,_RNvMs1_NtCs4ID4CXCa6jO_8nes_core3apiNtB5_12LoadedMapper17on_expansion_read
FN:410,_RNvMs1_NtCs4ID4CXCa6jO_8nes_core3apiNtB5_12LoadedMapper17take_chr_bg_dirty
FN:417,_RNvMs1_NtCs4ID4CXCa6jO_8nes_core3apiNtB5_12LoadedMapper18mirroring_override
FN:441,_RNvMs1_NtCs4ID4CXCa6jO_8nes_core3apiNtB5_12LoadedMapper20notify_ppu_chr_fetch
FN:433,_RNvMs1_NtCs4ID4CXCa6jO_8nes_core3apiNtB5_12LoadedMapper22wants_chr_fetch_notify
FN:506,_RNvMs1_NtCs4ID4CXCa6jO_8nes_core3apiNtB5_12LoadedMapper28sync_chr_ram_from_ppu_window
FN:539,_RNvMs1_NtCs4ID4CXCa6jO_8nes_core3apiNtB5_12LoadedMapper8delta_to
FN:319,_RNvMs1_NtCs4ID4CXCa6jO_8nes_core3apiNtB5_12LoadedMapper8read_prg
FN:338,_RNvMs1_NtCs4ID4CXCa6jO_8nes_core3apiNtB5_12LoadedMapper9write_prg
FN:731,_RNvMs2_NtCs4ID4CXCa6jO_8nes_core3apiNtB5_12CoreSnapshot12mapper_delta
FN:746,_RNvMs2_NtCs4ID4CXCa6jO_8nes_core3apiNtB5_12CoreSnapshot18apply_mapper_delta
FN:1688,_RNvMs5_NtCs4ID4CXCa6jO_8nes_core3apiNtB5_7NesCore10build_fme7
FN:1584,_RNvMs5_NtCs4ID4CXCa6jO_8nes_core3apiNtB5_7NesCore10build_mmc1
FN:1705,_RNvMs5_NtCs4ID4CXCa6jO_8nes_core3apiNtB5_7NesCore10build_mmc2
FN:1768,_RNvMs5_NtCs4ID4CXCa6jO_8nes_core3apiNtB5_7NesCore10build_mmc3
FN:1724,_RNvMs5_NtCs4ID4CXCa6jO_8nes_core3apiNtB5_7NesCore10build_mmc4
FN:1743,_RNvMs5_NtCs4ID4CXCa6jO_8nes_core3apiNtB5_7NesCore10build_mmc5
FN:1564,_RNvMs5_NtCs4ID4CXCa6jO_8nes_core3apiNtB5_7NesCore10build_nrom
FN:1235,_RNvMs5_NtCs4ID4CXCa6jO_8nes_core3apiNtB5_7NesCore10load_state
FN:1204,_RNvMs5_NtCs4ID4CXCa6jO_8nes_core3apiNtB5_7NesCore10save_state
FN:1160,_RNvMs5_NtCs4ID4CXCa6jO_8nes_core3apiNtB5_7NesCore10state_hash
FN:1593,_RNvMs5_NtCs4ID4CXCa6jO_8nes_core3apiNtB5_7NesCore11build_axrom
FN:1602,_RNvMs5_NtCs4ID4CXCa6jO_8nes_core3apiNtB5_7NesCore11build_cnrom
FN:1622,_RNvMs5_NtCs4ID4CXCa6jO_8nes_core3apiNtB5_7NesCore11build_gxrom
FN:1575,_RNvMs5_NtCs4ID4CXCa6jO_8nes_core3apiNtB5_7NesCore11build_uxrom
FN:1011,_RNvMs5_NtCs4ID4CXCa6jO_8nes_core3apiNtB5_7NesCore11cheat_codes
FN:990,_RNvMs5_NtCs4ID4CXCa6jO_8nes_core3apiNtB5_7NesCore11read_memory
FN:2231,_RNvMs5_NtCs4ID4CXCa6jO_8nes_core3apiNtB5_7NesCore11run_oam_dma
FN:1536,_RNvMs5_NtCs4ID4CXCa6jO_8nes_core3apiNtB5_7NesCore12build_mapper
FN:978,_RNvMs5_NtCs4ID4CXCa6jO_8nes_core3apiNtB5_7NesCore12cpu_snapshot
FN:1122,_RNvMs5_NtCs4ID4CXCa6jO_8nes_core3apiNtB5_7NesCore12ppu_oam_byte
FN:1056,_RNvMs5_NtCs4ID4CXCa6jO_8nes_core3apiNtB5_7NesCore12ppu_scanline
FN:893,_RNvMs5_NtCs4ID4CXCa6jO_8nes_core3apiNtB5_7NesCore12total_cycles
FN:1319,_RNvMs5_NtCs4ID4CXCa6jO_8nes_core3apiNtB5_7NesCore13load_ines_rom
FN:1521,_RNvMs5_NtCs4ID4CXCa6jO_8nes_core3apiNtB5_7NesCore13reset_runtime
FN:1042,_RNvMs5_NtCs4ID4CXCa6jO_8nes_core3apiNtB5_7NesCore13write_cpu_bus
FN:1021,_RNvMs5_NtCs4ID4CXCa6jO_8nes_core3apiNtB5_7NesCore14add_cheat_code
FN:1660,_RNvMs5_NtCs4ID4CXCa6jO_8nes_core3apiNtB5_7NesCore14build_camerica
FN:1671,_RNvMs5_NtCs4ID4CXCa6jO_8nes_core3apiNtB5_7NesCore14build_namco108
FN:972,_RNvMs5_NtCs4ID4CXCa6jO_8nes_core3apiNtB5_7NesCore14last_cpu_trace
FN:935,_RNvMs5_NtCs4ID4CXCa6jO_8nes_core3apiNtB5_7NesCore14load_cpu_bytes
FN:887,_RNvMs5_NtCs4ID4CXCa6jO_8nes_core3apiNtB5_7NesCore14speed_permille
FN:1092,_RNvMs5_NtCs4ID4CXCa6jO_8nes_core3apiNtB5_7NesCore15apu_irq_pending
FN:1147,_RNvMs5_NtCs4ID4CXCa6jO_8nes_core3apiNtB5_7NesCore15audio_chunk_i16
FN:899,_RNvMs5_NtCs4ID4CXCa6jO_8nes_core3apiNtB5_7NesCore15controller_bits
FN:1003,_RNvMs5_NtCs4ID4CXCa6jO_8nes_core3apiNtB5_7NesCore15read_apu_status
FN:1074,_RNvMs5_NtCs4ID4CXCa6jO_8nes_core3apiNtB5_7NesCore16apu_total_cycles
FN:905,_RNvMs5_NtCs4ID4CXCa6jO_8nes_core3apiNtB5_7NesCore16controller2_bits
FN:1134,_RNvMs5_NtCs4ID4CXCa6jO_8nes_core3apiNtB5_7NesCore16framebuffer_rgba
FN:1068,_RNvMs5_NtCs4ID4CXCa6jO_8nes_core3apiNtB5_7NesCore16ppu_total_cycles
FN:2124,_RNvMs5_NtCs4ID4CXCa6jO_8nes_core3apiNtB5_7NesCore17apply_cheat_codes
FN:1031,_RNvMs5_NtCs4ID4CXCa6jO_8nes_core3apiNtB5_7NesCore17clear_cheat_codes
FN:1050,_RNvMs5_NtCs4ID4CXCa6jO_8nes_core3apiNtB5_7NesCore17ppu_frame_counter
FN:966,_RNvMs5_NtCs4ID4CXCa6jO_8nes_core3apiNtB5_7NesCore17set_trace_enabled
FN:1639,_RNvMs5_NtCs4ID4CXCa6jO_8nes_core3apiNtB5_7NesCore18build_color_dreams
FN:984,_RNvMs5_NtCs4ID4CXCa6jO_8nes_core3apiNtB5_7NesCore18last_cpu_bus_trace
FN:2134,_RNvMs5_NtCs4ID4CXCa6jO_8nes_core3apiNtB5_7NesCore18mapper_irq_pending
FN:1110,_RNvMs5_NtCs4ID4CXCa6jO_8nes_core3apiNtB5_7NesCore19apu_dmc_fetch_count
FN:1098,_RNvMs5_NtCs4ID4CXCa6jO_8nes_core3apiNtB5_7NesCore19apu_dmc_irq_pending
FN:1086,_RNvMs5_NtCs4ID4CXCa6jO_8nes_core3apiNtB5_7NesCore20apu_half_frame_ticks
FN:1154,_RNvMs5_NtCs4ID4CXCa6jO_8nes_core3apiNtB5_7NesCore20fill_audio_chunk_i16
FN:2197,_RNvMs5_NtCs4ID4CXCa6jO_8nes_core3apiNtB5_7NesCore21apply_dmc_dma_request
FN:1141,_RNvMs5_NtCs4ID4CXCa6jO_8nes_core3apiNtB5_7NesCore21fill_framebuffer_rgba
FN:2023,_RNvMs5_NtCs4ID4CXCa6jO_8nes_core3apiNtB5_7NesCore21mapper_hash_component
FN:1513,_RNvMs5_NtCs4ID4CXCa6jO_8nes_core3apiNtB5_7NesCore21step_until_next_frame
FN:1882,_RNvMs5_NtCs4ID4CXCa6jO_8nes_core3apiNtB5_7NesCore21sync_mapper_mirroring
FN:1856,_RNvMs5_NtCs4ID4CXCa6jO_8nes_core3apiNtB5_7NesCore22sync_mapper_chr_window
FN:1791,_RNvMs5_NtCs4ID4CXCa6jO_8nes_core3apiNtB5_7NesCore22sync_mapper_prg_window
FN:2138,_RNvMs5_NtCs4ID4CXCa6jO_8nes_core3apiNtB5_7NesCore23advance_hardware_cycles
FN:1104,_RNvMs5_NtCs4ID4CXCa6jO_8nes_core3apiNtB5_7NesCore23apu_dmc_bytes_remaining
FN:1116,_RNvMs5_NtCs4ID4CXCa6jO_8nes_core3apiNtB5_7NesCore23apu_pulse_timer_reloads
FN:1080,_RNvMs5_NtCs4ID4CXCa6jO_8nes_core3apiNtB5_7NesCore23apu_quarter_frame_ticks
FN:2178,_RNvMs5_NtCs4ID4CXCa6jO_8nes_core3apiNtB5_7NesCore23pump_mapper_chr_fetches
FN:1459,_RNvMs5_NtCs4ID4CXCa6jO_8nes_core3apiNtB5_7NesCore23step_single_instruction
FN:1839,_RNvMs5_NtCs4ID4CXCa6jO_8nes_core3apiNtB5_7NesCore23sync_mapper_exram_image
FN:2089,_RNvMs5_NtCs4ID4CXCa6jO_8nes_core3apiNtB5_7NesCore23sync_ppu_register_image
FN:1505,_RNvMs5_NtCs4ID4CXCa6jO_8nes_core3apiNtB5_7NesCore24step_until_next_scanline
FN:2076,_RNvMs5_NtCs4ID4CXCa6jO_8nes_core3apiNtB5_7NesCore25cheat_code_hash_component
FN:2104,_RNvMs5_NtCs4ID4CXCa6jO_8nes_core3apiNtB5_7NesCore26apply_cpu_read_side_effect
FN:1804,_RNvMs5_NtCs4ID4CXCa6jO_8nes_core3apiNtB5_7NesCore26sync_mapper_prg_ram_window
FN:1932,_RNvMs5_NtCs4ID4CXCa6jO_8nes_core3apiNtB5_7NesCore27apply_cpu_write_side_effect
FN:1892,_RNvMs5_NtCs4ID4CXCa6jO_8nes_core3apiNtB5_7NesCore27replay_cpu_bus_side_effects
FN:1820,_RNvMs5_NtCs4ID4CXCa6jO_8nes_core3apiNtB5_7NesCore27sync_mapper_expansion_image
FN:859,_RNvMs5_NtCs4ID4CXCa6jO_8nes_core3apiNtB5_7NesCore3new
FN:951,_RNvMs5_NtCs4ID4CXCa6jO_8nes_core3apiNtB5_7NesCore5cpu_a
FN:957,_RNvMs5_NtCs4ID4CXCa6jO_8nes_core3apiNtB5_7NesCore5cpu_x
FN:1444,_RNvMs5_NtCs4ID4CXCa6jO_8nes_core3apiNtB5_7NesCore5query
FN:945,_RNvMs5_NtCs4ID4CXCa6jO_8nes_core3apiNtB5_7NesCore6cpu_pc
FN:1279,_RNvMs5_NtCs4ID4CXCa6jO_8nes_core3apiNtB5_7NesCore6replay
FN:1375,_RNvMs5_NtCs4ID4CXCa6jO_8nes_core3apiNtB5_7NesCore7execute
FN:1062,_RNvMs5_NtCs4ID4CXCa6jO_8nes_core3apiNtB5_7NesCore7ppu_dot
FN:1128,_RNvMs5_NtCs4ID4CXCa6jO_8nes_core3apiNtB5_7NesCore9fps_milli
FN:881,_RNvMs5_NtCs4ID4CXCa6jO_8nes_core3apiNtB5_7NesCore9is_paused
FN:91,_RNvMs_NtCs4ID4CXCa6jO_8nes_core3apiNtB4_6Player5index
FN:2249,_RNvNtCs4ID4CXCa6jO_8nes_core3api27normalize_ppu_register_addr
FN:836,_RNvXs3_NtCs4ID4CXCa6jO_8nes_core3apiNtB5_9CoreErrorNtNtCs4kUJL3MZFFz_4core3fmt7Display3fmt
FN:2254,_RNvXs6_NtCs4ID4CXCa6jO_8nes_core3apiNtB5_7NesCoreNtNtCs4kUJL3MZFFz_4core7default7Default7default
FN:2887,_RINvNtNtCsbptYjpiaLfY_8nes_core3api23tests_new_mapper_deltas10round_tripNCNvB2_s_21fme7_delta_round_trip0EB6_
FN:2887,_RINvNtNtCsbptYjpiaLfY_8nes_core3api23tests_new_mapper_deltas10round_tripNCNvB2_s_21mmc2_delta_round_trip0EB6_
FN:2887,_RINvNtNtCsbptYjpiaLfY_8nes_core3api23tests_new_mapper_deltas10round_tripNCNvB2_s_21mmc4_delta_round_trip0EB6_
FN:2887,_RINvNtNtCsbptYjpiaLfY_8nes_core3api23tests_new_mapper_deltas10round_tripNCNvB2_s_25camerica_delta_round_trip0EB6_
FN:2887,_RINvNtNtCsbptYjpiaLfY_8nes_core3api23tests_new_mapper_deltas10round_tripNCNvB2_s_25namco108_delta_round_trip0EB6_
FN:2887,_RINvNtNtCsbptYjpiaLfY_8nes_core3api23tests_new_mapper_deltas10round_tripNCNvB2_s_28colordreams_delta_round_trip0EB6_
FN:2945,_RNCNvNtNtCsbptYjpiaLfY_8nes_core3api23tests_new_mapper_deltass_21fme7_delta_round_trip0B7_
FN:2954,_RNCNvNtNtCsbptYjpiaLfY_8nes_core3api23tests_new_mapper_deltass_21mmc2_delta_round_trip0B7_
FN:2960,_RNCNvNtNtCsbptYjpiaLfY_8nes_core3api23tests_new_mapper_deltass_21mmc4_delta_round_trip0B7_
FN:2927,_RNCNvNtNtCsbptYjpiaLfY_8nes_core3api23tests_new_mapper_deltass_25camerica_delta_round_trip0B7_
FN:2936,_RNCNvNtNtCsbptYjpiaLfY_8nes_core3api23tests_new_mapper_deltass_25namco108_delta_round_trip0B7_
FN:2921,_RNCNvNtNtCsbptYjpiaLfY_8nes_core3api23tests_new_mapper_deltass_28colordreams_delta_round_trip0B7_
FN:736,_RNCNCNvMs2_NtCsbptYjpiaLfY_8nes_core3apiNtB9_12CoreSnapshot12mapper_delta00Bb_
FN:734,_RNCNvMs2_NtCsbptYjpiaLfY_8nes_core3apiNtB7_12CoreSnapshot12mapper_delta0B9_
FN:1879,_RNCNvMs5_NtCsbptYjpiaLfY_8nes_core3apiNtB7_7NesCore22sync_mapper_chr_window0B9_
FN:1967,_RNCNvMs5_NtCsbptYjpiaLfY_8nes_core3apiNtB7_7NesCore27apply_cpu_write_side_effect0B9_
FN:2013,_RNCNvMs5_NtCsbptYjpiaLfY_8nes_core3apiNtB7_7NesCore27apply_cpu_write_side_effects_0B9_
FN:67,_RNvMNtCsbptYjpiaLfY_8nes_core3apiNtB2_6Button8bit_mask
FN:112,_RNvMs0_NtCsbptYjpiaLfY_8nes_core3apiNtB5_15ControllerPorts19set_controller_bits
FN:138,_RNvMs0_NtCsbptYjpiaLfY_8nes_core3apiNtB5_15ControllerPorts22controller_port_sample
FN:148,_RNvMs0_NtCsbptYjpiaLfY_8nes_core3apiNtB5_15ControllerPorts23consume_controller_read
FN:120,_RNvMs0_NtCsbptYjpiaLfY_8nes_core3apiNtB5_15ControllerPorts23write_controller_strobe
FN:382,_RNvMs1_NtCsbptYjpiaLfY_8nes_core3apiNtB5_12LoadedMapper10chr_window
FN:458,_RNvMs1_NtCsbptYjpiaLfY_8nes_core3apiNtB5_12LoadedMapper10on_ppu_dot
FN:622,_RNvMs1_NtCsbptYjpiaLfY_8nes_core3apiNtB5_12LoadedMapper11apply_delta
FN:449,_RNvMs1_NtCsbptYjpiaLfY_8nes_core3apiNtB5_12LoadedMapper11irq_pending
FN:523,_RNvMs1_NtCsbptYjpiaLfY_8nes_core3apiNtB5_12LoadedMapper12chr_writable
FN:360,_RNvMs1_NtCsbptYjpiaLfY_8nes_core3apiNtB5_12LoadedMapper12read_prg_ram
FN:401,_RNvMs1_NtCsbptYjpiaLfY_8nes_core3apiNtB5_12LoadedMapper13chr_bg_window
FN:471,_RNvMs1_NtCsbptYjpiaLfY_8nes_core3apiNtB5_12LoadedMapper13has_expansion
FN:372,_RNvMs1_NtCsbptYjpiaLfY_8nes_core3apiNtB5_12LoadedMapper13write_prg_ram
FN:491,_RNvMs1_NtCsbptYjpiaLfY_8nes_core3apiNtB5_12LoadedMapper14expansion_read
FN:601,_RNvMs1_NtCsbptYjpiaLfY_8nes_core3apiNtB5_12LoadedMapper14snapshot_delta
FN:478,_RNvMs1_NtCsbptYjpiaLfY_8nes_core3apiNtB5_12LoadedMapper15write_expansion
FN:500,_RNvMs1_NtCsbptYjpiaLfY_8nes_core3apiNtB5_12LoadedMapper17on_expansion_read
FN:410,_RNvMs1_NtCsbptYjpiaLfY_8nes_core3apiNtB5_12LoadedMapper17take_chr_bg_dirty
FN:417,_RNvMs1_NtCsbptYjpiaLfY_8nes_core3apiNtB5_12LoadedMapper18mirroring_override
FN:441,_RNvMs1_NtCsbptYjpiaLfY_8nes_core3apiNtB5_12LoadedMapper20notify_ppu_chr_fetch
FN:433,_RNvMs1_NtCsbptYjpiaLfY_8nes_core3apiNtB5_12LoadedMapper22wants_chr_fetch_notify
FN:506,_RNvMs1_NtCsbptYjpiaLfY_8nes_core3apiNtB5_12LoadedMapper28sync_chr_ram_from_ppu_window
FN:539,_RNvMs1_NtCsbptYjpiaLfY_8nes_core3apiNtB5_12LoadedMapper8delta_to
FN:319,_RNvMs1_NtCsbptYjpiaLfY_8nes_core3apiNtB5_12LoadedMapper8read_prg
FN:338,_RNvMs1_NtCsbptYjpiaLfY_8nes_core3apiNtB5_12LoadedMapper9write_prg
FN:731,_RNvMs2_NtCsbptYjpiaLfY_8nes_core3apiNtB5_12CoreSnapshot12mapper_delta
FN:746,_RNvMs2_NtCsbptYjpiaLfY_8nes_core3apiNtB5_12CoreSnapshot18apply_mapper_delta
FN:1688,_RNvMs5_NtCsbptYjpiaLfY_8nes_core3apiNtB5_7NesCore10build_fme7
FN:1584,_RNvMs5_NtCsbptYjpiaLfY_8nes_core3apiNtB5_7NesCore10build_mmc1
FN:1705,_RNvMs5_NtCsbptYjpiaLfY_8nes_core3apiNtB5_7NesCore10build_mmc2
FN:1768,_RNvMs5_NtCsbptYjpiaLfY_8nes_core3apiNtB5_7NesCore10build_mmc3
FN:1724,_RNvMs5_NtCsbptYjpiaLfY_8nes_core3apiNtB5_7NesCore10build_mmc4
FN:1743,_RNvMs5_NtCsbptYjpiaLfY_8nes_core3apiNtB5_7NesCore10build_mmc5
FN:1564,_RNvMs5_NtCsbptYjpiaLfY_8nes_core3apiNtB5_7NesCore10build_nrom
FN:1204,_RNvMs5_NtCsbptYjpiaLfY_8nes_core3apiNtB5_7NesCore10save_state
FN:1593,_RNvMs5_NtCsbptYjpiaLfY_8nes_core3apiNtB5_7NesCore11build_axrom
FN:1602,_RNvMs5_NtCsbptYjpiaLfY_8nes_core3apiNtB5_7NesCore11build_cnrom
FN:1622,_RNvMs5_NtCsbptYjpiaLfY_8nes_core3apiNtB5_7NesCore11build_gxrom
FN:1575,_RNvMs5_NtCsbptYjpiaLfY_8nes_core3apiNtB5_7NesCore11build_uxrom
FN:990,_RNvMs5_NtCsbptYjpiaLfY_8nes_core3apiNtB5_7NesCore11read_memory
FN:2231,_RNvMs5_NtCsbptYjpiaLfY_8nes_core3apiNtB5_7NesCore11run_oam_dma
FN:1536,_RNvMs5_NtCsbptYjpiaLfY_8nes_core3apiNtB5_7NesCore12build_mapper
FN:1521,_RNvMs5_NtCsbptYjpiaLfY_8nes_core3apiNtB5_7NesCore13reset_runtime
FN:1660,_RNvMs5_NtCsbptYjpiaLfY_8nes_core3apiNtB5_7NesCore14build_camerica
FN:1671,_RNvMs5_NtCsbptYjpiaLfY_8nes_core3apiNtB5_7NesCore14build_namco108
FN:887,_RNvMs5_NtCsbptYjpiaLfY_8nes_core3apiNtB5_7NesCore14speed_permille
FN:899,_RNvMs5_NtCsbptYjpiaLfY_8nes_core3apiNtB5_7NesCore15controller_bits
FN:905,_RNvMs5_NtCsbptYjpiaLfY_8nes_core3apiNtB5_7NesCore16controller2_bits
FN:2124,_RNvMs5_NtCsbptYjpiaLfY_8nes_core3apiNtB5_7NesCore17apply_cheat_codes
FN:1639,_RNvMs5_NtCsbptYjpiaLfY_8nes_core3apiNtB5_7NesCore18build_color_dreams
FN:2134,_RNvMs5_NtCsbptYjpiaLfY_8nes_core3apiNtB5_7NesCore18mapper_irq_pending
FN:2197,_RNvMs5_NtCsbptYjpiaLfY_8nes_core3apiNtB5_7NesCore21apply_dmc_dma_request
FN:2023,_RNvMs5_NtCsbptYjpiaLfY_8nes_core3apiNtB5_7NesCore21mapper_hash_component
FN:1513,_RNvMs5_NtCsbptYjpiaLfY_8nes_core3apiNtB5_7NesCore21step_until_next_frame
FN:1882,_RNvMs5_NtCsbptYjpiaLfY_8nes_core3apiNtB5_7NesCore21sync_mapper_mirroring
FN:1856,_RNvMs5_NtCsbptYjpiaLfY_8nes_core3apiNtB5_7NesCore22sync_mapper_chr_window
FN:1791,_RNvMs5_NtCsbptYjpiaLfY_8nes_core3apiNtB5_7NesCore22sync_mapper_prg_window
FN:2138,_RNvMs5_NtCsbptYjpiaLfY_8nes_core3apiNtB5_7NesCore23advance_hardware_cycles
FN:2178,_RNvMs5_NtCsbptYjpiaLfY_8nes_core3apiNtB5_7NesCore23pump_mapper_chr_fetches
FN:1459,_RNvMs5_NtCsbptYjpiaLfY_8nes_core3apiNtB5_7NesCore23step_single_instruction
FN:2089,_RNvMs5_NtCsbptYjpiaLfY_8nes_core3apiNtB5_7NesCore23sync_ppu_register_image
FN:1505,_RNvMs5_NtCsbptYjpiaLfY_8nes_core3apiNtB5_7NesCore24step_until_next_scanline
FN:2076,_RNvMs5_NtCsbptYjpiaLfY_8nes_core3apiNtB5_7NesCore25cheat_code_hash_component
FN:2104,_RNvMs5_NtCsbptYjpiaLfY_8nes_core3apiNtB5_7NesCore26apply_cpu_read_side_effect
FN:1804,_RNvMs5_NtCsbptYjpiaLfY_8nes_core3apiNtB5_7NesCore26sync_mapper_prg_ram_window
FN:1932,_RNvMs5_NtCsbptYjpiaLfY_8nes_core3apiNtB5_7NesCore27apply_cpu_write_side_effect
FN:1892,_RNvMs5_NtCsbptYjpiaLfY_8nes_core3apiNtB5_7NesCore27replay_cpu_bus_side_effects
FN:1820,_RNvMs5_NtCsbptYjpiaLfY_8nes_core3apiNtB5_7NesCore27sync_mapper_expansion_image
FN:859,_RNvMs5_NtCsbptYjpiaLfY_8nes_core3apiNtB5_7NesCore3new
FN:1444,_RNvMs5_NtCsbptYjpiaLfY_8nes_core3apiNtB5_7NesCore5query
FN:1375,_RNvMs5_NtCsbptYjpiaLfY_8nes_core3apiNtB5_7NesCore7execute
FN:1128,_RNvMs5_NtCsbptYjpiaLfY_8nes_core3apiNtB5_7NesCore9fps_milli
FN:91,_RNvMs_NtCsbptYjpiaLfY_8nes_core3apiNtB4_6Player5index
FN:2249,_RNvNtCsbptYjpiaLfY_8nes_core3api27normalize_ppu_register_addr
FN:836,_RNvXs3_NtCsbptYjpiaLfY_8nes_core3apiNtB5_9CoreErrorNtNtCs4kUJL3MZFFz_4core3fmt7Display3fmt
FN:2254,_RNvXs6_NtCsbptYjpiaLfY_8nes_core3apiNtB5_7NesCoreNtNtCs4kUJL3MZFFz_4core7default7Default7default
FN:2610,_RNvNtNtCsbptYjpiaLfY_8nes_core3api5testss_20test_nescore_default
FN:2584,_RNvNtNtCsbptYjpiaLfY_8nes_core3api5testss_23test_core_error_display
FN:2626,_RNvNtNtCsbptYjpiaLfY_8nes_core3api5testss_27test_mapper_hash_components
FN:2345,_RNvNtNtCsbptYjpiaLfY_8nes_core3api5testss_29should_sync_chr_ram_for_cnrom
FN:2359,_RNvNtNtCsbptYjpiaLfY_8nes_core3api5testss_29should_sync_chr_ram_for_gxrom
FN:2616,_RNvNtNtCsbptYjpiaLfY_8nes_core3api5testss_29test_core_query_fps_and_frame
FN:2674,_RNvNtNtCsbptYjpiaLfY_8nes_core3api5testss_30test_cheat_code_hash_component
FN:2486,_RNvNtNtCsbptYjpiaLfY_8nes_core3api5testss_31set_speed_returns_error_on_zero
FN:2322,_RNvNtNtCsbptYjpiaLfY_8nes_core3api5testss_31should_call_on_ppu_dot_for_mmc3
FN:2567,_RNvNtNtCsbptYjpiaLfY_8nes_core3api5testss_31test_core_snapshot_mapper_delta
FN:2264,_RNvNtNtCsbptYjpiaLfY_8nes_core3api5testss_33should_return_chr_window_for_mmc3
FN:2472,_RNvNtNtCsbptYjpiaLfY_8nes_core3api5testss_34should_return_chr_window_for_cnrom
FN:2465,_RNvNtNtCsbptYjpiaLfY_8nes_core3api5testss_34should_return_chr_window_for_gxrom
FN:2299,_RNvNtNtCsbptYjpiaLfY_8nes_core3api5testss_34should_return_irq_pending_for_mmc3
FN:2385,_RNvNtNtCsbptYjpiaLfY_8nes_core3api5testss_35should_return_chr_writable_for_mmc3
FN:2534,_RNvNtNtCsbptYjpiaLfY_8nes_core3api5testss_36core_query_returns_expected_variants
FN:2371,_RNvNtNtCsbptYjpiaLfY_8nes_core3api5testss_36should_return_chr_writable_for_cnrom
FN:2378,_RNvNtNtCsbptYjpiaLfY_8nes_core3api5testss_36should_return_chr_writable_for_gxrom
FN:2528,_RNvNtNtCsbptYjpiaLfY_8nes_core3api5testss_39should_return_correct_index_for_players
FN:2285,_RNvNtNtCsbptYjpiaLfY_8nes_core3api5testss_41should_return_mirroring_override_for_mmc3
FN:2275,_RNvNtNtCsbptYjpiaLfY_8nes_core3api5testss_42should_return_mirroring_override_for_axrom
FN:2507,_RNvNtNtCsbptYjpiaLfY_8nes_core3api5testss_43command_power_cycle_resets_speed_to_default
FN:2493,_RNvNtNtCsbptYjpiaLfY_8nes_core3api5testss_44command_release_button_clears_controller_bit
FN:2399,_RNvNtNtCsbptYjpiaLfY_8nes_core3api5testss_44should_sync_chr_ram_from_ppu_window_for_mmc3
FN:2516,_RNvNtNtCsbptYjpiaLfY_8nes_core3api5testss_46should_return_correct_bit_mask_for_all_buttons
FN:2479,_RNvNtNtCsbptYjpiaLfY_8nes_core3api5testss_46should_return_none_mirroring_override_for_nrom
FN:2420,_RNvNtNtCsbptYjpiaLfY_8nes_core3api5testss_48should_ignore_on_ppu_dot_for_unsupported_mappers
FN:2411,_RNvNtNtCsbptYjpiaLfY_8nes_core3api5testss_50should_ignore_sync_chr_ram_for_unsupported_mappers
FN:2435,_RNvNtNtCsbptYjpiaLfY_8nes_core3api5testss_52should_return_true_for_irq_pending_when_mmc3_has_irq
FN:2458,_RNvNtNtCsbptYjpiaLfY_8nes_core3api5testss_53should_return_none_for_chr_window_unsupported_mappers
FN:2428,_RNvNtNtCsbptYjpiaLfY_8nes_core3api5testss_55should_return_false_for_irq_pending_unsupported_mappers
FN:2392,_RNvNtNtCsbptYjpiaLfY_8nes_core3api5testss_56should_return_false_for_chr_writable_unsupported_mappers
FN:2451,_RNvNtNtCsbptYjpiaLfY_8nes_core3api5testss_61should_return_none_for_mirroring_override_unsupported_mappers
FN:1235,_RNvMs5_NtCsbptYjpiaLfY_8nes_core3apiNtB5_7NesCore10load_state
FN:1160,_RNvMs5_NtCsbptYjpiaLfY_8nes_core3apiNtB5_7NesCore10state_hash
FN:1011,_RNvMs5_NtCsbptYjpiaLfY_8nes_core3apiNtB5_7NesCore11cheat_codes
FN:978,_RNvMs5_NtCsbptYjpiaLfY_8nes_core3apiNtB5_7NesCore12cpu_snapshot
FN:1122,_RNvMs5_NtCsbptYjpiaLfY_8nes_core3apiNtB5_7NesCore12ppu_oam_byte
FN:1056,_RNvMs5_NtCsbptYjpiaLfY_8nes_core3apiNtB5_7NesCore12ppu_scanline
FN:893,_RNvMs5_NtCsbptYjpiaLfY_8nes_core3apiNtB5_7NesCore12total_cycles
FN:1319,_RNvMs5_NtCsbptYjpiaLfY_8nes_core3apiNtB5_7NesCore13load_ines_rom
FN:1042,_RNvMs5_NtCsbptYjpiaLfY_8nes_core3apiNtB5_7NesCore13write_cpu_bus
FN:1021,_RNvMs5_NtCsbptYjpiaLfY_8nes_core3apiNtB5_7NesCore14add_cheat_code
FN:972,_RNvMs5_NtCsbptYjpiaLfY_8nes_core3apiNtB5_7NesCore14last_cpu_trace
FN:935,_RNvMs5_NtCsbptYjpiaLfY_8nes_core3apiNtB5_7NesCore14load_cpu_bytes
FN:1092,_RNvMs5_NtCsbptYjpiaLfY_8nes_core3apiNtB5_7NesCore15apu_irq_pending
FN:1147,_RNvMs5_NtCsbptYjpiaLfY_8nes_core3apiNtB5_7NesCore15audio_chunk_i16
FN:1003,_RNvMs5_NtCsbptYjpiaLfY_8nes_core3apiNtB5_7NesCore15read_apu_status
FN:1074,_RNvMs5_NtCsbptYjpiaLfY_8nes_core3apiNtB5_7NesCore16apu_total_cycles
FN:1134,_RNvMs5_NtCsbptYjpiaLfY_8nes_core3apiNtB5_7NesCore16framebuffer_rgba
FN:1068,_RNvMs5_NtCsbptYjpiaLfY_8nes_core3apiNtB5_7NesCore16ppu_total_cycles
FN:1031,_RNvMs5_NtCsbptYjpiaLfY_8nes_core3apiNtB5_7NesCore17clear_cheat_codes
FN:1050,_RNvMs5_NtCsbptYjpiaLfY_8nes_core3apiNtB5_7NesCore17ppu_frame_counter
FN:966,_RNvMs5_NtCsbptYjpiaLfY_8nes_core3apiNtB5_7NesCore17set_trace_enabled
FN:984,_RNvMs5_NtCsbptYjpiaLfY_8nes_core3apiNtB5_7NesCore18last_cpu_bus_trace
FN:1110,_RNvMs5_NtCsbptYjpiaLfY_8nes_core3apiNtB5_7NesCore19apu_dmc_fetch_count
FN:1098,_RNvMs5_NtCsbptYjpiaLfY_8nes_core3apiNtB5_7NesCore19apu_dmc_irq_pending
FN:1086,_RNvMs5_NtCsbptYjpiaLfY_8nes_core3apiNtB5_7NesCore20apu_half_frame_ticks
FN:1154,_RNvMs5_NtCsbptYjpiaLfY_8nes_core3apiNtB5_7NesCore20fill_audio_chunk_i16
FN:1141,_RNvMs5_NtCsbptYjpiaLfY_8nes_core3apiNtB5_7NesCore21fill_framebuffer_rgba
FN:1104,_RNvMs5_NtCsbptYjpiaLfY_8nes_core3apiNtB5_7NesCore23apu_dmc_bytes_remaining
FN:1116,_RNvMs5_NtCsbptYjpiaLfY_8nes_core3apiNtB5_7NesCore23apu_pulse_timer_reloads
FN:1080,_RNvMs5_NtCsbptYjpiaLfY_8nes_core3apiNtB5_7NesCore23apu_quarter_frame_ticks
FN:1839,_RNvMs5_NtCsbptYjpiaLfY_8nes_core3apiNtB5_7NesCore23sync_mapper_exram_image
FN:951,_RNvMs5_NtCsbptYjpiaLfY_8nes_core3apiNtB5_7NesCore5cpu_a
FN:957,_RNvMs5_NtCsbptYjpiaLfY_8nes_core3apiNtB5_7NesCore5cpu_x
FN:945,_RNvMs5_NtCsbptYjpiaLfY_8nes_core3apiNtB5_7NesCore6cpu_pc
FN:1279,_RNvMs5_NtCsbptYjpiaLfY_8nes_core3apiNtB5_7NesCore6replay
FN:1062,_RNvMs5_NtCsbptYjpiaLfY_8nes_core3apiNtB5_7NesCore7ppu_dot
FN:881,_RNvMs5_NtCsbptYjpiaLfY_8nes_core3apiNtB5_7NesCore9is_paused
FN:2694,_RNvNtNtCsbptYjpiaLfY_8nes_core3api25tests_rom_loader_internals_31test_build_mapper_invalid_sizes
FN:2704,_RNvNtNtCsbptYjpiaLfY_8nes_core3api25tests_rom_loader_internals_41test_build_mapper_unsupported_prg_layouts
FN:2820,_RNvNtNtCsbptYjpiaLfY_8nes_core3api25tests_rom_loader_internals_44test_build_new_mapper_size_validation_errors
FN:2943,_RNvNtNtCsbptYjpiaLfY_8nes_core3api23tests_new_mapper_deltass_21fme7_delta_round_trip
FN:2952,_RNvNtNtCsbptYjpiaLfY_8nes_core3api23tests_new_mapper_deltass_21mmc2_delta_round_trip
FN:2958,_RNvNtNtCsbptYjpiaLfY_8nes_core3api23tests_new_mapper_deltass_21mmc4_delta_round_trip
FN:2925,_RNvNtNtCsbptYjpiaLfY_8nes_core3api23tests_new_mapper_deltass_25camerica_delta_round_trip
FN:2931,_RNvNtNtCsbptYjpiaLfY_8nes_core3api23tests_new_mapper_deltass_25namco108_delta_round_trip
FN:2916,_RNvNtNtCsbptYjpiaLfY_8nes_core3api23tests_new_mapper_deltass_28colordreams_delta_round_trip
FN:2964,_RNvNtNtCsbptYjpiaLfY_8nes_core3api23tests_new_mapper_deltass_38unchanged_new_mappers_produce_no_delta
FN:2982,_RNvNtNtCsbptYjpiaLfY_8nes_core3api23tests_api_coverage_gapss_40test_core_snapshot_mapper_delta_coverage
FN:3038,_RNvNtNtCsbptYjpiaLfY_8nes_core3api23tests_api_coverage_gapss_44test_execute_unsupported_commands_returns_ok
FNDA:0,_RNCNCNvMs2_NtCsi9U2HadSxzc_8nes_core3apiNtB9_12CoreSnapshot12mapper_delta00Bb_
FNDA:0,_RNCNvMs2_NtCsi9U2HadSxzc_8nes_core3apiNtB7_12CoreSnapshot12mapper_delta0B9_
FNDA:0,_RNCNvMs5_NtCsi9U2HadSxzc_8nes_core3apiNtB7_7NesCore22sync_mapper_chr_window0B9_
FNDA:0,_RNCNvMs5_NtCsi9U2HadSxzc_8nes_core3apiNtB7_7NesCore27apply_cpu_write_side_effect0B9_
FNDA:0,_RNCNvMs5_NtCsi9U2HadSxzc_8nes_core3apiNtB7_7NesCore27apply_cpu_write_side_effects_0B9_
FNDA:0,_RNvMNtCsi9U2HadSxzc_8nes_core3apiNtB2_6Button8bit_mask
FNDA:0,_RNvMs0_NtCsi9U2HadSxzc_8nes_core3apiNtB5_15ControllerPorts19set_controller_bits
FNDA:0,_RNvMs0_NtCsi9U2HadSxzc_8nes_core3apiNtB5_15ControllerPorts22controller_port_sample
FNDA:0,_RNvMs0_NtCsi9U2HadSxzc_8nes_core3apiNtB5_15ControllerPorts23consume_controller_read
FNDA:0,_RNvMs0_NtCsi9U2HadSxzc_8nes_core3apiNtB5_15ControllerPorts23write_controller_strobe
FNDA:0,_RNvMs1_NtCsi9U2HadSxzc_8nes_core3apiNtB5_12LoadedMapper10chr_window
FNDA:0,_RNvMs1_NtCsi9U2HadSxzc_8nes_core3apiNtB5_12LoadedMapper10on_ppu_dot
FNDA:0,_RNvMs1_NtCsi9U2HadSxzc_8nes_core3apiNtB5_12LoadedMapper11apply_delta
FNDA:0,_RNvMs1_NtCsi9U2HadSxzc_8nes_core3apiNtB5_12LoadedMapper11irq_pending
FNDA:0,_RNvMs1_NtCsi9U2HadSxzc_8nes_core3apiNtB5_12LoadedMapper12chr_writable
FNDA:0,_RNvMs1_NtCsi9U2HadSxzc_8nes_core3apiNtB5_12LoadedMapper12read_prg_ram
FNDA:0,_RNvMs1_NtCsi9U2HadSxzc_8nes_core3apiNtB5_12LoadedMapper13chr_bg_window
FNDA:0,_RNvMs1_NtCsi9U2HadSxzc_8nes_core3apiNtB5_12LoadedMapper13has_expansion
FNDA:0,_RNvMs1_NtCsi9U2HadSxzc_8nes_core3apiNtB5_12LoadedMapper13write_prg_ram
FNDA:0,_RNvMs1_NtCsi9U2HadSxzc_8nes_core3apiNtB5_12LoadedMapper14expansion_read
FNDA:0,_RNvMs1_NtCsi9U2HadSxzc_8nes_core3apiNtB5_12LoadedMapper14snapshot_delta
FNDA:0,_RNvMs1_NtCsi9U2HadSxzc_8nes_core3apiNtB5_12LoadedMapper15write_expansion
FNDA:0,_RNvMs1_NtCsi9U2HadSxzc_8nes_core3apiNtB5_12LoadedMapper17on_expansion_read
FNDA:0,_RNvMs1_NtCsi9U2HadSxzc_8nes_core3apiNtB5_12LoadedMapper17take_chr_bg_dirty
FNDA:0,_RNvMs1_NtCsi9U2HadSxzc_8nes_core3apiNtB5_12LoadedMapper18mirroring_override
FNDA:0,_RNvMs1_NtCsi9U2HadSxzc_8nes_core3apiNtB5_12LoadedMapper20notify_ppu_chr_fetch
FNDA:0,_RNvMs1_NtCsi9U2HadSxzc_8nes_core3apiNtB5_12LoadedMapper22wants_chr_fetch_notify
FNDA:0,_RNvMs1_NtCsi9U2HadSxzc_8nes_core3apiNtB5_12LoadedMapper28sync_chr_ram_from_ppu_window
FNDA:0,_RNvMs1_NtCsi9U2HadSxzc_8nes_core3apiNtB5_12LoadedMapper8delta_to
FNDA:0,_RNvMs1_NtCsi9U2HadSxzc_8nes_core3apiNtB5_12LoadedMapper8read_prg
FNDA:0,_RNvMs1_NtCsi9U2HadSxzc_8nes_core3apiNtB5_12LoadedMapper9write_prg
FNDA:0,_RNvMs2_NtCsi9U2HadSxzc_8nes_core3apiNtB5_12CoreSnapshot12mapper_delta
FNDA:0,_RNvMs2_NtCsi9U2HadSxzc_8nes_core3apiNtB5_12CoreSnapshot18apply_mapper_delta
FNDA:0,_RNvMs5_NtCsi9U2HadSxzc_8nes_core3apiNtB5_7NesCore10build_fme7
FNDA:0,_RNvMs5_NtCsi9U2HadSxzc_8nes_core3apiNtB5_7NesCore10build_mmc1
FNDA:0,_RNvMs5_NtCsi9U2HadSxzc_8nes_core3apiNtB5_7NesCore10build_mmc2
FNDA:0,_RNvMs5_NtCsi9U2HadSxzc_8nes_core3apiNtB5_7NesCore10build_mmc3
FNDA:0,_RNvMs5_NtCsi9U2HadSxzc_8nes_core3apiNtB5_7NesCore10build_mmc4
FNDA:0,_RNvMs5_NtCsi9U2HadSxzc_8nes_core3apiNtB5_7NesCore10build_mmc5
FNDA:0,_RNvMs5_NtCsi9U2HadSxzc_8nes_core3apiNtB5_7NesCore10build_nrom
FNDA:0,_RNvMs5_NtCsi9U2HadSxzc_8nes_core3apiNtB5_7NesCore10load_state
FNDA:0,_RNvMs5_NtCsi9U2HadSxzc_8nes_core3apiNtB5_7NesCore10save_state
FNDA:0,_RNvMs5_NtCsi9U2HadSxzc_8nes_core3apiNtB5_7NesCore10state_hash
FNDA:0,_RNvMs5_NtCsi9U2HadSxzc_8nes_core3apiNtB5_7NesCore11build_axrom
FNDA:0,_RNvMs5_NtCsi9U2HadSxzc_8nes_core3apiNtB5_7NesCore11build_cnrom
FNDA:0,_RNvMs5_NtCsi9U2HadSxzc_8nes_core3apiNtB5_7NesCore11build_gxrom
FNDA:0,_RNvMs5_NtCsi9U2HadSxzc_8nes_core3apiNtB5_7NesCore11build_uxrom
FNDA:0,_RNvMs5_NtCsi9U2HadSxzc_8nes_core3apiNtB5_7NesCore11cheat_codes
FNDA:0,_RNvMs5_NtCsi9U2HadSxzc_8nes_core3apiNtB5_7NesCore11read_memory
FNDA:0,_RNvMs5_NtCsi9U2HadSxzc_8nes_core3apiNtB5_7NesCore11run_oam_dma
FNDA:0,_RNvMs5_NtCsi9U2HadSxzc_8nes_core3apiNtB5_7NesCore12build_mapper
FNDA:0,_RNvMs5_NtCsi9U2HadSxzc_8nes_core3apiNtB5_7NesCore12cpu_snapshot
FNDA:0,_RNvMs5_NtCsi9U2HadSxzc_8nes_core3apiNtB5_7NesCore12ppu_oam_byte
FNDA:0,_RNvMs5_NtCsi9U2HadSxzc_8nes_core3apiNtB5_7NesCore12ppu_scanline
FNDA:0,_RNvMs5_NtCsi9U2HadSxzc_8nes_core3apiNtB5_7NesCore12total_cycles
FNDA:0,_RNvMs5_NtCsi9U2HadSxzc_8nes_core3apiNtB5_7NesCore13load_ines_rom
FNDA:0,_RNvMs5_NtCsi9U2HadSxzc_8nes_core3apiNtB5_7NesCore13reset_runtime
FNDA:0,_RNvMs5_NtCsi9U2HadSxzc_8nes_core3apiNtB5_7NesCore13write_cpu_bus
FNDA:0,_RNvMs5_NtCsi9U2HadSxzc_8nes_core3apiNtB5_7NesCore14add_cheat_code
FNDA:0,_RNvMs5_NtCsi9U2HadSxzc_8nes_core3apiNtB5_7NesCore14build_camerica
FNDA:0,_RNvMs5_NtCsi9U2HadSxzc_8nes_core3apiNtB5_7NesCore14build_namco108
FNDA:0,_RNvMs5_NtCsi9U2HadSxzc_8nes_core3apiNtB5_7NesCore14last_cpu_trace
FNDA:0,_RNvMs5_NtCsi9U2HadSxzc_8nes_core3apiNtB5_7NesCore14load_cpu_bytes
FNDA:0,_RNvMs5_NtCsi9U2HadSxzc_8nes_core3apiNtB5_7NesCore14speed_permille
FNDA:0,_RNvMs5_NtCsi9U2HadSxzc_8nes_core3apiNtB5_7NesCore15apu_irq_pending
FNDA:0,_RNvMs5_NtCsi9U2HadSxzc_8nes_core3apiNtB5_7NesCore15audio_chunk_i16
FNDA:0,_RNvMs5_NtCsi9U2HadSxzc_8nes_core3apiNtB5_7NesCore15controller_bits
FNDA:0,_RNvMs5_NtCsi9U2HadSxzc_8nes_core3apiNtB5_7NesCore15read_apu_status
FNDA:0,_RNvMs5_NtCsi9U2HadSxzc_8nes_core3apiNtB5_7NesCore16apu_total_cycles
FNDA:0,_RNvMs5_NtCsi9U2HadSxzc_8nes_core3apiNtB5_7NesCore16controller2_bits
FNDA:0,_RNvMs5_NtCsi9U2HadSxzc_8nes_core3apiNtB5_7NesCore16framebuffer_rgba
FNDA:0,_RNvMs5_NtCsi9U2HadSxzc_8nes_core3apiNtB5_7NesCore16ppu_total_cycles
FNDA:0,_RNvMs5_NtCsi9U2HadSxzc_8nes_core3apiNtB5_7NesCore17apply_cheat_codes
FNDA:0,_RNvMs5_NtCsi9U2HadSxzc_8nes_core3apiNtB5_7NesCore17clear_cheat_codes
FNDA:0,_RNvMs5_NtCsi9U2HadSxzc_8nes_core3apiNtB5_7NesCore17ppu_frame_counter
FNDA:0,_RNvMs5_NtCsi9U2HadSxzc_8nes_core3apiNtB5_7NesCore17set_trace_enabled
FNDA:0,_RNvMs5_NtCsi9U2HadSxzc_8nes_core3apiNtB5_7NesCore18build_color_dreams
FNDA:0,_RNvMs5_NtCsi9U2HadSxzc_8nes_core3apiNtB5_7NesCore18last_cpu_bus_trace
FNDA:0,_RNvMs5_NtCsi9U2HadSxzc_8nes_core3apiNtB5_7NesCore18mapper_irq_pending
FNDA:0,_RNvMs5_NtCsi9U2HadSxzc_8nes_core3apiNtB5_7NesCore19apu_dmc_fetch_count
FNDA:0,_RNvMs5_NtCsi9U2HadSxzc_8nes_core3apiNtB5_7NesCore19apu_dmc_irq_pending
FNDA:0,_RNvMs5_NtCsi9U2HadSxzc_8nes_core3apiNtB5_7NesCore20apu_half_frame_ticks
FNDA:0,_RNvMs5_NtCsi9U2HadSxzc_8nes_core3apiNtB5_7NesCore20fill_audio_chunk_i16
FNDA:0,_RNvMs5_NtCsi9U2HadSxzc_8nes_core3apiNtB5_7NesCore21apply_dmc_dma_request
FNDA:0,_RNvMs5_NtCsi9U2HadSxzc_8nes_core3apiNtB5_7NesCore21fill_framebuffer_rgba
FNDA:0,_RNvMs5_NtCsi9U2HadSxzc_8nes_core3apiNtB5_7NesCore21mapper_hash_component
FNDA:0,_RNvMs5_NtCsi9U2HadSxzc_8nes_core3apiNtB5_7NesCore21step_until_next_frame
FNDA:0,_RNvMs5_NtCsi9U2HadSxzc_8nes_core3apiNtB5_7NesCore21sync_mapper_mirroring
FNDA:0,_RNvMs5_NtCsi9U2HadSxzc_8nes_core3apiNtB5_7NesCore22sync_mapper_chr_window
FNDA:0,_RNvMs5_NtCsi9U2HadSxzc_8nes_core3apiNtB5_7NesCore22sync_mapper_prg_window
FNDA:0,_RNvMs5_NtCsi9U2HadSxzc_8nes_core3apiNtB5_7NesCore23advance_hardware_cycles
FNDA:0,_RNvMs5_NtCsi9U2HadSxzc_8nes_core3apiNtB5_7NesCore23apu_dmc_bytes_remaining
FNDA:0,_RNvMs5_NtCsi9U2HadSxzc_8nes_core3apiNtB5_7NesCore23apu_pulse_timer_reloads
FNDA:0,_RNvMs5_NtCsi9U2HadSxzc_8nes_core3apiNtB5_7NesCore23apu_quarter_frame_ticks
FNDA:0,_RNvMs5_NtCsi9U2HadSxzc_8nes_core3apiNtB5_7NesCore23pump_mapper_chr_fetches
FNDA:0,_RNvMs5_NtCsi9U2HadSxzc_8nes_core3apiNtB5_7NesCore23step_single_instruction
FNDA:0,_RNvMs5_NtCsi9U2HadSxzc_8nes_core3apiNtB5_7NesCore23sync_mapper_exram_image
FNDA:0,_RNvMs5_NtCsi9U2HadSxzc_8nes_core3apiNtB5_7NesCore23sync_ppu_register_image
FNDA:0,_RNvMs5_NtCsi9U2HadSxzc_8nes_core3apiNtB5_7NesCore24step_until_next_scanline
FNDA:0,_RNvMs5_NtCsi9U2HadSxzc_8nes_core3apiNtB5_7NesCore25cheat_code_hash_component
FNDA:0,_RNvMs5_NtCsi9U2HadSxzc_8nes_core3apiNtB5_7NesCore26apply_cpu_read_side_effect
FNDA:0,_RNvMs5_NtCsi9U2HadSxzc_8nes_core3apiNtB5_7NesCore26sync_mapper_prg_ram_window
FNDA:0,_RNvMs5_NtCsi9U2HadSxzc_8nes_core3apiNtB5_7NesCore27apply_cpu_write_side_effect
FNDA:0,_RNvMs5_NtCsi9U2HadSxzc_8nes_core3apiNtB5_7NesCore27replay_cpu_bus_side_effects
FNDA:0,_RNvMs5_NtCsi9U2HadSxzc_8nes_core3apiNtB5_7NesCore27sync_mapper_expansion_image
FNDA:0,_RNvMs5_NtCsi9U2HadSxzc_8nes_core3apiNtB5_7NesCore3new
FNDA:0,_RNvMs5_NtCsi9U2HadSxzc_8nes_core3apiNtB5_7NesCore5cpu_a
FNDA:0,_RNvMs5_NtCsi9U2HadSxzc_8nes_core3apiNtB5_7NesCore5cpu_x
FNDA:0,_RNvMs5_NtCsi9U2HadSxzc_8nes_core3apiNtB5_7NesCore5query
FNDA:0,_RNvMs5_NtCsi9U2HadSxzc_8nes_core3apiNtB5_7NesCore6cpu_pc
FNDA:0,_RNvMs5_NtCsi9U2HadSxzc_8nes_core3apiNtB5_7NesCore6replay
FNDA:0,_RNvMs5_NtCsi9U2HadSxzc_8nes_core3apiNtB5_7NesCore7execute
FNDA:0,_RNvMs5_NtCsi9U2HadSxzc_8nes_core3apiNtB5_7NesCore7ppu_dot
FNDA:0,_RNvMs5_NtCsi9U2HadSxzc_8nes_core3apiNtB5_7NesCore9fps_milli
FNDA:0,_RNvMs5_NtCsi9U2HadSxzc_8nes_core3apiNtB5_7NesCore9is_paused
FNDA:0,_RNvMs_NtCsi9U2HadSxzc_8nes_core3apiNtB4_6Player5index
FNDA:0,_RNvNtCsi9U2HadSxzc_8nes_core3api27normalize_ppu_register_addr
FNDA:0,_RNvXs3_NtCsi9U2HadSxzc_8nes_core3apiNtB5_9CoreErrorNtNtCs4kUJL3MZFFz_4core3fmt7Display3fmt
FNDA:0,_RNvXs6_NtCsi9U2HadSxzc_8nes_core3apiNtB5_7NesCoreNtNtCs4kUJL3MZFFz_4core7default7Default7default
FNDA:0,_RNCNCNvMs2_NtCs4ID4CXCa6jO_8nes_core3apiNtB9_12CoreSnapshot12mapper_delta00Bb_
FNDA:0,_RNCNvMs2_NtCs4ID4CXCa6jO_8nes_core3apiNtB7_12CoreSnapshot12mapper_delta0B9_
FNDA:2,_RNCNvMs5_NtCs4ID4CXCa6jO_8nes_core3apiNtB7_7NesCore22sync_mapper_chr_window0B9_
FNDA:36,_RNCNvMs5_NtCs4ID4CXCa6jO_8nes_core3apiNtB7_7NesCore27apply_cpu_write_side_effect0B9_
FNDA:3,_RNCNvMs5_NtCs4ID4CXCa6jO_8nes_core3apiNtB7_7NesCore27apply_cpu_write_side_effects_0B9_
FNDA:141,_RNvMNtCs4ID4CXCa6jO_8nes_core3apiNtB2_6Button8bit_mask
FNDA:145,_RNvMs0_NtCs4ID4CXCa6jO_8nes_core3apiNtB5_15ControllerPorts19set_controller_bits
FNDA:31689994,_RNvMs0_NtCs4ID4CXCa6jO_8nes_core3apiNtB5_15ControllerPorts22controller_port_sample
FNDA:4,_RNvMs0_NtCs4ID4CXCa6jO_8nes_core3apiNtB5_15ControllerPorts23consume_controller_read
FNDA:4,_RNvMs0_NtCs4ID4CXCa6jO_8nes_core3apiNtB5_15ControllerPorts23write_controller_strobe
FNDA:156,_RNvMs1_NtCs4ID4CXCa6jO_8nes_core3apiNtB5_12LoadedMapper10chr_window
FNDA:1165263,_RNvMs1_NtCs4ID4CXCa6jO_8nes_core3apiNtB5_12LoadedMapper10on_ppu_dot
FNDA:0,_RNvMs1_NtCs4ID4CXCa6jO_8nes_core3apiNtB5_12LoadedMapper11apply_delta
FNDA:66118,_RNvMs1_NtCs4ID4CXCa6jO_8nes_core3apiNtB5_12LoadedMapper11irq_pending
FNDA:0,_RNvMs1_NtCs4ID4CXCa6jO_8nes_core3apiNtB5_12LoadedMapper12chr_writable
FNDA:1417216,_RNvMs1_NtCs4ID4CXCa6jO_8nes_core3apiNtB5_12LoadedMapper12read_prg_ram
FNDA:156,_RNvMs1_NtCs4ID4CXCa6jO_8nes_core3apiNtB5_12LoadedMapper13chr_bg_window
FNDA:147852,_RNvMs1_NtCs4ID4CXCa6jO_8nes_core3apiNtB5_12LoadedMapper13has_expansion
FNDA:18,_RNvMs1_NtCs4ID4CXCa6jO_8nes_core3apiNtB5_12LoadedMapper13write_prg_ram
FNDA:193414,_RNvMs1_NtCs4ID4CXCa6jO_8nes_core3apiNtB5_12LoadedMapper14expansion_read
FNDA:0,_RNvMs1_NtCs4ID4CXCa6jO_8nes_core3apiNtB5_12LoadedMapper14snapshot_delta
FNDA:36,_RNvMs1_NtCs4ID4CXCa6jO_8nes_core3apiNtB5_12LoadedMapper15write_expansion
FNDA:0,_RNvMs1_NtCs4ID4CXCa6jO_8nes_core3apiNtB5_12LoadedMapper17on_expansion_read
FNDA:1165263,_RNvMs1_NtCs4ID4CXCa6jO_8nes_core3apiNtB5_12LoadedMapper17take_chr_bg_dirty
FNDA:152,_RNvMs1_NtCs4ID4CXCa6jO_8nes_core3apiNtB5_12LoadedMapper18mirroring_override
FNDA:65548,_RNvMs1_NtCs4ID4CXCa6jO_8nes_core3apiNtB5_12LoadedMapper20notify_ppu_chr_fetch
FNDA:156,_RNvMs1_NtCs4ID4CXCa6jO_8nes_core3apiNtB5_12LoadedMapper22wants_chr_fetch_notify
FNDA:59,_RNvMs1_NtCs4ID4CXCa6jO_8nes_core3apiNtB5_12LoadedMapper28sync_chr_ram_from_ppu_window
FNDA:0,_RNvMs1_NtCs4ID4CXCa6jO_8nes_core3apiNtB5_12LoadedMapper8delta_to
FNDA:5079040,_RNvMs1_NtCs4ID4CXCa6jO_8nes_core3apiNtB5_12LoadedMapper8read_prg
FNDA:59,_RNvMs1_NtCs4ID4CXCa6jO_8nes_core3apiNtB5_12LoadedMapper9write_prg
FNDA:0,_RNvMs2_NtCs4ID4CXCa6jO_8nes_core3apiNtB5_12CoreSnapshot12mapper_delta
FNDA:0,_RNvMs2_NtCs4ID4CXCa6jO_8nes_core3apiNtB5_12CoreSnapshot18apply_mapper_delta
FNDA:2,_RNvMs5_NtCs4ID4CXCa6jO_8nes_core3apiNtB5_7NesCore10build_fme7
FNDA:3,_RNvMs5_NtCs4ID4CXCa6jO_8nes_core3apiNtB5_7NesCore10build_mmc1
FNDA:3,_RNvMs5_NtCs4ID4CXCa6jO_8nes_core3apiNtB5_7NesCore10build_mmc2
FNDA:6,_RNvMs5_NtCs4ID4CXCa6jO_8nes_core3apiNtB5_7NesCore10build_mmc3
FNDA:3,_RNvMs5_NtCs4ID4CXCa6jO_8nes_core3apiNtB5_7NesCore10build_mmc4
FNDA:11,_RNvMs5_NtCs4ID4CXCa6jO_8nes_core3apiNtB5_7NesCore10build_mmc5
FNDA:5,_RNvMs5_NtCs4ID4CXCa6jO_8nes_core3apiNtB5_7NesCore10build_nrom
FNDA:10,_RNvMs5_NtCs4ID4CXCa6jO_8nes_core3apiNtB5_7NesCore10load_state
FNDA:12,_RNvMs5_NtCs4ID4CXCa6jO_8nes_core3apiNtB5_7NesCore10save_state
FNDA:43,_RNvMs5_NtCs4ID4CXCa6jO_8nes_core3apiNtB5_7NesCore10state_hash
FNDA:3,_RNvMs5_NtCs4ID4CXCa6jO_8nes_core3apiNtB5_7NesCore11build_axrom
FNDA:2,_RNvMs5_NtCs4ID4CXCa6jO_8nes_core3apiNtB5_7NesCore11build_cnrom
FNDA:3,_RNvMs5_NtCs4ID4CXCa6jO_8nes_core3apiNtB5_7NesCore11build_gxrom
FNDA:5,_RNvMs5_NtCs4ID4CXCa6jO_8nes_core3apiNtB5_7NesCore11build_uxrom
FNDA:0,_RNvMs5_NtCs4ID4CXCa6jO_8nes_core3apiNtB5_7NesCore11cheat_codes
FNDA:12860,_RNvMs5_NtCs4ID4CXCa6jO_8nes_core3apiNtB5_7NesCore11read_memory
FNDA:3,_RNvMs5_NtCs4ID4CXCa6jO_8nes_core3apiNtB5_7NesCore11run_oam_dma
FNDA:50,_RNvMs5_NtCs4ID4CXCa6jO_8nes_core3apiNtB5_7NesCore12build_mapper
FNDA:0,_RNvMs5_NtCs4ID4CXCa6jO_8nes_core3apiNtB5_7NesCore12cpu_snapshot
FNDA:4,_RNvMs5_NtCs4ID4CXCa6jO_8nes_core3apiNtB5_7NesCore12ppu_oam_byte
FNDA:2,_RNvMs5_NtCs4ID4CXCa6jO_8nes_core3apiNtB5_7NesCore12ppu_scanline
FNDA:21,_RNvMs5_NtCs4ID4CXCa6jO_8nes_core3apiNtB5_7NesCore12total_cycles
FNDA:51,_RNvMs5_NtCs4ID4CXCa6jO_8nes_core3apiNtB5_7NesCore13load_ines_rom
FNDA:1,_RNvMs5_NtCs4ID4CXCa6jO_8nes_core3apiNtB5_7NesCore13reset_runtime
FNDA:4008,_RNvMs5_NtCs4ID4CXCa6jO_8nes_core3apiNtB5_7NesCore13write_cpu_bus
FNDA:9,_RNvMs5_NtCs4ID4CXCa6jO_8nes_core3apiNtB5_7NesCore14add_cheat_code
FNDA:1,_RNvMs5_NtCs4ID4CXCa6jO_8nes_core3apiNtB5_7NesCore14build_camerica
FNDA:1,_RNvMs5_NtCs4ID4CXCa6jO_8nes_core3apiNtB5_7NesCore14build_namco108
FNDA:2,_RNvMs5_NtCs4ID4CXCa6jO_8nes_core3apiNtB5_7NesCore14last_cpu_trace
FNDA:46,_RNvMs5_NtCs4ID4CXCa6jO_8nes_core3apiNtB5_7NesCore14load_cpu_bytes
FNDA:0,_RNvMs5_NtCs4ID4CXCa6jO_8nes_core3apiNtB5_7NesCore14speed_permille
FNDA:5973,_RNvMs5_NtCs4ID4CXCa6jO_8nes_core3apiNtB5_7NesCore15apu_irq_pending
FNDA:3607,_RNvMs5_NtCs4ID4CXCa6jO_8nes_core3apiNtB5_7NesCore15audio_chunk_i16
FNDA:0,_RNvMs5_NtCs4ID4CXCa6jO_8nes_core3apiNtB5_7NesCore15controller_bits
FNDA:2,_RNvMs5_NtCs4ID4CXCa6jO_8nes_core3apiNtB5_7NesCore15read_apu_status
FNDA:11935,_RNvMs5_NtCs4ID4CXCa6jO_8nes_core3apiNtB5_7NesCore16apu_total_cycles
FNDA:0,_RNvMs5_NtCs4ID4CXCa6jO_8nes_core3apiNtB5_7NesCore16controller2_bits
FNDA:18,_RNvMs5_NtCs4ID4CXCa6jO_8nes_core3apiNtB5_7NesCore16framebuffer_rgba
FNDA:5,_RNvMs5_NtCs4ID4CXCa6jO_8nes_core3apiNtB5_7NesCore16ppu_total_cycles
FNDA:5931008,_RNvMs5_NtCs4ID4CXCa6jO_8nes_core3apiNtB5_7NesCore17apply_cheat_codes
FNDA:1,_RNvMs5_NtCs4ID4CXCa6jO_8nes_core3apiNtB5_7NesCore17clear_cheat_codes
FNDA:5,_RNvMs5_NtCs4ID4CXCa6jO_8nes_core3apiNtB5_7NesCore17ppu_frame_counter
FNDA:0,_RNvMs5_NtCs4ID4CXCa6jO_8nes_core3apiNtB5_7NesCore17set_trace_enabled
FNDA:1,_RNvMs5_NtCs4ID4CXCa6jO_8nes_core3apiNtB5_7NesCore18build_color_dreams
FNDA:0,_RNvMs5_NtCs4ID4CXCa6jO_8nes_core3apiNtB5_7NesCore18last_cpu_bus_trace
FNDA:311331,_RNvMs5_NtCs4ID4CXCa6jO_8nes_core3apiNtB5_7NesCore18mapper_irq_pending
FNDA:2,_RNvMs5_NtCs4ID4CXCa6jO_8nes_core3apiNtB5_7NesCore19apu_dmc_fetch_count
FNDA:3,_RNvMs5_NtCs4ID4CXCa6jO_8nes_core3apiNtB5_7NesCore19apu_dmc_irq_pending
FNDA:5970,_RNvMs5_NtCs4ID4CXCa6jO_8nes_core3apiNtB5_7NesCore20apu_half_frame_ticks
FNDA:3607,_RNvMs5_NtCs4ID4CXCa6jO_8nes_core3apiNtB5_7NesCore20fill_audio_chunk_i16
FNDA:33,_RNvMs5_NtCs4ID4CXCa6jO_8nes_core3apiNtB5_7NesCore21apply_dmc_dma_request
FNDA:18,_RNvMs5_NtCs4ID4CXCa6jO_8nes_core3apiNtB5_7NesCore21fill_framebuffer_rgba
FNDA:43,_RNvMs5_NtCs4ID4CXCa6jO_8nes_core3apiNtB5_7NesCore21mapper_hash_component
FNDA:3621,_RNvMs5_NtCs4ID4CXCa6jO_8nes_core3apiNtB5_7NesCore21step_until_next_frame
FNDA:154,_RNvMs5_NtCs4ID4CXCa6jO_8nes_core3apiNtB5_7NesCore21sync_mapper_mirroring
FNDA:158,_RNvMs5_NtCs4ID4CXCa6jO_8nes_core3apiNtB5_7NesCore22sync_mapper_chr_window
FNDA:157,_RNvMs5_NtCs4ID4CXCa6jO_8nes_core3apiNtB5_7NesCore22sync_mapper_prg_window
FNDA:15837323,_RNvMs5_NtCs4ID4CXCa6jO_8nes_core3apiNtB5_7NesCore23advance_hardware_cycles
FNDA:0,_RNvMs5_NtCs4ID4CXCa6jO_8nes_core3apiNtB5_7NesCore23apu_dmc_bytes_remaining
FNDA:2,_RNvMs5_NtCs4ID4CXCa6jO_8nes_core3apiNtB5_7NesCore23apu_pulse_timer_reloads
FNDA:2,_RNvMs5_NtCs4ID4CXCa6jO_8nes_core3apiNtB5_7NesCore23apu_quarter_frame_ticks
FNDA:327712719,_RNvMs5_NtCs4ID4CXCa6jO_8nes_core3apiNtB5_7NesCore23pump_mapper_chr_fetches
FNDA:15837238,_RNvMs5_NtCs4ID4CXCa6jO_8nes_core3apiNtB5_7NesCore23step_single_instruction
FNDA:59,_RNvMs5_NtCs4ID4CXCa6jO_8nes_core3apiNtB5_7NesCore23sync_mapper_exram_image
FNDA:15844997,_RNvMs5_NtCs4ID4CXCa6jO_8nes_core3apiNtB5_7NesCore23sync_ppu_register_image
FNDA:1235,_RNvMs5_NtCs4ID4CXCa6jO_8nes_core3apiNtB5_7NesCore24step_until_next_scanline
FNDA:43,_RNvMs5_NtCs4ID4CXCa6jO_8nes_core3apiNtB5_7NesCore25cheat_code_hash_component
FNDA:9,_RNvMs5_NtCs4ID4CXCa6jO_8nes_core3apiNtB5_7NesCore26apply_cpu_read_side_effect
FNDA:175,_RNvMs5_NtCs4ID4CXCa6jO_8nes_core3apiNtB5_7NesCore26sync_mapper_prg_ram_window
FNDA:4025,_RNvMs5_NtCs4ID4CXCa6jO_8nes_core3apiNtB5_7NesCore27apply_cpu_write_side_effect
FNDA:15837237,_RNvMs5_NtCs4ID4CXCa6jO_8nes_core3apiNtB5_7NesCore27replay_cpu_bus_side_effects
FNDA:15837333,_RNvMs5_NtCs4ID4CXCa6jO_8nes_core3apiNtB5_7NesCore27sync_mapper_expansion_image
FNDA:615,_RNvMs5_NtCs4ID4CXCa6jO_8nes_core3apiNtB5_7NesCore3new
FNDA:430,_RNvMs5_NtCs4ID4CXCa6jO_8nes_core3apiNtB5_7NesCore5cpu_a
FNDA:2,_RNvMs5_NtCs4ID4CXCa6jO_8nes_core3apiNtB5_7NesCore5cpu_x
FNDA:4,_RNvMs5_NtCs4ID4CXCa6jO_8nes_core3apiNtB5_7NesCore5query
FNDA:66943,_RNvMs5_NtCs4ID4CXCa6jO_8nes_core3apiNtB5_7NesCore6cpu_pc
FNDA:0,_RNvMs5_NtCs4ID4CXCa6jO_8nes_core3apiNtB5_7NesCore6replay
FNDA:258479,_RNvMs5_NtCs4ID4CXCa6jO_8nes_core3apiNtB5_7NesCore7execute
FNDA:4,_RNvMs5_NtCs4ID4CXCa6jO_8nes_core3apiNtB5_7NesCore7ppu_dot
FNDA:1,_RNvMs5_NtCs4ID4CXCa6jO_8nes_core3apiNtB5_7NesCore9fps_milli
FNDA:2,_RNvMs5_NtCs4ID4CXCa6jO_8nes_core3apiNtB5_7NesCore9is_paused
FNDA:31690143,_RNvMs_NtCs4ID4CXCa6jO_8nes_core3apiNtB4_6Player5index
FNDA:3546,_RNvNtCs4ID4CXCa6jO_8nes_core3api27normalize_ppu_register_addr
FNDA:0,_RNvXs3_NtCs4ID4CXCa6jO_8nes_core3apiNtB5_9CoreErrorNtNtCs4kUJL3MZFFz_4core3fmt7Display3fmt
FNDA:0,_RNvXs6_NtCs4ID4CXCa6jO_8nes_core3apiNtB5_7NesCoreNtNtCs4kUJL3MZFFz_4core7default7Default7default
FNDA:1,_RINvNtNtCsbptYjpiaLfY_8nes_core3api23tests_new_mapper_deltas10round_tripNCNvB2_s_21fme7_delta_round_trip0EB6_
FNDA:1,_RINvNtNtCsbptYjpiaLfY_8nes_core3api23tests_new_mapper_deltas10round_tripNCNvB2_s_21mmc2_delta_round_trip0EB6_
FNDA:1,_RINvNtNtCsbptYjpiaLfY_8nes_core3api23tests_new_mapper_deltas10round_tripNCNvB2_s_21mmc4_delta_round_trip0EB6_
FNDA:1,_RINvNtNtCsbptYjpiaLfY_8nes_core3api23tests_new_mapper_deltas10round_tripNCNvB2_s_25camerica_delta_round_trip0EB6_
FNDA:1,_RINvNtNtCsbptYjpiaLfY_8nes_core3api23tests_new_mapper_deltas10round_tripNCNvB2_s_25namco108_delta_round_trip0EB6_
FNDA:1,_RINvNtNtCsbptYjpiaLfY_8nes_core3api23tests_new_mapper_deltas10round_tripNCNvB2_s_28colordreams_delta_round_trip0EB6_
FNDA:1,_RNCNvNtNtCsbptYjpiaLfY_8nes_core3api23tests_new_mapper_deltass_21fme7_delta_round_trip0B7_
FNDA:1,_RNCNvNtNtCsbptYjpiaLfY_8nes_core3api23tests_new_mapper_deltass_21mmc2_delta_round_trip0B7_
FNDA:1,_RNCNvNtNtCsbptYjpiaLfY_8nes_core3api23tests_new_mapper_deltass_21mmc4_delta_round_trip0B7_
FNDA:1,_RNCNvNtNtCsbptYjpiaLfY_8nes_core3api23tests_new_mapper_deltass_25camerica_delta_round_trip0B7_
FNDA:1,_RNCNvNtNtCsbptYjpiaLfY_8nes_core3api23tests_new_mapper_deltass_25namco108_delta_round_trip0B7_
FNDA:1,_RNCNvNtNtCsbptYjpiaLfY_8nes_core3api23tests_new_mapper_deltass_28colordreams_delta_round_trip0B7_
FNDA:0,_RNCNCNvMs2_NtCsbptYjpiaLfY_8nes_core3apiNtB9_12CoreSnapshot12mapper_delta00Bb_
FNDA:2,_RNCNvMs2_NtCsbptYjpiaLfY_8nes_core3apiNtB7_12CoreSnapshot12mapper_delta0B9_
FNDA:0,_RNCNvMs5_NtCsbptYjpiaLfY_8nes_core3apiNtB7_7NesCore22sync_mapper_chr_window0B9_
FNDA:0,_RNCNvMs5_NtCsbptYjpiaLfY_8nes_core3apiNtB7_7NesCore27apply_cpu_write_side_effect0B9_
FNDA:0,_RNCNvMs5_NtCsbptYjpiaLfY_8nes_core3apiNtB7_7NesCore27apply_cpu_write_side_effects_0B9_
FNDA:16,_RNvMNtCsbptYjpiaLfY_8nes_core3apiNtB2_6Button8bit_mask
FNDA:4,_RNvMs0_NtCsbptYjpiaLfY_8nes_core3apiNtB5_15ControllerPorts19set_controller_bits
FNDA:10,_RNvMs0_NtCsbptYjpiaLfY_8nes_core3apiNtB5_15ControllerPorts22controller_port_sample
FNDA:0,_RNvMs0_NtCsbptYjpiaLfY_8nes_core3apiNtB5_15ControllerPorts23consume_controller_read
FNDA:0,_RNvMs0_NtCsbptYjpiaLfY_8nes_core3apiNtB5_15ControllerPorts23write_controller_strobe
FNDA:7,_RNvMs1_NtCsbptYjpiaLfY_8nes_core3apiNtB5_12LoadedMapper10chr_window
FNDA:683,_RNvMs1_NtCsbptYjpiaLfY_8nes_core3apiNtB5_12LoadedMapper10on_ppu_dot
FNDA:6,_RNvMs1_NtCsbptYjpiaLfY_8nes_core3apiNtB5_12LoadedMapper11apply_delta
FNDA:4,_RNvMs1_NtCsbptYjpiaLfY_8nes_core3apiNtB5_12LoadedMapper11irq_pending
FNDA:11,_RNvMs1_NtCsbptYjpiaLfY_8nes_core3apiNtB5_12LoadedMapper12chr_writable
FNDA:0,_RNvMs1_NtCsbptYjpiaLfY_8nes_core3apiNtB5_12LoadedMapper12read_prg_ram
FNDA:0,_RNvMs1_NtCsbptYjpiaLfY_8nes_core3apiNtB5_12LoadedMapper13chr_bg_window
FNDA:0,_RNvMs1_NtCsbptYjpiaLfY_8nes_core3apiNtB5_12LoadedMapper13has_expansion
FNDA:0,_RNvMs1_NtCsbptYjpiaLfY_8nes_core3apiNtB5_12LoadedMapper13write_prg_ram
FNDA:0,_RNvMs1_NtCsbptYjpiaLfY_8nes_core3apiNtB5_12LoadedMapper14expansion_read
FNDA:6,_RNvMs1_NtCsbptYjpiaLfY_8nes_core3apiNtB5_12LoadedMapper14snapshot_delta
FNDA:0,_RNvMs1_NtCsbptYjpiaLfY_8nes_core3apiNtB5_12LoadedMapper15write_expansion
FNDA:0,_RNvMs1_NtCsbptYjpiaLfY_8nes_core3apiNtB5_12LoadedMapper17on_expansion_read
FNDA:0,_RNvMs1_NtCsbptYjpiaLfY_8nes_core3apiNtB5_12LoadedMapper17take_chr_bg_dirty
FNDA:4,_RNvMs1_NtCsbptYjpiaLfY_8nes_core3apiNtB5_12LoadedMapper18mirroring_override
FNDA:0,_RNvMs1_NtCsbptYjpiaLfY_8nes_core3apiNtB5_12LoadedMapper20notify_ppu_chr_fetch
FNDA:0,_RNvMs1_NtCsbptYjpiaLfY_8nes_core3apiNtB5_12LoadedMapper22wants_chr_fetch_notify
FNDA:10,_RNvMs1_NtCsbptYjpiaLfY_8nes_core3apiNtB5_12LoadedMapper28sync_chr_ram_from_ppu_window
FNDA:17,_RNvMs1_NtCsbptYjpiaLfY_8nes_core3apiNtB5_12LoadedMapper8delta_to
FNDA:2,_RNvMs1_NtCsbptYjpiaLfY_8nes_core3apiNtB5_12LoadedMapper8read_prg
FNDA:8,_RNvMs1_NtCsbptYjpiaLfY_8nes_core3apiNtB5_12LoadedMapper9write_prg
FNDA:4,_RNvMs2_NtCsbptYjpiaLfY_8nes_core3apiNtB5_12CoreSnapshot12mapper_delta
FNDA:2,_RNvMs2_NtCsbptYjpiaLfY_8nes_core3apiNtB5_12CoreSnapshot18apply_mapper_delta
FNDA:2,_RNvMs5_NtCsbptYjpiaLfY_8nes_core3apiNtB5_7NesCore10build_fme7
FNDA:1,_RNvMs5_NtCsbptYjpiaLfY_8nes_core3apiNtB5_7NesCore10build_mmc1
FNDA:2,_RNvMs5_NtCsbptYjpiaLfY_8nes_core3apiNtB5_7NesCore10build_mmc2
FNDA:3,_RNvMs5_NtCsbptYjpiaLfY_8nes_core3apiNtB5_7NesCore10build_mmc3
FNDA:2,_RNvMs5_NtCsbptYjpiaLfY_8nes_core3apiNtB5_7NesCore10build_mmc4
FNDA:0,_RNvMs5_NtCsbptYjpiaLfY_8nes_core3apiNtB5_7NesCore10build_mmc5
FNDA:1,_RNvMs5_NtCsbptYjpiaLfY_8nes_core3apiNtB5_7NesCore10build_nrom
FNDA:6,_RNvMs5_NtCsbptYjpiaLfY_8nes_core3apiNtB5_7NesCore10save_state
FNDA:1,_RNvMs5_NtCsbptYjpiaLfY_8nes_core3apiNtB5_7NesCore11build_axrom
FNDA:2,_RNvMs5_NtCsbptYjpiaLfY_8nes_core3apiNtB5_7NesCore11build_cnrom
FNDA:3,_RNvMs5_NtCsbptYjpiaLfY_8nes_core3apiNtB5_7NesCore11build_gxrom
FNDA:1,_RNvMs5_NtCsbptYjpiaLfY_8nes_core3apiNtB5_7NesCore11build_uxrom
FNDA:1,_RNvMs5_NtCsbptYjpiaLfY_8nes_core3apiNtB5_7NesCore11read_memory
FNDA:0,_RNvMs5_NtCsbptYjpiaLfY_8nes_core3apiNtB5_7NesCore11run_oam_dma
FNDA:23,_RNvMs5_NtCsbptYjpiaLfY_8nes_core3apiNtB5_7NesCore12build_mapper
FNDA:1,_RNvMs5_NtCsbptYjpiaLfY_8nes_core3apiNtB5_7NesCore13reset_runtime
FNDA:1,_RNvMs5_NtCsbptYjpiaLfY_8nes_core3apiNtB5_7NesCore14build_camerica
FNDA:3,_RNvMs5_NtCsbptYjpiaLfY_8nes_core3apiNtB5_7NesCore14build_namco108
FNDA:3,_RNvMs5_NtCsbptYjpiaLfY_8nes_core3apiNtB5_7NesCore14speed_permille
FNDA:2,_RNvMs5_NtCsbptYjpiaLfY_8nes_core3apiNtB5_7NesCore15controller_bits
FNDA:2,_RNvMs5_NtCsbptYjpiaLfY_8nes_core3apiNtB5_7NesCore16controller2_bits
FNDA:0,_RNvMs5_NtCsbptYjpiaLfY_8nes_core3apiNtB5_7NesCore17apply_cheat_codes
FNDA:2,_RNvMs5_NtCsbptYjpiaLfY_8nes_core3apiNtB5_7NesCore18build_color_dreams
FNDA:0,_RNvMs5_NtCsbptYjpiaLfY_8nes_core3apiNtB5_7NesCore18mapper_irq_pending
FNDA:0,_RNvMs5_NtCsbptYjpiaLfY_8nes_core3apiNtB5_7NesCore21apply_dmc_dma_request
FNDA:7,_RNvMs5_NtCsbptYjpiaLfY_8nes_core3apiNtB5_7NesCore21mapper_hash_component
FNDA:0,_RNvMs5_NtCsbptYjpiaLfY_8nes_core3apiNtB5_7NesCore21step_until_next_frame
FNDA:0,_RNvMs5_NtCsbptYjpiaLfY_8nes_core3apiNtB5_7NesCore21sync_mapper_mirroring
FNDA:0,_RNvMs5_NtCsbptYjpiaLfY_8nes_core3apiNtB5_7NesCore22sync_mapper_chr_window
FNDA:0,_RNvMs5_NtCsbptYjpiaLfY_8nes_core3apiNtB5_7NesCore22sync_mapper_prg_window
FNDA:0,_RNvMs5_NtCsbptYjpiaLfY_8nes_core3apiNtB5_7NesCore23advance_hardware_cycles
FNDA:0,_RNvMs5_NtCsbptYjpiaLfY_8nes_core3apiNtB5_7NesCore23pump_mapper_chr_fetches
FNDA:0,_RNvMs5_NtCsbptYjpiaLfY_8nes_core3apiNtB5_7NesCore23step_single_instruction
FNDA:5,_RNvMs5_NtCsbptYjpiaLfY_8nes_core3apiNtB5_7NesCore23sync_ppu_register_image
FNDA:0,_RNvMs5_NtCsbptYjpiaLfY_8nes_core3apiNtB5_7NesCore24step_until_next_scanline
FNDA:1,_RNvMs5_NtCsbptYjpiaLfY_8nes_core3apiNtB5_7NesCore25cheat_code_hash_component
FNDA:0,_RNvMs5_NtCsbptYjpiaLfY_8nes_core3apiNtB5_7NesCore26apply_cpu_read_side_effect
FNDA:0,_RNvMs5_NtCsbptYjpiaLfY_8nes_core3apiNtB5_7NesCore26sync_mapper_prg_ram_window
FNDA:0,_RNvMs5_NtCsbptYjpiaLfY_8nes_core3apiNtB5_7NesCore27apply_cpu_write_side_effect
FNDA:0,_RNvMs5_NtCsbptYjpiaLfY_8nes_core3apiNtB5_7NesCore27replay_cpu_bus_side_effects
FNDA:0,_RNvMs5_NtCsbptYjpiaLfY_8nes_core3apiNtB5_7NesCore27sync_mapper_expansion_image
FNDA:17,_RNvMs5_NtCsbptYjpiaLfY_8nes_core3apiNtB5_7NesCore3new
FNDA:6,_RNvMs5_NtCsbptYjpiaLfY_8nes_core3apiNtB5_7NesCore5query
FNDA:9,_RNvMs5_NtCsbptYjpiaLfY_8nes_core3apiNtB5_7NesCore7execute
FNDA:2,_RNvMs5_NtCsbptYjpiaLfY_8nes_core3apiNtB5_7NesCore9fps_milli
FNDA:16,_RNvMs_NtCsbptYjpiaLfY_8nes_core3apiNtB4_6Player5index
FNDA:0,_RNvNtCsbptYjpiaLfY_8nes_core3api27normalize_ppu_register_addr
FNDA:4,_RNvXs3_NtCsbptYjpiaLfY_8nes_core3apiNtB5_9CoreErrorNtNtCs4kUJL3MZFFz_4core3fmt7Display3fmt
FNDA:1,_RNvXs6_NtCsbptYjpiaLfY_8nes_core3apiNtB5_7NesCoreNtNtCs4kUJL3MZFFz_4core7default7Default7default
FNDA:1,_RNvNtNtCsbptYjpiaLfY_8nes_core3api5testss_20test_nescore_default
FNDA:1,_RNvNtNtCsbptYjpiaLfY_8nes_core3api5testss_23test_core_error_display
FNDA:1,_RNvNtNtCsbptYjpiaLfY_8nes_core3api5testss_27test_mapper_hash_components
FNDA:1,_RNvNtNtCsbptYjpiaLfY_8nes_core3api5testss_29should_sync_chr_ram_for_cnrom
FNDA:1,_RNvNtNtCsbptYjpiaLfY_8nes_core3api5testss_29should_sync_chr_ram_for_gxrom
FNDA:1,_RNvNtNtCsbptYjpiaLfY_8nes_core3api5testss_29test_core_query_fps_and_frame
FNDA:1,_RNvNtNtCsbptYjpiaLfY_8nes_core3api5testss_30test_cheat_code_hash_component
FNDA:1,_RNvNtNtCsbptYjpiaLfY_8nes_core3api5testss_31set_speed_returns_error_on_zero
FNDA:1,_RNvNtNtCsbptYjpiaLfY_8nes_core3api5testss_31should_call_on_ppu_dot_for_mmc3
FNDA:1,_RNvNtNtCsbptYjpiaLfY_8nes_core3api5testss_31test_core_snapshot_mapper_delta
FNDA:1,_RNvNtNtCsbptYjpiaLfY_8nes_core3api5testss_33should_return_chr_window_for_mmc3
FNDA:1,_RNvNtNtCsbptYjpiaLfY_8nes_core3api5testss_34should_return_chr_window_for_cnrom
FNDA:1,_RNvNtNtCsbptYjpiaLfY_8nes_core3api5testss_34should_return_chr_window_for_gxrom
FNDA:1,_RNvNtNtCsbptYjpiaLfY_8nes_core3api5testss_34should_return_irq_pending_for_mmc3
FNDA:1,_RNvNtNtCsbptYjpiaLfY_8nes_core3api5testss_35should_return_chr_writable_for_mmc3
FNDA:1,_RNvNtNtCsbptYjpiaLfY_8nes_core3api5testss_36core_query_returns_expected_variants
FNDA:1,_RNvNtNtCsbptYjpiaLfY_8nes_core3api5testss_36should_return_chr_writable_for_cnrom
FNDA:1,_RNvNtNtCsbptYjpiaLfY_8nes_core3api5testss_36should_return_chr_writable_for_gxrom
FNDA:1,_RNvNtNtCsbptYjpiaLfY_8nes_core3api5testss_39should_return_correct_index_for_players
FNDA:1,_RNvNtNtCsbptYjpiaLfY_8nes_core3api5testss_41should_return_mirroring_override_for_mmc3
FNDA:1,_RNvNtNtCsbptYjpiaLfY_8nes_core3api5testss_42should_return_mirroring_override_for_axrom
FNDA:1,_RNvNtNtCsbptYjpiaLfY_8nes_core3api5testss_43command_power_cycle_resets_speed_to_default
FNDA:1,_RNvNtNtCsbptYjpiaLfY_8nes_core3api5testss_44command_release_button_clears_controller_bit
FNDA:1,_RNvNtNtCsbptYjpiaLfY_8nes_core3api5testss_44should_sync_chr_ram_from_ppu_window_for_mmc3
FNDA:1,_RNvNtNtCsbptYjpiaLfY_8nes_core3api5testss_46should_return_correct_bit_mask_for_all_buttons
FNDA:1,_RNvNtNtCsbptYjpiaLfY_8nes_core3api5testss_46should_return_none_mirroring_override_for_nrom
FNDA:1,_RNvNtNtCsbptYjpiaLfY_8nes_core3api5testss_48should_ignore_on_ppu_dot_for_unsupported_mappers
FNDA:1,_RNvNtNtCsbptYjpiaLfY_8nes_core3api5testss_50should_ignore_sync_chr_ram_for_unsupported_mappers
FNDA:1,_RNvNtNtCsbptYjpiaLfY_8nes_core3api5testss_52should_return_true_for_irq_pending_when_mmc3_has_irq
FNDA:1,_RNvNtNtCsbptYjpiaLfY_8nes_core3api5testss_53should_return_none_for_chr_window_unsupported_mappers
FNDA:1,_RNvNtNtCsbptYjpiaLfY_8nes_core3api5testss_55should_return_false_for_irq_pending_unsupported_mappers
FNDA:1,_RNvNtNtCsbptYjpiaLfY_8nes_core3api5testss_56should_return_false_for_chr_writable_unsupported_mappers
FNDA:1,_RNvNtNtCsbptYjpiaLfY_8nes_core3api5testss_61should_return_none_for_mirroring_override_unsupported_mappers
FNDA:0,_RNvMs5_NtCsbptYjpiaLfY_8nes_core3apiNtB5_7NesCore10load_state
FNDA:0,_RNvMs5_NtCsbptYjpiaLfY_8nes_core3apiNtB5_7NesCore10state_hash
FNDA:0,_RNvMs5_NtCsbptYjpiaLfY_8nes_core3apiNtB5_7NesCore11cheat_codes
FNDA:0,_RNvMs5_NtCsbptYjpiaLfY_8nes_core3apiNtB5_7NesCore12cpu_snapshot
FNDA:0,_RNvMs5_NtCsbptYjpiaLfY_8nes_core3apiNtB5_7NesCore12ppu_oam_byte
FNDA:0,_RNvMs5_NtCsbptYjpiaLfY_8nes_core3apiNtB5_7NesCore12ppu_scanline
FNDA:0,_RNvMs5_NtCsbptYjpiaLfY_8nes_core3apiNtB5_7NesCore12total_cycles
FNDA:0,_RNvMs5_NtCsbptYjpiaLfY_8nes_core3apiNtB5_7NesCore13load_ines_rom
FNDA:0,_RNvMs5_NtCsbptYjpiaLfY_8nes_core3apiNtB5_7NesCore13write_cpu_bus
FNDA:0,_RNvMs5_NtCsbptYjpiaLfY_8nes_core3apiNtB5_7NesCore14add_cheat_code
FNDA:0,_RNvMs5_NtCsbptYjpiaLfY_8nes_core3apiNtB5_7NesCore14last_cpu_trace
FNDA:0,_RNvMs5_NtCsbptYjpiaLfY_8nes_core3apiNtB5_7NesCore14load_cpu_bytes
FNDA:0,_RNvMs5_NtCsbptYjpiaLfY_8nes_core3apiNtB5_7NesCore15apu_irq_pending
FNDA:0,_RNvMs5_NtCsbptYjpiaLfY_8nes_core3apiNtB5_7NesCore15audio_chunk_i16
FNDA:0,_RNvMs5_NtCsbptYjpiaLfY_8nes_core3apiNtB5_7NesCore15read_apu_status
FNDA:0,_RNvMs5_NtCsbptYjpiaLfY_8nes_core3apiNtB5_7NesCore16apu_total_cycles
FNDA:0,_RNvMs5_NtCsbptYjpiaLfY_8nes_core3apiNtB5_7NesCore16framebuffer_rgba
FNDA:0,_RNvMs5_NtCsbptYjpiaLfY_8nes_core3apiNtB5_7NesCore16ppu_total_cycles
FNDA:0,_RNvMs5_NtCsbptYjpiaLfY_8nes_core3apiNtB5_7NesCore17clear_cheat_codes
FNDA:0,_RNvMs5_NtCsbptYjpiaLfY_8nes_core3apiNtB5_7NesCore17ppu_frame_counter
FNDA:0,_RNvMs5_NtCsbptYjpiaLfY_8nes_core3apiNtB5_7NesCore17set_trace_enabled
FNDA:0,_RNvMs5_NtCsbptYjpiaLfY_8nes_core3apiNtB5_7NesCore18last_cpu_bus_trace
FNDA:0,_RNvMs5_NtCsbptYjpiaLfY_8nes_core3apiNtB5_7NesCore19apu_dmc_fetch_count
FNDA:0,_RNvMs5_NtCsbptYjpiaLfY_8nes_core3apiNtB5_7NesCore19apu_dmc_irq_pending
FNDA:0,_RNvMs5_NtCsbptYjpiaLfY_8nes_core3apiNtB5_7NesCore20apu_half_frame_ticks
FNDA:0,_RNvMs5_NtCsbptYjpiaLfY_8nes_core3apiNtB5_7NesCore20fill_audio_chunk_i16
FNDA:0,_RNvMs5_NtCsbptYjpiaLfY_8nes_core3apiNtB5_7NesCore21fill_framebuffer_rgba
FNDA:0,_RNvMs5_NtCsbptYjpiaLfY_8nes_core3apiNtB5_7NesCore23apu_dmc_bytes_remaining
FNDA:0,_RNvMs5_NtCsbptYjpiaLfY_8nes_core3apiNtB5_7NesCore23apu_pulse_timer_reloads
FNDA:0,_RNvMs5_NtCsbptYjpiaLfY_8nes_core3apiNtB5_7NesCore23apu_quarter_frame_ticks
FNDA:0,_RNvMs5_NtCsbptYjpiaLfY_8nes_core3apiNtB5_7NesCore23sync_mapper_exram_image
FNDA:0,_RNvMs5_NtCsbptYjpiaLfY_8nes_core3apiNtB5_7NesCore5cpu_a
FNDA:0,_RNvMs5_NtCsbptYjpiaLfY_8nes_core3apiNtB5_7NesCore5cpu_x
FNDA:0,_RNvMs5_NtCsbptYjpiaLfY_8nes_core3apiNtB5_7NesCore6cpu_pc
FNDA:0,_RNvMs5_NtCsbptYjpiaLfY_8nes_core3apiNtB5_7NesCore6replay
FNDA:0,_RNvMs5_NtCsbptYjpiaLfY_8nes_core3apiNtB5_7NesCore7ppu_dot
FNDA:0,_RNvMs5_NtCsbptYjpiaLfY_8nes_core3apiNtB5_7NesCore9is_paused
FNDA:1,_RNvNtNtCsbptYjpiaLfY_8nes_core3api25tests_rom_loader_internals_31test_build_mapper_invalid_sizes
FNDA:1,_RNvNtNtCsbptYjpiaLfY_8nes_core3api25tests_rom_loader_internals_41test_build_mapper_unsupported_prg_layouts
FNDA:1,_RNvNtNtCsbptYjpiaLfY_8nes_core3api25tests_rom_loader_internals_44test_build_new_mapper_size_validation_errors
FNDA:1,_RNvNtNtCsbptYjpiaLfY_8nes_core3api23tests_new_mapper_deltass_21fme7_delta_round_trip
FNDA:1,_RNvNtNtCsbptYjpiaLfY_8nes_core3api23tests_new_mapper_deltass_21mmc2_delta_round_trip
FNDA:1,_RNvNtNtCsbptYjpiaLfY_8nes_core3api23tests_new_mapper_deltass_21mmc4_delta_round_trip
FNDA:1,_RNvNtNtCsbptYjpiaLfY_8nes_core3api23tests_new_mapper_deltass_25camerica_delta_round_trip
FNDA:1,_RNvNtNtCsbptYjpiaLfY_8nes_core3api23tests_new_mapper_deltass_25namco108_delta_round_trip
FNDA:1,_RNvNtNtCsbptYjpiaLfY_8nes_core3api23tests_new_mapper_deltass_28colordreams_delta_round_trip
FNDA:1,_RNvNtNtCsbptYjpiaLfY_8nes_core3api23tests_new_mapper_deltass_38unchanged_new_mappers_produce_no_delta
FNDA:1,_RNvNtNtCsbptYjpiaLfY_8nes_core3api23tests_api_coverage_gapss_40test_core_snapshot_mapper_delta_coverage
FNDA:1,_RNvNtNtCsbptYjpiaLfY_8nes_core3api23tests_api_coverage_gapss_44test_execute_unsupported_commands_returns_ok
FNF:171
FNH:163
DA:67,157
DA:68,157
DA:69,86
DA:70,5
DA:71,1
DA:72,1
DA:73,1
DA:74,1
DA:75,1
DA:76,61
DA:78,157
DA:91,31690159
DA:92,31690159
DA:93,15845150
DA:94,15845009
DA:96,31690159
DA:112,149
DA:113,149
DA:114,149
DA:115,149
DA:116,0
DA:117,149
DA:118,149
DA:120,4
DA:121,4
DA:122,4
DA:123,2
DA:124,4
DA:125,4
DA:126,4
DA:127,2
DA:128,2
DA:130,2
DA:131,4
DA:132,4
DA:133,4
DA:134,0
DA:135,2
DA:136,4
DA:138,31690004
DA:139,31690004
DA:140,31690004
DA:141,8
DA:143,31689996
DA:145,31690004
DA:146,31690004
DA:148,4
DA:149,4
DA:150,4
DA:151,4
DA:152,4
DA:153,4
DA:319,5079042
DA:320,5079042
DA:321,229376
DA:322,327680
DA:323,262144
DA:324,98304
DA:325,131072
DA:326,131072
DA:327,458754
DA:328,163840
DA:329,196608
DA:330,294912
DA:331,491520
DA:332,360448
DA:333,327680
DA:334,1605632
DA:336,5079042
DA:338,67
DA:339,67
DA:340,0
DA:341,4
DA:342,5
DA:343,1
DA:344,1
DA:345,1
DA:346,8
DA:347,4
DA:348,5
DA:349,9
DA:350,14
DA:351,8
DA:352,7
DA:353,0
DA:355,67
DA:360,1417216
DA:361,1417216
DA:362,147456
DA:363,147456
DA:364,106496
DA:365,450560
DA:366,565248
DA:368,1417216
DA:372,18
DA:373,18
DA:374,4
DA:375,3
DA:376,3
DA:377,6
DA:378,2
DA:380,18
DA:382,163
DA:383,163
DA:384,16
DA:385,5
DA:386,6
DA:387,5
DA:388,6
DA:389,9
DA:390,15
DA:391,12
DA:392,11
DA:393,51
DA:394,27
DA:396,163
DA:401,156
DA:402,156
DA:403,51
DA:404,105
DA:406,156
DA:410,1165263
DA:411,1165263
DA:412,449889
DA:413,715374
DA:415,1165263
DA:417,156
DA:418,156
DA:419,5
DA:420,15
DA:421,15
DA:422,11
DA:423,10
DA:424,49
DA:425,51
DA:427,156
DA:433,156
DA:434,156
DA:435,156
DA:441,65548
DA:442,65548
DA:443,32774
DA:444,32774
DA:445,0
DA:447,65548
DA:449,66122
DA:450,66122
DA:451,11
DA:452,14
DA:453,30249
DA:454,35848
DA:456,66122
DA:458,1165946
DA:459,1165946
DA:460,766
DA:461,123
DA:462,449889
DA:463,715168
DA:465,1165946
DA:471,147852
DA:472,147852
DA:473,147852
DA:478,36
DA:479,36
DA:480,36
DA:481,36
DA:482,36
DA:484,0
DA:486,36
DA:491,193414
DA:492,193414
DA:493,193414
DA:494,0
DA:496,193414
DA:500,0
DA:501,0
DA:502,0
DA:503,0
DA:504,0
DA:506,69
DA:507,69
DA:508,2
DA:509,2
DA:510,9
DA:511,4
DA:512,5
DA:513,8
DA:514,13
DA:515,8
DA:516,7
DA:517,0
DA:518,11
DA:520,69
DA:523,11
DA:524,11
DA:525,1
DA:526,1
DA:527,2
DA:528,1
DA:529,1
DA:530,1
DA:531,1
DA:532,1
DA:533,1
DA:534,0
DA:535,1
DA:537,11
DA:539,17
DA:540,17
DA:541,0
DA:542,0
DA:543,0
DA:544,0
DA:546,1
DA:547,1
DA:548,1
DA:550,0
DA:551,0
DA:552,0
DA:554,0
DA:555,0
DA:556,0
DA:558,0
DA:559,0
DA:560,0
DA:562,1
DA:563,1
DA:564,1
DA:566,3
DA:567,3
DA:568,3
DA:570,2
DA:571,2
DA:572,2
DA:574,2
DA:575,2
DA:576,2
DA:578,3
DA:579,3
DA:580,3
DA:582,2
DA:583,2
DA:584,2
DA:586,2
DA:587,2
DA:588,2
DA:590,0
DA:591,0
DA:592,0
DA:594,1
DA:595,10
DA:597,7
DA:598,17
DA:601,6
DA:602,6
DA:603,0
DA:604,0
DA:605,0
DA:606,0
DA:607,0
DA:608,0
DA:609,0
DA:610,1
DA:611,1
DA:612,1
DA:613,1
DA:614,1
DA:615,1
DA:616,0
DA:619,6
DA:620,6
DA:622,6
DA:623,6
DA:624,0
DA:625,0
DA:626,0
DA:627,0
DA:629,0
DA:631,0
DA:632,0
DA:633,0
DA:634,0
DA:636,0
DA:638,0
DA:639,0
DA:640,0
DA:641,0
DA:643,0
DA:645,0
DA:646,0
DA:647,0
DA:648,0
DA:650,0
DA:652,0
DA:653,0
DA:654,0
DA:655,0
DA:657,0
DA:659,0
DA:660,0
DA:661,0
DA:662,0
DA:664,0
DA:666,1
DA:667,1
DA:668,0
DA:669,0
DA:671,1
DA:673,1
DA:674,1
DA:675,0
DA:676,0
DA:678,1
DA:680,1
DA:681,1
DA:682,0
DA:683,0
DA:685,1
DA:687,1
DA:688,1
DA:689,0
DA:690,0
DA:692,1
DA:694,1
DA:695,1
DA:696,0
DA:697,0
DA:699,1
DA:701,1
DA:702,1
DA:703,0
DA:704,0
DA:706,1
DA:708,0
DA:709,0
DA:710,0
DA:711,0
DA:713,0
DA:716,0
DA:717,0
DA:720,0
DA:724,6
DA:725,6
DA:731,4
DA:732,4
DA:733,1
DA:734,3
DA:735,2
DA:736,2
DA:737,2
DA:738,2
DA:739,0
DA:740,0
DA:741,0
DA:743,4
DA:746,2
DA:747,2
DA:748,2
DA:749,2
DA:750,2
DA:752,0
DA:753,0
DA:754,0
DA:755,0
DA:756,0
DA:762,2
DA:836,4
DA:837,4
DA:838,1
DA:839,1
DA:840,1
DA:841,1
DA:843,4
DA:859,632
DA:860,632
DA:861,632
DA:862,632
DA:863,632
DA:864,632
DA:865,632
DA:866,632
DA:867,632
DA:868,632
DA:869,632
DA:870,632
DA:871,632
DA:872,632
DA:873,632
DA:874,632
DA:875,632
DA:876,632
DA:877,632
DA:881,2
DA:882,2
DA:883,2
DA:887,3
DA:888,3
DA:889,3
DA:893,21
DA:894,21
DA:895,21
DA:899,2
DA:900,2
DA:901,2
DA:905,2
DA:906,2
DA:907,2
DA:935,46
DA:936,46
DA:937,46
DA:938,46
DA:939,46
DA:940,46
DA:941,46
DA:945,66943
DA:946,66943
DA:947,66943
DA:951,430
DA:952,430
DA:953,430
DA:957,2
DA:958,2
DA:959,2
DA:966,0
DA:967,0
DA:968,0
DA:972,2
DA:973,2
DA:974,2
DA:978,0
DA:979,0
DA:980,0
DA:984,0
DA:985,0
DA:986,0
DA:990,12861
DA:991,12861
DA:992,12521
DA:993,1
DA:994,0
DA:995,0
DA:996,0
DA:997,0
DA:998,339
DA:1000,12861
DA:1003,2
DA:1004,2
DA:1005,2
DA:1006,2
DA:1007,2
DA:1011,0
DA:1012,0
DA:1013,0
DA:1021,9
DA:1022,9
DA:1023,9
DA:1024,9
DA:1025,2
DA:1026,7
DA:1027,9
DA:1028,9
DA:1031,1
DA:1032,1
DA:1033,0
DA:1034,1
DA:1035,1
DA:1036,1
DA:1037,1
DA:1038,1
DA:1039,1
DA:1042,4008
DA:1043,4008
DA:1044,4008
DA:1045,4008
DA:1046,4008
DA:1050,5
DA:1051,5
DA:1052,5
DA:1056,2
DA:1057,2
DA:1058,2
DA:1062,4
DA:1063,4
DA:1064,4
DA:1068,5
DA:1069,5
DA:1070,5
DA:1074,11935
DA:1075,11935
DA:1076,11935
DA:1080,2
DA:1081,2
DA:1082,2
DA:1086,5970
DA:1087,5970
DA:1088,5970
DA:1092,5973
DA:1093,5973
DA:1094,5973
DA:1098,3
DA:1099,3
DA:1100,3
DA:1104,0
DA:1105,0
DA:1106,0
DA:1110,2
DA:1111,2
DA:1112,2
DA:1116,2
DA:1117,2
DA:1118,2
DA:1122,4
DA:1123,4
DA:1124,4
DA:1128,3
DA:1129,3
DA:1130,3
DA:1134,18
DA:1135,18
DA:1136,18
DA:1137,18
DA:1138,18
DA:1141,18
DA:1142,18
DA:1143,18
DA:1147,3607
DA:1148,3607
DA:1149,3607
DA:1150,3607
DA:1151,3607
DA:1154,3607
DA:1155,3607
DA:1156,3607
DA:1160,43
DA:1161,43
DA:1162,43
DA:1163,43
DA:1164,43
DA:1165,43
DA:1166,43
DA:1167,43
DA:1168,43
DA:1169,43
DA:1170,43
DA:1171,0
DA:1173,43
DA:1175,43
DA:1176,43
DA:1177,43
DA:1178,43
DA:1179,43
DA:1180,43
DA:1181,43
DA:1182,43
DA:1183,43
DA:1184,43
DA:1185,43
DA:1186,43
DA:1187,43
DA:1188,43
DA:1189,43
DA:1190,43
DA:1191,43
DA:1204,18
DA:1205,18
DA:1206,18
DA:1207,18
DA:1208,18
DA:1209,18
DA:1210,18
DA:1211,18
DA:1212,18
DA:1213,18
DA:1214,18
DA:1215,18
DA:1216,18
DA:1217,18
DA:1218,18
DA:1219,18
DA:1220,18
DA:1221,18
DA:1222,18
DA:1235,10
DA:1236,10
DA:1237,10
DA:1238,10
DA:1239,10
DA:1240,10
DA:1241,10
DA:1242,10
DA:1243,10
DA:1244,10
DA:1245,10
DA:1246,10
DA:1247,10
DA:1248,10
DA:1249,10
DA:1250,10
DA:1251,10
DA:1252,10
DA:1253,10
DA:1254,10
DA:1255,10
DA:1256,10
DA:1257,10
DA:1258,10
DA:1259,10
DA:1260,10
DA:1279,0
DA:1280,0
DA:1281,0
DA:1283,0
DA:1284,0
DA:1319,51
DA:1320,51
DA:1321,50
DA:1322,49
DA:1323,49
DA:1324,49
DA:1325,49
DA:1326,49
DA:1327,49
DA:1328,49
DA:1330,49
DA:1331,49
DA:1332,49
DA:1333,49
DA:1334,49
DA:1336,49
DA:1338,49
DA:1339,49
DA:1340,49
DA:1341,49
DA:1342,49
DA:1343,49
DA:1344,49
DA:1345,49
DA:1346,49
DA:1347,49
DA:1348,49
DA:1349,49
DA:1351,49
DA:1352,49
DA:1353,49
DA:1354,49
DA:1355,49
DA:1356,51
DA:1375,258488
DA:1376,258488
DA:1377,2
DA:1378,2
DA:1379,72
DA:1380,72
DA:1381,72
DA:1382,72
DA:1383,1
DA:1384,1
DA:1385,1
DA:1386,1
DA:1387,71
DA:1388,71
DA:1389,71
DA:1390,71
DA:1391,1
DA:1392,1
DA:1393,1
DA:1394,1
DA:1396,1
DA:1397,1
DA:1400,1
DA:1401,1
DA:1404,1
DA:1405,1
DA:1408,1
DA:1409,1
DA:1410,1
DA:1413,253474
DA:1414,253473
DA:1417,1235
DA:1418,1235
DA:1421,3621
DA:1422,3621
DA:1424,5
DA:1425,5
DA:1426,1
DA:1427,4
DA:1428,4
DA:1429,4
DA:1433,149
DA:1434,149
DA:1435,149
DA:1436,258488
DA:1444,10
DA:1445,10
DA:1446,2
DA:1447,2
DA:1448,2
DA:1449,2
DA:1450,2
DA:1451,2
DA:1452,1
DA:1453,1
DA:1454,3
DA:1455,3
DA:1457,10
DA:1459,15837238
DA:1463,15837238
DA:1464,15837238
DA:1465,15837238
DA:1466,15837238
DA:1467,15837238
DA:1468,15837238
DA:1471,15837237
DA:1472,0
DA:1473,15837237
DA:1474,15837237
DA:1475,15837237
DA:1476,15837237
DA:1477,15837237
DA:1479,15837237
DA:1480,15837237
DA:1481,15837237
DA:1483,15837237
DA:1484,15837237
DA:1485,15837237
DA:1487,15837237
DA:1488,15837237
DA:1489,15837237
DA:1491,15837237
DA:1493,15837237
DA:1494,3
DA:1495,15837234
DA:1496,15837237
DA:1497,2
DA:1498,2
DA:1499,15837235
DA:1500,3
DA:1501,15837232
DA:1502,15837237
DA:1503,15837238
DA:1505,1235
DA:1506,1235
DA:1507,57364
DA:1508,56129
DA:1510,1235
DA:1511,1235
DA:1513,3621
DA:1514,3621
DA:1515,15531256
DA:1516,15527635
DA:1518,3621
DA:1519,3621
DA:1521,2
DA:1522,2
DA:1523,2
DA:1524,2
DA:1525,2
DA:1526,2
DA:1527,2
DA:1528,2
DA:1529,2
DA:1530,2
DA:1531,2
DA:1532,2
DA:1533,2
DA:1534,2
DA:1536,73
DA:1537,73
DA:1538,73
DA:1539,73
DA:1540,73
DA:1541,73
DA:1542,73
DA:1543,73
DA:1544,6
DA:1545,4
DA:1546,6
DA:1547,4
DA:1548,8
DA:1549,11
DA:1550,4
DA:1551,5
DA:1552,5
DA:1553,3
DA:1554,5
DA:1555,4
DA:1556,2
DA:1557,4
DA:1558,2
DA:1559,2
DA:1560,2
DA:1562,73
DA:1564,6
DA:1565,6
DA:1567,5
DA:1569,1
DA:1570,1
DA:1571,1
DA:1573,6
DA:1575,6
DA:1576,6
DA:1577,1
DA:1578,1
DA:1579,1
DA:1580,5
DA:1581,5
DA:1582,6
DA:1584,4
DA:1585,4
DA:1586,1
DA:1587,1
DA:1588,1
DA:1589,3
DA:1590,3
DA:1591,4
DA:1593,4
DA:1594,4
DA:1595,1
DA:1596,1
DA:1597,1
DA:1598,3
DA:1599,3
DA:1600,4
DA:1602,4
DA:1603,4
DA:1604,3
DA:1605,1
DA:1606,1
DA:1607,1
DA:1608,1
DA:1611,3
DA:1612,1
DA:1613,1
DA:1614,1
DA:1615,2
DA:1616,2
DA:1617,2
DA:1618,2
DA:1619,2
DA:1620,4
DA:1622,6
DA:1623,6
DA:1624,2
DA:1625,2
DA:1626,2
DA:1627,4
DA:1628,4
DA:1629,1
DA:1630,1
DA:1631,1
DA:1632,3
DA:1633,3
DA:1634,3
DA:1635,3
DA:1636,3
DA:1637,6
DA:1639,3
DA:1640,3
DA:1641,3
DA:1642,3
DA:1643,3
DA:1644,3
DA:1645,1
DA:1646,1
DA:1647,1
DA:1648,2
DA:1649,2
DA:1650,1
DA:1651,1
DA:1652,1
DA:1653,1
DA:1654,1
DA:1655,1
DA:1656,1
DA:1657,1
DA:1658,3
DA:1660,2
DA:1661,2
DA:1662,1
DA:1663,1
DA:1664,1
DA:1665,1
DA:1666,1
DA:1667,1
DA:1668,1
DA:1669,2
DA:1671,4
DA:1672,4
DA:1673,1
DA:1674,1
DA:1675,1
DA:1676,3
DA:1677,3
DA:1678,2
DA:1679,2
DA:1680,2
DA:1681,1
DA:1682,1
DA:1683,1
DA:1684,1
DA:1685,1
DA:1686,4
DA:1688,4
DA:1689,4
DA:1690,1
DA:1691,1
DA:1692,1
DA:1693,3
DA:1694,3
DA:1695,1
DA:1696,1
DA:1697,1
DA:1698,2
DA:1699,2
DA:1700,2
DA:1701,2
DA:1702,2
DA:1703,4
DA:1705,5
DA:1707,5
DA:1708,1
DA:1709,1
DA:1710,1
DA:1711,4
DA:1713,4
DA:1714,1
DA:1715,1
DA:1716,1
DA:1717,3
DA:1718,3
DA:1719,3
DA:1720,3
DA:1721,3
DA:1722,5
DA:1724,5
DA:1726,5
DA:1727,1
DA:1728,1
DA:1729,1
DA:1730,4
DA:1732,4
DA:1733,1
DA:1734,1
DA:1735,1
DA:1736,3
DA:1737,3
DA:1738,3
DA:1739,3
DA:1740,3
DA:1741,5
DA:1743,11
DA:1744,11
DA:1745,11
DA:1746,11
DA:1747,11
DA:1748,11
DA:1750,11
DA:1751,0
DA:1752,0
DA:1753,0
DA:1754,11
DA:1756,11
DA:1757,0
DA:1758,0
DA:1759,0
DA:1760,11
DA:1761,11
DA:1762,11
DA:1763,11
DA:1764,11
DA:1765,11
DA:1766,11
DA:1768,9
DA:1769,9
DA:1770,9
DA:1771,9
DA:1772,9
DA:1773,9
DA:1774,9
DA:1775,2
DA:1776,2
DA:1777,2
DA:1778,7
DA:1779,7
DA:1780,1
DA:1781,1
DA:1782,1
DA:1783,6
DA:1784,6
DA:1785,6
DA:1786,6
DA:1787,6
DA:1788,6
DA:1789,9
DA:1791,157
DA:1792,157
DA:1793,5079040
DA:1794,5079040
DA:1795,5079040
DA:1796,5079040
DA:1797,2
DA:1801,157
DA:1802,157
DA:1804,175
DA:1805,175
DA:1806,2
DA:1808,1417216
DA:1809,1417216
DA:1810,851968
DA:1811,851968
DA:1812,851968
DA:1814,175
DA:1820,15837333
DA:1821,15837333
DA:1822,147795
DA:1823,60033
DA:1824,60033
DA:1825,60033
DA:1826,60033
DA:1827,15777300
DA:1829,180099
DA:1830,180099
DA:1831,180099
DA:1832,180099
DA:1834,15837333
DA:1839,59
DA:1840,59
DA:1841,59
DA:1842,57
DA:1843,13312
DA:1844,13312
DA:1845,13312
DA:1846,13312
DA:1849,46
DA:1851,13312
DA:1852,13312
DA:1853,13312
DA:1854,59
DA:1856,158
DA:1860,158
DA:1861,158
DA:1862,158
DA:1863,158
DA:1864,158
DA:1866,158
DA:1867,2
DA:1868,2
DA:1870,156
DA:1871,156
DA:1872,26
DA:1873,26
DA:1875,130
DA:1878,130
DA:1879,130
DA:1880,158
DA:1882,154
DA:1883,154
DA:1884,2
DA:1886,152
DA:1887,49
DA:1889,103
DA:1890,154
DA:1892,15837237
DA:1893,15837237
DA:1894,15837237
DA:1895,15837237
DA:1896,15837237
DA:1897,15837237
DA:1898,15837237
DA:1899,15837211
DA:1900,15837211
DA:1901,26
DA:1903,26
DA:1904,26
DA:1906,104
DA:1907,113
DA:1908,9
DA:1909,9
DA:1910,9
DA:1912,121
DA:1913,17
DA:1914,17
DA:1915,17
DA:1916,17
DA:1918,104
DA:1921,26
DA:1922,0
DA:1923,0
DA:1924,0
DA:1925,26
DA:1926,0
DA:1927,0
DA:1928,0
DA:1929,0
DA:1930,15837237
DA:1932,4025
DA:1933,4025
DA:1934,124
DA:1936,59
DA:1937,59
DA:1938,59
DA:1939,59
DA:1941,65
DA:1944,3901
DA:1950,4025
DA:1951,18
DA:1952,18
DA:1953,18
DA:1955,0
DA:1958,4007
DA:1964,4025
DA:1965,36
DA:1966,36
DA:1967,36
DA:1969,3989
DA:1972,4025
DA:1973,3546
DA:1974,3546
DA:1975,3546
DA:1977,479
DA:1980,4025
DA:1981,38
DA:1982,3
DA:1983,35
DA:1984,4
DA:1985,31
DA:1986,31
DA:1987,31
DA:1988,3987
DA:1990,4025
DA:1991,59
DA:1992,59
DA:1993,59
DA:1994,3966
DA:1995,4025
DA:1996,18
DA:1997,18
DA:1998,18
DA:1999,18
DA:2000,4007
DA:2001,4025
DA:2005,36
DA:2006,36
DA:2007,36
DA:2008,36
DA:2012,36
DA:2013,3
DA:2014,3
DA:2015,3
DA:2016,33
DA:2017,3989
DA:2018,4025
DA:2019,3546
DA:2020,3546
DA:2021,4025
DA:2023,50
DA:2024,50
DA:2025,10
DA:2026,2
DA:2027,4
DA:2028,2
DA:2029,2
DA:2030,2
DA:2031,2
DA:2032,2
DA:2034,2
DA:2035,2
DA:2036,2
DA:2038,2
DA:2039,2
DA:2040,2
DA:2042,4
DA:2043,4
DA:2044,4
DA:2046,4
DA:2047,4
DA:2048,4
DA:2049,4
DA:2051,2
DA:2052,2
DA:2053,2
DA:2054,2
DA:2056,4
DA:2057,4
DA:2058,4
DA:2059,4
DA:2061,2
DA:2062,2
DA:2063,2
DA:2064,2
DA:2066,4
DA:2067,4
DA:2068,4
DA:2069,4
DA:2070,4
DA:2071,4
[...]
FNDA:7,_RNvMNtCsbptYjpiaLfY_8nes_core9schedulerNtB2_9Scheduler14step_ppu_cycle
FNDA:24,_RNvMNtCsbptYjpiaLfY_8nes_core9schedulerNtB2_9Scheduler3new
FNDA:2,_RNvMNtCsbptYjpiaLfY_8nes_core9schedulerNtB2_9Scheduler5reset
FNDA:3,_RNvMNtCsbptYjpiaLfY_8nes_core9schedulerNtB2_9Scheduler7restore
FNDA:7,_RNvMNtCsbptYjpiaLfY_8nes_core9schedulerNtB2_9Scheduler8snapshot
FNDA:1,_RNvXs_NtCsbptYjpiaLfY_8nes_core9schedulerNtB4_9SchedulerNtNtCs4kUJL3MZFFz_4core7default7Default7default
FNDA:1,_RNvNtNtCsbptYjpiaLfY_8nes_core9scheduler5testss_24test_cpu_ppu_apu_getters
FNDA:1,_RNvNtNtCsbptYjpiaLfY_8nes_core9scheduler5testss_31should_reset_scheduler_counters
FNDA:1,_RNvNtNtCsbptYjpiaLfY_8nes_core9scheduler5testss_39should_return_correct_default_scheduler
FNDA:1,_RNvNtNtCsbptYjpiaLfY_8nes_core9scheduler5testss_42should_save_and_restore_scheduler_snapshot
FNDA:1,_RNvNtNtCsbptYjpiaLfY_8nes_core9scheduler5testss_46restore_near_wrap_then_step_advances_and_wraps
FNDA:1,_RNvNtNtCsbptYjpiaLfY_8nes_core9scheduler5testss_51wrap_behavior_preserves_phase_instead_of_saturating
FNF:19
FNH:19
DA:31,639
DA:32,639
DA:33,639
DA:34,639
DA:35,639
DA:36,639
DA:37,639
DA:40,138
DA:41,138
DA:42,138
DA:45,403
DA:46,403
DA:47,403
DA:50,141
DA:51,141
DA:52,141
DA:60,15837323
DA:61,15837323
DA:62,15837323
DA:63,15837323
DA:64,15837323
DA:68,19
DA:69,19
DA:70,19
DA:71,19
DA:72,19
DA:73,19
DA:74,19
DA:77,13
DA:78,13
DA:79,13
DA:80,13
DA:81,13
DA:84,52
DA:85,52
DA:86,52
DA:87,52
DA:88,52
DA:92,23
DA:93,23
DA:94,23
DA:98,54
DA:99,54
DA:100,54
DA:104,55
DA:105,55
DA:106,55
DA:110,11985
DA:111,11985
DA:112,11985
DA:116,1
DA:117,1
DA:118,1
DA:126,1
DA:127,1
DA:128,1
DA:129,1
DA:130,1
DA:131,1
DA:132,1
DA:135,1
DA:136,1
DA:137,1
DA:138,1
DA:139,1
DA:140,1
DA:141,1
DA:142,1
DA:144,1
DA:145,1
DA:146,1
DA:147,1
DA:149,1
DA:150,1
DA:151,1
DA:152,1
DA:153,1
DA:154,1
DA:157,1
DA:158,1
DA:159,1
DA:160,1
DA:161,1
DA:163,1
DA:164,1
DA:165,1
DA:167,1
DA:169,1
DA:170,1
DA:171,1
DA:172,1
DA:175,1
DA:176,1
DA:177,1
DA:178,1
DA:179,1
DA:180,1
DA:181,1
DA:183,1
DA:184,1
DA:185,1
DA:187,1
DA:188,1
DA:189,1
DA:190,1
DA:193,1
DA:194,1
DA:195,1
DA:196,1
DA:197,1
DA:198,1
DA:199,1
DA:201,1
DA:202,1
DA:203,1
DA:204,1
DA:206,1
DA:207,1
DA:208,1
DA:209,1
DA:210,1
DA:213,1
DA:214,1
DA:215,1
DA:216,1
DA:217,1
DA:218,1
DA:219,1
DA:220,1
DA:222,1
DA:223,1
DA:224,1
DA:225,1
DA:226,1
BRF:0
BRH:0
LF:134
LH:134
end_of_record
SF:/app/crates/nes-core/src/serde_array.rs
FN:31,_RINvNtCs4ID4CXCa6jO_8nes_core11serde_array18serialize_u8_arraypKpEB4_
FN:61,_RINvNtCs4ID4CXCa6jO_8nes_core11serde_array20deserialize_u8_arraypKpEB4_
FN:68,_RNCINvNtCs4ID4CXCa6jO_8nes_core11serde_array20deserialize_u8_arraypKpE0B6_
FN:31,_RINvNtCsi9U2HadSxzc_8nes_core11serde_array18serialize_u8_arrayQINtNtCsiWHhSchWekl_10serde_json3ser10SerializerQINtNtCsauO83Ko6oyK_5alloc3vec3VechENtB12_15PrettyFormatterEKj100_ECsfk6TQTs64Nb_6nes_ai
FN:31,_RINvNtCsi9U2HadSxzc_8nes_core11serde_array18serialize_u8_arrayQINtNtCsiWHhSchWekl_10serde_json3ser10SerializerQINtNtCsauO83Ko6oyK_5alloc3vec3VechENtB12_15PrettyFormatterEKj2000_ECsfk6TQTs64Nb_6nes_ai
FN:31,_RINvNtCsi9U2HadSxzc_8nes_core11serde_array18serialize_u8_arrayQINtNtCsiWHhSchWekl_10serde_json3ser10SerializerQINtNtCsauO83Ko6oyK_5alloc3vec3VechENtB12_15PrettyFormatterEKj800_ECsfk6TQTs64Nb_6nes_ai
FN:61,_RINvNtCsi9U2HadSxzc_8nes_core11serde_array20deserialize_u8_arrayQINtNtCsiWHhSchWekl_10serde_json2de12DeserializerNtNtB16_4read9SliceReadEKj100_ECsfk6TQTs64Nb_6nes_ai
FN:61,_RINvNtCsi9U2HadSxzc_8nes_core11serde_array20deserialize_u8_arrayQINtNtCsiWHhSchWekl_10serde_json2de12DeserializerNtNtB16_4read9SliceReadEKj2000_ECsfk6TQTs64Nb_6nes_ai
FN:61,_RINvNtCsi9U2HadSxzc_8nes_core11serde_array20deserialize_u8_arrayQINtNtCsiWHhSchWekl_10serde_json2de12DeserializerNtNtB16_4read9SliceReadEKj800_ECsfk6TQTs64Nb_6nes_ai
FN:68,_RNCINvNtCsi9U2HadSxzc_8nes_core11serde_array20deserialize_u8_arrayQINtNtCsiWHhSchWekl_10serde_json2de12DeserializerNtNtB18_4read9SliceReadEKj100_E0Csfk6TQTs64Nb_6nes_ai
FN:68,_RNCINvNtCsi9U2HadSxzc_8nes_core11serde_array20deserialize_u8_arrayQINtNtCsiWHhSchWekl_10serde_json2de12DeserializerNtNtB18_4read9SliceReadEKj2000_E0Csfk6TQTs64Nb_6nes_ai
FN:68,_RNCINvNtCsi9U2HadSxzc_8nes_core11serde_array20deserialize_u8_arrayQINtNtCsiWHhSchWekl_10serde_json2de12DeserializerNtNtB18_4read9SliceReadEKj800_E0Csfk6TQTs64Nb_6nes_ai
FN:74,_RNvXNtCsi9U2HadSxzc_8nes_core11serde_arrayNtB2_14ExpectedLengthNtNtCs4x270oDFJKk_10serde_core2de8Expected3fmt
FN:31,_RINvNtCsi9U2HadSxzc_8nes_core11serde_array18serialize_u8_arrayQINtNtCsiWHhSchWekl_10serde_json3ser10SerializerQINtNtCsauO83Ko6oyK_5alloc3vec3VechEEKj100_ECsfnXUYgGv7jF_11nes_desktop
FN:31,_RINvNtCsi9U2HadSxzc_8nes_core11serde_array18serialize_u8_arrayQINtNtCsiWHhSchWekl_10serde_json3ser10SerializerQINtNtCsauO83Ko6oyK_5alloc3vec3VechEEKj2000_ECsfnXUYgGv7jF_11nes_desktop
FN:31,_RINvNtCsi9U2HadSxzc_8nes_core11serde_array18serialize_u8_arrayQINtNtCsiWHhSchWekl_10serde_json3ser10SerializerQINtNtCsauO83Ko6oyK_5alloc3vec3VechEEKj800_ECsfnXUYgGv7jF_11nes_desktop
FN:61,_RINvNtCsi9U2HadSxzc_8nes_core11serde_array20deserialize_u8_arrayQINtNtCsiWHhSchWekl_10serde_json2de12DeserializerNtNtB16_4read9SliceReadEKj100_ECsfnXUYgGv7jF_11nes_desktop
FN:61,_RINvNtCsi9U2HadSxzc_8nes_core11serde_array20deserialize_u8_arrayQINtNtCsiWHhSchWekl_10serde_json2de12DeserializerNtNtB16_4read9SliceReadEKj2000_ECsfnXUYgGv7jF_11nes_desktop
FN:61,_RINvNtCsi9U2HadSxzc_8nes_core11serde_array20deserialize_u8_arrayQINtNtCsiWHhSchWekl_10serde_json2de12DeserializerNtNtB16_4read9SliceReadEKj800_ECsfnXUYgGv7jF_11nes_desktop
FN:68,_RNCINvNtCsi9U2HadSxzc_8nes_core11serde_array20deserialize_u8_arrayQINtNtCsiWHhSchWekl_10serde_json2de12DeserializerNtNtB18_4read9SliceReadEKj100_E0CsfnXUYgGv7jF_11nes_desktop
FN:68,_RNCINvNtCsi9U2HadSxzc_8nes_core11serde_array20deserialize_u8_arrayQINtNtCsiWHhSchWekl_10serde_json2de12DeserializerNtNtB18_4read9SliceReadEKj2000_E0CsfnXUYgGv7jF_11nes_desktop
FN:68,_RNCINvNtCsi9U2HadSxzc_8nes_core11serde_array20deserialize_u8_arrayQINtNtCsiWHhSchWekl_10serde_json2de12DeserializerNtNtB18_4read9SliceReadEKj800_E0CsfnXUYgGv7jF_11nes_desktop
FN:123,_RNvNtNtCsbptYjpiaLfY_8nes_core11serde_array5testss_25test_deserialize_too_long
FN:104,_RNvNtNtCsbptYjpiaLfY_8nes_core11serde_array5testss_31test_deserialize_invalid_length
FN:113,_RNvNtNtCsbptYjpiaLfY_8nes_core11serde_array5testss_31test_expected_length_formatting
FN:94,_RNvNtNtCsbptYjpiaLfY_8nes_core11serde_array5testss_35test_serialize_deserialize_u8_array
FN:74,_RNvXNtCsbptYjpiaLfY_8nes_core11serde_arrayNtB2_14ExpectedLengthNtNtCs7YbeHTaql90_10serde_core2de8Expected3fmt
FN:31,_RINvNtCsbptYjpiaLfY_8nes_core11serde_array18serialize_u8_arrayQINtNtCsiKL0EAyaTE7_10serde_json3ser10SerializerQINtNtCsauO83Ko6oyK_5alloc3vec3VechEEKj4_EB4_
FN:61,_RINvNtCsbptYjpiaLfY_8nes_core11serde_array20deserialize_u8_arrayQINtNtCsiKL0EAyaTE7_10serde_json2de12DeserializerNtNtB16_4read7StrReadEKj4_EB4_
FN:68,_RNCINvNtCsbptYjpiaLfY_8nes_core11serde_array20deserialize_u8_arrayQINtNtCsiKL0EAyaTE7_10serde_json2de12DeserializerNtNtB18_4read7StrReadEKj4_E0B6_
FN:31,_RINvNtCsi9U2HadSxzc_8nes_core11serde_array18serialize_u8_arrayQINtNtCsiWHhSchWekl_10serde_json3ser10SerializerQINtNtCsauO83Ko6oyK_5alloc3vec3VechEEKj100_ECseVFKa1mqM8I_11nes_desktop
FN:31,_RINvNtCsi9U2HadSxzc_8nes_core11serde_array18serialize_u8_arrayQINtNtCsiWHhSchWekl_10serde_json3ser10SerializerQINtNtCsauO83Ko6oyK_5alloc3vec3VechEEKj2000_ECseVFKa1mqM8I_11nes_desktop
FN:31,_RINvNtCsi9U2HadSxzc_8nes_core11serde_array18serialize_u8_arrayQINtNtCsiWHhSchWekl_10serde_json3ser10SerializerQINtNtCsauO83Ko6oyK_5alloc3vec3VechEEKj800_ECseVFKa1mqM8I_11nes_desktop
FN:61,_RINvNtCsi9U2HadSxzc_8nes_core11serde_array20deserialize_u8_arrayQINtNtCsiWHhSchWekl_10serde_json2de12DeserializerNtNtB16_4read9SliceReadEKj100_ECseVFKa1mqM8I_11nes_desktop
FN:61,_RINvNtCsi9U2HadSxzc_8nes_core11serde_array20deserialize_u8_arrayQINtNtCsiWHhSchWekl_10serde_json2de12DeserializerNtNtB16_4read9SliceReadEKj2000_ECseVFKa1mqM8I_11nes_desktop
FN:61,_RINvNtCsi9U2HadSxzc_8nes_core11serde_array20deserialize_u8_arrayQINtNtCsiWHhSchWekl_10serde_json2de12DeserializerNtNtB16_4read9SliceReadEKj800_ECseVFKa1mqM8I_11nes_desktop
FN:68,_RNCINvNtCsi9U2HadSxzc_8nes_core11serde_array20deserialize_u8_arrayQINtNtCsiWHhSchWekl_10serde_json2de12DeserializerNtNtB18_4read9SliceReadEKj100_E0CseVFKa1mqM8I_11nes_desktop
FN:68,_RNCINvNtCsi9U2HadSxzc_8nes_core11serde_array20deserialize_u8_arrayQINtNtCsiWHhSchWekl_10serde_json2de12DeserializerNtNtB18_4read9SliceReadEKj2000_E0CseVFKa1mqM8I_11nes_desktop
FN:68,_RNCINvNtCsi9U2HadSxzc_8nes_core11serde_array20deserialize_u8_arrayQINtNtCsiWHhSchWekl_10serde_json2de12DeserializerNtNtB18_4read9SliceReadEKj800_E0CseVFKa1mqM8I_11nes_desktop
FNDA:0,_RINvNtCs4ID4CXCa6jO_8nes_core11serde_array18serialize_u8_arraypKpEB4_
FNDA:0,_RINvNtCs4ID4CXCa6jO_8nes_core11serde_array20deserialize_u8_arraypKpEB4_
FNDA:0,_RNCINvNtCs4ID4CXCa6jO_8nes_core11serde_array20deserialize_u8_arraypKpE0B6_
FNDA:0,_RINvNtCsi9U2HadSxzc_8nes_core11serde_array18serialize_u8_arrayQINtNtCsiWHhSchWekl_10serde_json3ser10SerializerQINtNtCsauO83Ko6oyK_5alloc3vec3VechENtB12_15PrettyFormatterEKj100_ECsfk6TQTs64Nb_6nes_ai
FNDA:0,_RINvNtCsi9U2HadSxzc_8nes_core11serde_array18serialize_u8_arrayQINtNtCsiWHhSchWekl_10serde_json3ser10SerializerQINtNtCsauO83Ko6oyK_5alloc3vec3VechENtB12_15PrettyFormatterEKj2000_ECsfk6TQTs64Nb_6nes_ai
FNDA:0,_RINvNtCsi9U2HadSxzc_8nes_core11serde_array18serialize_u8_arrayQINtNtCsiWHhSchWekl_10serde_json3ser10SerializerQINtNtCsauO83Ko6oyK_5alloc3vec3VechENtB12_15PrettyFormatterEKj800_ECsfk6TQTs64Nb_6nes_ai
FNDA:0,_RINvNtCsi9U2HadSxzc_8nes_core11serde_array20deserialize_u8_arrayQINtNtCsiWHhSchWekl_10serde_json2de12DeserializerNtNtB16_4read9SliceReadEKj100_ECsfk6TQTs64Nb_6nes_ai
FNDA:0,_RINvNtCsi9U2HadSxzc_8nes_core11serde_array20deserialize_u8_arrayQINtNtCsiWHhSchWekl_10serde_json2de12DeserializerNtNtB16_4read9SliceReadEKj2000_ECsfk6TQTs64Nb_6nes_ai
FNDA:0,_RINvNtCsi9U2HadSxzc_8nes_core11serde_array20deserialize_u8_arrayQINtNtCsiWHhSchWekl_10serde_json2de12DeserializerNtNtB16_4read9SliceReadEKj800_ECsfk6TQTs64Nb_6nes_ai
FNDA:0,_RNCINvNtCsi9U2HadSxzc_8nes_core11serde_array20deserialize_u8_arrayQINtNtCsiWHhSchWekl_10serde_json2de12DeserializerNtNtB18_4read9SliceReadEKj100_E0Csfk6TQTs64Nb_6nes_ai
FNDA:0,_RNCINvNtCsi9U2HadSxzc_8nes_core11serde_array20deserialize_u8_arrayQINtNtCsiWHhSchWekl_10serde_json2de12DeserializerNtNtB18_4read9SliceReadEKj2000_E0Csfk6TQTs64Nb_6nes_ai
FNDA:0,_RNCINvNtCsi9U2HadSxzc_8nes_core11serde_array20deserialize_u8_arrayQINtNtCsiWHhSchWekl_10serde_json2de12DeserializerNtNtB18_4read9SliceReadEKj800_E0Csfk6TQTs64Nb_6nes_ai
FNDA:0,_RNvXNtCsi9U2HadSxzc_8nes_core11serde_arrayNtB2_14ExpectedLengthNtNtCs4x270oDFJKk_10serde_core2de8Expected3fmt
FNDA:0,_RINvNtCsi9U2HadSxzc_8nes_core11serde_array18serialize_u8_arrayQINtNtCsiWHhSchWekl_10serde_json3ser10SerializerQINtNtCsauO83Ko6oyK_5alloc3vec3VechEEKj100_ECsfnXUYgGv7jF_11nes_desktop
FNDA:0,_RINvNtCsi9U2HadSxzc_8nes_core11serde_array18serialize_u8_arrayQINtNtCsiWHhSchWekl_10serde_json3ser10SerializerQINtNtCsauO83Ko6oyK_5alloc3vec3VechEEKj2000_ECsfnXUYgGv7jF_11nes_desktop
FNDA:0,_RINvNtCsi9U2HadSxzc_8nes_core11serde_array18serialize_u8_arrayQINtNtCsiWHhSchWekl_10serde_json3ser10SerializerQINtNtCsauO83Ko6oyK_5alloc3vec3VechEEKj800_ECsfnXUYgGv7jF_11nes_desktop
FNDA:0,_RINvNtCsi9U2HadSxzc_8nes_core11serde_array20deserialize_u8_arrayQINtNtCsiWHhSchWekl_10serde_json2de12DeserializerNtNtB16_4read9SliceReadEKj100_ECsfnXUYgGv7jF_11nes_desktop
FNDA:0,_RINvNtCsi9U2HadSxzc_8nes_core11serde_array20deserialize_u8_arrayQINtNtCsiWHhSchWekl_10serde_json2de12DeserializerNtNtB16_4read9SliceReadEKj2000_ECsfnXUYgGv7jF_11nes_desktop
FNDA:0,_RINvNtCsi9U2HadSxzc_8nes_core11serde_array20deserialize_u8_arrayQINtNtCsiWHhSchWekl_10serde_json2de12DeserializerNtNtB16_4read9SliceReadEKj800_ECsfnXUYgGv7jF_11nes_desktop
FNDA:0,_RNCINvNtCsi9U2HadSxzc_8nes_core11serde_array20deserialize_u8_arrayQINtNtCsiWHhSchWekl_10serde_json2de12DeserializerNtNtB18_4read9SliceReadEKj100_E0CsfnXUYgGv7jF_11nes_desktop
FNDA:0,_RNCINvNtCsi9U2HadSxzc_8nes_core11serde_array20deserialize_u8_arrayQINtNtCsiWHhSchWekl_10serde_json2de12DeserializerNtNtB18_4read9SliceReadEKj2000_E0CsfnXUYgGv7jF_11nes_desktop
FNDA:0,_RNCINvNtCsi9U2HadSxzc_8nes_core11serde_array20deserialize_u8_arrayQINtNtCsiWHhSchWekl_10serde_json2de12DeserializerNtNtB18_4read9SliceReadEKj800_E0CsfnXUYgGv7jF_11nes_desktop
FNDA:1,_RNvNtNtCsbptYjpiaLfY_8nes_core11serde_array5testss_25test_deserialize_too_long
FNDA:1,_RNvNtNtCsbptYjpiaLfY_8nes_core11serde_array5testss_31test_deserialize_invalid_length
FNDA:1,_RNvNtNtCsbptYjpiaLfY_8nes_core11serde_array5testss_31test_expected_length_formatting
FNDA:1,_RNvNtNtCsbptYjpiaLfY_8nes_core11serde_array5testss_35test_serialize_deserialize_u8_array
FNDA:3,_RNvXNtCsbptYjpiaLfY_8nes_core11serde_arrayNtB2_14ExpectedLengthNtNtCs7YbeHTaql90_10serde_core2de8Expected3fmt
FNDA:1,_RINvNtCsbptYjpiaLfY_8nes_core11serde_array18serialize_u8_arrayQINtNtCsiKL0EAyaTE7_10serde_json3ser10SerializerQINtNtCsauO83Ko6oyK_5alloc3vec3VechEEKj4_EB4_
FNDA:3,_RINvNtCsbptYjpiaLfY_8nes_core11serde_array20deserialize_u8_arrayQINtNtCsiKL0EAyaTE7_10serde_json2de12DeserializerNtNtB16_4read7StrReadEKj4_EB4_
FNDA:2,_RNCINvNtCsbptYjpiaLfY_8nes_core11serde_array20deserialize_u8_arrayQINtNtCsiKL0EAyaTE7_10serde_json2de12DeserializerNtNtB18_4read7StrReadEKj4_E0B6_
FNDA:0,_RINvNtCsi9U2HadSxzc_8nes_core11serde_array18serialize_u8_arrayQINtNtCsiWHhSchWekl_10serde_json3ser10SerializerQINtNtCsauO83Ko6oyK_5alloc3vec3VechEEKj100_ECseVFKa1mqM8I_11nes_desktop
FNDA:0,_RINvNtCsi9U2HadSxzc_8nes_core11serde_array18serialize_u8_arrayQINtNtCsiWHhSchWekl_10serde_json3ser10SerializerQINtNtCsauO83Ko6oyK_5alloc3vec3VechEEKj2000_ECseVFKa1mqM8I_11nes_desktop
FNDA:0,_RINvNtCsi9U2HadSxzc_8nes_core11serde_array18serialize_u8_arrayQINtNtCsiWHhSchWekl_10serde_json3ser10SerializerQINtNtCsauO83Ko6oyK_5alloc3vec3VechEEKj800_ECseVFKa1mqM8I_11nes_desktop
FNDA:0,_RINvNtCsi9U2HadSxzc_8nes_core11serde_array20deserialize_u8_arrayQINtNtCsiWHhSchWekl_10serde_json2de12DeserializerNtNtB16_4read9SliceReadEKj100_ECseVFKa1mqM8I_11nes_desktop
FNDA:0,_RINvNtCsi9U2HadSxzc_8nes_core11serde_array20deserialize_u8_arrayQINtNtCsiWHhSchWekl_10serde_json2de12DeserializerNtNtB16_4read9SliceReadEKj2000_ECseVFKa1mqM8I_11nes_desktop
FNDA:0,_RINvNtCsi9U2HadSxzc_8nes_core11serde_array20deserialize_u8_arrayQINtNtCsiWHhSchWekl_10serde_json2de12DeserializerNtNtB16_4read9SliceReadEKj800_ECseVFKa1mqM8I_11nes_desktop
FNDA:0,_RNCINvNtCsi9U2HadSxzc_8nes_core11serde_array20deserialize_u8_arrayQINtNtCsiWHhSchWekl_10serde_json2de12DeserializerNtNtB18_4read9SliceReadEKj100_E0CseVFKa1mqM8I_11nes_desktop
FNDA:0,_RNCINvNtCsi9U2HadSxzc_8nes_core11serde_array20deserialize_u8_arrayQINtNtCsiWHhSchWekl_10serde_json2de12DeserializerNtNtB18_4read9SliceReadEKj2000_E0CseVFKa1mqM8I_11nes_desktop
FNDA:0,_RNCINvNtCsi9U2HadSxzc_8nes_core11serde_array20deserialize_u8_arrayQINtNtCsiWHhSchWekl_10serde_json2de12DeserializerNtNtB18_4read9SliceReadEKj800_E0CseVFKa1mqM8I_11nes_desktop
FNF:8
FNH:8
DA:31,1
DA:32,1
DA:33,1
DA:34,1
DA:35,1
DA:36,1
DA:38,1
DA:39,1
DA:61,3
DA:62,3
DA:63,3
DA:65,3
DA:66,3
DA:67,3
DA:68,3
DA:69,3
DA:74,3
DA:75,3
DA:76,3
DA:94,1
DA:95,1
DA:96,1
DA:97,1
DA:99,1
DA:100,1
DA:101,1
DA:104,1
DA:105,1
DA:106,1
DA:107,1
DA:108,1
DA:109,1
DA:110,1
DA:113,1
DA:114,1
DA:116,1
DA:117,1
DA:118,1
DA:121,1
DA:123,1
DA:124,1
DA:125,1
DA:126,1
DA:127,1
DA:128,1
DA:129,1
BRF:0
BRH:0
LF:47
LH:47
end_of_record
SF:/app/crates/nes-core/src/tas.rs
FN:88,_RNCNvMs1_NtCsi9U2HadSxzc_8nes_core3tasNtB7_8TasMovie12total_frames0B9_
FN:53,_RNvMs0_NtCsi9U2HadSxzc_8nes_core3tasNtB5_11TasFrameRun3new
FN:126,_RNvMs1_NtCsi9U2HadSxzc_8nes_core3tasNtB5_8TasMovie10push_frame
FN:87,_RNvMs1_NtCsi9U2HadSxzc_8nes_core3tasNtB5_8TasMovie12total_frames
FN:109,_RNvMs1_NtCsi9U2HadSxzc_8nes_core3tasNtB5_8TasMovie15to_macro_script
FN:81,_RNvMs1_NtCsi9U2HadSxzc_8nes_core3tasNtB5_8TasMovie4runs
FN:92,_RNvMs1_NtCsi9U2HadSxzc_8nes_core3tasNtB5_8TasMovie6replay
FN:130,_RNvMs1_NtCsi9U2HadSxzc_8nes_core3tasNtB5_8TasMovie8push_run
FN:71,_RNvMs1_NtCsi9U2HadSxzc_8nes_core3tasNtB5_8TasMovie9from_runs
FN:172,_RNvMs2_NtCsi9U2HadSxzc_8nes_core3tasNtB5_11TasRecorder12is_recording
FN:212,_RNvMs2_NtCsi9U2HadSxzc_8nes_core3tasNtB5_11TasRecorder12macro_script
FN:182,_RNvMs2_NtCsi9U2HadSxzc_8nes_core3tasNtB5_11TasRecorder12record_frame
FN:195,_RNvMs2_NtCsi9U2HadSxzc_8nes_core3tasNtB5_11TasRecorder17record_core_frame
FN:187,_RNvMs2_NtCsi9U2HadSxzc_8nes_core3tasNtB5_11TasRecorder17record_frame_bits
FN:156,_RNvMs2_NtCsi9U2HadSxzc_8nes_core3tasNtB5_11TasRecorder3new
FN:166,_RNvMs2_NtCsi9U2HadSxzc_8nes_core3tasNtB5_11TasRecorder4stop
FN:177,_RNvMs2_NtCsi9U2HadSxzc_8nes_core3tasNtB5_11TasRecorder5clear
FN:201,_RNvMs2_NtCsi9U2HadSxzc_8nes_core3tasNtB5_11TasRecorder5movie
FN:161,_RNvMs2_NtCsi9U2HadSxzc_8nes_core3tasNtB5_11TasRecorder5start
FN:207,_RNvMs2_NtCsi9U2HadSxzc_8nes_core3tasNtB5_11TasRecorder6finish
FN:237,_RNvNtCsi9U2HadSxzc_8nes_core3tas11append_wait
FN:220,_RNvNtCsi9U2HadSxzc_8nes_core3tas25append_button_transitions
FN:28,_RNvXNtCsi9U2HadSxzc_8nes_core3tasNtB2_8TasErrorNtNtCs4kUJL3MZFFz_4core3fmt7Display3fmt
FNDA:0,_RNCNvMs1_NtCsi9U2HadSxzc_8nes_core3tasNtB7_8TasMovie12total_frames0B9_
FNDA:0,_RNvMs0_NtCsi9U2HadSxzc_8nes_core3tasNtB5_11TasFrameRun3new
FNDA:0,_RNvMs1_NtCsi9U2HadSxzc_8nes_core3tasNtB5_8TasMovie10push_frame
FNDA:0,_RNvMs1_NtCsi9U2HadSxzc_8nes_core3tasNtB5_8TasMovie12total_frames
FNDA:0,_RNvMs1_NtCsi9U2HadSxzc_8nes_core3tasNtB5_8TasMovie15to_macro_script
FNDA:0,_RNvMs1_NtCsi9U2HadSxzc_8nes_core3tasNtB5_8TasMovie4runs
FNDA:0,_RNvMs1_NtCsi9U2HadSxzc_8nes_core3tasNtB5_8TasMovie6replay
FNDA:0,_RNvMs1_NtCsi9U2HadSxzc_8nes_core3tasNtB5_8TasMovie8push_run
FNDA:0,_RNvMs1_NtCsi9U2HadSxzc_8nes_core3tasNtB5_8TasMovie9from_runs
FNDA:0,_RNvMs2_NtCsi9U2HadSxzc_8nes_core3tasNtB5_11TasRecorder12is_recording
FNDA:0,_RNvMs2_NtCsi9U2HadSxzc_8nes_core3tasNtB5_11TasRecorder12macro_script
FNDA:0,_RNvMs2_NtCsi9U2HadSxzc_8nes_core3tasNtB5_11TasRecorder12record_frame
FNDA:0,_RNvMs2_NtCsi9U2HadSxzc_8nes_core3tasNtB5_11TasRecorder17record_core_frame
FNDA:0,_RNvMs2_NtCsi9U2HadSxzc_8nes_core3tasNtB5_11TasRecorder17record_frame_bits
FNDA:0,_RNvMs2_NtCsi9U2HadSxzc_8nes_core3tasNtB5_11TasRecorder3new
FNDA:0,_RNvMs2_NtCsi9U2HadSxzc_8nes_core3tasNtB5_11TasRecorder4stop
FNDA:0,_RNvMs2_NtCsi9U2HadSxzc_8nes_core3tasNtB5_11TasRecorder5clear
FNDA:0,_RNvMs2_NtCsi9U2HadSxzc_8nes_core3tasNtB5_11TasRecorder5movie
FNDA:0,_RNvMs2_NtCsi9U2HadSxzc_8nes_core3tasNtB5_11TasRecorder5start
FNDA:0,_RNvMs2_NtCsi9U2HadSxzc_8nes_core3tasNtB5_11TasRecorder6finish
FNDA:0,_RNvNtCsi9U2HadSxzc_8nes_core3tas11append_wait
FNDA:0,_RNvNtCsi9U2HadSxzc_8nes_core3tas25append_button_transitions
FNDA:0,_RNvXNtCsi9U2HadSxzc_8nes_core3tasNtB2_8TasErrorNtNtCs4kUJL3MZFFz_4core3fmt7Display3fmt
FNF:23
FNH:0
DA:28,0
DA:29,0
DA:31,0
DA:34,0
DA:53,0
DA:54,0
DA:55,0
DA:56,0
DA:57,0
DA:58,0
DA:59,0
DA:71,0
DA:72,0
DA:73,0
DA:74,0
DA:75,0
DA:76,0
DA:77,0
DA:81,0
DA:82,0
DA:83,0
DA:87,0
DA:88,0
DA:89,0
DA:92,0
DA:93,0
DA:94,0
DA:95,0
DA:96,0
DA:97,0
DA:98,0
DA:99,0
DA:100,0
DA:101,0
DA:102,0
DA:105,0
DA:106,0
DA:109,0
DA:110,0
DA:111,0
DA:112,0
DA:113,0
DA:114,0
DA:115,0
DA:116,0
DA:117,0
DA:118,0
DA:119,0
DA:120,0
DA:121,0
DA:123,0
DA:124,0
DA:126,0
DA:127,0
DA:128,0
DA:130,0
DA:131,0
DA:132,0
DA:133,0
DA:134,0
DA:135,0
DA:136,0
DA:137,0
DA:139,0
DA:140,0
DA:141,0
DA:142,0
DA:143,0
DA:156,0
DA:157,0
DA:158,0
DA:161,0
DA:162,0
DA:163,0
DA:166,0
DA:167,0
DA:168,0
DA:172,0
DA:173,0
DA:174,0
DA:177,0
DA:178,0
DA:179,0
DA:182,0
DA:183,0
DA:184,0
DA:187,0
DA:188,0
DA:189,0
DA:190,0
DA:191,0
DA:192,0
DA:195,0
DA:196,0
DA:197,0
DA:201,0
DA:202,0
DA:203,0
DA:207,0
DA:208,0
DA:209,0
DA:212,0
DA:213,0
DA:214,0
DA:220,0
DA:221,0
DA:222,0
DA:223,0
DA:224,0
DA:225,0
DA:226,0
DA:227,0
DA:228,0
DA:229,0
DA:230,0
DA:231,0
DA:232,0
DA:233,0
DA:235,0
DA:237,0
DA:238,0
DA:239,0
DA:240,0
DA:241,0
DA:242,0
BRF:0
BRH:0
LF:126
LH:0
end_of_record